[0.013s] Invoking command in '/home/ros_ws/ros_ws/b2_ws/build/b2_ctrl': CMAKE_PREFIX_PATH=${CMAKE_PREFIX_PATH}:/unitree_sdk2:/home/ros_ws/ros_ws/b2_ws/install/b2_nodes:/opt/ros/humble: /usr/bin/cmake --build /home/ros_ws/ros_ws/b2_ws/build/b2_ctrl -- -j16 -l16
[0.073s] [35m[1mConsolidate compiler generated dependencies of target sport_mode_ctrl[0m
[0.092s] [ 30%] Built target low_level_ctrl
[0.092s] [ 30%] Built target read_low_state
[0.092s] [ 35%] Built target read_wireless_controller
[0.093s] [ 45%] Built target read_motion_state
[0.093s] [ 55%] Built target read_low_state_hg
[0.094s] [ 70%] Built target g1_low_level_example
[0.095s] [ 85%] Built target low_level_ctrl_hg
[0.107s] [ 90%] [32mBuilding CXX object CMakeFiles/sport_mode_ctrl.dir/src/sport_mode_ctrl.cpp.o[0m
[8.325s] [ 95%] [32m[1mLinking CXX executable sport_mode_ctrl[0m
[8.752s] [100%] Built target sport_mode_ctrl
[8.767s] Invoked command in '/home/ros_ws/ros_ws/b2_ws/build/b2_ctrl' returned '0': CMAKE_PREFIX_PATH=${CMAKE_PREFIX_PATH}:/unitree_sdk2:/home/ros_ws/ros_ws/b2_ws/install/b2_nodes:/opt/ros/humble: /usr/bin/cmake --build /home/ros_ws/ros_ws/b2_ws/build/b2_ctrl -- -j16 -l16
[8.869s] Invoking command in '/home/ros_ws/ros_ws/b2_ws/build/b2_ctrl': CMAKE_PREFIX_PATH=${CMAKE_PREFIX_PATH}:/unitree_sdk2:/home/ros_ws/ros_ws/b2_ws/install/b2_nodes:/opt/ros/humble: /usr/bin/cmake --install /home/ros_ws/ros_ws/b2_ws/build/b2_ctrl
[8.879s] -- Install configuration: ""
[8.879s] -- Up-to-date: /home/ros_ws/ros_ws/b2_ws/install/b2_ctrl/bin/low_level_ctrl
[8.880s] -- Up-to-date: /home/ros_ws/ros_ws/b2_ws/install/b2_ctrl/bin/low_level_ctrl_hg
[8.880s] -- Up-to-date: /home/ros_ws/ros_ws/b2_ws/install/b2_ctrl/bin/g1_low_level_example
[8.880s] -- Up-to-date: /home/ros_ws/ros_ws/b2_ws/install/b2_ctrl/bin/read_low_state
[8.881s] -- Up-to-date: /home/ros_ws/ros_ws/b2_ws/install/b2_ctrl/bin/read_low_state_hg
[8.881s] -- Up-to-date: /home/ros_ws/ros_ws/b2_ws/install/b2_ctrl/bin/read_motion_state
[8.882s] -- Up-to-date: /home/ros_ws/ros_ws/b2_ws/install/b2_ctrl/bin/read_wireless_controller
[8.882s] -- Installing: /home/ros_ws/ros_ws/b2_ws/install/b2_ctrl/bin/sport_mode_ctrl
[8.890s] -- Set runtime path of "/home/ros_ws/ros_ws/b2_ws/install/b2_ctrl/bin/sport_mode_ctrl" to ""
[8.890s] -- Up-to-date: /home/ros_ws/ros_ws/b2_ws/install/b2_ctrl/share/ament_index/resource_index/package_run_dependencies/b2_ctrl
[8.890s] -- Up-to-date: /home/ros_ws/ros_ws/b2_ws/install/b2_ctrl/share/ament_index/resource_index/parent_prefix_path/b2_ctrl
[8.890s] -- Up-to-date: /home/ros_ws/ros_ws/b2_ws/install/b2_ctrl/share/b2_ctrl/environment/ament_prefix_path.sh
[8.890s] -- Up-to-date: /home/ros_ws/ros_ws/b2_ws/install/b2_ctrl/share/b2_ctrl/environment/ament_prefix_path.dsv
[8.890s] -- Up-to-date: /home/ros_ws/ros_ws/b2_ws/install/b2_ctrl/share/b2_ctrl/environment/path.sh
[8.890s] -- Up-to-date: /home/ros_ws/ros_ws/b2_ws/install/b2_ctrl/share/b2_ctrl/environment/path.dsv
[8.890s] -- Up-to-date: /home/ros_ws/ros_ws/b2_ws/install/b2_ctrl/share/b2_ctrl/local_setup.bash
[8.890s] -- Up-to-date: /home/ros_ws/ros_ws/b2_ws/install/b2_ctrl/share/b2_ctrl/local_setup.sh
[8.891s] -- Up-to-date: /home/ros_ws/ros_ws/b2_ws/install/b2_ctrl/share/b2_ctrl/local_setup.zsh
[8.891s] -- Up-to-date: /home/ros_ws/ros_ws/b2_ws/install/b2_ctrl/share/b2_ctrl/local_setup.dsv
[8.891s] -- Installing: /home/ros_ws/ros_ws/b2_ws/install/b2_ctrl/share/b2_ctrl/package.dsv
[8.891s] -- Up-to-date: /home/ros_ws/ros_ws/b2_ws/install/b2_ctrl/share/ament_index/resource_index/packages/b2_ctrl
[8.891s] -- Up-to-date: /home/ros_ws/ros_ws/b2_ws/install/b2_ctrl/share/b2_ctrl/cmake/b2_ctrlConfig.cmake
[8.891s] -- Up-to-date: /home/ros_ws/ros_ws/b2_ws/install/b2_ctrl/share/b2_ctrl/cmake/b2_ctrlConfig-version.cmake
[8.891s] -- Up-to-date: /home/ros_ws/ros_ws/b2_ws/install/b2_ctrl/share/b2_ctrl/package.xml
[8.893s] Invoked command in '/home/ros_ws/ros_ws/b2_ws/build/b2_ctrl' returned '0': CMAKE_PREFIX_PATH=${CMAKE_PREFIX_PATH}:/unitree_sdk2:/home/ros_ws/ros_ws/b2_ws/install/b2_nodes:/opt/ros/humble: /usr/bin/cmake --install /home/ros_ws/ros_ws/b2_ws/build/b2_ctrl
