/home/ros_ws/ros_ws/b2_ws/install/b2_nodes/lib/python3.10/site-packages/b2_nodes/parse_odometry.py
/home/ros_ws/ros_ws/b2_ws/install/b2_nodes/lib/python3.10/site-packages/b2_nodes/parse_joint_state_z1_b2.py
/home/ros_ws/ros_ws/b2_ws/install/b2_nodes/lib/python3.10/site-packages/b2_nodes/print_joint_state.py
/home/ros_ws/ros_ws/b2_ws/install/b2_nodes/lib/python3.10/site-packages/b2_nodes/__init__.py
/home/ros_ws/ros_ws/b2_ws/install/b2_nodes/lib/python3.10/site-packages/b2_nodes/keyboard_control.py
/home/ros_ws/ros_ws/b2_ws/install/b2_nodes/lib/python3.10/site-packages/b2_nodes/parse_joint_state.py
/home/ros_ws/ros_ws/b2_ws/install/b2_nodes/lib/python3.10/site-packages/b2_nodes/__pycache__/parse_odometry.cpython-310.pyc
/home/ros_ws/ros_ws/b2_ws/install/b2_nodes/lib/python3.10/site-packages/b2_nodes/__pycache__/parse_joint_state_z1_b2.cpython-310.pyc
/home/ros_ws/ros_ws/b2_ws/install/b2_nodes/lib/python3.10/site-packages/b2_nodes/__pycache__/print_joint_state.cpython-310.pyc
/home/ros_ws/ros_ws/b2_ws/install/b2_nodes/lib/python3.10/site-packages/b2_nodes/__pycache__/__init__.cpython-310.pyc
/home/ros_ws/ros_ws/b2_ws/install/b2_nodes/lib/python3.10/site-packages/b2_nodes/__pycache__/keyboard_control.cpython-310.pyc
/home/ros_ws/ros_ws/b2_ws/install/b2_nodes/lib/python3.10/site-packages/b2_nodes/__pycache__/parse_joint_state.cpython-310.pyc
/home/ros_ws/ros_ws/b2_ws/install/b2_nodes/share/ament_index/resource_index/packages/b2_nodes
/home/ros_ws/ros_ws/b2_ws/install/b2_nodes/share/b2_nodes/package.xml
/home/ros_ws/ros_ws/b2_ws/install/b2_nodes/lib/python3.10/site-packages/b2_nodes-0.0.0-py3.10.egg-info/top_level.txt
/home/ros_ws/ros_ws/b2_ws/install/b2_nodes/lib/python3.10/site-packages/b2_nodes-0.0.0-py3.10.egg-info/zip-safe
/home/ros_ws/ros_ws/b2_ws/install/b2_nodes/lib/python3.10/site-packages/b2_nodes-0.0.0-py3.10.egg-info/dependency_links.txt
/home/ros_ws/ros_ws/b2_ws/install/b2_nodes/lib/python3.10/site-packages/b2_nodes-0.0.0-py3.10.egg-info/entry_points.txt
/home/ros_ws/ros_ws/b2_ws/install/b2_nodes/lib/python3.10/site-packages/b2_nodes-0.0.0-py3.10.egg-info/SOURCES.txt
/home/ros_ws/ros_ws/b2_ws/install/b2_nodes/lib/python3.10/site-packages/b2_nodes-0.0.0-py3.10.egg-info/requires.txt
/home/ros_ws/ros_ws/b2_ws/install/b2_nodes/lib/python3.10/site-packages/b2_nodes-0.0.0-py3.10.egg-info/PKG-INFO
/home/ros_ws/ros_ws/b2_ws/install/b2_nodes/lib/b2_nodes/keyboard_control
/home/ros_ws/ros_ws/b2_ws/install/b2_nodes/lib/b2_nodes/parse_joint_state
/home/ros_ws/ros_ws/b2_ws/install/b2_nodes/lib/b2_nodes/parse_joint_state_z1_b2
/home/ros_ws/ros_ws/b2_ws/install/b2_nodes/lib/b2_nodes/parse_odometry
/home/ros_ws/ros_ws/b2_ws/install/b2_nodes/lib/b2_nodes/print_joint_state
