[0.143s] DEBUG:colcon:Command line arguments: ['/usr/bin/colcon', 'build']
[0.143s] DEBUG:colcon:Parsed command line arguments: Namespace(log_base=None, log_level=None, verb_name='build', build_base='build', install_base='install', merge_install=False, symlink_install=False, test_result_base=None, continue_on_error=False, executor='parallel', parallel_workers=16, event_handlers=None, ignore_user_meta=False, metas=['./colcon.meta'], base_paths=['.'], packages_ignore=None, packages_ignore_regex=None, paths=None, packages_up_to=None, packages_up_to_regex=None, packages_above=None, packages_above_and_dependencies=None, packages_above_depth=None, packages_select_by_dep=None, packages_skip_by_dep=None, packages_skip_up_to=None, packages_select_build_failed=False, packages_skip_build_finished=False, packages_select_test_failures=False, packages_skip_test_passed=False, packages_select=None, packages_skip=None, packages_select_regex=None, packages_skip_regex=None, packages_start=None, packages_end=None, cmake_args=None, cmake_target=None, cmake_target_skip_unavailable=False, cmake_clean_cache=False, cmake_clean_first=False, cmake_force_configure=False, ament_cmake_args=None, catkin_cmake_args=None, catkin_skip_building_tests=False, mixin_files=None, mixin=None, verb_parser=<colcon_mixin.mixin.mixin_argument.MixinArgumentDecorator object at 0x7d395b51d6f0>, verb_extension=<colcon_core.verb.build.BuildVerb object at 0x7d395b51d240>, main=<bound method BuildVerb.main of <colcon_core.verb.build.BuildVerb object at 0x7d395b51d240>>, mixin_verb=('build',))
[0.358s] Level 1:colcon.colcon_core.package_discovery:discover_packages(colcon_meta) check parameters
[0.359s] Level 1:colcon.colcon_core.package_discovery:discover_packages(recursive) check parameters
[0.359s] Level 1:colcon.colcon_core.package_discovery:discover_packages(ignore) check parameters
[0.359s] Level 1:colcon.colcon_core.package_discovery:discover_packages(path) check parameters
[0.359s] Level 1:colcon.colcon_core.package_discovery:discover_packages(colcon_meta) discover
[0.359s] Level 1:colcon.colcon_core.package_discovery:discover_packages(recursive) discover
[0.359s] INFO:colcon.colcon_core.package_discovery:Crawling recursively for packages in '/home/ros_ws/ros_ws/b2_ws'
[0.359s] Level 1:colcon.colcon_core.package_identification:_identify(.) by extensions ['ignore', 'ignore_ament_install']
[0.359s] Level 1:colcon.colcon_core.package_identification:_identify(.) by extension 'ignore'
[0.359s] Level 1:colcon.colcon_core.package_identification:_identify(.) by extension 'ignore_ament_install'
[0.359s] Level 1:colcon.colcon_core.package_identification:_identify(.) by extensions ['colcon_pkg']
[0.359s] Level 1:colcon.colcon_core.package_identification:_identify(.) by extension 'colcon_pkg'
[0.359s] Level 1:colcon.colcon_core.package_identification:_identify(.) by extensions ['colcon_meta']
[0.359s] Level 1:colcon.colcon_core.package_identification:_identify(.) by extension 'colcon_meta'
[0.359s] Level 1:colcon.colcon_core.package_identification:_identify(.) by extensions ['ros']
[0.360s] Level 1:colcon.colcon_core.package_identification:_identify(.) by extension 'ros'
[0.374s] Level 1:colcon.colcon_core.package_identification:_identify(.) by extensions ['cmake', 'python']
[0.374s] Level 1:colcon.colcon_core.package_identification:_identify(.) by extension 'cmake'
[0.375s] Level 1:colcon.colcon_core.package_identification:_identify(.) by extension 'python'
[0.375s] Level 1:colcon.colcon_core.package_identification:_identify(.) by extensions ['python_setup_py']
[0.375s] Level 1:colcon.colcon_core.package_identification:_identify(.) by extension 'python_setup_py'
[0.375s] Level 1:colcon.colcon_core.package_identification:_identify(build) by extensions ['ignore', 'ignore_ament_install']
[0.375s] Level 1:colcon.colcon_core.package_identification:_identify(build) by extension 'ignore'
[0.375s] Level 1:colcon.colcon_core.package_identification:_identify(build) ignored
[0.375s] Level 1:colcon.colcon_core.package_identification:_identify(install) by extensions ['ignore', 'ignore_ament_install']
[0.375s] Level 1:colcon.colcon_core.package_identification:_identify(install) by extension 'ignore'
[0.375s] Level 1:colcon.colcon_core.package_identification:_identify(install) ignored
[0.376s] Level 1:colcon.colcon_core.package_identification:_identify(log) by extensions ['ignore', 'ignore_ament_install']
[0.376s] Level 1:colcon.colcon_core.package_identification:_identify(log) by extension 'ignore'
[0.376s] Level 1:colcon.colcon_core.package_identification:_identify(log) ignored
[0.376s] Level 1:colcon.colcon_core.package_identification:_identify(src) by extensions ['ignore', 'ignore_ament_install']
[0.376s] Level 1:colcon.colcon_core.package_identification:_identify(src) by extension 'ignore'
[0.376s] Level 1:colcon.colcon_core.package_identification:_identify(src) by extension 'ignore_ament_install'
[0.376s] Level 1:colcon.colcon_core.package_identification:_identify(src) by extensions ['colcon_pkg']
[0.376s] Level 1:colcon.colcon_core.package_identification:_identify(src) by extension 'colcon_pkg'
[0.376s] Level 1:colcon.colcon_core.package_identification:_identify(src) by extensions ['colcon_meta']
[0.376s] Level 1:colcon.colcon_core.package_identification:_identify(src) by extension 'colcon_meta'
[0.376s] Level 1:colcon.colcon_core.package_identification:_identify(src) by extensions ['ros']
[0.376s] Level 1:colcon.colcon_core.package_identification:_identify(src) by extension 'ros'
[0.376s] Level 1:colcon.colcon_core.package_identification:_identify(src) by extensions ['cmake', 'python']
[0.376s] Level 1:colcon.colcon_core.package_identification:_identify(src) by extension 'cmake'
[0.377s] Level 1:colcon.colcon_core.package_identification:_identify(src) by extension 'python'
[0.377s] Level 1:colcon.colcon_core.package_identification:_identify(src) by extensions ['python_setup_py']
[0.377s] Level 1:colcon.colcon_core.package_identification:_identify(src) by extension 'python_setup_py'
[0.377s] Level 1:colcon.colcon_core.package_identification:_identify(src/b2_ctrl) by extensions ['ignore', 'ignore_ament_install']
[0.377s] Level 1:colcon.colcon_core.package_identification:_identify(src/b2_ctrl) by extension 'ignore'
[0.377s] Level 1:colcon.colcon_core.package_identification:_identify(src/b2_ctrl) by extension 'ignore_ament_install'
[0.377s] Level 1:colcon.colcon_core.package_identification:_identify(src/b2_ctrl) by extensions ['colcon_pkg']
[0.377s] Level 1:colcon.colcon_core.package_identification:_identify(src/b2_ctrl) by extension 'colcon_pkg'
[0.377s] Level 1:colcon.colcon_core.package_identification:_identify(src/b2_ctrl) by extensions ['colcon_meta']
[0.377s] Level 1:colcon.colcon_core.package_identification:_identify(src/b2_ctrl) by extension 'colcon_meta'
[0.377s] Level 1:colcon.colcon_core.package_identification:_identify(src/b2_ctrl) by extensions ['ros']
[0.377s] Level 1:colcon.colcon_core.package_identification:_identify(src/b2_ctrl) by extension 'ros'
[0.381s] DEBUG:colcon.colcon_core.package_identification:Package 'src/b2_ctrl' with type 'ros.ament_cmake' and name 'b2_ctrl'
[0.381s] Level 1:colcon.colcon_core.package_identification:_identify(src/b2_nodes) by extensions ['ignore', 'ignore_ament_install']
[0.381s] Level 1:colcon.colcon_core.package_identification:_identify(src/b2_nodes) by extension 'ignore'
[0.381s] Level 1:colcon.colcon_core.package_identification:_identify(src/b2_nodes) by extension 'ignore_ament_install'
[0.381s] Level 1:colcon.colcon_core.package_identification:_identify(src/b2_nodes) by extensions ['colcon_pkg']
[0.381s] Level 1:colcon.colcon_core.package_identification:_identify(src/b2_nodes) by extension 'colcon_pkg'
[0.381s] Level 1:colcon.colcon_core.package_identification:_identify(src/b2_nodes) by extensions ['colcon_meta']
[0.381s] Level 1:colcon.colcon_core.package_identification:_identify(src/b2_nodes) by extension 'colcon_meta'
[0.381s] Level 1:colcon.colcon_core.package_identification:_identify(src/b2_nodes) by extensions ['ros']
[0.381s] Level 1:colcon.colcon_core.package_identification:_identify(src/b2_nodes) by extension 'ros'
[0.382s] DEBUG:colcon.colcon_core.package_identification:Package 'src/b2_nodes' with type 'ros.ament_python' and name 'b2_nodes'
[0.382s] Level 1:colcon.colcon_core.package_identification:_identify(src/b2_urdf) by extensions ['ignore', 'ignore_ament_install']
[0.382s] Level 1:colcon.colcon_core.package_identification:_identify(src/b2_urdf) by extension 'ignore'
[0.382s] Level 1:colcon.colcon_core.package_identification:_identify(src/b2_urdf) by extension 'ignore_ament_install'
[0.383s] Level 1:colcon.colcon_core.package_identification:_identify(src/b2_urdf) by extensions ['colcon_pkg']
[0.383s] Level 1:colcon.colcon_core.package_identification:_identify(src/b2_urdf) by extension 'colcon_pkg'
[0.383s] Level 1:colcon.colcon_core.package_identification:_identify(src/b2_urdf) by extensions ['colcon_meta']
[0.383s] Level 1:colcon.colcon_core.package_identification:_identify(src/b2_urdf) by extension 'colcon_meta'
[0.383s] Level 1:colcon.colcon_core.package_identification:_identify(src/b2_urdf) by extensions ['ros']
[0.383s] Level 1:colcon.colcon_core.package_identification:_identify(src/b2_urdf) by extension 'ros'
[0.384s] DEBUG:colcon.colcon_core.package_identification:Package 'src/b2_urdf' with type 'ros.ament_cmake' and name 'b2_urdf'
[0.384s] Level 1:colcon.colcon_core.package_identification:_identify(src/py_cpp) by extensions ['ignore', 'ignore_ament_install']
[0.384s] Level 1:colcon.colcon_core.package_identification:_identify(src/py_cpp) by extension 'ignore'
[0.384s] Level 1:colcon.colcon_core.package_identification:_identify(src/py_cpp) by extension 'ignore_ament_install'
[0.384s] Level 1:colcon.colcon_core.package_identification:_identify(src/py_cpp) by extensions ['colcon_pkg']
[0.384s] Level 1:colcon.colcon_core.package_identification:_identify(src/py_cpp) by extension 'colcon_pkg'
[0.384s] Level 1:colcon.colcon_core.package_identification:_identify(src/py_cpp) by extensions ['colcon_meta']
[0.384s] Level 1:colcon.colcon_core.package_identification:_identify(src/py_cpp) by extension 'colcon_meta'
[0.384s] Level 1:colcon.colcon_core.package_identification:_identify(src/py_cpp) by extensions ['ros']
[0.384s] Level 1:colcon.colcon_core.package_identification:_identify(src/py_cpp) by extension 'ros'
[0.386s] DEBUG:colcon.colcon_core.package_identification:Package 'src/py_cpp' with type 'ros.ament_cmake' and name 'py_cpp'
[0.386s] Level 1:colcon.colcon_core.package_identification:_identify(src/z1_interfaces) by extensions ['ignore', 'ignore_ament_install']
[0.386s] Level 1:colcon.colcon_core.package_identification:_identify(src/z1_interfaces) by extension 'ignore'
[0.386s] Level 1:colcon.colcon_core.package_identification:_identify(src/z1_interfaces) by extension 'ignore_ament_install'
[0.386s] Level 1:colcon.colcon_core.package_identification:_identify(src/z1_interfaces) by extensions ['colcon_pkg']
[0.386s] Level 1:colcon.colcon_core.package_identification:_identify(src/z1_interfaces) by extension 'colcon_pkg'
[0.387s] Level 1:colcon.colcon_core.package_identification:_identify(src/z1_interfaces) by extensions ['colcon_meta']
[0.387s] Level 1:colcon.colcon_core.package_identification:_identify(src/z1_interfaces) by extension 'colcon_meta'
[0.387s] Level 1:colcon.colcon_core.package_identification:_identify(src/z1_interfaces) by extensions ['ros']
[0.387s] Level 1:colcon.colcon_core.package_identification:_identify(src/z1_interfaces) by extension 'ros'
[0.388s] DEBUG:colcon.colcon_core.package_identification:Package 'src/z1_interfaces' with type 'ros.ament_cmake' and name 'z1_interfaces'
[0.388s] Level 1:colcon.colcon_core.package_identification:_identify(src/z1_nodes) by extensions ['ignore', 'ignore_ament_install']
[0.388s] Level 1:colcon.colcon_core.package_identification:_identify(src/z1_nodes) by extension 'ignore'
[0.388s] Level 1:colcon.colcon_core.package_identification:_identify(src/z1_nodes) by extension 'ignore_ament_install'
[0.389s] Level 1:colcon.colcon_core.package_identification:_identify(src/z1_nodes) by extensions ['colcon_pkg']
[0.389s] Level 1:colcon.colcon_core.package_identification:_identify(src/z1_nodes) by extension 'colcon_pkg'
[0.389s] Level 1:colcon.colcon_core.package_identification:_identify(src/z1_nodes) by extensions ['colcon_meta']
[0.389s] Level 1:colcon.colcon_core.package_identification:_identify(src/z1_nodes) by extension 'colcon_meta'
[0.389s] Level 1:colcon.colcon_core.package_identification:_identify(src/z1_nodes) by extensions ['ros']
[0.389s] Level 1:colcon.colcon_core.package_identification:_identify(src/z1_nodes) by extension 'ros'
[0.390s] DEBUG:colcon.colcon_core.package_identification:Package 'src/z1_nodes' with type 'ros.ament_cmake' and name 'z1_nodes'
[0.390s] Level 1:colcon.colcon_core.package_identification:_identify(src/z1_urdf) by extensions ['ignore', 'ignore_ament_install']
[0.390s] Level 1:colcon.colcon_core.package_identification:_identify(src/z1_urdf) by extension 'ignore'
[0.390s] Level 1:colcon.colcon_core.package_identification:_identify(src/z1_urdf) by extension 'ignore_ament_install'
[0.390s] Level 1:colcon.colcon_core.package_identification:_identify(src/z1_urdf) by extensions ['colcon_pkg']
[0.391s] Level 1:colcon.colcon_core.package_identification:_identify(src/z1_urdf) by extension 'colcon_pkg'
[0.391s] Level 1:colcon.colcon_core.package_identification:_identify(src/z1_urdf) by extensions ['colcon_meta']
[0.391s] Level 1:colcon.colcon_core.package_identification:_identify(src/z1_urdf) by extension 'colcon_meta'
[0.391s] Level 1:colcon.colcon_core.package_identification:_identify(src/z1_urdf) by extensions ['ros']
[0.391s] Level 1:colcon.colcon_core.package_identification:_identify(src/z1_urdf) by extension 'ros'
[0.392s] DEBUG:colcon.colcon_core.package_identification:Package 'src/z1_urdf' with type 'ros.ament_cmake' and name 'z1_urdf'
[0.392s] Level 1:colcon.colcon_core.package_discovery:discover_packages(recursive) using defaults
[0.392s] Level 1:colcon.colcon_core.package_discovery:discover_packages(ignore) discover
[0.392s] Level 1:colcon.colcon_core.package_discovery:discover_packages(ignore) using defaults
[0.392s] Level 1:colcon.colcon_core.package_discovery:discover_packages(path) discover
[0.392s] Level 1:colcon.colcon_core.package_discovery:discover_packages(path) using defaults
[0.424s] Level 5:colcon.colcon_core.verb:set package 'b2_nodes' build argument 'cmake_args' from command line to 'None'
[0.424s] Level 5:colcon.colcon_core.verb:set package 'b2_nodes' build argument 'cmake_target' from command line to 'None'
[0.424s] Level 5:colcon.colcon_core.verb:set package 'b2_nodes' build argument 'cmake_target_skip_unavailable' from command line to 'False'
[0.424s] Level 5:colcon.colcon_core.verb:set package 'b2_nodes' build argument 'cmake_clean_cache' from command line to 'False'
[0.424s] Level 5:colcon.colcon_core.verb:set package 'b2_nodes' build argument 'cmake_clean_first' from command line to 'False'
[0.424s] Level 5:colcon.colcon_core.verb:set package 'b2_nodes' build argument 'cmake_force_configure' from command line to 'False'
[0.424s] Level 5:colcon.colcon_core.verb:set package 'b2_nodes' build argument 'ament_cmake_args' from command line to 'None'
[0.424s] Level 5:colcon.colcon_core.verb:set package 'b2_nodes' build argument 'catkin_cmake_args' from command line to 'None'
[0.424s] Level 5:colcon.colcon_core.verb:set package 'b2_nodes' build argument 'catkin_skip_building_tests' from command line to 'False'
[0.425s] DEBUG:colcon.colcon_core.verb:Building package 'b2_nodes' with the following arguments: {'ament_cmake_args': None, 'build_base': '/home/ros_ws/ros_ws/b2_ws/build/b2_nodes', 'catkin_cmake_args': None, 'catkin_skip_building_tests': False, 'cmake_args': None, 'cmake_clean_cache': False, 'cmake_clean_first': False, 'cmake_force_configure': False, 'cmake_target': None, 'cmake_target_skip_unavailable': False, 'install_base': '/home/ros_ws/ros_ws/b2_ws/install/b2_nodes', 'merge_install': False, 'path': '/home/ros_ws/ros_ws/b2_ws/src/b2_nodes', 'symlink_install': False, 'test_result_base': None}
[0.425s] Level 5:colcon.colcon_core.verb:set package 'b2_urdf' build argument 'cmake_args' from command line to 'None'
[0.425s] Level 5:colcon.colcon_core.verb:set package 'b2_urdf' build argument 'cmake_target' from command line to 'None'
[0.425s] Level 5:colcon.colcon_core.verb:set package 'b2_urdf' build argument 'cmake_target_skip_unavailable' from command line to 'False'
[0.425s] Level 5:colcon.colcon_core.verb:set package 'b2_urdf' build argument 'cmake_clean_cache' from command line to 'False'
[0.425s] Level 5:colcon.colcon_core.verb:set package 'b2_urdf' build argument 'cmake_clean_first' from command line to 'False'
[0.425s] Level 5:colcon.colcon_core.verb:set package 'b2_urdf' build argument 'cmake_force_configure' from command line to 'False'
[0.425s] Level 5:colcon.colcon_core.verb:set package 'b2_urdf' build argument 'ament_cmake_args' from command line to 'None'
[0.425s] Level 5:colcon.colcon_core.verb:set package 'b2_urdf' build argument 'catkin_cmake_args' from command line to 'None'
[0.425s] Level 5:colcon.colcon_core.verb:set package 'b2_urdf' build argument 'catkin_skip_building_tests' from command line to 'False'
[0.426s] DEBUG:colcon.colcon_core.verb:Building package 'b2_urdf' with the following arguments: {'ament_cmake_args': None, 'build_base': '/home/ros_ws/ros_ws/b2_ws/build/b2_urdf', 'catkin_cmake_args': None, 'catkin_skip_building_tests': False, 'cmake_args': None, 'cmake_clean_cache': False, 'cmake_clean_first': False, 'cmake_force_configure': False, 'cmake_target': None, 'cmake_target_skip_unavailable': False, 'install_base': '/home/ros_ws/ros_ws/b2_ws/install/b2_urdf', 'merge_install': False, 'path': '/home/ros_ws/ros_ws/b2_ws/src/b2_urdf', 'symlink_install': False, 'test_result_base': None}
[0.426s] Level 5:colcon.colcon_core.verb:set package 'py_cpp' build argument 'cmake_args' from command line to 'None'
[0.426s] Level 5:colcon.colcon_core.verb:set package 'py_cpp' build argument 'cmake_target' from command line to 'None'
[0.426s] Level 5:colcon.colcon_core.verb:set package 'py_cpp' build argument 'cmake_target_skip_unavailable' from command line to 'False'
[0.426s] Level 5:colcon.colcon_core.verb:set package 'py_cpp' build argument 'cmake_clean_cache' from command line to 'False'
[0.426s] Level 5:colcon.colcon_core.verb:set package 'py_cpp' build argument 'cmake_clean_first' from command line to 'False'
[0.426s] Level 5:colcon.colcon_core.verb:set package 'py_cpp' build argument 'cmake_force_configure' from command line to 'False'
[0.426s] Level 5:colcon.colcon_core.verb:set package 'py_cpp' build argument 'ament_cmake_args' from command line to 'None'
[0.426s] Level 5:colcon.colcon_core.verb:set package 'py_cpp' build argument 'catkin_cmake_args' from command line to 'None'
[0.426s] Level 5:colcon.colcon_core.verb:set package 'py_cpp' build argument 'catkin_skip_building_tests' from command line to 'False'
[0.427s] DEBUG:colcon.colcon_core.verb:Building package 'py_cpp' with the following arguments: {'ament_cmake_args': None, 'build_base': '/home/ros_ws/ros_ws/b2_ws/build/py_cpp', 'catkin_cmake_args': None, 'catkin_skip_building_tests': False, 'cmake_args': None, 'cmake_clean_cache': False, 'cmake_clean_first': False, 'cmake_force_configure': False, 'cmake_target': None, 'cmake_target_skip_unavailable': False, 'install_base': '/home/ros_ws/ros_ws/b2_ws/install/py_cpp', 'merge_install': False, 'path': '/home/ros_ws/ros_ws/b2_ws/src/py_cpp', 'symlink_install': False, 'test_result_base': None}
[0.427s] Level 5:colcon.colcon_core.verb:set package 'z1_interfaces' build argument 'cmake_args' from command line to 'None'
[0.427s] Level 5:colcon.colcon_core.verb:set package 'z1_interfaces' build argument 'cmake_target' from command line to 'None'
[0.427s] Level 5:colcon.colcon_core.verb:set package 'z1_interfaces' build argument 'cmake_target_skip_unavailable' from command line to 'False'
[0.427s] Level 5:colcon.colcon_core.verb:set package 'z1_interfaces' build argument 'cmake_clean_cache' from command line to 'False'
[0.427s] Level 5:colcon.colcon_core.verb:set package 'z1_interfaces' build argument 'cmake_clean_first' from command line to 'False'
[0.427s] Level 5:colcon.colcon_core.verb:set package 'z1_interfaces' build argument 'cmake_force_configure' from command line to 'False'
[0.427s] Level 5:colcon.colcon_core.verb:set package 'z1_interfaces' build argument 'ament_cmake_args' from command line to 'None'
[0.427s] Level 5:colcon.colcon_core.verb:set package 'z1_interfaces' build argument 'catkin_cmake_args' from command line to 'None'
[0.428s] Level 5:colcon.colcon_core.verb:set package 'z1_interfaces' build argument 'catkin_skip_building_tests' from command line to 'False'
[0.428s] DEBUG:colcon.colcon_core.verb:Building package 'z1_interfaces' with the following arguments: {'ament_cmake_args': None, 'build_base': '/home/ros_ws/ros_ws/b2_ws/build/z1_interfaces', 'catkin_cmake_args': None, 'catkin_skip_building_tests': False, 'cmake_args': None, 'cmake_clean_cache': False, 'cmake_clean_first': False, 'cmake_force_configure': False, 'cmake_target': None, 'cmake_target_skip_unavailable': False, 'install_base': '/home/ros_ws/ros_ws/b2_ws/install/z1_interfaces', 'merge_install': False, 'path': '/home/ros_ws/ros_ws/b2_ws/src/z1_interfaces', 'symlink_install': False, 'test_result_base': None}
[0.428s] Level 5:colcon.colcon_core.verb:set package 'z1_urdf' build argument 'cmake_args' from command line to 'None'
[0.428s] Level 5:colcon.colcon_core.verb:set package 'z1_urdf' build argument 'cmake_target' from command line to 'None'
[0.428s] Level 5:colcon.colcon_core.verb:set package 'z1_urdf' build argument 'cmake_target_skip_unavailable' from command line to 'False'
[0.428s] Level 5:colcon.colcon_core.verb:set package 'z1_urdf' build argument 'cmake_clean_cache' from command line to 'False'
[0.428s] Level 5:colcon.colcon_core.verb:set package 'z1_urdf' build argument 'cmake_clean_first' from command line to 'False'
[0.429s] Level 5:colcon.colcon_core.verb:set package 'z1_urdf' build argument 'cmake_force_configure' from command line to 'False'
[0.429s] Level 5:colcon.colcon_core.verb:set package 'z1_urdf' build argument 'ament_cmake_args' from command line to 'None'
[0.429s] Level 5:colcon.colcon_core.verb:set package 'z1_urdf' build argument 'catkin_cmake_args' from command line to 'None'
[0.429s] Level 5:colcon.colcon_core.verb:set package 'z1_urdf' build argument 'catkin_skip_building_tests' from command line to 'False'
[0.429s] DEBUG:colcon.colcon_core.verb:Building package 'z1_urdf' with the following arguments: {'ament_cmake_args': None, 'build_base': '/home/ros_ws/ros_ws/b2_ws/build/z1_urdf', 'catkin_cmake_args': None, 'catkin_skip_building_tests': False, 'cmake_args': None, 'cmake_clean_cache': False, 'cmake_clean_first': False, 'cmake_force_configure': False, 'cmake_target': None, 'cmake_target_skip_unavailable': False, 'install_base': '/home/ros_ws/ros_ws/b2_ws/install/z1_urdf', 'merge_install': False, 'path': '/home/ros_ws/ros_ws/b2_ws/src/z1_urdf', 'symlink_install': False, 'test_result_base': None}
[0.429s] Level 5:colcon.colcon_core.verb:set package 'b2_ctrl' build argument 'cmake_args' from command line to 'None'
[0.429s] Level 5:colcon.colcon_core.verb:set package 'b2_ctrl' build argument 'cmake_target' from command line to 'None'
[0.429s] Level 5:colcon.colcon_core.verb:set package 'b2_ctrl' build argument 'cmake_target_skip_unavailable' from command line to 'False'
[0.429s] Level 5:colcon.colcon_core.verb:set package 'b2_ctrl' build argument 'cmake_clean_cache' from command line to 'False'
[0.429s] Level 5:colcon.colcon_core.verb:set package 'b2_ctrl' build argument 'cmake_clean_first' from command line to 'False'
[0.429s] Level 5:colcon.colcon_core.verb:set package 'b2_ctrl' build argument 'cmake_force_configure' from command line to 'False'
[0.429s] Level 5:colcon.colcon_core.verb:set package 'b2_ctrl' build argument 'ament_cmake_args' from command line to 'None'
[0.429s] Level 5:colcon.colcon_core.verb:set package 'b2_ctrl' build argument 'catkin_cmake_args' from command line to 'None'
[0.429s] Level 5:colcon.colcon_core.verb:set package 'b2_ctrl' build argument 'catkin_skip_building_tests' from command line to 'False'
[0.430s] DEBUG:colcon.colcon_core.verb:Building package 'b2_ctrl' with the following arguments: {'ament_cmake_args': None, 'build_base': '/home/ros_ws/ros_ws/b2_ws/build/b2_ctrl', 'catkin_cmake_args': None, 'catkin_skip_building_tests': False, 'cmake_args': None, 'cmake_clean_cache': False, 'cmake_clean_first': False, 'cmake_force_configure': False, 'cmake_target': None, 'cmake_target_skip_unavailable': False, 'install_base': '/home/ros_ws/ros_ws/b2_ws/install/b2_ctrl', 'merge_install': False, 'path': '/home/ros_ws/ros_ws/b2_ws/src/b2_ctrl', 'symlink_install': False, 'test_result_base': None}
[0.430s] Level 5:colcon.colcon_core.verb:set package 'z1_nodes' build argument 'cmake_args' from command line to 'None'
[0.430s] Level 5:colcon.colcon_core.verb:set package 'z1_nodes' build argument 'cmake_target' from command line to 'None'
[0.430s] Level 5:colcon.colcon_core.verb:set package 'z1_nodes' build argument 'cmake_target_skip_unavailable' from command line to 'False'
[0.430s] Level 5:colcon.colcon_core.verb:set package 'z1_nodes' build argument 'cmake_clean_cache' from command line to 'False'
[0.430s] Level 5:colcon.colcon_core.verb:set package 'z1_nodes' build argument 'cmake_clean_first' from command line to 'False'
[0.430s] Level 5:colcon.colcon_core.verb:set package 'z1_nodes' build argument 'cmake_force_configure' from command line to 'False'
[0.430s] Level 5:colcon.colcon_core.verb:set package 'z1_nodes' build argument 'ament_cmake_args' from command line to 'None'
[0.430s] Level 5:colcon.colcon_core.verb:set package 'z1_nodes' build argument 'catkin_cmake_args' from command line to 'None'
[0.430s] Level 5:colcon.colcon_core.verb:set package 'z1_nodes' build argument 'catkin_skip_building_tests' from command line to 'False'
[0.431s] DEBUG:colcon.colcon_core.verb:Building package 'z1_nodes' with the following arguments: {'ament_cmake_args': None, 'build_base': '/home/ros_ws/ros_ws/b2_ws/build/z1_nodes', 'catkin_cmake_args': None, 'catkin_skip_building_tests': False, 'cmake_args': None, 'cmake_clean_cache': False, 'cmake_clean_first': False, 'cmake_force_configure': False, 'cmake_target': None, 'cmake_target_skip_unavailable': False, 'install_base': '/home/ros_ws/ros_ws/b2_ws/install/z1_nodes', 'merge_install': False, 'path': '/home/ros_ws/ros_ws/b2_ws/src/z1_nodes', 'symlink_install': False, 'test_result_base': None}
[0.431s] INFO:colcon.colcon_core.executor:Executing jobs using 'parallel' executor
[0.432s] DEBUG:colcon.colcon_parallel_executor.executor.parallel:run_until_complete
[0.433s] INFO:colcon.colcon_ros.task.ament_cmake.build:Building ROS package in '/home/ros_ws/ros_ws/b2_ws/src/z1_interfaces' with build type 'ament_cmake'
[0.433s] INFO:colcon.colcon_cmake.task.cmake.build:Building CMake package in '/home/ros_ws/ros_ws/b2_ws/src/z1_interfaces'
[0.439s] INFO:colcon.colcon_core.plugin_system:Skipping extension 'colcon_core.shell.bat': Not used on non-Windows systems
[0.440s] INFO:colcon.colcon_core.shell:Skip shell extension 'powershell' for command environment: Not usable outside of PowerShell
[0.440s] DEBUG:colcon.colcon_core.shell:Skip shell extension 'dsv' for command environment
[0.442s] WARNING:colcon.colcon_ros.prefix_path.ament:The path '/unitree_sdk2' in the environment variable AMENT_PREFIX_PATH doesn't contain any 'local_setup.*' files.
[0.451s] INFO:colcon.colcon_ros.task.ament_python.build:Building ROS package in '/home/ros_ws/ros_ws/b2_ws/src/b2_nodes' with build type 'ament_python'
[0.451s] Level 1:colcon.colcon_core.shell:create_environment_hook('b2_nodes', 'ament_prefix_path')
[0.452s] INFO:colcon.colcon_core.shell:Creating environment hook '/home/ros_ws/ros_ws/b2_ws/install/b2_nodes/share/b2_nodes/hook/ament_prefix_path.ps1'
[0.453s] INFO:colcon.colcon_core.shell:Creating environment descriptor '/home/ros_ws/ros_ws/b2_ws/install/b2_nodes/share/b2_nodes/hook/ament_prefix_path.dsv'
[0.454s] INFO:colcon.colcon_core.shell:Creating environment hook '/home/ros_ws/ros_ws/b2_ws/install/b2_nodes/share/b2_nodes/hook/ament_prefix_path.sh'
[0.455s] INFO:colcon.colcon_core.shell:Skip shell extension 'powershell' for command environment: Not usable outside of PowerShell
[0.455s] DEBUG:colcon.colcon_core.shell:Skip shell extension 'dsv' for command environment
[0.463s] INFO:colcon.colcon_ros.task.ament_cmake.build:Building ROS package in '/home/ros_ws/ros_ws/b2_ws/src/b2_urdf' with build type 'ament_cmake'
[0.463s] INFO:colcon.colcon_cmake.task.cmake.build:Building CMake package in '/home/ros_ws/ros_ws/b2_ws/src/b2_urdf'
[0.464s] INFO:colcon.colcon_core.shell:Skip shell extension 'powershell' for command environment: Not usable outside of PowerShell
[0.464s] DEBUG:colcon.colcon_core.shell:Skip shell extension 'dsv' for command environment
[0.472s] INFO:colcon.colcon_ros.task.ament_cmake.build:Building ROS package in '/home/ros_ws/ros_ws/b2_ws/src/py_cpp' with build type 'ament_cmake'
[0.472s] INFO:colcon.colcon_cmake.task.cmake.build:Building CMake package in '/home/ros_ws/ros_ws/b2_ws/src/py_cpp'
[0.473s] INFO:colcon.colcon_core.shell:Skip shell extension 'powershell' for command environment: Not usable outside of PowerShell
[0.473s] DEBUG:colcon.colcon_core.shell:Skip shell extension 'dsv' for command environment
[0.482s] INFO:colcon.colcon_ros.task.ament_cmake.build:Building ROS package in '/home/ros_ws/ros_ws/b2_ws/src/z1_urdf' with build type 'ament_cmake'
[0.483s] INFO:colcon.colcon_cmake.task.cmake.build:Building CMake package in '/home/ros_ws/ros_ws/b2_ws/src/z1_urdf'
[0.483s] INFO:colcon.colcon_core.shell:Skip shell extension 'powershell' for command environment: Not usable outside of PowerShell
[0.483s] DEBUG:colcon.colcon_core.shell:Skip shell extension 'dsv' for command environment
[0.502s] DEBUG:colcon.colcon_core.event_handler.log_command:Invoking command in '/home/ros_ws/ros_ws/b2_ws/build/z1_interfaces': CMAKE_PREFIX_PATH=${CMAKE_PREFIX_PATH}:/unitree_sdk2:/home/ros_ws/ros_ws/b2_ws/install/b2_nodes:/opt/ros/humble: /usr/bin/cmake --build /home/ros_ws/ros_ws/b2_ws/build/z1_interfaces -- -j16 -l16
[0.930s] INFO:colcon.colcon_core.task.python.build:Building Python package in '/home/ros_ws/ros_ws/b2_ws/src/b2_nodes'
[0.930s] INFO:colcon.colcon_core.shell:Skip shell extension 'powershell' for command environment: Not usable outside of PowerShell
[0.930s] DEBUG:colcon.colcon_core.shell:Skip shell extension 'dsv' for command environment
[0.948s] DEBUG:colcon.colcon_core.event_handler.log_command:Invoking command in '/home/ros_ws/ros_ws/b2_ws/build/b2_urdf': CMAKE_PREFIX_PATH=${CMAKE_PREFIX_PATH}:/unitree_sdk2:/home/ros_ws/ros_ws/b2_ws/install/b2_nodes:/opt/ros/humble: /usr/bin/cmake --build /home/ros_ws/ros_ws/b2_ws/build/b2_urdf -- -j16 -l16
[0.953s] DEBUG:colcon.colcon_core.event_handler.log_command:Invoking command in '/home/ros_ws/ros_ws/b2_ws/build/py_cpp': CMAKE_PREFIX_PATH=${CMAKE_PREFIX_PATH}:/unitree_sdk2:/home/ros_ws/ros_ws/b2_ws/install/b2_nodes:/opt/ros/humble: /usr/bin/cmake --build /home/ros_ws/ros_ws/b2_ws/build/py_cpp -- -j16 -l16
[0.959s] DEBUG:colcon.colcon_core.event_handler.log_command:Invoking command in '/home/ros_ws/ros_ws/b2_ws/build/z1_urdf': CMAKE_PREFIX_PATH=${CMAKE_PREFIX_PATH}:/unitree_sdk2:/home/ros_ws/ros_ws/b2_ws/install/b2_nodes:/opt/ros/humble: /usr/bin/cmake --build /home/ros_ws/ros_ws/b2_ws/build/z1_urdf -- -j16 -l16
[1.034s] DEBUG:colcon.colcon_core.event_handler.log_command:Invoked command in '/home/ros_ws/ros_ws/b2_ws/build/b2_urdf' returned '0': CMAKE_PREFIX_PATH=${CMAKE_PREFIX_PATH}:/unitree_sdk2:/home/ros_ws/ros_ws/b2_ws/install/b2_nodes:/opt/ros/humble: /usr/bin/cmake --build /home/ros_ws/ros_ws/b2_ws/build/b2_urdf -- -j16 -l16
[1.048s] DEBUG:colcon.colcon_core.event_handler.log_command:Invoked command in '/home/ros_ws/ros_ws/b2_ws/build/z1_urdf' returned '0': CMAKE_PREFIX_PATH=${CMAKE_PREFIX_PATH}:/unitree_sdk2:/home/ros_ws/ros_ws/b2_ws/install/b2_nodes:/opt/ros/humble: /usr/bin/cmake --build /home/ros_ws/ros_ws/b2_ws/build/z1_urdf -- -j16 -l16
[1.110s] DEBUG:colcon.colcon_core.event_handler.log_command:Invoking command in '/home/ros_ws/ros_ws/b2_ws/build/b2_urdf': CMAKE_PREFIX_PATH=${CMAKE_PREFIX_PATH}:/unitree_sdk2:/home/ros_ws/ros_ws/b2_ws/install/b2_nodes:/opt/ros/humble: /usr/bin/cmake --install /home/ros_ws/ros_ws/b2_ws/build/b2_urdf
[1.116s] DEBUG:colcon.colcon_core.event_handler.log_command:Invoking command in '/home/ros_ws/ros_ws/b2_ws/build/z1_urdf': CMAKE_PREFIX_PATH=${CMAKE_PREFIX_PATH}:/unitree_sdk2:/home/ros_ws/ros_ws/b2_ws/install/b2_nodes:/opt/ros/humble: /usr/bin/cmake --install /home/ros_ws/ros_ws/b2_ws/build/z1_urdf
[1.118s] DEBUG:colcon.colcon_core.event_handler.log_command:Invoked command in '/home/ros_ws/ros_ws/b2_ws/build/py_cpp' returned '0': CMAKE_PREFIX_PATH=${CMAKE_PREFIX_PATH}:/unitree_sdk2:/home/ros_ws/ros_ws/b2_ws/install/b2_nodes:/opt/ros/humble: /usr/bin/cmake --build /home/ros_ws/ros_ws/b2_ws/build/py_cpp -- -j16 -l16
[1.144s] DEBUG:colcon.colcon_core.event_handler.log_command:Invoked command in '/home/ros_ws/ros_ws/b2_ws/build/z1_interfaces' returned '0': CMAKE_PREFIX_PATH=${CMAKE_PREFIX_PATH}:/unitree_sdk2:/home/ros_ws/ros_ws/b2_ws/install/b2_nodes:/opt/ros/humble: /usr/bin/cmake --build /home/ros_ws/ros_ws/b2_ws/build/z1_interfaces -- -j16 -l16
[1.165s] Level 1:colcon.colcon_core.environment:create_environment_scripts_only(b2_urdf)
[1.167s] DEBUG:colcon.colcon_core.event_handler.log_command:Invoked command in '/home/ros_ws/ros_ws/b2_ws/build/b2_urdf' returned '0': CMAKE_PREFIX_PATH=${CMAKE_PREFIX_PATH}:/unitree_sdk2:/home/ros_ws/ros_ws/b2_ws/install/b2_nodes:/opt/ros/humble: /usr/bin/cmake --install /home/ros_ws/ros_ws/b2_ws/build/b2_urdf
[1.170s] Level 1:colcon.colcon_core.environment:checking '/home/ros_ws/ros_ws/b2_ws/install/b2_urdf' for CMake module files
[1.171s] Level 1:colcon.colcon_core.environment:checking '/home/ros_ws/ros_ws/b2_ws/install/b2_urdf' for CMake config files
[1.172s] Level 1:colcon.colcon_core.shell:create_environment_hook('b2_urdf', 'cmake_prefix_path')
[1.173s] INFO:colcon.colcon_core.shell:Creating environment hook '/home/ros_ws/ros_ws/b2_ws/install/b2_urdf/share/b2_urdf/hook/cmake_prefix_path.ps1'
[1.174s] INFO:colcon.colcon_core.shell:Creating environment descriptor '/home/ros_ws/ros_ws/b2_ws/install/b2_urdf/share/b2_urdf/hook/cmake_prefix_path.dsv'
[1.174s] INFO:colcon.colcon_core.shell:Creating environment hook '/home/ros_ws/ros_ws/b2_ws/install/b2_urdf/share/b2_urdf/hook/cmake_prefix_path.sh'
[1.176s] Level 1:colcon.colcon_core.environment:checking '/home/ros_ws/ros_ws/b2_ws/install/b2_urdf/bin'
[1.176s] Level 1:colcon.colcon_core.environment:checking '/home/ros_ws/ros_ws/b2_ws/install/b2_urdf/lib/pkgconfig/b2_urdf.pc'
[1.176s] Level 1:colcon.colcon_core.environment:checking '/home/ros_ws/ros_ws/b2_ws/install/b2_urdf/lib/python3.10/site-packages'
[1.177s] Level 1:colcon.colcon_core.environment:checking '/home/ros_ws/ros_ws/b2_ws/install/b2_urdf/bin'
[1.177s] INFO:colcon.colcon_core.shell:Creating package script '/home/ros_ws/ros_ws/b2_ws/install/b2_urdf/share/b2_urdf/package.ps1'
[1.179s] INFO:colcon.colcon_core.shell:Creating package descriptor '/home/ros_ws/ros_ws/b2_ws/install/b2_urdf/share/b2_urdf/package.dsv'
[1.179s] INFO:colcon.colcon_core.shell:Creating package script '/home/ros_ws/ros_ws/b2_ws/install/b2_urdf/share/b2_urdf/package.sh'
[1.180s] INFO:colcon.colcon_core.shell:Creating package script '/home/ros_ws/ros_ws/b2_ws/install/b2_urdf/share/b2_urdf/package.bash'
[1.181s] INFO:colcon.colcon_core.shell:Creating package script '/home/ros_ws/ros_ws/b2_ws/install/b2_urdf/share/b2_urdf/package.zsh'
[1.182s] Level 1:colcon.colcon_core.environment:create_file_with_runtime_dependencies(/home/ros_ws/ros_ws/b2_ws/install/b2_urdf/share/colcon-core/packages/b2_urdf)
[1.184s] Level 1:colcon.colcon_core.environment:create_environment_scripts_only(z1_urdf)
[1.185s] Level 1:colcon.colcon_core.environment:checking '/home/ros_ws/ros_ws/b2_ws/install/z1_urdf' for CMake module files
[1.185s] DEBUG:colcon.colcon_core.event_handler.log_command:Invoked command in '/home/ros_ws/ros_ws/b2_ws/build/z1_urdf' returned '0': CMAKE_PREFIX_PATH=${CMAKE_PREFIX_PATH}:/unitree_sdk2:/home/ros_ws/ros_ws/b2_ws/install/b2_nodes:/opt/ros/humble: /usr/bin/cmake --install /home/ros_ws/ros_ws/b2_ws/build/z1_urdf
[1.186s] Level 1:colcon.colcon_core.environment:checking '/home/ros_ws/ros_ws/b2_ws/install/z1_urdf' for CMake config files
[1.187s] Level 1:colcon.colcon_core.shell:create_environment_hook('z1_urdf', 'cmake_prefix_path')
[1.187s] INFO:colcon.colcon_core.shell:Creating environment hook '/home/ros_ws/ros_ws/b2_ws/install/z1_urdf/share/z1_urdf/hook/cmake_prefix_path.ps1'
[1.188s] INFO:colcon.colcon_core.shell:Creating environment descriptor '/home/ros_ws/ros_ws/b2_ws/install/z1_urdf/share/z1_urdf/hook/cmake_prefix_path.dsv'
[1.189s] INFO:colcon.colcon_core.shell:Creating environment hook '/home/ros_ws/ros_ws/b2_ws/install/z1_urdf/share/z1_urdf/hook/cmake_prefix_path.sh'
[1.189s] Level 1:colcon.colcon_core.environment:checking '/home/ros_ws/ros_ws/b2_ws/install/z1_urdf/bin'
[1.190s] Level 1:colcon.colcon_core.environment:checking '/home/ros_ws/ros_ws/b2_ws/install/z1_urdf/lib/pkgconfig/z1_urdf.pc'
[1.190s] Level 1:colcon.colcon_core.environment:checking '/home/ros_ws/ros_ws/b2_ws/install/z1_urdf/lib/python3.10/site-packages'
[1.190s] Level 1:colcon.colcon_core.environment:checking '/home/ros_ws/ros_ws/b2_ws/install/z1_urdf/bin'
[1.191s] INFO:colcon.colcon_core.shell:Creating package script '/home/ros_ws/ros_ws/b2_ws/install/z1_urdf/share/z1_urdf/package.ps1'
[1.192s] INFO:colcon.colcon_core.shell:Creating package descriptor '/home/ros_ws/ros_ws/b2_ws/install/z1_urdf/share/z1_urdf/package.dsv'
[1.192s] INFO:colcon.colcon_core.shell:Creating package script '/home/ros_ws/ros_ws/b2_ws/install/z1_urdf/share/z1_urdf/package.sh'
[1.193s] INFO:colcon.colcon_core.shell:Creating package script '/home/ros_ws/ros_ws/b2_ws/install/z1_urdf/share/z1_urdf/package.bash'
[1.194s] INFO:colcon.colcon_core.shell:Creating package script '/home/ros_ws/ros_ws/b2_ws/install/z1_urdf/share/z1_urdf/package.zsh'
[1.194s] Level 1:colcon.colcon_core.environment:create_file_with_runtime_dependencies(/home/ros_ws/ros_ws/b2_ws/install/z1_urdf/share/colcon-core/packages/z1_urdf)
[1.200s] DEBUG:colcon.colcon_core.event_handler.log_command:Invoking command in '/home/ros_ws/ros_ws/b2_ws/build/py_cpp': CMAKE_PREFIX_PATH=${CMAKE_PREFIX_PATH}:/unitree_sdk2:/home/ros_ws/ros_ws/b2_ws/install/b2_nodes:/opt/ros/humble: /usr/bin/cmake --install /home/ros_ws/ros_ws/b2_ws/build/py_cpp
[1.234s] Level 1:colcon.colcon_core.environment:create_environment_scripts_only(b2_urdf)
[1.234s] Level 1:colcon.colcon_core.environment:checking '/home/ros_ws/ros_ws/b2_ws/install/b2_urdf' for CMake module files
[1.235s] Level 1:colcon.colcon_core.environment:checking '/home/ros_ws/ros_ws/b2_ws/install/b2_urdf' for CMake config files
[1.236s] Level 1:colcon.colcon_core.shell:create_environment_hook('b2_urdf', 'cmake_prefix_path')
[1.237s] INFO:colcon.colcon_core.shell:Creating environment hook '/home/ros_ws/ros_ws/b2_ws/install/b2_urdf/share/b2_urdf/hook/cmake_prefix_path.ps1'
[1.237s] INFO:colcon.colcon_core.shell:Creating environment descriptor '/home/ros_ws/ros_ws/b2_ws/install/b2_urdf/share/b2_urdf/hook/cmake_prefix_path.dsv'
[1.238s] INFO:colcon.colcon_core.shell:Creating environment hook '/home/ros_ws/ros_ws/b2_ws/install/b2_urdf/share/b2_urdf/hook/cmake_prefix_path.sh'
[1.239s] Level 1:colcon.colcon_core.environment:checking '/home/ros_ws/ros_ws/b2_ws/install/b2_urdf/bin'
[1.239s] Level 1:colcon.colcon_core.environment:checking '/home/ros_ws/ros_ws/b2_ws/install/b2_urdf/lib/pkgconfig/b2_urdf.pc'
[1.239s] Level 1:colcon.colcon_core.environment:checking '/home/ros_ws/ros_ws/b2_ws/install/b2_urdf/lib/python3.10/site-packages'
[1.240s] Level 1:colcon.colcon_core.environment:checking '/home/ros_ws/ros_ws/b2_ws/install/b2_urdf/bin'
[1.240s] INFO:colcon.colcon_core.shell:Creating package script '/home/ros_ws/ros_ws/b2_ws/install/b2_urdf/share/b2_urdf/package.ps1'
[1.242s] INFO:colcon.colcon_core.shell:Creating package descriptor '/home/ros_ws/ros_ws/b2_ws/install/b2_urdf/share/b2_urdf/package.dsv'
[1.243s] INFO:colcon.colcon_core.shell:Creating package script '/home/ros_ws/ros_ws/b2_ws/install/b2_urdf/share/b2_urdf/package.sh'
[1.244s] INFO:colcon.colcon_core.shell:Creating package script '/home/ros_ws/ros_ws/b2_ws/install/b2_urdf/share/b2_urdf/package.bash'
[1.244s] INFO:colcon.colcon_core.shell:Creating package script '/home/ros_ws/ros_ws/b2_ws/install/b2_urdf/share/b2_urdf/package.zsh'
[1.245s] Level 1:colcon.colcon_core.environment:create_file_with_runtime_dependencies(/home/ros_ws/ros_ws/b2_ws/install/b2_urdf/share/colcon-core/packages/b2_urdf)
[1.247s] Level 1:colcon.colcon_core.environment:create_environment_scripts_only(z1_urdf)
[1.248s] Level 1:colcon.colcon_core.environment:checking '/home/ros_ws/ros_ws/b2_ws/install/z1_urdf' for CMake module files
[1.249s] Level 1:colcon.colcon_core.environment:checking '/home/ros_ws/ros_ws/b2_ws/install/z1_urdf' for CMake config files
[1.249s] Level 1:colcon.colcon_core.shell:create_environment_hook('z1_urdf', 'cmake_prefix_path')
[1.250s] INFO:colcon.colcon_core.shell:Creating environment hook '/home/ros_ws/ros_ws/b2_ws/install/z1_urdf/share/z1_urdf/hook/cmake_prefix_path.ps1'
[1.250s] INFO:colcon.colcon_core.shell:Creating environment descriptor '/home/ros_ws/ros_ws/b2_ws/install/z1_urdf/share/z1_urdf/hook/cmake_prefix_path.dsv'
[1.251s] INFO:colcon.colcon_core.shell:Creating environment hook '/home/ros_ws/ros_ws/b2_ws/install/z1_urdf/share/z1_urdf/hook/cmake_prefix_path.sh'
[1.252s] Level 1:colcon.colcon_core.environment:checking '/home/ros_ws/ros_ws/b2_ws/install/z1_urdf/bin'
[1.252s] Level 1:colcon.colcon_core.environment:checking '/home/ros_ws/ros_ws/b2_ws/install/z1_urdf/lib/pkgconfig/z1_urdf.pc'
[1.252s] Level 1:colcon.colcon_core.environment:checking '/home/ros_ws/ros_ws/b2_ws/install/z1_urdf/lib/python3.10/site-packages'
[1.253s] Level 1:colcon.colcon_core.environment:checking '/home/ros_ws/ros_ws/b2_ws/install/z1_urdf/bin'
[1.253s] INFO:colcon.colcon_core.shell:Creating package script '/home/ros_ws/ros_ws/b2_ws/install/z1_urdf/share/z1_urdf/package.ps1'
[1.254s] INFO:colcon.colcon_core.shell:Creating package descriptor '/home/ros_ws/ros_ws/b2_ws/install/z1_urdf/share/z1_urdf/package.dsv'
[1.255s] INFO:colcon.colcon_core.shell:Creating package script '/home/ros_ws/ros_ws/b2_ws/install/z1_urdf/share/z1_urdf/package.sh'
[1.255s] INFO:colcon.colcon_core.shell:Creating package script '/home/ros_ws/ros_ws/b2_ws/install/z1_urdf/share/z1_urdf/package.bash'
[1.256s] INFO:colcon.colcon_core.shell:Creating package script '/home/ros_ws/ros_ws/b2_ws/install/z1_urdf/share/z1_urdf/package.zsh'
[1.257s] Level 1:colcon.colcon_core.environment:create_file_with_runtime_dependencies(/home/ros_ws/ros_ws/b2_ws/install/z1_urdf/share/colcon-core/packages/z1_urdf)
[1.257s] Level 1:colcon.colcon_core.environment:create_environment_scripts_only(py_cpp)
[1.258s] Level 1:colcon.colcon_core.environment:checking '/home/ros_ws/ros_ws/b2_ws/install/py_cpp' for CMake module files
[1.259s] Level 1:colcon.colcon_core.environment:checking '/home/ros_ws/ros_ws/b2_ws/install/py_cpp' for CMake config files
[1.260s] Level 1:colcon.colcon_core.shell:create_environment_hook('py_cpp', 'cmake_prefix_path')
[1.260s] INFO:colcon.colcon_core.shell:Creating environment hook '/home/ros_ws/ros_ws/b2_ws/install/py_cpp/share/py_cpp/hook/cmake_prefix_path.ps1'
[1.261s] INFO:colcon.colcon_core.shell:Creating environment descriptor '/home/ros_ws/ros_ws/b2_ws/install/py_cpp/share/py_cpp/hook/cmake_prefix_path.dsv'
[1.262s] INFO:colcon.colcon_core.shell:Creating environment hook '/home/ros_ws/ros_ws/b2_ws/install/py_cpp/share/py_cpp/hook/cmake_prefix_path.sh'
[1.262s] DEBUG:colcon.colcon_core.event_handler.log_command:Invoked command in '/home/ros_ws/ros_ws/b2_ws/build/py_cpp' returned '0': CMAKE_PREFIX_PATH=${CMAKE_PREFIX_PATH}:/unitree_sdk2:/home/ros_ws/ros_ws/b2_ws/install/b2_nodes:/opt/ros/humble: /usr/bin/cmake --install /home/ros_ws/ros_ws/b2_ws/build/py_cpp
[1.263s] Level 1:colcon.colcon_core.environment:checking '/home/ros_ws/ros_ws/b2_ws/install/py_cpp/lib'
[1.263s] Level 1:colcon.colcon_core.environment:checking '/home/ros_ws/ros_ws/b2_ws/install/py_cpp/bin'
[1.263s] Level 1:colcon.colcon_core.environment:checking '/home/ros_ws/ros_ws/b2_ws/install/py_cpp/lib/pkgconfig/py_cpp.pc'
[1.264s] Level 1:colcon.colcon_core.environment:checking '/home/ros_ws/ros_ws/b2_ws/install/py_cpp/lib/python3.10/site-packages'
[1.264s] Level 1:colcon.colcon_core.environment:checking '/home/ros_ws/ros_ws/b2_ws/install/py_cpp/bin'
[1.265s] INFO:colcon.colcon_core.shell:Creating package script '/home/ros_ws/ros_ws/b2_ws/install/py_cpp/share/py_cpp/package.ps1'
[1.265s] INFO:colcon.colcon_core.shell:Creating package descriptor '/home/ros_ws/ros_ws/b2_ws/install/py_cpp/share/py_cpp/package.dsv'
[1.266s] INFO:colcon.colcon_core.shell:Creating package script '/home/ros_ws/ros_ws/b2_ws/install/py_cpp/share/py_cpp/package.sh'
[1.266s] INFO:colcon.colcon_core.shell:Creating package script '/home/ros_ws/ros_ws/b2_ws/install/py_cpp/share/py_cpp/package.bash'
[1.267s] INFO:colcon.colcon_core.shell:Creating package script '/home/ros_ws/ros_ws/b2_ws/install/py_cpp/share/py_cpp/package.zsh'
[1.267s] Level 1:colcon.colcon_core.environment:create_file_with_runtime_dependencies(/home/ros_ws/ros_ws/b2_ws/install/py_cpp/share/colcon-core/packages/py_cpp)
[1.292s] DEBUG:colcon.colcon_core.event_handler.log_command:Invoking command in '/home/ros_ws/ros_ws/b2_ws/build/z1_interfaces': CMAKE_PREFIX_PATH=${CMAKE_PREFIX_PATH}:/unitree_sdk2:/home/ros_ws/ros_ws/b2_ws/install/b2_nodes:/opt/ros/humble: /usr/bin/cmake --install /home/ros_ws/ros_ws/b2_ws/build/z1_interfaces
[1.329s] Level 1:colcon.colcon_core.environment:create_environment_scripts_only(py_cpp)
[1.330s] Level 1:colcon.colcon_core.environment:checking '/home/ros_ws/ros_ws/b2_ws/install/py_cpp' for CMake module files
[1.331s] Level 1:colcon.colcon_core.environment:checking '/home/ros_ws/ros_ws/b2_ws/install/py_cpp' for CMake config files
[1.332s] Level 1:colcon.colcon_core.shell:create_environment_hook('py_cpp', 'cmake_prefix_path')
[1.332s] INFO:colcon.colcon_core.shell:Creating environment hook '/home/ros_ws/ros_ws/b2_ws/install/py_cpp/share/py_cpp/hook/cmake_prefix_path.ps1'
[1.333s] INFO:colcon.colcon_core.shell:Creating environment descriptor '/home/ros_ws/ros_ws/b2_ws/install/py_cpp/share/py_cpp/hook/cmake_prefix_path.dsv'
[1.334s] INFO:colcon.colcon_core.shell:Creating environment hook '/home/ros_ws/ros_ws/b2_ws/install/py_cpp/share/py_cpp/hook/cmake_prefix_path.sh'
[1.336s] Level 1:colcon.colcon_core.environment:checking '/home/ros_ws/ros_ws/b2_ws/install/py_cpp/lib'
[1.336s] Level 1:colcon.colcon_core.environment:checking '/home/ros_ws/ros_ws/b2_ws/install/py_cpp/bin'
[1.336s] Level 1:colcon.colcon_core.environment:checking '/home/ros_ws/ros_ws/b2_ws/install/py_cpp/lib/pkgconfig/py_cpp.pc'
[1.337s] Level 1:colcon.colcon_core.environment:checking '/home/ros_ws/ros_ws/b2_ws/install/py_cpp/lib/python3.10/site-packages'
[1.337s] Level 1:colcon.colcon_core.environment:checking '/home/ros_ws/ros_ws/b2_ws/install/py_cpp/bin'
[1.337s] INFO:colcon.colcon_core.shell:Creating package script '/home/ros_ws/ros_ws/b2_ws/install/py_cpp/share/py_cpp/package.ps1'
[1.338s] INFO:colcon.colcon_core.shell:Creating package descriptor '/home/ros_ws/ros_ws/b2_ws/install/py_cpp/share/py_cpp/package.dsv'
[1.339s] INFO:colcon.colcon_core.shell:Creating package script '/home/ros_ws/ros_ws/b2_ws/install/py_cpp/share/py_cpp/package.sh'
[1.339s] INFO:colcon.colcon_core.shell:Creating package script '/home/ros_ws/ros_ws/b2_ws/install/py_cpp/share/py_cpp/package.bash'
[1.340s] INFO:colcon.colcon_core.shell:Creating package script '/home/ros_ws/ros_ws/b2_ws/install/py_cpp/share/py_cpp/package.zsh'
[1.341s] Level 1:colcon.colcon_core.environment:create_file_with_runtime_dependencies(/home/ros_ws/ros_ws/b2_ws/install/py_cpp/share/colcon-core/packages/py_cpp)
[1.431s] Level 1:colcon.colcon_core.environment:create_environment_scripts_only(z1_interfaces)
[1.432s] Level 1:colcon.colcon_core.environment:checking '/home/ros_ws/ros_ws/b2_ws/install/z1_interfaces' for CMake module files
[1.433s] DEBUG:colcon.colcon_core.event_handler.log_command:Invoked command in '/home/ros_ws/ros_ws/b2_ws/build/z1_interfaces' returned '0': CMAKE_PREFIX_PATH=${CMAKE_PREFIX_PATH}:/unitree_sdk2:/home/ros_ws/ros_ws/b2_ws/install/b2_nodes:/opt/ros/humble: /usr/bin/cmake --install /home/ros_ws/ros_ws/b2_ws/build/z1_interfaces
[1.434s] Level 1:colcon.colcon_core.environment:checking '/home/ros_ws/ros_ws/b2_ws/install/z1_interfaces' for CMake config files
[1.435s] Level 1:colcon.colcon_core.shell:create_environment_hook('z1_interfaces', 'cmake_prefix_path')
[1.436s] INFO:colcon.colcon_core.shell:Creating environment hook '/home/ros_ws/ros_ws/b2_ws/install/z1_interfaces/share/z1_interfaces/hook/cmake_prefix_path.ps1'
[1.437s] INFO:colcon.colcon_core.shell:Creating environment descriptor '/home/ros_ws/ros_ws/b2_ws/install/z1_interfaces/share/z1_interfaces/hook/cmake_prefix_path.dsv'
[1.437s] INFO:colcon.colcon_core.shell:Creating environment hook '/home/ros_ws/ros_ws/b2_ws/install/z1_interfaces/share/z1_interfaces/hook/cmake_prefix_path.sh'
[1.438s] Level 1:colcon.colcon_core.environment:checking '/home/ros_ws/ros_ws/b2_ws/install/z1_interfaces/lib'
[1.438s] Level 1:colcon.colcon_core.shell:create_environment_hook('z1_interfaces', 'ld_library_path_lib')
[1.438s] INFO:colcon.colcon_core.shell:Creating environment hook '/home/ros_ws/ros_ws/b2_ws/install/z1_interfaces/share/z1_interfaces/hook/ld_library_path_lib.ps1'
[1.439s] INFO:colcon.colcon_core.shell:Creating environment descriptor '/home/ros_ws/ros_ws/b2_ws/install/z1_interfaces/share/z1_interfaces/hook/ld_library_path_lib.dsv'
[1.440s] INFO:colcon.colcon_core.shell:Creating environment hook '/home/ros_ws/ros_ws/b2_ws/install/z1_interfaces/share/z1_interfaces/hook/ld_library_path_lib.sh'
[1.440s] Level 1:colcon.colcon_core.environment:checking '/home/ros_ws/ros_ws/b2_ws/install/z1_interfaces/bin'
[1.440s] Level 1:colcon.colcon_core.environment:checking '/home/ros_ws/ros_ws/b2_ws/install/z1_interfaces/lib/pkgconfig/z1_interfaces.pc'
[1.441s] Level 1:colcon.colcon_core.environment:checking '/home/ros_ws/ros_ws/b2_ws/install/z1_interfaces/lib/python3.10/site-packages'
[1.441s] Level 1:colcon.colcon_core.environment:checking '/home/ros_ws/ros_ws/b2_ws/install/z1_interfaces/bin'
[1.441s] INFO:colcon.colcon_core.shell:Creating package script '/home/ros_ws/ros_ws/b2_ws/install/z1_interfaces/share/z1_interfaces/package.ps1'
[1.442s] INFO:colcon.colcon_core.shell:Creating package descriptor '/home/ros_ws/ros_ws/b2_ws/install/z1_interfaces/share/z1_interfaces/package.dsv'
[1.443s] INFO:colcon.colcon_core.shell:Creating package script '/home/ros_ws/ros_ws/b2_ws/install/z1_interfaces/share/z1_interfaces/package.sh'
[1.443s] INFO:colcon.colcon_core.shell:Creating package script '/home/ros_ws/ros_ws/b2_ws/install/z1_interfaces/share/z1_interfaces/package.bash'
[1.444s] INFO:colcon.colcon_core.shell:Creating package script '/home/ros_ws/ros_ws/b2_ws/install/z1_interfaces/share/z1_interfaces/package.zsh'
[1.444s] Level 1:colcon.colcon_core.environment:create_file_with_runtime_dependencies(/home/ros_ws/ros_ws/b2_ws/install/z1_interfaces/share/colcon-core/packages/z1_interfaces)
[1.597s] Level 1:colcon.colcon_core.environment:create_environment_scripts_only(z1_interfaces)
[1.598s] Level 1:colcon.colcon_core.environment:checking '/home/ros_ws/ros_ws/b2_ws/install/z1_interfaces' for CMake module files
[1.599s] Level 1:colcon.colcon_core.environment:checking '/home/ros_ws/ros_ws/b2_ws/install/z1_interfaces' for CMake config files
[1.600s] Level 1:colcon.colcon_core.shell:create_environment_hook('z1_interfaces', 'cmake_prefix_path')
[1.601s] INFO:colcon.colcon_core.shell:Creating environment hook '/home/ros_ws/ros_ws/b2_ws/install/z1_interfaces/share/z1_interfaces/hook/cmake_prefix_path.ps1'
[1.601s] INFO:colcon.colcon_core.shell:Creating environment descriptor '/home/ros_ws/ros_ws/b2_ws/install/z1_interfaces/share/z1_interfaces/hook/cmake_prefix_path.dsv'
[1.602s] INFO:colcon.colcon_core.shell:Creating environment hook '/home/ros_ws/ros_ws/b2_ws/install/z1_interfaces/share/z1_interfaces/hook/cmake_prefix_path.sh'
[1.603s] Level 1:colcon.colcon_core.environment:checking '/home/ros_ws/ros_ws/b2_ws/install/z1_interfaces/lib'
[1.603s] Level 1:colcon.colcon_core.shell:create_environment_hook('z1_interfaces', 'ld_library_path_lib')
[1.603s] INFO:colcon.colcon_core.shell:Creating environment hook '/home/ros_ws/ros_ws/b2_ws/install/z1_interfaces/share/z1_interfaces/hook/ld_library_path_lib.ps1'
[1.604s] INFO:colcon.colcon_core.shell:Creating environment descriptor '/home/ros_ws/ros_ws/b2_ws/install/z1_interfaces/share/z1_interfaces/hook/ld_library_path_lib.dsv'
[1.604s] INFO:colcon.colcon_core.shell:Creating environment hook '/home/ros_ws/ros_ws/b2_ws/install/z1_interfaces/share/z1_interfaces/hook/ld_library_path_lib.sh'
[1.605s] Level 1:colcon.colcon_core.environment:checking '/home/ros_ws/ros_ws/b2_ws/install/z1_interfaces/bin'
[1.605s] Level 1:colcon.colcon_core.environment:checking '/home/ros_ws/ros_ws/b2_ws/install/z1_interfaces/lib/pkgconfig/z1_interfaces.pc'
[1.606s] Level 1:colcon.colcon_core.environment:checking '/home/ros_ws/ros_ws/b2_ws/install/z1_interfaces/lib/python3.10/site-packages'
[1.606s] Level 1:colcon.colcon_core.environment:checking '/home/ros_ws/ros_ws/b2_ws/install/z1_interfaces/bin'
[1.607s] INFO:colcon.colcon_core.shell:Creating package script '/home/ros_ws/ros_ws/b2_ws/install/z1_interfaces/share/z1_interfaces/package.ps1'
[1.608s] INFO:colcon.colcon_core.shell:Creating package descriptor '/home/ros_ws/ros_ws/b2_ws/install/z1_interfaces/share/z1_interfaces/package.dsv'
[1.609s] INFO:colcon.colcon_core.shell:Creating package script '/home/ros_ws/ros_ws/b2_ws/install/z1_interfaces/share/z1_interfaces/package.sh'
[1.610s] INFO:colcon.colcon_core.shell:Creating package script '/home/ros_ws/ros_ws/b2_ws/install/z1_interfaces/share/z1_interfaces/package.bash'
[1.610s] INFO:colcon.colcon_core.shell:Creating package script '/home/ros_ws/ros_ws/b2_ws/install/z1_interfaces/share/z1_interfaces/package.zsh'
[1.611s] Level 1:colcon.colcon_core.environment:create_file_with_runtime_dependencies(/home/ros_ws/ros_ws/b2_ws/install/z1_interfaces/share/colcon-core/packages/z1_interfaces)
[1.611s] INFO:colcon.colcon_ros.task.ament_cmake.build:Building ROS package in '/home/ros_ws/ros_ws/b2_ws/src/b2_ctrl' with build type 'ament_cmake'
[1.611s] INFO:colcon.colcon_cmake.task.cmake.build:Building CMake package in '/home/ros_ws/ros_ws/b2_ws/src/b2_ctrl'
[1.612s] INFO:colcon.colcon_core.shell:Skip shell extension 'powershell' for command environment: Not usable outside of PowerShell
[1.612s] DEBUG:colcon.colcon_core.shell:Skip shell extension 'dsv' for command environment
[1.619s] INFO:colcon.colcon_ros.task.ament_cmake.build:Building ROS package in '/home/ros_ws/ros_ws/b2_ws/src/z1_nodes' with build type 'ament_cmake'
[1.619s] INFO:colcon.colcon_cmake.task.cmake.build:Building CMake package in '/home/ros_ws/ros_ws/b2_ws/src/z1_nodes'
[1.619s] INFO:colcon.colcon_core.shell:Skip shell extension 'powershell' for command environment: Not usable outside of PowerShell
[1.619s] DEBUG:colcon.colcon_core.shell:Skip shell extension 'dsv' for command environment
[1.633s] DEBUG:colcon.colcon_core.event_handler.log_command:Invoking command in '/home/ros_ws/ros_ws/b2_ws/src/b2_nodes': PYTHONPATH=/home/ros_ws/ros_ws/b2_ws/build/b2_nodes/prefix_override:/usr/lib/python3/dist-packages/colcon_core/task/python/colcon_distutils_commands:/home/ros_ws/ros_ws/b2_ws/install/b2_nodes/lib/python3.10/site-packages:${PYTHONPATH} /usr/bin/python3 -W ignore:setup.py install is deprecated setup.py egg_info --egg-base ../../build/b2_nodes build --build-base /home/ros_ws/ros_ws/b2_ws/build/b2_nodes/build install --record /home/ros_ws/ros_ws/b2_ws/build/b2_nodes/install.log --single-version-externally-managed install_data
[1.640s] DEBUG:colcon.colcon_core.event_handler.log_command:Invoking command in '/home/ros_ws/ros_ws/b2_ws/build/b2_ctrl': CMAKE_PREFIX_PATH=/home/ros_ws/ros_ws/b2_ws/install/z1_interfaces:/home/ros_ws/ros_ws/b2_ws/install/z1_urdf:/home/ros_ws/ros_ws/b2_ws/install/z1_nodes:/home/ros_ws/ros_ws/b2_ws/install/py_cpp:/home/ros_ws/ros_ws/b2_ws/install/b2_urdf:/home/ros_ws/ros_ws/b2_ws/install/b2_ctrl:/home/ros_ws/ros_ws/unitree_ros2/cyclonedds_ws/install/unitree_hg:/home/ros_ws/ros_ws/unitree_ros2/cyclonedds_ws/install/unitree_go:/home/ros_ws/ros_ws/unitree_ros2/cyclonedds_ws/install/unitree_api:/home/ros_ws/ros_ws/unitree_ros2/cyclonedds_ws/install/rmw_cyclonedds_cpp:/home/ros_ws/ros_ws/unitree_ros2/cyclonedds_ws/install/cyclonedds:/unitree_sdk2:/home/ros_ws/ros_ws/b2_ws/install/b2_nodes:/opt/ros/humble: LD_LIBRARY_PATH=/home/ros_ws/ros_ws/b2_ws/install/z1_interfaces/lib:/home/ros_ws/ros_ws/unitree_ros2/cyclonedds_ws/install/unitree_hg/lib:/home/ros_ws/ros_ws/unitree_ros2/cyclonedds_ws/install/unitree_go/lib:/home/ros_ws/ros_ws/unitree_ros2/cyclonedds_ws/install/unitree_api/lib:/home/ros_ws/ros_ws/unitree_ros2/cyclonedds_ws/install/rmw_cyclonedds_cpp/lib:/home/ros_ws/ros_ws/unitree_ros2/cyclonedds_ws/install/cyclonedds/lib:/usr/lib/x86_64-linux-gnu/gazebo-11/plugins:/opt/ros/humble/opt/rviz_ogre_vendor/lib:/opt/ros/humble/lib/x86_64-linux-gnu:/opt/ros/humble/lib:/z1_controller/lib:/z1_sdk/lib:/z1_controller/lib:/z1_sdk/lib /usr/bin/cmake --build /home/ros_ws/ros_ws/b2_ws/build/b2_ctrl -- -j16 -l16
[1.646s] DEBUG:colcon.colcon_core.event_handler.log_command:Invoking command in '/home/ros_ws/ros_ws/b2_ws/build/z1_nodes': CMAKE_PREFIX_PATH=/home/ros_ws/ros_ws/b2_ws/install/z1_interfaces:/home/ros_ws/ros_ws/b2_ws/install/z1_urdf:/home/ros_ws/ros_ws/b2_ws/install/z1_nodes:/home/ros_ws/ros_ws/b2_ws/install/py_cpp:/home/ros_ws/ros_ws/b2_ws/install/b2_urdf:/home/ros_ws/ros_ws/b2_ws/install/b2_ctrl:/home/ros_ws/ros_ws/unitree_ros2/cyclonedds_ws/install/unitree_hg:/home/ros_ws/ros_ws/unitree_ros2/cyclonedds_ws/install/unitree_go:/home/ros_ws/ros_ws/unitree_ros2/cyclonedds_ws/install/unitree_api:/home/ros_ws/ros_ws/unitree_ros2/cyclonedds_ws/install/rmw_cyclonedds_cpp:/home/ros_ws/ros_ws/unitree_ros2/cyclonedds_ws/install/cyclonedds:/unitree_sdk2:/home/ros_ws/ros_ws/b2_ws/install/b2_nodes:/opt/ros/humble: LD_LIBRARY_PATH=/home/ros_ws/ros_ws/b2_ws/install/z1_interfaces/lib:/home/ros_ws/ros_ws/unitree_ros2/cyclonedds_ws/install/unitree_hg/lib:/home/ros_ws/ros_ws/unitree_ros2/cyclonedds_ws/install/unitree_go/lib:/home/ros_ws/ros_ws/unitree_ros2/cyclonedds_ws/install/unitree_api/lib:/home/ros_ws/ros_ws/unitree_ros2/cyclonedds_ws/install/rmw_cyclonedds_cpp/lib:/home/ros_ws/ros_ws/unitree_ros2/cyclonedds_ws/install/cyclonedds/lib:/usr/lib/x86_64-linux-gnu/gazebo-11/plugins:/opt/ros/humble/opt/rviz_ogre_vendor/lib:/opt/ros/humble/lib/x86_64-linux-gnu:/opt/ros/humble/lib:/z1_controller/lib:/z1_sdk/lib:/z1_controller/lib:/z1_sdk/lib /usr/bin/cmake --build /home/ros_ws/ros_ws/b2_ws/build/z1_nodes -- -j16 -l16
[1.812s] DEBUG:colcon.colcon_core.event_handler.log_command:Invoked command in '/home/ros_ws/ros_ws/b2_ws/build/z1_nodes' returned '0': CMAKE_PREFIX_PATH=/home/ros_ws/ros_ws/b2_ws/install/z1_interfaces:/home/ros_ws/ros_ws/b2_ws/install/z1_urdf:/home/ros_ws/ros_ws/b2_ws/install/z1_nodes:/home/ros_ws/ros_ws/b2_ws/install/py_cpp:/home/ros_ws/ros_ws/b2_ws/install/b2_urdf:/home/ros_ws/ros_ws/b2_ws/install/b2_ctrl:/home/ros_ws/ros_ws/unitree_ros2/cyclonedds_ws/install/unitree_hg:/home/ros_ws/ros_ws/unitree_ros2/cyclonedds_ws/install/unitree_go:/home/ros_ws/ros_ws/unitree_ros2/cyclonedds_ws/install/unitree_api:/home/ros_ws/ros_ws/unitree_ros2/cyclonedds_ws/install/rmw_cyclonedds_cpp:/home/ros_ws/ros_ws/unitree_ros2/cyclonedds_ws/install/cyclonedds:/unitree_sdk2:/home/ros_ws/ros_ws/b2_ws/install/b2_nodes:/opt/ros/humble: LD_LIBRARY_PATH=/home/ros_ws/ros_ws/b2_ws/install/z1_interfaces/lib:/home/ros_ws/ros_ws/unitree_ros2/cyclonedds_ws/install/unitree_hg/lib:/home/ros_ws/ros_ws/unitree_ros2/cyclonedds_ws/install/unitree_go/lib:/home/ros_ws/ros_ws/unitree_ros2/cyclonedds_ws/install/unitree_api/lib:/home/ros_ws/ros_ws/unitree_ros2/cyclonedds_ws/install/rmw_cyclonedds_cpp/lib:/home/ros_ws/ros_ws/unitree_ros2/cyclonedds_ws/install/cyclonedds/lib:/usr/lib/x86_64-linux-gnu/gazebo-11/plugins:/opt/ros/humble/opt/rviz_ogre_vendor/lib:/opt/ros/humble/lib/x86_64-linux-gnu:/opt/ros/humble/lib:/z1_controller/lib:/z1_sdk/lib:/z1_controller/lib:/z1_sdk/lib /usr/bin/cmake --build /home/ros_ws/ros_ws/b2_ws/build/z1_nodes -- -j16 -l16
[1.872s] DEBUG:colcon.colcon_core.event_handler.log_command:Invoking command in '/home/ros_ws/ros_ws/b2_ws/build/z1_nodes': CMAKE_PREFIX_PATH=/home/ros_ws/ros_ws/b2_ws/install/z1_interfaces:/home/ros_ws/ros_ws/b2_ws/install/z1_urdf:/home/ros_ws/ros_ws/b2_ws/install/z1_nodes:/home/ros_ws/ros_ws/b2_ws/install/py_cpp:/home/ros_ws/ros_ws/b2_ws/install/b2_urdf:/home/ros_ws/ros_ws/b2_ws/install/b2_ctrl:/home/ros_ws/ros_ws/unitree_ros2/cyclonedds_ws/install/unitree_hg:/home/ros_ws/ros_ws/unitree_ros2/cyclonedds_ws/install/unitree_go:/home/ros_ws/ros_ws/unitree_ros2/cyclonedds_ws/install/unitree_api:/home/ros_ws/ros_ws/unitree_ros2/cyclonedds_ws/install/rmw_cyclonedds_cpp:/home/ros_ws/ros_ws/unitree_ros2/cyclonedds_ws/install/cyclonedds:/unitree_sdk2:/home/ros_ws/ros_ws/b2_ws/install/b2_nodes:/opt/ros/humble: LD_LIBRARY_PATH=/home/ros_ws/ros_ws/b2_ws/install/z1_interfaces/lib:/home/ros_ws/ros_ws/unitree_ros2/cyclonedds_ws/install/unitree_hg/lib:/home/ros_ws/ros_ws/unitree_ros2/cyclonedds_ws/install/unitree_go/lib:/home/ros_ws/ros_ws/unitree_ros2/cyclonedds_ws/install/unitree_api/lib:/home/ros_ws/ros_ws/unitree_ros2/cyclonedds_ws/install/rmw_cyclonedds_cpp/lib:/home/ros_ws/ros_ws/unitree_ros2/cyclonedds_ws/install/cyclonedds/lib:/usr/lib/x86_64-linux-gnu/gazebo-11/plugins:/opt/ros/humble/opt/rviz_ogre_vendor/lib:/opt/ros/humble/lib/x86_64-linux-gnu:/opt/ros/humble/lib:/z1_controller/lib:/z1_sdk/lib:/z1_controller/lib:/z1_sdk/lib /usr/bin/cmake --install /home/ros_ws/ros_ws/b2_ws/build/z1_nodes
[1.914s] Level 1:colcon.colcon_core.environment:create_environment_scripts_only(z1_nodes)
[1.914s] Level 1:colcon.colcon_core.environment:checking '/home/ros_ws/ros_ws/b2_ws/install/z1_nodes' for CMake module files
[1.915s] DEBUG:colcon.colcon_core.event_handler.log_command:Invoked command in '/home/ros_ws/ros_ws/b2_ws/build/z1_nodes' returned '0': CMAKE_PREFIX_PATH=/home/ros_ws/ros_ws/b2_ws/install/z1_interfaces:/home/ros_ws/ros_ws/b2_ws/install/z1_urdf:/home/ros_ws/ros_ws/b2_ws/install/z1_nodes:/home/ros_ws/ros_ws/b2_ws/install/py_cpp:/home/ros_ws/ros_ws/b2_ws/install/b2_urdf:/home/ros_ws/ros_ws/b2_ws/install/b2_ctrl:/home/ros_ws/ros_ws/unitree_ros2/cyclonedds_ws/install/unitree_hg:/home/ros_ws/ros_ws/unitree_ros2/cyclonedds_ws/install/unitree_go:/home/ros_ws/ros_ws/unitree_ros2/cyclonedds_ws/install/unitree_api:/home/ros_ws/ros_ws/unitree_ros2/cyclonedds_ws/install/rmw_cyclonedds_cpp:/home/ros_ws/ros_ws/unitree_ros2/cyclonedds_ws/install/cyclonedds:/unitree_sdk2:/home/ros_ws/ros_ws/b2_ws/install/b2_nodes:/opt/ros/humble: LD_LIBRARY_PATH=/home/ros_ws/ros_ws/b2_ws/install/z1_interfaces/lib:/home/ros_ws/ros_ws/unitree_ros2/cyclonedds_ws/install/unitree_hg/lib:/home/ros_ws/ros_ws/unitree_ros2/cyclonedds_ws/install/unitree_go/lib:/home/ros_ws/ros_ws/unitree_ros2/cyclonedds_ws/install/unitree_api/lib:/home/ros_ws/ros_ws/unitree_ros2/cyclonedds_ws/install/rmw_cyclonedds_cpp/lib:/home/ros_ws/ros_ws/unitree_ros2/cyclonedds_ws/install/cyclonedds/lib:/usr/lib/x86_64-linux-gnu/gazebo-11/plugins:/opt/ros/humble/opt/rviz_ogre_vendor/lib:/opt/ros/humble/lib/x86_64-linux-gnu:/opt/ros/humble/lib:/z1_controller/lib:/z1_sdk/lib:/z1_controller/lib:/z1_sdk/lib /usr/bin/cmake --install /home/ros_ws/ros_ws/b2_ws/build/z1_nodes
[1.916s] Level 1:colcon.colcon_core.environment:checking '/home/ros_ws/ros_ws/b2_ws/install/z1_nodes' for CMake config files
[1.916s] Level 1:colcon.colcon_core.shell:create_environment_hook('z1_nodes', 'cmake_prefix_path')
[1.917s] INFO:colcon.colcon_core.shell:Creating environment hook '/home/ros_ws/ros_ws/b2_ws/install/z1_nodes/share/z1_nodes/hook/cmake_prefix_path.ps1'
[1.917s] INFO:colcon.colcon_core.shell:Creating environment descriptor '/home/ros_ws/ros_ws/b2_ws/install/z1_nodes/share/z1_nodes/hook/cmake_prefix_path.dsv'
[1.918s] INFO:colcon.colcon_core.shell:Creating environment hook '/home/ros_ws/ros_ws/b2_ws/install/z1_nodes/share/z1_nodes/hook/cmake_prefix_path.sh'
[1.919s] Level 1:colcon.colcon_core.environment:checking '/home/ros_ws/ros_ws/b2_ws/install/z1_nodes/lib'
[1.919s] Level 1:colcon.colcon_core.environment:checking '/home/ros_ws/ros_ws/b2_ws/install/z1_nodes/bin'
[1.919s] Level 1:colcon.colcon_core.environment:checking '/home/ros_ws/ros_ws/b2_ws/install/z1_nodes/lib/pkgconfig/z1_nodes.pc'
[1.919s] Level 1:colcon.colcon_core.environment:checking '/home/ros_ws/ros_ws/b2_ws/install/z1_nodes/lib/python3.10/site-packages'
[1.920s] Level 1:colcon.colcon_core.environment:checking '/home/ros_ws/ros_ws/b2_ws/install/z1_nodes/bin'
[1.920s] INFO:colcon.colcon_core.shell:Creating package script '/home/ros_ws/ros_ws/b2_ws/install/z1_nodes/share/z1_nodes/package.ps1'
[1.921s] INFO:colcon.colcon_core.shell:Creating package descriptor '/home/ros_ws/ros_ws/b2_ws/install/z1_nodes/share/z1_nodes/package.dsv'
[1.921s] INFO:colcon.colcon_core.shell:Creating package script '/home/ros_ws/ros_ws/b2_ws/install/z1_nodes/share/z1_nodes/package.sh'
[1.922s] INFO:colcon.colcon_core.shell:Creating package script '/home/ros_ws/ros_ws/b2_ws/install/z1_nodes/share/z1_nodes/package.bash'
[1.923s] INFO:colcon.colcon_core.shell:Creating package script '/home/ros_ws/ros_ws/b2_ws/install/z1_nodes/share/z1_nodes/package.zsh'
[1.923s] Level 1:colcon.colcon_core.environment:create_file_with_runtime_dependencies(/home/ros_ws/ros_ws/b2_ws/install/z1_nodes/share/colcon-core/packages/z1_nodes)
[1.991s] Level 1:colcon.colcon_core.environment:create_environment_scripts_only(z1_nodes)
[1.992s] Level 1:colcon.colcon_core.environment:checking '/home/ros_ws/ros_ws/b2_ws/install/z1_nodes' for CMake module files
[1.993s] Level 1:colcon.colcon_core.environment:checking '/home/ros_ws/ros_ws/b2_ws/install/z1_nodes' for CMake config files
[1.993s] Level 1:colcon.colcon_core.shell:create_environment_hook('z1_nodes', 'cmake_prefix_path')
[1.994s] INFO:colcon.colcon_core.shell:Creating environment hook '/home/ros_ws/ros_ws/b2_ws/install/z1_nodes/share/z1_nodes/hook/cmake_prefix_path.ps1'
[1.994s] INFO:colcon.colcon_core.shell:Creating environment descriptor '/home/ros_ws/ros_ws/b2_ws/install/z1_nodes/share/z1_nodes/hook/cmake_prefix_path.dsv'
[1.995s] INFO:colcon.colcon_core.shell:Creating environment hook '/home/ros_ws/ros_ws/b2_ws/install/z1_nodes/share/z1_nodes/hook/cmake_prefix_path.sh'
[1.996s] Level 1:colcon.colcon_core.environment:checking '/home/ros_ws/ros_ws/b2_ws/install/z1_nodes/lib'
[1.996s] Level 1:colcon.colcon_core.environment:checking '/home/ros_ws/ros_ws/b2_ws/install/z1_nodes/bin'
[1.996s] Level 1:colcon.colcon_core.environment:checking '/home/ros_ws/ros_ws/b2_ws/install/z1_nodes/lib/pkgconfig/z1_nodes.pc'
[1.996s] Level 1:colcon.colcon_core.environment:checking '/home/ros_ws/ros_ws/b2_ws/install/z1_nodes/lib/python3.10/site-packages'
[1.997s] Level 1:colcon.colcon_core.environment:checking '/home/ros_ws/ros_ws/b2_ws/install/z1_nodes/bin'
[1.997s] INFO:colcon.colcon_core.shell:Creating package script '/home/ros_ws/ros_ws/b2_ws/install/z1_nodes/share/z1_nodes/package.ps1'
[1.998s] INFO:colcon.colcon_core.shell:Creating package descriptor '/home/ros_ws/ros_ws/b2_ws/install/z1_nodes/share/z1_nodes/package.dsv'
[1.998s] INFO:colcon.colcon_core.shell:Creating package script '/home/ros_ws/ros_ws/b2_ws/install/z1_nodes/share/z1_nodes/package.sh'
[1.999s] INFO:colcon.colcon_core.shell:Creating package script '/home/ros_ws/ros_ws/b2_ws/install/z1_nodes/share/z1_nodes/package.bash'
[1.999s] INFO:colcon.colcon_core.shell:Creating package script '/home/ros_ws/ros_ws/b2_ws/install/z1_nodes/share/z1_nodes/package.zsh'
[2.000s] Level 1:colcon.colcon_core.environment:create_file_with_runtime_dependencies(/home/ros_ws/ros_ws/b2_ws/install/z1_nodes/share/colcon-core/packages/z1_nodes)
[2.106s] Level 1:colcon.colcon_core.environment:checking '/home/ros_ws/ros_ws/b2_ws/install/b2_nodes' for CMake module files
[2.107s] DEBUG:colcon.colcon_core.event_handler.log_command:Invoked command in '/home/ros_ws/ros_ws/b2_ws/src/b2_nodes' returned '0': PYTHONPATH=/home/ros_ws/ros_ws/b2_ws/build/b2_nodes/prefix_override:/usr/lib/python3/dist-packages/colcon_core/task/python/colcon_distutils_commands:/home/ros_ws/ros_ws/b2_ws/install/b2_nodes/lib/python3.10/site-packages:${PYTHONPATH} /usr/bin/python3 -W ignore:setup.py install is deprecated setup.py egg_info --egg-base ../../build/b2_nodes build --build-base /home/ros_ws/ros_ws/b2_ws/build/b2_nodes/build install --record /home/ros_ws/ros_ws/b2_ws/build/b2_nodes/install.log --single-version-externally-managed install_data
[2.107s] Level 1:colcon.colcon_core.environment:checking '/home/ros_ws/ros_ws/b2_ws/install/b2_nodes' for CMake config files
[2.108s] Level 1:colcon.colcon_core.environment:checking '/home/ros_ws/ros_ws/b2_ws/install/b2_nodes/lib'
[2.108s] Level 1:colcon.colcon_core.environment:checking '/home/ros_ws/ros_ws/b2_ws/install/b2_nodes/bin'
[2.108s] Level 1:colcon.colcon_core.environment:checking '/home/ros_ws/ros_ws/b2_ws/install/b2_nodes/lib/pkgconfig/b2_nodes.pc'
[2.108s] Level 1:colcon.colcon_core.environment:checking '/home/ros_ws/ros_ws/b2_ws/install/b2_nodes/lib/python3.10/site-packages'
[2.109s] Level 1:colcon.colcon_core.shell:create_environment_hook('b2_nodes', 'pythonpath')
[2.109s] INFO:colcon.colcon_core.shell:Creating environment hook '/home/ros_ws/ros_ws/b2_ws/install/b2_nodes/share/b2_nodes/hook/pythonpath.ps1'
[2.109s] INFO:colcon.colcon_core.shell:Creating environment descriptor '/home/ros_ws/ros_ws/b2_ws/install/b2_nodes/share/b2_nodes/hook/pythonpath.dsv'
[2.110s] INFO:colcon.colcon_core.shell:Creating environment hook '/home/ros_ws/ros_ws/b2_ws/install/b2_nodes/share/b2_nodes/hook/pythonpath.sh'
[2.111s] Level 1:colcon.colcon_core.environment:checking '/home/ros_ws/ros_ws/b2_ws/install/b2_nodes/bin'
[2.111s] Level 1:colcon.colcon_core.environment:create_environment_scripts_only(b2_nodes)
[2.111s] INFO:colcon.colcon_core.shell:Creating package script '/home/ros_ws/ros_ws/b2_ws/install/b2_nodes/share/b2_nodes/package.ps1'
[2.112s] INFO:colcon.colcon_core.shell:Creating package descriptor '/home/ros_ws/ros_ws/b2_ws/install/b2_nodes/share/b2_nodes/package.dsv'
[2.113s] INFO:colcon.colcon_core.shell:Creating package script '/home/ros_ws/ros_ws/b2_ws/install/b2_nodes/share/b2_nodes/package.sh'
[2.113s] INFO:colcon.colcon_core.shell:Creating package script '/home/ros_ws/ros_ws/b2_ws/install/b2_nodes/share/b2_nodes/package.bash'
[2.114s] INFO:colcon.colcon_core.shell:Creating package script '/home/ros_ws/ros_ws/b2_ws/install/b2_nodes/share/b2_nodes/package.zsh'
[2.114s] Level 1:colcon.colcon_core.environment:create_file_with_runtime_dependencies(/home/ros_ws/ros_ws/b2_ws/install/b2_nodes/share/colcon-core/packages/b2_nodes)
[13.907s] DEBUG:colcon.colcon_core.event_handler.log_command:Invoked command in '/home/ros_ws/ros_ws/b2_ws/build/b2_ctrl' returned '0': CMAKE_PREFIX_PATH=/home/ros_ws/ros_ws/b2_ws/install/z1_interfaces:/home/ros_ws/ros_ws/b2_ws/install/z1_urdf:/home/ros_ws/ros_ws/b2_ws/install/z1_nodes:/home/ros_ws/ros_ws/b2_ws/install/py_cpp:/home/ros_ws/ros_ws/b2_ws/install/b2_urdf:/home/ros_ws/ros_ws/b2_ws/install/b2_ctrl:/home/ros_ws/ros_ws/unitree_ros2/cyclonedds_ws/install/unitree_hg:/home/ros_ws/ros_ws/unitree_ros2/cyclonedds_ws/install/unitree_go:/home/ros_ws/ros_ws/unitree_ros2/cyclonedds_ws/install/unitree_api:/home/ros_ws/ros_ws/unitree_ros2/cyclonedds_ws/install/rmw_cyclonedds_cpp:/home/ros_ws/ros_ws/unitree_ros2/cyclonedds_ws/install/cyclonedds:/unitree_sdk2:/home/ros_ws/ros_ws/b2_ws/install/b2_nodes:/opt/ros/humble: LD_LIBRARY_PATH=/home/ros_ws/ros_ws/b2_ws/install/z1_interfaces/lib:/home/ros_ws/ros_ws/unitree_ros2/cyclonedds_ws/install/unitree_hg/lib:/home/ros_ws/ros_ws/unitree_ros2/cyclonedds_ws/install/unitree_go/lib:/home/ros_ws/ros_ws/unitree_ros2/cyclonedds_ws/install/unitree_api/lib:/home/ros_ws/ros_ws/unitree_ros2/cyclonedds_ws/install/rmw_cyclonedds_cpp/lib:/home/ros_ws/ros_ws/unitree_ros2/cyclonedds_ws/install/cyclonedds/lib:/usr/lib/x86_64-linux-gnu/gazebo-11/plugins:/opt/ros/humble/opt/rviz_ogre_vendor/lib:/opt/ros/humble/lib/x86_64-linux-gnu:/opt/ros/humble/lib:/z1_controller/lib:/z1_sdk/lib:/z1_controller/lib:/z1_sdk/lib /usr/bin/cmake --build /home/ros_ws/ros_ws/b2_ws/build/b2_ctrl -- -j16 -l16
[14.030s] DEBUG:colcon.colcon_core.event_handler.log_command:Invoking command in '/home/ros_ws/ros_ws/b2_ws/build/b2_ctrl': CMAKE_PREFIX_PATH=/home/ros_ws/ros_ws/b2_ws/install/z1_interfaces:/home/ros_ws/ros_ws/b2_ws/install/z1_urdf:/home/ros_ws/ros_ws/b2_ws/install/z1_nodes:/home/ros_ws/ros_ws/b2_ws/install/py_cpp:/home/ros_ws/ros_ws/b2_ws/install/b2_urdf:/home/ros_ws/ros_ws/b2_ws/install/b2_ctrl:/home/ros_ws/ros_ws/unitree_ros2/cyclonedds_ws/install/unitree_hg:/home/ros_ws/ros_ws/unitree_ros2/cyclonedds_ws/install/unitree_go:/home/ros_ws/ros_ws/unitree_ros2/cyclonedds_ws/install/unitree_api:/home/ros_ws/ros_ws/unitree_ros2/cyclonedds_ws/install/rmw_cyclonedds_cpp:/home/ros_ws/ros_ws/unitree_ros2/cyclonedds_ws/install/cyclonedds:/unitree_sdk2:/home/ros_ws/ros_ws/b2_ws/install/b2_nodes:/opt/ros/humble: LD_LIBRARY_PATH=/home/ros_ws/ros_ws/b2_ws/install/z1_interfaces/lib:/home/ros_ws/ros_ws/unitree_ros2/cyclonedds_ws/install/unitree_hg/lib:/home/ros_ws/ros_ws/unitree_ros2/cyclonedds_ws/install/unitree_go/lib:/home/ros_ws/ros_ws/unitree_ros2/cyclonedds_ws/install/unitree_api/lib:/home/ros_ws/ros_ws/unitree_ros2/cyclonedds_ws/install/rmw_cyclonedds_cpp/lib:/home/ros_ws/ros_ws/unitree_ros2/cyclonedds_ws/install/cyclonedds/lib:/usr/lib/x86_64-linux-gnu/gazebo-11/plugins:/opt/ros/humble/opt/rviz_ogre_vendor/lib:/opt/ros/humble/lib/x86_64-linux-gnu:/opt/ros/humble/lib:/z1_controller/lib:/z1_sdk/lib:/z1_controller/lib:/z1_sdk/lib /usr/bin/cmake --install /home/ros_ws/ros_ws/b2_ws/build/b2_ctrl
[14.061s] Level 1:colcon.colcon_core.environment:create_environment_scripts_only(b2_ctrl)
[14.062s] Level 1:colcon.colcon_core.environment:checking '/home/ros_ws/ros_ws/b2_ws/install/b2_ctrl' for CMake module files
[14.063s] Level 1:colcon.colcon_core.environment:checking '/home/ros_ws/ros_ws/b2_ws/install/b2_ctrl' for CMake config files
[14.064s] DEBUG:colcon.colcon_core.event_handler.log_command:Invoked command in '/home/ros_ws/ros_ws/b2_ws/build/b2_ctrl' returned '0': CMAKE_PREFIX_PATH=/home/ros_ws/ros_ws/b2_ws/install/z1_interfaces:/home/ros_ws/ros_ws/b2_ws/install/z1_urdf:/home/ros_ws/ros_ws/b2_ws/install/z1_nodes:/home/ros_ws/ros_ws/b2_ws/install/py_cpp:/home/ros_ws/ros_ws/b2_ws/install/b2_urdf:/home/ros_ws/ros_ws/b2_ws/install/b2_ctrl:/home/ros_ws/ros_ws/unitree_ros2/cyclonedds_ws/install/unitree_hg:/home/ros_ws/ros_ws/unitree_ros2/cyclonedds_ws/install/unitree_go:/home/ros_ws/ros_ws/unitree_ros2/cyclonedds_ws/install/unitree_api:/home/ros_ws/ros_ws/unitree_ros2/cyclonedds_ws/install/rmw_cyclonedds_cpp:/home/ros_ws/ros_ws/unitree_ros2/cyclonedds_ws/install/cyclonedds:/unitree_sdk2:/home/ros_ws/ros_ws/b2_ws/install/b2_nodes:/opt/ros/humble: LD_LIBRARY_PATH=/home/ros_ws/ros_ws/b2_ws/install/z1_interfaces/lib:/home/ros_ws/ros_ws/unitree_ros2/cyclonedds_ws/install/unitree_hg/lib:/home/ros_ws/ros_ws/unitree_ros2/cyclonedds_ws/install/unitree_go/lib:/home/ros_ws/ros_ws/unitree_ros2/cyclonedds_ws/install/unitree_api/lib:/home/ros_ws/ros_ws/unitree_ros2/cyclonedds_ws/install/rmw_cyclonedds_cpp/lib:/home/ros_ws/ros_ws/unitree_ros2/cyclonedds_ws/install/cyclonedds/lib:/usr/lib/x86_64-linux-gnu/gazebo-11/plugins:/opt/ros/humble/opt/rviz_ogre_vendor/lib:/opt/ros/humble/lib/x86_64-linux-gnu:/opt/ros/humble/lib:/z1_controller/lib:/z1_sdk/lib:/z1_controller/lib:/z1_sdk/lib /usr/bin/cmake --install /home/ros_ws/ros_ws/b2_ws/build/b2_ctrl
[14.064s] Level 1:colcon.colcon_core.shell:create_environment_hook('b2_ctrl', 'cmake_prefix_path')
[14.065s] INFO:colcon.colcon_core.shell:Creating environment hook '/home/ros_ws/ros_ws/b2_ws/install/b2_ctrl/share/b2_ctrl/hook/cmake_prefix_path.ps1'
[14.065s] INFO:colcon.colcon_core.shell:Creating environment descriptor '/home/ros_ws/ros_ws/b2_ws/install/b2_ctrl/share/b2_ctrl/hook/cmake_prefix_path.dsv'
[14.066s] INFO:colcon.colcon_core.shell:Creating environment hook '/home/ros_ws/ros_ws/b2_ws/install/b2_ctrl/share/b2_ctrl/hook/cmake_prefix_path.sh'
[14.067s] Level 1:colcon.colcon_core.environment:checking '/home/ros_ws/ros_ws/b2_ws/install/b2_ctrl/bin'
[14.067s] Level 1:colcon.colcon_core.shell:create_environment_hook('b2_ctrl', 'path')
[14.067s] INFO:colcon.colcon_core.shell:Creating environment hook '/home/ros_ws/ros_ws/b2_ws/install/b2_ctrl/share/b2_ctrl/hook/path.ps1'
[14.068s] INFO:colcon.colcon_core.shell:Creating environment descriptor '/home/ros_ws/ros_ws/b2_ws/install/b2_ctrl/share/b2_ctrl/hook/path.dsv'
[14.068s] INFO:colcon.colcon_core.shell:Creating environment hook '/home/ros_ws/ros_ws/b2_ws/install/b2_ctrl/share/b2_ctrl/hook/path.sh'
[14.069s] Level 1:colcon.colcon_core.environment:checking '/home/ros_ws/ros_ws/b2_ws/install/b2_ctrl/lib/pkgconfig/b2_ctrl.pc'
[14.069s] Level 1:colcon.colcon_core.environment:checking '/home/ros_ws/ros_ws/b2_ws/install/b2_ctrl/lib/python3.10/site-packages'
[14.069s] Level 1:colcon.colcon_core.environment:checking '/home/ros_ws/ros_ws/b2_ws/install/b2_ctrl/bin'
[14.069s] Level 1:colcon.colcon_core.shell:create_environment_hook('b2_ctrl', 'pythonscriptspath')
[14.070s] INFO:colcon.colcon_core.shell:Creating environment hook '/home/ros_ws/ros_ws/b2_ws/install/b2_ctrl/share/b2_ctrl/hook/pythonscriptspath.ps1'
[14.070s] INFO:colcon.colcon_core.shell:Creating environment descriptor '/home/ros_ws/ros_ws/b2_ws/install/b2_ctrl/share/b2_ctrl/hook/pythonscriptspath.dsv'
[14.071s] INFO:colcon.colcon_core.shell:Creating environment hook '/home/ros_ws/ros_ws/b2_ws/install/b2_ctrl/share/b2_ctrl/hook/pythonscriptspath.sh'
[14.072s] INFO:colcon.colcon_core.shell:Creating package script '/home/ros_ws/ros_ws/b2_ws/install/b2_ctrl/share/b2_ctrl/package.ps1'
[14.072s] INFO:colcon.colcon_core.shell:Creating package descriptor '/home/ros_ws/ros_ws/b2_ws/install/b2_ctrl/share/b2_ctrl/package.dsv'
[14.073s] INFO:colcon.colcon_core.shell:Creating package script '/home/ros_ws/ros_ws/b2_ws/install/b2_ctrl/share/b2_ctrl/package.sh'
[14.073s] INFO:colcon.colcon_core.shell:Creating package script '/home/ros_ws/ros_ws/b2_ws/install/b2_ctrl/share/b2_ctrl/package.bash'
[14.074s] INFO:colcon.colcon_core.shell:Creating package script '/home/ros_ws/ros_ws/b2_ws/install/b2_ctrl/share/b2_ctrl/package.zsh'
[14.074s] Level 1:colcon.colcon_core.environment:create_file_with_runtime_dependencies(/home/ros_ws/ros_ws/b2_ws/install/b2_ctrl/share/colcon-core/packages/b2_ctrl)
[14.194s] Level 1:colcon.colcon_core.environment:create_environment_scripts_only(b2_ctrl)
[14.195s] Level 1:colcon.colcon_core.environment:checking '/home/ros_ws/ros_ws/b2_ws/install/b2_ctrl' for CMake module files
[14.195s] Level 1:colcon.colcon_core.environment:checking '/home/ros_ws/ros_ws/b2_ws/install/b2_ctrl' for CMake config files
[14.196s] Level 1:colcon.colcon_core.shell:create_environment_hook('b2_ctrl', 'cmake_prefix_path')
[14.196s] INFO:colcon.colcon_core.shell:Creating environment hook '/home/ros_ws/ros_ws/b2_ws/install/b2_ctrl/share/b2_ctrl/hook/cmake_prefix_path.ps1'
[14.197s] INFO:colcon.colcon_core.shell:Creating environment descriptor '/home/ros_ws/ros_ws/b2_ws/install/b2_ctrl/share/b2_ctrl/hook/cmake_prefix_path.dsv'
[14.198s] INFO:colcon.colcon_core.shell:Creating environment hook '/home/ros_ws/ros_ws/b2_ws/install/b2_ctrl/share/b2_ctrl/hook/cmake_prefix_path.sh'
[14.198s] Level 1:colcon.colcon_core.environment:checking '/home/ros_ws/ros_ws/b2_ws/install/b2_ctrl/bin'
[14.198s] Level 1:colcon.colcon_core.shell:create_environment_hook('b2_ctrl', 'path')
[14.199s] INFO:colcon.colcon_core.shell:Creating environment hook '/home/ros_ws/ros_ws/b2_ws/install/b2_ctrl/share/b2_ctrl/hook/path.ps1'
[14.199s] INFO:colcon.colcon_core.shell:Creating environment descriptor '/home/ros_ws/ros_ws/b2_ws/install/b2_ctrl/share/b2_ctrl/hook/path.dsv'
[14.200s] INFO:colcon.colcon_core.shell:Creating environment hook '/home/ros_ws/ros_ws/b2_ws/install/b2_ctrl/share/b2_ctrl/hook/path.sh'
[14.200s] Level 1:colcon.colcon_core.environment:checking '/home/ros_ws/ros_ws/b2_ws/install/b2_ctrl/lib/pkgconfig/b2_ctrl.pc'
[14.201s] Level 1:colcon.colcon_core.environment:checking '/home/ros_ws/ros_ws/b2_ws/install/b2_ctrl/lib/python3.10/site-packages'
[14.201s] Level 1:colcon.colcon_core.environment:checking '/home/ros_ws/ros_ws/b2_ws/install/b2_ctrl/bin'
[14.201s] Level 1:colcon.colcon_core.shell:create_environment_hook('b2_ctrl', 'pythonscriptspath')
[14.202s] INFO:colcon.colcon_core.shell:Creating environment hook '/home/ros_ws/ros_ws/b2_ws/install/b2_ctrl/share/b2_ctrl/hook/pythonscriptspath.ps1'
[14.203s] INFO:colcon.colcon_core.shell:Creating environment descriptor '/home/ros_ws/ros_ws/b2_ws/install/b2_ctrl/share/b2_ctrl/hook/pythonscriptspath.dsv'
[14.204s] INFO:colcon.colcon_core.shell:Creating environment hook '/home/ros_ws/ros_ws/b2_ws/install/b2_ctrl/share/b2_ctrl/hook/pythonscriptspath.sh'
[14.205s] INFO:colcon.colcon_core.shell:Creating package script '/home/ros_ws/ros_ws/b2_ws/install/b2_ctrl/share/b2_ctrl/package.ps1'
[14.206s] INFO:colcon.colcon_core.shell:Creating package descriptor '/home/ros_ws/ros_ws/b2_ws/install/b2_ctrl/share/b2_ctrl/package.dsv'
[14.207s] INFO:colcon.colcon_core.shell:Creating package script '/home/ros_ws/ros_ws/b2_ws/install/b2_ctrl/share/b2_ctrl/package.sh'
[14.208s] INFO:colcon.colcon_core.shell:Creating package script '/home/ros_ws/ros_ws/b2_ws/install/b2_ctrl/share/b2_ctrl/package.bash'
[14.208s] INFO:colcon.colcon_core.shell:Creating package script '/home/ros_ws/ros_ws/b2_ws/install/b2_ctrl/share/b2_ctrl/package.zsh'
[14.209s] Level 1:colcon.colcon_core.environment:create_file_with_runtime_dependencies(/home/ros_ws/ros_ws/b2_ws/install/b2_ctrl/share/colcon-core/packages/b2_ctrl)
[14.210s] DEBUG:colcon.colcon_parallel_executor.executor.parallel:closing loop
[14.210s] DEBUG:colcon.colcon_parallel_executor.executor.parallel:loop closed
[14.210s] DEBUG:colcon.colcon_parallel_executor.executor.parallel:run_until_complete finished with '0'
[14.210s] DEBUG:colcon.colcon_core.event_reactor:joining thread
[14.221s] INFO:colcon.colcon_core.plugin_system:Skipping extension 'colcon_notification.desktop_notification.notify_send': Could not find 'notify-send'
[14.221s] INFO:colcon.colcon_core.plugin_system:Skipping extension 'colcon_notification.desktop_notification.terminal_notifier': Not used on non-Darwin systems
[14.221s] INFO:colcon.colcon_core.plugin_system:Skipping extension 'colcon_notification.desktop_notification.win32': Not used on non-Windows systems
[14.221s] INFO:colcon.colcon_notification.desktop_notification:Sending desktop notification using 'notify2'
[14.225s] DEBUG:colcon.colcon_notification.desktop_notification.notify2:Failed to initialize notify2: org.freedesktop.DBus.Error.Spawn.ExecFailed: /usr/bin/dbus-launch terminated abnormally without any error message
[14.226s] DEBUG:colcon.colcon_core.event_reactor:joined thread
[14.226s] INFO:colcon.colcon_core.shell:Creating prefix script '/home/ros_ws/ros_ws/b2_ws/install/local_setup.ps1'
[14.228s] INFO:colcon.colcon_core.shell:Creating prefix util module '/home/ros_ws/ros_ws/b2_ws/install/_local_setup_util_ps1.py'
[14.230s] INFO:colcon.colcon_core.shell:Creating prefix chain script '/home/ros_ws/ros_ws/b2_ws/install/setup.ps1'
[14.232s] INFO:colcon.colcon_core.shell:Creating prefix script '/home/ros_ws/ros_ws/b2_ws/install/local_setup.sh'
[14.233s] INFO:colcon.colcon_core.shell:Creating prefix util module '/home/ros_ws/ros_ws/b2_ws/install/_local_setup_util_sh.py'
[14.234s] INFO:colcon.colcon_core.shell:Creating prefix chain script '/home/ros_ws/ros_ws/b2_ws/install/setup.sh'
[14.236s] INFO:colcon.colcon_core.shell:Creating prefix script '/home/ros_ws/ros_ws/b2_ws/install/local_setup.bash'
[14.237s] INFO:colcon.colcon_core.shell:Creating prefix chain script '/home/ros_ws/ros_ws/b2_ws/install/setup.bash'
[14.239s] INFO:colcon.colcon_core.shell:Creating prefix script '/home/ros_ws/ros_ws/b2_ws/install/local_setup.zsh'
[14.240s] INFO:colcon.colcon_core.shell:Creating prefix chain script '/home/ros_ws/ros_ws/b2_ws/install/setup.zsh'
