[0.632s] Invoking command in '/home/ros_ws/ros_ws/b2_ws/src/b2_nodes': PYTHONPATH=/home/ros_ws/ros_ws/b2_ws/build/b2_nodes/prefix_override:/usr/lib/python3/dist-packages/colcon_core/task/python/colcon_distutils_commands:/home/ros_ws/ros_ws/b2_ws/install/b2_nodes/lib/python3.10/site-packages:${PYTHONPATH} /usr/bin/python3 -W ignore:setup.py install is deprecated setup.py egg_info --egg-base ../../build/b2_nodes build --build-base /home/ros_ws/ros_ws/b2_ws/build/b2_nodes/build install --record /home/ros_ws/ros_ws/b2_ws/build/b2_nodes/install.log --single-version-externally-managed install_data
[0.848s] running egg_info
[0.849s] writing ../../build/b2_nodes/b2_nodes.egg-info/PKG-INFO
[0.849s] writing dependency_links to ../../build/b2_nodes/b2_nodes.egg-info/dependency_links.txt
[0.849s] writing entry points to ../../build/b2_nodes/b2_nodes.egg-info/entry_points.txt
[0.850s] writing requirements to ../../build/b2_nodes/b2_nodes.egg-info/requires.txt
[0.850s] writing top-level names to ../../build/b2_nodes/b2_nodes.egg-info/top_level.txt
[0.851s] reading manifest file '../../build/b2_nodes/b2_nodes.egg-info/SOURCES.txt'
[0.852s] adding license file 'LICENSE'
[0.852s] writing manifest file '../../build/b2_nodes/b2_nodes.egg-info/SOURCES.txt'
[0.853s] running build
[0.853s] running build_py
[0.853s] copying b2_nodes/keyboard_control.py -> /home/ros_ws/ros_ws/b2_ws/build/b2_nodes/build/lib/b2_nodes
[0.853s] running install
[0.854s] running install_lib
[0.854s] copying /home/ros_ws/ros_ws/b2_ws/build/b2_nodes/build/lib/b2_nodes/keyboard_control.py -> /home/ros_ws/ros_ws/b2_ws/install/b2_nodes/lib/python3.10/site-packages/b2_nodes
[0.856s] byte-compiling /home/ros_ws/ros_ws/b2_ws/install/b2_nodes/lib/python3.10/site-packages/b2_nodes/keyboard_control.py to keyboard_control.cpython-310.pyc
[0.856s] running install_data
[0.856s] running install_egg_info
[0.858s] removing '/home/ros_ws/ros_ws/b2_ws/install/b2_nodes/lib/python3.10/site-packages/b2_nodes-0.0.0-py3.10.egg-info' (and everything under it)
[0.858s] Copying ../../build/b2_nodes/b2_nodes.egg-info to /home/ros_ws/ros_ws/b2_ws/install/b2_nodes/lib/python3.10/site-packages/b2_nodes-0.0.0-py3.10.egg-info
[0.859s] running install_scripts
[0.878s] Installing keyboard_control script to /home/ros_ws/ros_ws/b2_ws/install/b2_nodes/lib/b2_nodes
[0.878s] Installing parse_joint_state script to /home/ros_ws/ros_ws/b2_ws/install/b2_nodes/lib/b2_nodes
[0.878s] Installing parse_joint_state_z1_b2 script to /home/ros_ws/ros_ws/b2_ws/install/b2_nodes/lib/b2_nodes
[0.878s] Installing parse_odometry script to /home/ros_ws/ros_ws/b2_ws/install/b2_nodes/lib/b2_nodes
[0.878s] Installing print_joint_state script to /home/ros_ws/ros_ws/b2_ws/install/b2_nodes/lib/b2_nodes
[0.878s] writing list of installed files to '/home/ros_ws/ros_ws/b2_ws/build/b2_nodes/install.log'
[0.899s] Invoked command in '/home/ros_ws/ros_ws/b2_ws/src/b2_nodes' returned '0': PYTHONPATH=/home/ros_ws/ros_ws/b2_ws/build/b2_nodes/prefix_override:/usr/lib/python3/dist-packages/colcon_core/task/python/colcon_distutils_commands:/home/ros_ws/ros_ws/b2_ws/install/b2_nodes/lib/python3.10/site-packages:${PYTHONPATH} /usr/bin/python3 -W ignore:setup.py install is deprecated setup.py egg_info --egg-base ../../build/b2_nodes build --build-base /home/ros_ws/ros_ws/b2_ws/build/b2_nodes/build install --record /home/ros_ws/ros_ws/b2_ws/build/b2_nodes/install.log --single-version-externally-managed install_data
