[0.039s] Invoking command in '/home/ros_ws/ros_ws/b2_ws/build/z1_interfaces': CMAKE_PREFIX_PATH=${CMAKE_PREFIX_PATH}:/unitree_sdk2:/home/ros_ws/ros_ws/b2_ws/install/b2_nodes:/opt/ros/humble: /usr/bin/cmake --build /home/ros_ws/ros_ws/b2_ws/build/z1_interfaces -- -j16 -l16
[0.315s] [  3%] Built target z1_interfaces__cpp
[0.315s] [ 12%] Built target z1_interfaces__rosidl_generator_c
[0.317s] [ 12%] Built target ament_cmake_python_symlink_z1_interfaces
[0.317s] [ 22%] Built target z1_interfaces__rosidl_typesupport_cpp
[0.317s] [ 32%] Built target z1_interfaces__rosidl_typesupport_fastrtps_cpp
[0.317s] [ 41%] Built target z1_interfaces__rosidl_typesupport_introspection_cpp
[0.317s] [ 70%] Built target z1_interfaces__rosidl_typesupport_introspection_c
[0.317s] [ 70%] Built target z1_interfaces__rosidl_typesupport_c
[0.317s] [ 70%] Built target z1_interfaces__rosidl_typesupport_fastrtps_c
[0.317s] [ 70%] Built target z1_interfaces
[0.318s] [ 74%] Built target z1_interfaces__py
[0.319s] [ 80%] Built target z1_interfaces__rosidl_generator_py
[0.319s] [100%] Built target z1_interfaces__rosidl_typesupport_introspection_c__pyext
[0.320s] [100%] Built target z1_interfaces__rosidl_typesupport_fastrtps_c__pyext
[0.321s] [100%] Built target z1_interfaces__rosidl_typesupport_c__pyext
[0.361s] running egg_info
[0.362s] writing z1_interfaces.egg-info/PKG-INFO
[0.363s] writing dependency_links to z1_interfaces.egg-info/dependency_links.txt
[0.363s] writing top-level names to z1_interfaces.egg-info/top_level.txt
[0.364s] reading manifest file 'z1_interfaces.egg-info/SOURCES.txt'
[0.365s] writing manifest file 'z1_interfaces.egg-info/SOURCES.txt'
[0.399s] [100%] Built target ament_cmake_python_build_z1_interfaces_egg
