[0.014s] Invoking command in '/home/ros_ws/ros_ws/b2_ws/build/z1_interfaces': CMAKE_PREFIX_PATH=${CMAKE_PREFIX_PATH}:/unitree_sdk2:/home/ros_ws/ros_ws/b2_ws/install/b2_nodes:/opt/ros/humble: /usr/bin/cmake --build /home/ros_ws/ros_ws/b2_ws/build/z1_interfaces -- -j16 -l16
[0.041s] -- Found ament_cmake: 1.3.11 (/opt/ros/humble/share/ament_cmake/cmake)
[0.153s] -- Override CMake install command with custom implementation using symlinks instead of copying resources
[0.160s] -- Found rosidl_default_generators: 1.2.0 (/opt/ros/humble/share/rosidl_default_generators/cmake)
[0.162s] -- Using all available rosidl_typesupport_c: rosidl_typesupport_fastrtps_c;rosidl_typesupport_introspection_c
[0.164s] -- Found rosidl_adapter: 3.1.5 (/opt/ros/humble/share/rosidl_adapter/cmake)
[0.191s] -- Using all available rosidl_typesupport_cpp: rosidl_typesupport_fastrtps_cpp;rosidl_typesupport_introspection_cpp
[0.211s] -- Found sensor_msgs: 4.2.4 (/opt/ros/humble/share/sensor_msgs/cmake)
[0.549s] -- Found ament_cmake_ros: 0.10.0 (/opt/ros/humble/share/ament_cmake_ros/cmake)
[0.756s] -- Using all available rosidl_typesupport_c: rosidl_typesupport_fastrtps_c;rosidl_typesupport_introspection_c
[1.047s] -- Using all available rosidl_typesupport_cpp: rosidl_typesupport_fastrtps_cpp;rosidl_typesupport_introspection_cpp
[1.070s] -- Found python_cmake_module: 0.10.0 (/opt/ros/humble/share/python_cmake_module/cmake)
[1.092s] -- Using PYTHON_EXECUTABLE: /usr/bin/python3
[1.092s] -- Using PYTHON_INCLUDE_DIRS: /usr/include/python3.10
[1.092s] -- Using PYTHON_LIBRARIES: /usr/lib/x86_64-linux-gnu/libpython3.10.so
[1.123s] -- Found ament_lint_auto: 0.12.11 (/opt/ros/humble/share/ament_lint_auto/cmake)
[1.152s] -- Added test 'lint_cmake' to check CMake code style
[1.154s] -- Added test 'xmllint' to check XML markup files
[1.157s] -- Configuring done
[1.203s] -- Generating done
[1.207s] -- Build files have been written to: /home/ros_ws/ros_ws/b2_ws/build/z1_interfaces
[1.238s] [  1%] [34m[1mGenerating C code for ROS interfaces[0m
[1.251s] [  2%] [34m[1mGenerating C++ code for ROS interfaces[0m
[1.262s] [  2%] Built target ament_cmake_python_symlink_z1_interfaces
[1.511s] running egg_info
[1.512s] writing z1_interfaces.egg-info/PKG-INFO
[1.512s] writing dependency_links to z1_interfaces.egg-info/dependency_links.txt
[1.513s] writing top-level names to z1_interfaces.egg-info/top_level.txt
[1.515s] reading manifest file 'z1_interfaces.egg-info/SOURCES.txt'
[1.516s] writing manifest file 'z1_interfaces.egg-info/SOURCES.txt'
[1.546s] [  2%] Built target ament_cmake_python_build_z1_interfaces_egg
[1.868s] [  2%] Built target z1_interfaces__cpp
[1.881s] [35m[1mConsolidate compiler generated dependencies of target z1_interfaces__rosidl_generator_c[0m
[1.882s] [  7%] [34m[1mGenerating C++ type support dispatch for ROS interfaces[0m
[1.882s] [  7%] [34m[1mGenerating C++ introspection for ROS interfaces[0m
[1.882s] [  7%] [34m[1mGenerating C++ type support for eProsima Fast-RTPS[0m
[1.897s] [  8%] [32mBuilding C object CMakeFiles/z1_interfaces__rosidl_generator_c.dir/rosidl_generator_c/z1_interfaces/srv/detail/gripper_command__functions.c.o[0m
[1.898s] [  9%] [32mBuilding C object CMakeFiles/z1_interfaces__rosidl_generator_c.dir/rosidl_generator_c/z1_interfaces/srv/detail/move_circular_path_command__functions.c.o[0m
[1.898s] [ 11%] [32mBuilding C object CMakeFiles/z1_interfaces__rosidl_generator_c.dir/rosidl_generator_c/z1_interfaces/srv/detail/move_linear_path_command__functions.c.o[0m
[1.898s] [ 12%] [32mBuilding C object CMakeFiles/z1_interfaces__rosidl_generator_c.dir/rosidl_generator_c/z1_interfaces/msg/detail/arm_control_command__functions.c.o[0m
[1.899s] [ 14%] [32mBuilding C object CMakeFiles/z1_interfaces__rosidl_generator_c.dir/rosidl_generator_c/z1_interfaces/srv/detail/move_joint_path_command__functions.c.o[0m
[1.901s] [ 15%] [32mBuilding C object CMakeFiles/z1_interfaces__rosidl_generator_c.dir/rosidl_generator_c/z1_interfaces/srv/detail/no_input_command__functions.c.o[0m
[1.984s] [ 16%] [32m[1mLinking C shared library libz1_interfaces__rosidl_generator_c.so[0m
[2.034s] [ 16%] Built target z1_interfaces__rosidl_generator_c
[2.049s] [ 19%] [34m[1mGenerating C type support dispatch for ROS interfaces[0m
[2.049s] [ 19%] [34m[1mGenerating C introspection for ROS interfaces[0m
[2.053s] [ 21%] [34m[1mGenerating C type support for eProsima Fast-RTPS[0m
[2.323s] [35m[1mConsolidate compiler generated dependencies of target z1_interfaces__rosidl_typesupport_cpp[0m
[2.348s] [ 23%] [32mBuilding CXX object CMakeFiles/z1_interfaces__rosidl_typesupport_cpp.dir/rosidl_typesupport_cpp/z1_interfaces/msg/arm_control_command__type_support.cpp.o[0m
[2.349s] [ 23%] [32mBuilding CXX object CMakeFiles/z1_interfaces__rosidl_typesupport_cpp.dir/rosidl_typesupport_cpp/z1_interfaces/srv/gripper_command__type_support.cpp.o[0m
[2.349s] [ 25%] [32mBuilding CXX object CMakeFiles/z1_interfaces__rosidl_typesupport_cpp.dir/rosidl_typesupport_cpp/z1_interfaces/srv/move_circular_path_command__type_support.cpp.o[0m
[2.350s] [ 26%] [32mBuilding CXX object CMakeFiles/z1_interfaces__rosidl_typesupport_cpp.dir/rosidl_typesupport_cpp/z1_interfaces/srv/move_linear_path_command__type_support.cpp.o[0m
[2.351s] [ 29%] [32mBuilding CXX object CMakeFiles/z1_interfaces__rosidl_typesupport_cpp.dir/rosidl_typesupport_cpp/z1_interfaces/srv/move_joint_path_command__type_support.cpp.o[0m
[2.352s] [ 29%] [32mBuilding CXX object CMakeFiles/z1_interfaces__rosidl_typesupport_cpp.dir/rosidl_typesupport_cpp/z1_interfaces/srv/no_input_command__type_support.cpp.o[0m
[2.487s] [35m[1mConsolidate compiler generated dependencies of target z1_interfaces__rosidl_typesupport_introspection_cpp[0m
[2.521s] [ 30%] [32mBuilding CXX object CMakeFiles/z1_interfaces__rosidl_typesupport_introspection_cpp.dir/rosidl_typesupport_introspection_cpp/z1_interfaces/msg/detail/arm_control_command__type_support.cpp.o[0m
[2.526s] [ 32%] [32mBuilding CXX object CMakeFiles/z1_interfaces__rosidl_typesupport_introspection_cpp.dir/rosidl_typesupport_introspection_cpp/z1_interfaces/srv/detail/gripper_command__type_support.cpp.o[0m
[2.531s] [ 33%] [32mBuilding CXX object CMakeFiles/z1_interfaces__rosidl_typesupport_introspection_cpp.dir/rosidl_typesupport_introspection_cpp/z1_interfaces/srv/detail/move_circular_path_command__type_support.cpp.o[0m
[2.547s] [ 35%] [32mBuilding CXX object CMakeFiles/z1_interfaces__rosidl_typesupport_introspection_cpp.dir/rosidl_typesupport_introspection_cpp/z1_interfaces/srv/detail/move_joint_path_command__type_support.cpp.o[0m
[2.547s] [ 36%] [32mBuilding CXX object CMakeFiles/z1_interfaces__rosidl_typesupport_introspection_cpp.dir/rosidl_typesupport_introspection_cpp/z1_interfaces/srv/detail/move_linear_path_command__type_support.cpp.o[0m
[2.554s] [ 38%] [32mBuilding CXX object CMakeFiles/z1_interfaces__rosidl_typesupport_introspection_cpp.dir/rosidl_typesupport_introspection_cpp/z1_interfaces/srv/detail/no_input_command__type_support.cpp.o[0m
[2.749s] [35m[1mConsolidate compiler generated dependencies of target z1_interfaces__rosidl_typesupport_c[0m
[2.794s] [ 39%] [32mBuilding CXX object CMakeFiles/z1_interfaces__rosidl_typesupport_c.dir/rosidl_typesupport_c/z1_interfaces/msg/arm_control_command__type_support.cpp.o[0m
[2.802s] [ 40%] [32mBuilding CXX object CMakeFiles/z1_interfaces__rosidl_typesupport_c.dir/rosidl_typesupport_c/z1_interfaces/srv/gripper_command__type_support.cpp.o[0m
[2.809s] [ 42%] [32mBuilding CXX object CMakeFiles/z1_interfaces__rosidl_typesupport_c.dir/rosidl_typesupport_c/z1_interfaces/srv/move_circular_path_command__type_support.cpp.o[0m
[2.819s] [ 43%] [32mBuilding CXX object CMakeFiles/z1_interfaces__rosidl_typesupport_c.dir/rosidl_typesupport_c/z1_interfaces/srv/move_linear_path_command__type_support.cpp.o[0m
[2.827s] [ 45%] [32mBuilding CXX object CMakeFiles/z1_interfaces__rosidl_typesupport_c.dir/rosidl_typesupport_c/z1_interfaces/srv/move_joint_path_command__type_support.cpp.o[0m
[2.860s] [35m[1mConsolidate compiler generated dependencies of target z1_interfaces__rosidl_typesupport_fastrtps_cpp[0m
[2.891s] [ 46%] [32mBuilding CXX object CMakeFiles/z1_interfaces__rosidl_typesupport_fastrtps_cpp.dir/rosidl_typesupport_fastrtps_cpp/z1_interfaces/msg/detail/dds_fastrtps/arm_control_command__type_support.cpp.o[0m
[2.897s] [ 47%] [32mBuilding CXX object CMakeFiles/z1_interfaces__rosidl_typesupport_fastrtps_cpp.dir/rosidl_typesupport_fastrtps_cpp/z1_interfaces/srv/detail/dds_fastrtps/gripper_command__type_support.cpp.o[0m
[2.905s] [ 49%] [32m[1mLinking CXX shared library libz1_interfaces__rosidl_typesupport_cpp.so[0m
[2.907s] [ 50%] [32mBuilding CXX object CMakeFiles/z1_interfaces__rosidl_typesupport_c.dir/rosidl_typesupport_c/z1_interfaces/srv/no_input_command__type_support.cpp.o[0m
[2.920s] [ 52%] [32mBuilding CXX object CMakeFiles/z1_interfaces__rosidl_typesupport_fastrtps_cpp.dir/rosidl_typesupport_fastrtps_cpp/z1_interfaces/srv/detail/dds_fastrtps/move_circular_path_command__type_support.cpp.o[0m
[2.928s] [ 53%] [32mBuilding CXX object CMakeFiles/z1_interfaces__rosidl_typesupport_fastrtps_cpp.dir/rosidl_typesupport_fastrtps_cpp/z1_interfaces/srv/detail/dds_fastrtps/move_joint_path_command__type_support.cpp.o[0m
[2.935s] [ 54%] [32mBuilding CXX object CMakeFiles/z1_interfaces__rosidl_typesupport_fastrtps_cpp.dir/rosidl_typesupport_fastrtps_cpp/z1_interfaces/srv/detail/dds_fastrtps/move_linear_path_command__type_support.cpp.o[0m
[2.942s] [35m[1mConsolidate compiler generated dependencies of target z1_interfaces__rosidl_typesupport_introspection_c[0m
[2.945s] [ 56%] [32mBuilding CXX object CMakeFiles/z1_interfaces__rosidl_typesupport_fastrtps_cpp.dir/rosidl_typesupport_fastrtps_cpp/z1_interfaces/srv/detail/dds_fastrtps/no_input_command__type_support.cpp.o[0m
[2.990s] [ 57%] [32mBuilding C object CMakeFiles/z1_interfaces__rosidl_typesupport_introspection_c.dir/rosidl_typesupport_introspection_c/z1_interfaces/msg/detail/arm_control_command__type_support.c.o[0m
[3.021s] [ 59%] [32m[1mLinking CXX shared library libz1_interfaces__rosidl_typesupport_c.so[0m
[3.066s] [ 59%] Built target z1_interfaces__rosidl_typesupport_cpp
[3.108s] [ 60%] [32mBuilding C object CMakeFiles/z1_interfaces__rosidl_typesupport_introspection_c.dir/rosidl_typesupport_introspection_c/z1_interfaces/srv/detail/move_circular_path_command__type_support.c.o[0m
[3.108s] [ 61%] [32mBuilding C object CMakeFiles/z1_interfaces__rosidl_typesupport_introspection_c.dir/rosidl_typesupport_introspection_c/z1_interfaces/srv/detail/gripper_command__type_support.c.o[0m
[3.239s] [ 61%] Built target z1_interfaces__rosidl_typesupport_c
[3.242s] [ 64%] [32mBuilding C object CMakeFiles/z1_interfaces__rosidl_typesupport_introspection_c.dir/rosidl_typesupport_introspection_c/z1_interfaces/srv/detail/no_input_command__type_support.c.o[0m
[3.244s] [ 64%] [32mBuilding C object CMakeFiles/z1_interfaces__rosidl_typesupport_introspection_c.dir/rosidl_typesupport_introspection_c/z1_interfaces/srv/detail/move_joint_path_command__type_support.c.o[0m
[3.244s] [ 66%] [32mBuilding C object CMakeFiles/z1_interfaces__rosidl_typesupport_introspection_c.dir/rosidl_typesupport_introspection_c/z1_interfaces/srv/detail/move_linear_path_command__type_support.c.o[0m
[3.262s] [35m[1mConsolidate compiler generated dependencies of target z1_interfaces__rosidl_typesupport_fastrtps_c[0m
[3.299s] [ 67%] [32mBuilding CXX object CMakeFiles/z1_interfaces__rosidl_typesupport_fastrtps_c.dir/rosidl_typesupport_fastrtps_c/z1_interfaces/msg/detail/arm_control_command__type_support_c.cpp.o[0m
[3.299s] [ 69%] [32mBuilding CXX object CMakeFiles/z1_interfaces__rosidl_typesupport_fastrtps_c.dir/rosidl_typesupport_fastrtps_c/z1_interfaces/srv/detail/move_linear_path_command__type_support_c.cpp.o[0m
[3.304s] [ 70%] [32mBuilding CXX object CMakeFiles/z1_interfaces__rosidl_typesupport_fastrtps_c.dir/rosidl_typesupport_fastrtps_c/z1_interfaces/srv/detail/gripper_command__type_support_c.cpp.o[0m
[3.309s] [ 73%] [32mBuilding CXX object CMakeFiles/z1_interfaces__rosidl_typesupport_fastrtps_c.dir/rosidl_typesupport_fastrtps_c/z1_interfaces/srv/detail/move_circular_path_command__type_support_c.cpp.o[0m
[3.310s] [ 73%] [32mBuilding CXX object CMakeFiles/z1_interfaces__rosidl_typesupport_fastrtps_c.dir/rosidl_typesupport_fastrtps_c/z1_interfaces/srv/detail/move_joint_path_command__type_support_c.cpp.o[0m
[3.323s] [ 74%] [32mBuilding CXX object CMakeFiles/z1_interfaces__rosidl_typesupport_fastrtps_c.dir/rosidl_typesupport_fastrtps_c/z1_interfaces/srv/detail/no_input_command__type_support_c.cpp.o[0m
[3.328s] [ 76%] [32m[1mLinking C shared library libz1_interfaces__rosidl_typesupport_introspection_c.so[0m
[3.328s] [ 77%] [32m[1mLinking CXX shared library libz1_interfaces__rosidl_typesupport_introspection_cpp.so[0m
[3.414s] [ 77%] Built target z1_interfaces__rosidl_typesupport_introspection_c
[3.547s] [ 77%] Built target z1_interfaces__rosidl_typesupport_introspection_cpp
[3.699s] [ 78%] [32m[1mLinking CXX shared library libz1_interfaces__rosidl_typesupport_fastrtps_cpp.so[0m
[3.815s] [ 78%] Built target z1_interfaces__rosidl_typesupport_fastrtps_cpp
[3.843s] [ 80%] [32m[1mLinking CXX shared library libz1_interfaces__rosidl_typesupport_fastrtps_c.so[0m
[3.921s] [ 80%] Built target z1_interfaces__rosidl_typesupport_fastrtps_c
[3.950s] [ 80%] Built target z1_interfaces
[3.979s] [ 81%] [34m[1mGenerating Python code for ROS interfaces[0m
[4.938s] [ 81%] Built target z1_interfaces__py
[4.953s] [35m[1mConsolidate compiler generated dependencies of target z1_interfaces__rosidl_generator_py[0m
[4.971s] [ 88%] [32mBuilding C object CMakeFiles/z1_interfaces__rosidl_generator_py.dir/rosidl_generator_py/z1_interfaces/srv/_move_circular_path_command_s.c.o[0m
[4.971s] [ 88%] [32mBuilding C object CMakeFiles/z1_interfaces__rosidl_generator_py.dir/rosidl_generator_py/z1_interfaces/srv/_move_linear_path_command_s.c.o[0m
[4.971s] [ 88%] [32mBuilding C object CMakeFiles/z1_interfaces__rosidl_generator_py.dir/rosidl_generator_py/z1_interfaces/srv/_gripper_command_s.c.o[0m
[4.971s] [ 88%] [32mBuilding C object CMakeFiles/z1_interfaces__rosidl_generator_py.dir/rosidl_generator_py/z1_interfaces/srv/_move_joint_path_command_s.c.o[0m
[4.971s] [ 88%] [32mBuilding C object CMakeFiles/z1_interfaces__rosidl_generator_py.dir/rosidl_generator_py/z1_interfaces/msg/_arm_control_command_s.c.o[0m
[4.972s] [ 90%] [32mBuilding C object CMakeFiles/z1_interfaces__rosidl_generator_py.dir/rosidl_generator_py/z1_interfaces/srv/_no_input_command_s.c.o[0m
[5.111s] [ 91%] [32m[1mLinking C shared library rosidl_generator_py/z1_interfaces/libz1_interfaces__rosidl_generator_py.so[0m
[5.160s] [ 91%] Built target z1_interfaces__rosidl_generator_py
[5.175s] [35m[1mConsolidate compiler generated dependencies of target z1_interfaces__rosidl_typesupport_fastrtps_c__pyext[0m
[5.175s] [35m[1mConsolidate compiler generated dependencies of target z1_interfaces__rosidl_typesupport_introspection_c__pyext[0m
[5.175s] [35m[1mConsolidate compiler generated dependencies of target z1_interfaces__rosidl_typesupport_c__pyext[0m
[5.194s] [ 94%] [32mBuilding C object CMakeFiles/z1_interfaces__rosidl_typesupport_fastrtps_c__pyext.dir/rosidl_generator_py/z1_interfaces/_z1_interfaces_s.ep.rosidl_typesupport_fastrtps_c.c.o[0m
[5.194s] [ 94%] [32mBuilding C object CMakeFiles/z1_interfaces__rosidl_typesupport_c__pyext.dir/rosidl_generator_py/z1_interfaces/_z1_interfaces_s.ep.rosidl_typesupport_c.c.o[0m
[5.195s] [ 95%] [32mBuilding C object CMakeFiles/z1_interfaces__rosidl_typesupport_introspection_c__pyext.dir/rosidl_generator_py/z1_interfaces/_z1_interfaces_s.ep.rosidl_typesupport_introspection_c.c.o[0m
[5.343s] [ 98%] [32m[1mLinking C shared library rosidl_generator_py/z1_interfaces/z1_interfaces_s__rosidl_typesupport_introspection_c.cpython-310-x86_64-linux-gnu.so[0m
[5.343s] [ 98%] [32m[1mLinking C shared library rosidl_generator_py/z1_interfaces/z1_interfaces_s__rosidl_typesupport_c.cpython-310-x86_64-linux-gnu.so[0m
[5.346s] [100%] [32m[1mLinking C shared library rosidl_generator_py/z1_interfaces/z1_interfaces_s__rosidl_typesupport_fastrtps_c.cpython-310-x86_64-linux-gnu.so[0m
[5.392s] [100%] Built target z1_interfaces__rosidl_typesupport_introspection_c__pyext
[5.392s] [100%] Built target z1_interfaces__rosidl_typesupport_c__pyext
[5.392s] [100%] Built target z1_interfaces__rosidl_typesupport_fastrtps_c__pyext
[5.409s] Invoked command in '/home/ros_ws/ros_ws/b2_ws/build/z1_interfaces' returned '0': CMAKE_PREFIX_PATH=${CMAKE_PREFIX_PATH}:/unitree_sdk2:/home/ros_ws/ros_ws/b2_ws/install/b2_nodes:/opt/ros/humble: /usr/bin/cmake --build /home/ros_ws/ros_ws/b2_ws/build/z1_interfaces -- -j16 -l16
[5.665s] Invoking command in '/home/ros_ws/ros_ws/b2_ws/build/z1_interfaces': CMAKE_PREFIX_PATH=${CMAKE_PREFIX_PATH}:/unitree_sdk2:/home/ros_ws/ros_ws/b2_ws/install/b2_nodes:/opt/ros/humble: /usr/bin/cmake --install /home/ros_ws/ros_ws/b2_ws/build/z1_interfaces
[5.675s] -- Install configuration: ""
[5.675s] -- Execute custom install script
[5.675s] -- Up-to-date symlink: /home/ros_ws/ros_ws/b2_ws/install/z1_interfaces/share/ament_index/resource_index/rosidl_interfaces/z1_interfaces
[5.676s] -- Up-to-date symlink: /home/ros_ws/ros_ws/b2_ws/install/z1_interfaces/include/z1_interfaces/z1_interfaces/msg/arm_control_command.h
[5.676s] -- Up-to-date symlink: /home/ros_ws/ros_ws/b2_ws/install/z1_interfaces/include/z1_interfaces/z1_interfaces/msg/detail/arm_control_command__functions.h
[5.676s] -- Up-to-date symlink: /home/ros_ws/ros_ws/b2_ws/install/z1_interfaces/include/z1_interfaces/z1_interfaces/msg/detail/arm_control_command__struct.h
[5.677s] -- Up-to-date symlink: /home/ros_ws/ros_ws/b2_ws/install/z1_interfaces/include/z1_interfaces/z1_interfaces/msg/detail/arm_control_command__type_support.h
[5.677s] -- Up-to-date symlink: /home/ros_ws/ros_ws/b2_ws/install/z1_interfaces/include/z1_interfaces/z1_interfaces/msg/rosidl_generator_c__visibility_control.h
[5.677s] -- Symlinking: /home/ros_ws/ros_ws/b2_ws/install/z1_interfaces/include/z1_interfaces/z1_interfaces/srv/detail/gripper_command__functions.h
[5.688s] -- Symlinking: /home/ros_ws/ros_ws/b2_ws/install/z1_interfaces/include/z1_interfaces/z1_interfaces/srv/detail/gripper_command__struct.h
[5.699s] -- Symlinking: /home/ros_ws/ros_ws/b2_ws/install/z1_interfaces/include/z1_interfaces/z1_interfaces/srv/detail/gripper_command__type_support.h
[5.710s] -- Symlinking: /home/ros_ws/ros_ws/b2_ws/install/z1_interfaces/include/z1_interfaces/z1_interfaces/srv/detail/move_circular_path_command__functions.h
[5.721s] -- Symlinking: /home/ros_ws/ros_ws/b2_ws/install/z1_interfaces/include/z1_interfaces/z1_interfaces/srv/detail/move_circular_path_command__struct.h
[5.733s] -- Symlinking: /home/ros_ws/ros_ws/b2_ws/install/z1_interfaces/include/z1_interfaces/z1_interfaces/srv/detail/move_circular_path_command__type_support.h
[5.745s] -- Symlinking: /home/ros_ws/ros_ws/b2_ws/install/z1_interfaces/include/z1_interfaces/z1_interfaces/srv/detail/move_joint_path_command__functions.h
[5.756s] -- Symlinking: /home/ros_ws/ros_ws/b2_ws/install/z1_interfaces/include/z1_interfaces/z1_interfaces/srv/detail/move_joint_path_command__struct.h
[5.767s] -- Symlinking: /home/ros_ws/ros_ws/b2_ws/install/z1_interfaces/include/z1_interfaces/z1_interfaces/srv/detail/move_joint_path_command__type_support.h
[5.778s] -- Symlinking: /home/ros_ws/ros_ws/b2_ws/install/z1_interfaces/include/z1_interfaces/z1_interfaces/srv/detail/move_linear_path_command__functions.h
[5.789s] -- Symlinking: /home/ros_ws/ros_ws/b2_ws/install/z1_interfaces/include/z1_interfaces/z1_interfaces/srv/detail/move_linear_path_command__struct.h
[5.801s] -- Symlinking: /home/ros_ws/ros_ws/b2_ws/install/z1_interfaces/include/z1_interfaces/z1_interfaces/srv/detail/move_linear_path_command__type_support.h
[5.812s] -- Symlinking: /home/ros_ws/ros_ws/b2_ws/install/z1_interfaces/include/z1_interfaces/z1_interfaces/srv/detail/no_input_command__functions.h
[5.822s] -- Symlinking: /home/ros_ws/ros_ws/b2_ws/install/z1_interfaces/include/z1_interfaces/z1_interfaces/srv/detail/no_input_command__struct.h
[5.833s] -- Symlinking: /home/ros_ws/ros_ws/b2_ws/install/z1_interfaces/include/z1_interfaces/z1_interfaces/srv/detail/no_input_command__type_support.h
[5.845s] -- Symlinking: /home/ros_ws/ros_ws/b2_ws/install/z1_interfaces/include/z1_interfaces/z1_interfaces/srv/gripper_command.h
[5.856s] -- Symlinking: /home/ros_ws/ros_ws/b2_ws/install/z1_interfaces/include/z1_interfaces/z1_interfaces/srv/move_circular_path_command.h
[5.869s] -- Symlinking: /home/ros_ws/ros_ws/b2_ws/install/z1_interfaces/include/z1_interfaces/z1_interfaces/srv/move_joint_path_command.h
[5.880s] -- Symlinking: /home/ros_ws/ros_ws/b2_ws/install/z1_interfaces/include/z1_interfaces/z1_interfaces/srv/move_linear_path_command.h
[5.892s] -- Symlinking: /home/ros_ws/ros_ws/b2_ws/install/z1_interfaces/include/z1_interfaces/z1_interfaces/srv/no_input_command.h
[5.904s] -- Up-to-date symlink: /home/ros_ws/ros_ws/b2_ws/install/z1_interfaces/share/z1_interfaces/environment/library_path.sh
[5.904s] -- Up-to-date symlink: /home/ros_ws/ros_ws/b2_ws/install/z1_interfaces/share/z1_interfaces/environment/library_path.dsv
[5.905s] -- Up-to-date symlink: /home/ros_ws/ros_ws/b2_ws/install/z1_interfaces/include/z1_interfaces/z1_interfaces/msg/detail/arm_control_command__rosidl_typesupport_fastrtps_c.h
[5.905s] -- Up-to-date symlink: /home/ros_ws/ros_ws/b2_ws/install/z1_interfaces/include/z1_interfaces/z1_interfaces/msg/rosidl_typesupport_fastrtps_c__visibility_control.h
[5.905s] -- Symlinking: /home/ros_ws/ros_ws/b2_ws/install/z1_interfaces/include/z1_interfaces/z1_interfaces/srv/detail/gripper_command__rosidl_typesupport_fastrtps_c.h
[5.916s] -- Symlinking: /home/ros_ws/ros_ws/b2_ws/install/z1_interfaces/include/z1_interfaces/z1_interfaces/srv/detail/move_circular_path_command__rosidl_typesupport_fastrtps_c.h
[5.926s] -- Symlinking: /home/ros_ws/ros_ws/b2_ws/install/z1_interfaces/include/z1_interfaces/z1_interfaces/srv/detail/move_joint_path_command__rosidl_typesupport_fastrtps_c.h
[5.938s] -- Symlinking: /home/ros_ws/ros_ws/b2_ws/install/z1_interfaces/include/z1_interfaces/z1_interfaces/srv/detail/move_linear_path_command__rosidl_typesupport_fastrtps_c.h
[5.951s] -- Symlinking: /home/ros_ws/ros_ws/b2_ws/install/z1_interfaces/include/z1_interfaces/z1_interfaces/srv/detail/no_input_command__rosidl_typesupport_fastrtps_c.h
[5.962s] -- Up-to-date symlink: /home/ros_ws/ros_ws/b2_ws/install/z1_interfaces/include/z1_interfaces/z1_interfaces/msg/detail/arm_control_command__rosidl_typesupport_introspection_c.h
[5.962s] -- Up-to-date symlink: /home/ros_ws/ros_ws/b2_ws/install/z1_interfaces/include/z1_interfaces/z1_interfaces/msg/rosidl_typesupport_introspection_c__visibility_control.h
[5.962s] -- Symlinking: /home/ros_ws/ros_ws/b2_ws/install/z1_interfaces/include/z1_interfaces/z1_interfaces/srv/detail/gripper_command__rosidl_typesupport_introspection_c.h
[5.974s] -- Symlinking: /home/ros_ws/ros_ws/b2_ws/install/z1_interfaces/include/z1_interfaces/z1_interfaces/srv/detail/move_circular_path_command__rosidl_typesupport_introspection_c.h
[5.986s] -- Symlinking: /home/ros_ws/ros_ws/b2_ws/install/z1_interfaces/include/z1_interfaces/z1_interfaces/srv/detail/move_joint_path_command__rosidl_typesupport_introspection_c.h
[5.997s] -- Symlinking: /home/ros_ws/ros_ws/b2_ws/install/z1_interfaces/include/z1_interfaces/z1_interfaces/srv/detail/move_linear_path_command__rosidl_typesupport_introspection_c.h
[6.008s] -- Symlinking: /home/ros_ws/ros_ws/b2_ws/install/z1_interfaces/include/z1_interfaces/z1_interfaces/srv/detail/no_input_command__rosidl_typesupport_introspection_c.h
[6.019s] -- Up-to-date symlink: /home/ros_ws/ros_ws/b2_ws/install/z1_interfaces/include/z1_interfaces/z1_interfaces/msg/arm_control_command.hpp
[6.019s] -- Up-to-date symlink: /home/ros_ws/ros_ws/b2_ws/install/z1_interfaces/include/z1_interfaces/z1_interfaces/msg/detail/arm_control_command__builder.hpp
[6.019s] -- Up-to-date symlink: /home/ros_ws/ros_ws/b2_ws/install/z1_interfaces/include/z1_interfaces/z1_interfaces/msg/detail/arm_control_command__struct.hpp
[6.020s] -- Up-to-date symlink: /home/ros_ws/ros_ws/b2_ws/install/z1_interfaces/include/z1_interfaces/z1_interfaces/msg/detail/arm_control_command__traits.hpp
[6.020s] -- Symlinking: /home/ros_ws/ros_ws/b2_ws/install/z1_interfaces/include/z1_interfaces/z1_interfaces/srv/detail/gripper_command__builder.hpp
[6.030s] -- Symlinking: /home/ros_ws/ros_ws/b2_ws/install/z1_interfaces/include/z1_interfaces/z1_interfaces/srv/detail/gripper_command__struct.hpp
[6.041s] -- Symlinking: /home/ros_ws/ros_ws/b2_ws/install/z1_interfaces/include/z1_interfaces/z1_interfaces/srv/detail/gripper_command__traits.hpp
[6.053s] -- Symlinking: /home/ros_ws/ros_ws/b2_ws/install/z1_interfaces/include/z1_interfaces/z1_interfaces/srv/detail/move_circular_path_command__builder.hpp
[6.065s] -- Symlinking: /home/ros_ws/ros_ws/b2_ws/install/z1_interfaces/include/z1_interfaces/z1_interfaces/srv/detail/move_circular_path_command__struct.hpp
[6.076s] -- Symlinking: /home/ros_ws/ros_ws/b2_ws/install/z1_interfaces/include/z1_interfaces/z1_interfaces/srv/detail/move_circular_path_command__traits.hpp
[6.088s] -- Symlinking: /home/ros_ws/ros_ws/b2_ws/install/z1_interfaces/include/z1_interfaces/z1_interfaces/srv/detail/move_joint_path_command__builder.hpp
[6.101s] -- Symlinking: /home/ros_ws/ros_ws/b2_ws/install/z1_interfaces/include/z1_interfaces/z1_interfaces/srv/detail/move_joint_path_command__struct.hpp
[6.113s] -- Symlinking: /home/ros_ws/ros_ws/b2_ws/install/z1_interfaces/include/z1_interfaces/z1_interfaces/srv/detail/move_joint_path_command__traits.hpp
[6.123s] -- Symlinking: /home/ros_ws/ros_ws/b2_ws/install/z1_interfaces/include/z1_interfaces/z1_interfaces/srv/detail/move_linear_path_command__builder.hpp
[6.135s] -- Symlinking: /home/ros_ws/ros_ws/b2_ws/install/z1_interfaces/include/z1_interfaces/z1_interfaces/srv/detail/move_linear_path_command__struct.hpp
[6.146s] -- Symlinking: /home/ros_ws/ros_ws/b2_ws/install/z1_interfaces/include/z1_interfaces/z1_interfaces/srv/detail/move_linear_path_command__traits.hpp
[6.157s] -- Symlinking: /home/ros_ws/ros_ws/b2_ws/install/z1_interfaces/include/z1_interfaces/z1_interfaces/srv/detail/no_input_command__builder.hpp
[6.168s] -- Symlinking: /home/ros_ws/ros_ws/b2_ws/install/z1_interfaces/include/z1_interfaces/z1_interfaces/srv/detail/no_input_command__struct.hpp
[6.179s] -- Symlinking: /home/ros_ws/ros_ws/b2_ws/install/z1_interfaces/include/z1_interfaces/z1_interfaces/srv/detail/no_input_command__traits.hpp
[6.191s] -- Symlinking: /home/ros_ws/ros_ws/b2_ws/install/z1_interfaces/include/z1_interfaces/z1_interfaces/srv/gripper_command.hpp
[6.202s] -- Symlinking: /home/ros_ws/ros_ws/b2_ws/install/z1_interfaces/include/z1_interfaces/z1_interfaces/srv/move_circular_path_command.hpp
[6.213s] -- Symlinking: /home/ros_ws/ros_ws/b2_ws/install/z1_interfaces/include/z1_interfaces/z1_interfaces/srv/move_joint_path_command.hpp
[6.224s] -- Symlinking: /home/ros_ws/ros_ws/b2_ws/install/z1_interfaces/include/z1_interfaces/z1_interfaces/srv/move_linear_path_command.hpp
[6.234s] -- Symlinking: /home/ros_ws/ros_ws/b2_ws/install/z1_interfaces/include/z1_interfaces/z1_interfaces/srv/no_input_command.hpp
[6.247s] -- Up-to-date symlink: /home/ros_ws/ros_ws/b2_ws/install/z1_interfaces/include/z1_interfaces/z1_interfaces/msg/detail/arm_control_command__rosidl_typesupport_fastrtps_cpp.hpp
[6.247s] -- Up-to-date symlink: /home/ros_ws/ros_ws/b2_ws/install/z1_interfaces/include/z1_interfaces/z1_interfaces/msg/rosidl_typesupport_fastrtps_cpp__visibility_control.h
[6.247s] -- Symlinking: /home/ros_ws/ros_ws/b2_ws/install/z1_interfaces/include/z1_interfaces/z1_interfaces/srv/detail/gripper_command__rosidl_typesupport_fastrtps_cpp.hpp
[6.258s] -- Symlinking: /home/ros_ws/ros_ws/b2_ws/install/z1_interfaces/include/z1_interfaces/z1_interfaces/srv/detail/move_circular_path_command__rosidl_typesupport_fastrtps_cpp.hpp
[6.269s] -- Symlinking: /home/ros_ws/ros_ws/b2_ws/install/z1_interfaces/include/z1_interfaces/z1_interfaces/srv/detail/move_joint_path_command__rosidl_typesupport_fastrtps_cpp.hpp
[6.280s] -- Symlinking: /home/ros_ws/ros_ws/b2_ws/install/z1_interfaces/include/z1_interfaces/z1_interfaces/srv/detail/move_linear_path_command__rosidl_typesupport_fastrtps_cpp.hpp
[6.291s] -- Symlinking: /home/ros_ws/ros_ws/b2_ws/install/z1_interfaces/include/z1_interfaces/z1_interfaces/srv/detail/no_input_command__rosidl_typesupport_fastrtps_cpp.hpp
[6.304s] -- Up-to-date symlink: /home/ros_ws/ros_ws/b2_ws/install/z1_interfaces/include/z1_interfaces/z1_interfaces/msg/detail/arm_control_command__rosidl_typesupport_introspection_cpp.hpp
[6.304s] -- Symlinking: /home/ros_ws/ros_ws/b2_ws/install/z1_interfaces/include/z1_interfaces/z1_interfaces/srv/detail/gripper_command__rosidl_typesupport_introspection_cpp.hpp
[6.315s] -- Symlinking: /home/ros_ws/ros_ws/b2_ws/install/z1_interfaces/include/z1_interfaces/z1_interfaces/srv/detail/move_circular_path_command__rosidl_typesupport_introspection_cpp.hpp
[6.327s] -- Symlinking: /home/ros_ws/ros_ws/b2_ws/install/z1_interfaces/include/z1_interfaces/z1_interfaces/srv/detail/move_joint_path_command__rosidl_typesupport_introspection_cpp.hpp
[6.339s] -- Symlinking: /home/ros_ws/ros_ws/b2_ws/install/z1_interfaces/include/z1_interfaces/z1_interfaces/srv/detail/move_linear_path_command__rosidl_typesupport_introspection_cpp.hpp
[6.350s] -- Symlinking: /home/ros_ws/ros_ws/b2_ws/install/z1_interfaces/include/z1_interfaces/z1_interfaces/srv/detail/no_input_command__rosidl_typesupport_introspection_cpp.hpp
[6.362s] -- Up-to-date symlink: /home/ros_ws/ros_ws/b2_ws/install/z1_interfaces/share/z1_interfaces/environment/pythonpath.sh
[6.362s] -- Up-to-date symlink: /home/ros_ws/ros_ws/b2_ws/install/z1_interfaces/share/z1_interfaces/environment/pythonpath.dsv
[6.362s] -- Up-to-date symlink: /home/ros_ws/ros_ws/b2_ws/install/z1_interfaces/local/lib/python3.10/dist-packages/z1_interfaces-0.0.0-py3.10.egg-info/PKG-INFO
[6.362s] -- Up-to-date symlink: /home/ros_ws/ros_ws/b2_ws/install/z1_interfaces/local/lib/python3.10/dist-packages/z1_interfaces-0.0.0-py3.10.egg-info/SOURCES.txt
[6.363s] -- Up-to-date symlink: /home/ros_ws/ros_ws/b2_ws/install/z1_interfaces/local/lib/python3.10/dist-packages/z1_interfaces-0.0.0-py3.10.egg-info/dependency_links.txt
[6.363s] -- Up-to-date symlink: /home/ros_ws/ros_ws/b2_ws/install/z1_interfaces/local/lib/python3.10/dist-packages/z1_interfaces-0.0.0-py3.10.egg-info/top_level.txt
[6.364s] -- Up-to-date symlink: /home/ros_ws/ros_ws/b2_ws/install/z1_interfaces/local/lib/python3.10/dist-packages/z1_interfaces/__init__.py
[6.364s] -- Up-to-date symlink: /home/ros_ws/ros_ws/b2_ws/install/z1_interfaces/local/lib/python3.10/dist-packages/z1_interfaces/_z1_interfaces_s.ep.rosidl_typesupport_c.c
[6.364s] -- Up-to-date symlink: /home/ros_ws/ros_ws/b2_ws/install/z1_interfaces/local/lib/python3.10/dist-packages/z1_interfaces/_z1_interfaces_s.ep.rosidl_typesupport_fastrtps_c.c
[6.364s] -- Up-to-date symlink: /home/ros_ws/ros_ws/b2_ws/install/z1_interfaces/local/lib/python3.10/dist-packages/z1_interfaces/_z1_interfaces_s.ep.rosidl_typesupport_introspection_c.c
[6.364s] -- Up-to-date symlink: /home/ros_ws/ros_ws/b2_ws/install/z1_interfaces/local/lib/python3.10/dist-packages/z1_interfaces/libz1_interfaces__rosidl_generator_py.so
[6.364s] -- Up-to-date symlink: /home/ros_ws/ros_ws/b2_ws/install/z1_interfaces/local/lib/python3.10/dist-packages/z1_interfaces/msg/__init__.py
[6.364s] -- Up-to-date symlink: /home/ros_ws/ros_ws/b2_ws/install/z1_interfaces/local/lib/python3.10/dist-packages/z1_interfaces/msg/_arm_control_command.py
[6.365s] -- Up-to-date symlink: /home/ros_ws/ros_ws/b2_ws/install/z1_interfaces/local/lib/python3.10/dist-packages/z1_interfaces/msg/_arm_control_command_s.c
[6.365s] -- Symlinking: /home/ros_ws/ros_ws/b2_ws/install/z1_interfaces/local/lib/python3.10/dist-packages/z1_interfaces/srv/__init__.py
[6.376s] -- Symlinking: /home/ros_ws/ros_ws/b2_ws/install/z1_interfaces/local/lib/python3.10/dist-packages/z1_interfaces/srv/_gripper_command.py
[6.388s] -- Symlinking: /home/ros_ws/ros_ws/b2_ws/install/z1_interfaces/local/lib/python3.10/dist-packages/z1_interfaces/srv/_gripper_command_s.c
[6.400s] -- Symlinking: /home/ros_ws/ros_ws/b2_ws/install/z1_interfaces/local/lib/python3.10/dist-packages/z1_interfaces/srv/_move_circular_path_command.py
[6.411s] -- Symlinking: /home/ros_ws/ros_ws/b2_ws/install/z1_interfaces/local/lib/python3.10/dist-packages/z1_interfaces/srv/_move_circular_path_command_s.c
[6.422s] -- Symlinking: /home/ros_ws/ros_ws/b2_ws/install/z1_interfaces/local/lib/python3.10/dist-packages/z1_interfaces/srv/_move_joint_path_command.py
[6.434s] -- Symlinking: /home/ros_ws/ros_ws/b2_ws/install/z1_interfaces/local/lib/python3.10/dist-packages/z1_interfaces/srv/_move_joint_path_command_s.c
[6.446s] -- Symlinking: /home/ros_ws/ros_ws/b2_ws/install/z1_interfaces/local/lib/python3.10/dist-packages/z1_interfaces/srv/_move_linear_path_command.py
[6.458s] -- Symlinking: /home/ros_ws/ros_ws/b2_ws/install/z1_interfaces/local/lib/python3.10/dist-packages/z1_interfaces/srv/_move_linear_path_command_s.c
[6.471s] -- Symlinking: /home/ros_ws/ros_ws/b2_ws/install/z1_interfaces/local/lib/python3.10/dist-packages/z1_interfaces/srv/_no_input_command.py
[6.482s] -- Symlinking: /home/ros_ws/ros_ws/b2_ws/install/z1_interfaces/local/lib/python3.10/dist-packages/z1_interfaces/srv/_no_input_command_s.c
[6.494s] -- Up-to-date symlink: /home/ros_ws/ros_ws/b2_ws/install/z1_interfaces/local/lib/python3.10/dist-packages/z1_interfaces/z1_interfaces_s__rosidl_typesupport_c.cpython-310-x86_64-linux-gnu.so
[6.494s] -- Up-to-date symlink: /home/ros_ws/ros_ws/b2_ws/install/z1_interfaces/local/lib/python3.10/dist-packages/z1_interfaces/z1_interfaces_s__rosidl_typesupport_fastrtps_c.cpython-310-x86_64-linux-gnu.so
[6.495s] -- Up-to-date symlink: /home/ros_ws/ros_ws/b2_ws/install/z1_interfaces/local/lib/python3.10/dist-packages/z1_interfaces/z1_interfaces_s__rosidl_typesupport_introspection_c.cpython-310-x86_64-linux-gnu.so
[6.495s] -- Up-to-date symlink: /home/ros_ws/ros_ws/b2_ws/install/z1_interfaces/local/lib/python3.10/dist-packages/z1_interfaces/z1_interfaces_s__rosidl_typesupport_fastrtps_c.cpython-310-x86_64-linux-gnu.so
[6.495s] -- Up-to-date symlink: /home/ros_ws/ros_ws/b2_ws/install/z1_interfaces/local/lib/python3.10/dist-packages/z1_interfaces/z1_interfaces_s__rosidl_typesupport_introspection_c.cpython-310-x86_64-linux-gnu.so
[6.495s] -- Up-to-date symlink: /home/ros_ws/ros_ws/b2_ws/install/z1_interfaces/local/lib/python3.10/dist-packages/z1_interfaces/z1_interfaces_s__rosidl_typesupport_c.cpython-310-x86_64-linux-gnu.so
[6.495s] -- Up-to-date symlink: /home/ros_ws/ros_ws/b2_ws/install/z1_interfaces/share/z1_interfaces/msg/ArmControlCommand.idl
[6.496s] -- Symlinking: /home/ros_ws/ros_ws/b2_ws/install/z1_interfaces/share/z1_interfaces/srv/GripperCommand.idl
[6.508s] -- Symlinking: /home/ros_ws/ros_ws/b2_ws/install/z1_interfaces/share/z1_interfaces/srv/MoveCircularPathCommand.idl
[6.519s] -- Symlinking: /home/ros_ws/ros_ws/b2_ws/install/z1_interfaces/share/z1_interfaces/srv/MoveLinearPathCommand.idl
[6.530s] -- Symlinking: /home/ros_ws/ros_ws/b2_ws/install/z1_interfaces/share/z1_interfaces/srv/MoveJointPathCommand.idl
[6.542s] -- Symlinking: /home/ros_ws/ros_ws/b2_ws/install/z1_interfaces/share/z1_interfaces/srv/NoInputCommand.idl
[6.552s] -- Up-to-date symlink: /home/ros_ws/ros_ws/b2_ws/install/z1_interfaces/share/z1_interfaces/msg/ArmControlCommand.msg
[6.553s] -- Symlinking: /home/ros_ws/ros_ws/b2_ws/install/z1_interfaces/share/z1_interfaces/srv/GripperCommand.srv
[6.563s] -- Symlinking: /home/ros_ws/ros_ws/b2_ws/install/z1_interfaces/share/z1_interfaces/srv/GripperCommand_Request.msg
[6.575s] -- Symlinking: /home/ros_ws/ros_ws/b2_ws/install/z1_interfaces/share/z1_interfaces/srv/GripperCommand_Response.msg
[6.588s] -- Symlinking: /home/ros_ws/ros_ws/b2_ws/install/z1_interfaces/share/z1_interfaces/srv/MoveCircularPathCommand.srv
[6.599s] -- Symlinking: /home/ros_ws/ros_ws/b2_ws/install/z1_interfaces/share/z1_interfaces/srv/MoveCircularPathCommand_Request.msg
[6.610s] -- Symlinking: /home/ros_ws/ros_ws/b2_ws/install/z1_interfaces/share/z1_interfaces/srv/MoveCircularPathCommand_Response.msg
[6.621s] -- Symlinking: /home/ros_ws/ros_ws/b2_ws/install/z1_interfaces/share/z1_interfaces/srv/MoveLinearPathCommand.srv
[6.632s] -- Symlinking: /home/ros_ws/ros_ws/b2_ws/install/z1_interfaces/share/z1_interfaces/srv/MoveLinearPathCommand_Request.msg
[6.643s] -- Symlinking: /home/ros_ws/ros_ws/b2_ws/install/z1_interfaces/share/z1_interfaces/srv/MoveLinearPathCommand_Response.msg
[6.654s] -- Symlinking: /home/ros_ws/ros_ws/b2_ws/install/z1_interfaces/share/z1_interfaces/srv/MoveJointPathCommand.srv
[6.666s] -- Symlinking: /home/ros_ws/ros_ws/b2_ws/install/z1_interfaces/share/z1_interfaces/srv/MoveJointPathCommand_Request.msg
[6.677s] -- Symlinking: /home/ros_ws/ros_ws/b2_ws/install/z1_interfaces/share/z1_interfaces/srv/MoveJointPathCommand_Response.msg
[6.689s] -- Symlinking: /home/ros_ws/ros_ws/b2_ws/install/z1_interfaces/share/z1_interfaces/srv/NoInputCommand.srv
[6.700s] -- Symlinking: /home/ros_ws/ros_ws/b2_ws/install/z1_interfaces/share/z1_interfaces/srv/NoInputCommand_Request.msg
[6.710s] -- Symlinking: /home/ros_ws/ros_ws/b2_ws/install/z1_interfaces/share/z1_interfaces/srv/NoInputCommand_Response.msg
[6.721s] -- Up-to-date symlink: /home/ros_ws/ros_ws/b2_ws/install/z1_interfaces/share/ament_index/resource_index/package_run_dependencies/z1_interfaces
[6.721s] -- Up-to-date symlink: /home/ros_ws/ros_ws/b2_ws/install/z1_interfaces/share/ament_index/resource_index/parent_prefix_path/z1_interfaces
[6.721s] -- Up-to-date symlink: /home/ros_ws/ros_ws/b2_ws/install/z1_interfaces/share/z1_interfaces/environment/ament_prefix_path.sh
[6.721s] -- Up-to-date symlink: /home/ros_ws/ros_ws/b2_ws/install/z1_interfaces/share/z1_interfaces/environment/ament_prefix_path.dsv
[6.721s] -- Up-to-date symlink: /home/ros_ws/ros_ws/b2_ws/install/z1_interfaces/share/z1_interfaces/environment/path.sh
[6.722s] -- Up-to-date symlink: /home/ros_ws/ros_ws/b2_ws/install/z1_interfaces/share/z1_interfaces/environment/path.dsv
[6.722s] -- Up-to-date symlink: /home/ros_ws/ros_ws/b2_ws/install/z1_interfaces/share/z1_interfaces/local_setup.bash
[6.722s] -- Up-to-date symlink: /home/ros_ws/ros_ws/b2_ws/install/z1_interfaces/share/z1_interfaces/local_setup.sh
[6.722s] -- Up-to-date symlink: /home/ros_ws/ros_ws/b2_ws/install/z1_interfaces/share/z1_interfaces/local_setup.zsh
[6.722s] -- Up-to-date symlink: /home/ros_ws/ros_ws/b2_ws/install/z1_interfaces/share/z1_interfaces/local_setup.dsv
[6.722s] -- Symlinking: /home/ros_ws/ros_ws/b2_ws/install/z1_interfaces/share/z1_interfaces/package.dsv
[6.734s] -- Up-to-date symlink: /home/ros_ws/ros_ws/b2_ws/install/z1_interfaces/share/ament_index/resource_index/packages/z1_interfaces
[6.734s] -- Up-to-date symlink: /home/ros_ws/ros_ws/b2_ws/install/z1_interfaces/share/z1_interfaces/cmake/rosidl_cmake-extras.cmake
[6.734s] -- Up-to-date symlink: /home/ros_ws/ros_ws/b2_ws/install/z1_interfaces/share/z1_interfaces/cmake/ament_cmake_export_dependencies-extras.cmake
[6.734s] -- Up-to-date symlink: /home/ros_ws/ros_ws/b2_ws/install/z1_interfaces/share/z1_interfaces/cmake/ament_cmake_export_include_directories-extras.cmake
[6.734s] -- Up-to-date symlink: /home/ros_ws/ros_ws/b2_ws/install/z1_interfaces/share/z1_interfaces/cmake/ament_cmake_export_libraries-extras.cmake
[6.734s] -- Up-to-date symlink: /home/ros_ws/ros_ws/b2_ws/install/z1_interfaces/share/z1_interfaces/cmake/ament_cmake_export_targets-extras.cmake
[6.735s] -- Up-to-date symlink: /home/ros_ws/ros_ws/b2_ws/install/z1_interfaces/share/z1_interfaces/cmake/rosidl_cmake_export_typesupport_targets-extras.cmake
[6.735s] -- Up-to-date symlink: /home/ros_ws/ros_ws/b2_ws/install/z1_interfaces/share/z1_interfaces/cmake/rosidl_cmake_export_typesupport_libraries-extras.cmake
[6.735s] -- Up-to-date symlink: /home/ros_ws/ros_ws/b2_ws/install/z1_interfaces/share/z1_interfaces/cmake/z1_interfacesConfig.cmake
[6.735s] -- Up-to-date symlink: /home/ros_ws/ros_ws/b2_ws/install/z1_interfaces/share/z1_interfaces/cmake/z1_interfacesConfig-version.cmake
[6.735s] -- Up-to-date symlink: /home/ros_ws/ros_ws/b2_ws/install/z1_interfaces/share/z1_interfaces/package.xml
[6.735s] -- Installing: /home/ros_ws/ros_ws/b2_ws/install/z1_interfaces/lib/libz1_interfaces__rosidl_generator_c.so
[6.736s] -- Set runtime path of "/home/ros_ws/ros_ws/b2_ws/install/z1_interfaces/lib/libz1_interfaces__rosidl_generator_c.so" to ""
[6.737s] -- Installing: /home/ros_ws/ros_ws/b2_ws/install/z1_interfaces/lib/libz1_interfaces__rosidl_typesupport_fastrtps_c.so
[6.737s] -- Set runtime path of "/home/ros_ws/ros_ws/b2_ws/install/z1_interfaces/lib/libz1_interfaces__rosidl_typesupport_fastrtps_c.so" to ""
[6.737s] -- Installing: /home/ros_ws/ros_ws/b2_ws/install/z1_interfaces/lib/libz1_interfaces__rosidl_typesupport_introspection_c.so
[6.738s] -- Set runtime path of "/home/ros_ws/ros_ws/b2_ws/install/z1_interfaces/lib/libz1_interfaces__rosidl_typesupport_introspection_c.so" to ""
[6.738s] -- Installing: /home/ros_ws/ros_ws/b2_ws/install/z1_interfaces/lib/libz1_interfaces__rosidl_typesupport_c.so
[6.739s] -- Set runtime path of "/home/ros_ws/ros_ws/b2_ws/install/z1_interfaces/lib/libz1_interfaces__rosidl_typesupport_c.so" to ""
[6.739s] -- Installing: /home/ros_ws/ros_ws/b2_ws/install/z1_interfaces/lib/libz1_interfaces__rosidl_typesupport_fastrtps_cpp.so
[6.739s] -- Set runtime path of "/home/ros_ws/ros_ws/b2_ws/install/z1_interfaces/lib/libz1_interfaces__rosidl_typesupport_fastrtps_cpp.so" to ""
[6.740s] -- Installing: /home/ros_ws/ros_ws/b2_ws/install/z1_interfaces/lib/libz1_interfaces__rosidl_typesupport_introspection_cpp.so
[6.740s] -- Set runtime path of "/home/ros_ws/ros_ws/b2_ws/install/z1_interfaces/lib/libz1_interfaces__rosidl_typesupport_introspection_cpp.so" to ""
[6.740s] -- Installing: /home/ros_ws/ros_ws/b2_ws/install/z1_interfaces/lib/libz1_interfaces__rosidl_typesupport_cpp.so
[6.741s] -- Set runtime path of "/home/ros_ws/ros_ws/b2_ws/install/z1_interfaces/lib/libz1_interfaces__rosidl_typesupport_cpp.so" to ""
[6.785s] Listing '/home/ros_ws/ros_ws/b2_ws/install/z1_interfaces/local/lib/python3.10/dist-packages/z1_interfaces'...
[6.785s] Compiling '/home/ros_ws/ros_ws/b2_ws/install/z1_interfaces/local/lib/python3.10/dist-packages/z1_interfaces/__init__.py'...
[6.785s] Listing '/home/ros_ws/ros_ws/b2_ws/install/z1_interfaces/local/lib/python3.10/dist-packages/z1_interfaces/msg'...
[6.785s] Compiling '/home/ros_ws/ros_ws/b2_ws/install/z1_interfaces/local/lib/python3.10/dist-packages/z1_interfaces/msg/__init__.py'...
[6.785s] Compiling '/home/ros_ws/ros_ws/b2_ws/install/z1_interfaces/local/lib/python3.10/dist-packages/z1_interfaces/msg/_arm_control_command.py'...
[6.785s] Listing '/home/ros_ws/ros_ws/b2_ws/install/z1_interfaces/local/lib/python3.10/dist-packages/z1_interfaces/srv'...
[6.785s] Compiling '/home/ros_ws/ros_ws/b2_ws/install/z1_interfaces/local/lib/python3.10/dist-packages/z1_interfaces/srv/__init__.py'...
[6.785s] Compiling '/home/ros_ws/ros_ws/b2_ws/install/z1_interfaces/local/lib/python3.10/dist-packages/z1_interfaces/srv/_gripper_command.py'...
[6.785s] Compiling '/home/ros_ws/ros_ws/b2_ws/install/z1_interfaces/local/lib/python3.10/dist-packages/z1_interfaces/srv/_move_circular_path_command.py'...
[6.785s] Compiling '/home/ros_ws/ros_ws/b2_ws/install/z1_interfaces/local/lib/python3.10/dist-packages/z1_interfaces/srv/_move_joint_path_command.py'...
[6.786s] Compiling '/home/ros_ws/ros_ws/b2_ws/install/z1_interfaces/local/lib/python3.10/dist-packages/z1_interfaces/srv/_move_linear_path_command.py'...
[6.786s] Compiling '/home/ros_ws/ros_ws/b2_ws/install/z1_interfaces/local/lib/python3.10/dist-packages/z1_interfaces/srv/_no_input_command.py'...
[6.789s] -- Installing: /home/ros_ws/ros_ws/b2_ws/install/z1_interfaces/lib/libz1_interfaces__rosidl_generator_py.so
[6.789s] -- Set runtime path of "/home/ros_ws/ros_ws/b2_ws/install/z1_interfaces/lib/libz1_interfaces__rosidl_generator_py.so" to ""
[6.790s] -- Up-to-date: /home/ros_ws/ros_ws/b2_ws/install/z1_interfaces/share/z1_interfaces/cmake/export_z1_interfaces__rosidl_generator_cExport.cmake
[6.790s] -- Up-to-date: /home/ros_ws/ros_ws/b2_ws/install/z1_interfaces/share/z1_interfaces/cmake/export_z1_interfaces__rosidl_generator_cExport-noconfig.cmake
[6.790s] -- Up-to-date: /home/ros_ws/ros_ws/b2_ws/install/z1_interfaces/share/z1_interfaces/cmake/export_z1_interfaces__rosidl_typesupport_fastrtps_cExport.cmake
[6.790s] -- Up-to-date: /home/ros_ws/ros_ws/b2_ws/install/z1_interfaces/share/z1_interfaces/cmake/export_z1_interfaces__rosidl_typesupport_fastrtps_cExport-noconfig.cmake
[6.790s] -- Up-to-date: /home/ros_ws/ros_ws/b2_ws/install/z1_interfaces/share/z1_interfaces/cmake/z1_interfaces__rosidl_typesupport_introspection_cExport.cmake
[6.790s] -- Up-to-date: /home/ros_ws/ros_ws/b2_ws/install/z1_interfaces/share/z1_interfaces/cmake/z1_interfaces__rosidl_typesupport_introspection_cExport-noconfig.cmake
[6.790s] -- Up-to-date: /home/ros_ws/ros_ws/b2_ws/install/z1_interfaces/share/z1_interfaces/cmake/z1_interfaces__rosidl_typesupport_cExport.cmake
[6.790s] -- Up-to-date: /home/ros_ws/ros_ws/b2_ws/install/z1_interfaces/share/z1_interfaces/cmake/z1_interfaces__rosidl_typesupport_cExport-noconfig.cmake
[6.790s] -- Up-to-date: /home/ros_ws/ros_ws/b2_ws/install/z1_interfaces/share/z1_interfaces/cmake/export_z1_interfaces__rosidl_generator_cppExport.cmake
[6.791s] -- Up-to-date: /home/ros_ws/ros_ws/b2_ws/install/z1_interfaces/share/z1_interfaces/cmake/export_z1_interfaces__rosidl_typesupport_fastrtps_cppExport.cmake
[6.791s] -- Up-to-date: /home/ros_ws/ros_ws/b2_ws/install/z1_interfaces/share/z1_interfaces/cmake/export_z1_interfaces__rosidl_typesupport_fastrtps_cppExport-noconfig.cmake
[6.791s] -- Up-to-date: /home/ros_ws/ros_ws/b2_ws/install/z1_interfaces/share/z1_interfaces/cmake/z1_interfaces__rosidl_typesupport_introspection_cppExport.cmake
[6.791s] -- Up-to-date: /home/ros_ws/ros_ws/b2_ws/install/z1_interfaces/share/z1_interfaces/cmake/z1_interfaces__rosidl_typesupport_introspection_cppExport-noconfig.cmake
[6.791s] -- Up-to-date: /home/ros_ws/ros_ws/b2_ws/install/z1_interfaces/share/z1_interfaces/cmake/z1_interfaces__rosidl_typesupport_cppExport.cmake
[6.791s] -- Up-to-date: /home/ros_ws/ros_ws/b2_ws/install/z1_interfaces/share/z1_interfaces/cmake/z1_interfaces__rosidl_typesupport_cppExport-noconfig.cmake
[6.791s] -- Up-to-date: /home/ros_ws/ros_ws/b2_ws/install/z1_interfaces/share/z1_interfaces/cmake/export_z1_interfaces__rosidl_generator_pyExport.cmake
[6.791s] -- Up-to-date: /home/ros_ws/ros_ws/b2_ws/install/z1_interfaces/share/z1_interfaces/cmake/export_z1_interfaces__rosidl_generator_pyExport-noconfig.cmake
[6.795s] Invoked command in '/home/ros_ws/ros_ws/b2_ws/build/z1_interfaces' returned '0': CMAKE_PREFIX_PATH=${CMAKE_PREFIX_PATH}:/unitree_sdk2:/home/ros_ws/ros_ws/b2_ws/install/b2_nodes:/opt/ros/humble: /usr/bin/cmake --install /home/ros_ws/ros_ws/b2_ws/build/z1_interfaces
