-- Found ament_cmake: 1.3.11 (/opt/ros/humble/share/ament_cmake/cmake)
-- Found unitree_go: 0.0.0 (/home/ros_ws/ros_ws/unitree_ros2/cyclonedds_ws/install/unitree_go/share/unitree_go/cmake)
-- Found rosidl_generator_c: 3.1.5 (/opt/ros/humble/share/rosidl_generator_c/cmake)
-- Found rosidl_adapter: 3.1.5 (/opt/ros/humble/share/rosidl_adapter/cmake)
-- Found rosidl_generator_cpp: 3.1.5 (/opt/ros/humble/share/rosidl_generator_cpp/cmake)
-- Using all available rosidl_typesupport_c: rosidl_typesupport_fastrtps_c;rosidl_typesupport_introspection_c
-- Using all available rosidl_typesupport_cpp: rosidl_typesupport_fastrtps_cpp;rosidl_typesupport_introspection_cpp
-- Found unitree_hg: 0.0.0 (/home/ros_ws/ros_ws/unitree_ros2/cyclonedds_ws/install/unitree_hg/share/unitree_hg/cmake)
-- Found unitree_api: 0.0.0 (/home/ros_ws/ros_ws/unitree_ros2/cyclonedds_ws/install/unitree_api/share/unitree_api/cmake)
-- Found rclcpp: 16.0.10 (/opt/ros/humble/share/rclcpp/cmake)
-- Found rmw_implementation_cmake: 6.1.2 (/opt/ros/humble/share/rmw_implementation_cmake/cmake)
-- Found rmw_cyclonedds_cpp: 1.3.4 (/home/ros_ws/ros_ws/unitree_ros2/cyclonedds_ws/install/rmw_cyclonedds_cpp/share/rmw_cyclonedds_cpp/cmake)
-- Using RMW implementation 'rmw_cyclonedds_cpp' as default
-- Found rosbag2_cpp: 0.15.12 (/opt/ros/humble/share/rosbag2_cpp/cmake)
-- Found ament_lint_auto: 0.12.11 (/opt/ros/humble/share/ament_lint_auto/cmake)
-- Added test 'copyright' to check source files copyright and LICENSE
-- Added test 'cppcheck' to perform static code analysis on C / C++ code
-- Configured cppcheck include dirs: /home/ros_ws/ros_ws/b2_ws/src/b2_ctrl/include;/home/ros_ws/ros_ws/b2_ws/src/b2_ctrl/include/common;/home/ros_ws/ros_ws/b2_ws/src/b2_ctrl/include/nlohmann
-- Configured cppcheck exclude dirs and/or files: 
-- Added test 'cpplint' to check C / C++ code against the Google style
-- Configured cpplint exclude dirs and/or files: 
-- Added test 'lint_cmake' to check CMake code style
-- Added test 'uncrustify' to check C / C++ code style
-- Configured uncrustify additional arguments: 
-- Added test 'xmllint' to check XML markup files
-- Configuring done
-- Generating done
-- Build files have been written to: /home/ros_ws/ros_ws/b2_ws/build/b2_ctrl
[ 20%] [32mBuilding CXX object CMakeFiles/read_low_state.dir/src/read_low_state.cpp.o[0m
[ 20%] [32mBuilding CXX object CMakeFiles/read_low_state_hg.dir/src/read_low_state_hg.cpp.o[0m
[ 20%] [32mBuilding CXX object CMakeFiles/low_level_ctrl.dir/src/low_level_ctrl.cpp.o[0m
[ 20%] [32mBuilding CXX object CMakeFiles/sport_mode_ctrl.dir/src/sport_mode_ctrl.cpp.o[0m
[ 25%] [32mBuilding CXX object CMakeFiles/low_level_ctrl_hg.dir/src/h1-2/lowlevel/low_level_ctrl_hg.cpp.o[0m
[ 40%] [32mBuilding CXX object CMakeFiles/g1_low_level_example.dir/src/g1/lowlevel/g1_low_level_example.cpp.o[0m
[ 40%] [32mBuilding CXX object CMakeFiles/g1_low_level_example.dir/src/common/motor_crc_hg.cpp.o[0m
[ 45%] [32mBuilding CXX object CMakeFiles/low_level_ctrl.dir/src/common/motor_crc.cpp.o[0m
[ 45%] [32mBuilding CXX object CMakeFiles/read_motion_state.dir/src/read_motion_state.cpp.o[0m
[ 50%] [32mBuilding CXX object CMakeFiles/low_level_ctrl_hg.dir/src/common/motor_crc_hg.cpp.o[0m
[ 55%] [32mBuilding CXX object CMakeFiles/sport_mode_ctrl.dir/src/common/ros2_sport_client.cpp.o[0m
[ 60%] [32mBuilding CXX object CMakeFiles/read_wireless_controller.dir/src/read_wireless_controller.cpp.o[0m
[ 65%] [32m[1mLinking CXX executable low_level_ctrl[0m
[ 65%] Built target low_level_ctrl
[ 70%] [32m[1mLinking CXX executable read_low_state_hg[0m
[ 75%] [32m[1mLinking CXX executable read_low_state[0m
[ 80%] [32m[1mLinking CXX executable read_motion_state[0m
[ 85%] [32m[1mLinking CXX executable g1_low_level_example[0m
[ 85%] Built target read_low_state
[ 90%] [32m[1mLinking CXX executable read_wireless_controller[0m
[ 90%] Built target read_low_state_hg
[ 90%] Built target read_motion_state
[ 90%] Built target g1_low_level_example
[ 90%] Built target read_wireless_controller
[ 95%] [32m[1mLinking CXX executable low_level_ctrl_hg[0m
[ 95%] Built target low_level_ctrl_hg
[100%] [32m[1mLinking CXX executable sport_mode_ctrl[0m
[100%] Built target sport_mode_ctrl
-- Install configuration: ""
-- Installing: /home/ros_ws/ros_ws/b2_ws/install/b2_ctrl/bin/low_level_ctrl
-- Set runtime path of "/home/ros_ws/ros_ws/b2_ws/install/b2_ctrl/bin/low_level_ctrl" to ""
-- Installing: /home/ros_ws/ros_ws/b2_ws/install/b2_ctrl/bin/low_level_ctrl_hg
-- Set runtime path of "/home/ros_ws/ros_ws/b2_ws/install/b2_ctrl/bin/low_level_ctrl_hg" to ""
-- Installing: /home/ros_ws/ros_ws/b2_ws/install/b2_ctrl/bin/g1_low_level_example
-- Set runtime path of "/home/ros_ws/ros_ws/b2_ws/install/b2_ctrl/bin/g1_low_level_example" to ""
-- Installing: /home/ros_ws/ros_ws/b2_ws/install/b2_ctrl/bin/read_low_state
-- Set runtime path of "/home/ros_ws/ros_ws/b2_ws/install/b2_ctrl/bin/read_low_state" to ""
-- Installing: /home/ros_ws/ros_ws/b2_ws/install/b2_ctrl/bin/read_low_state_hg
-- Set runtime path of "/home/ros_ws/ros_ws/b2_ws/install/b2_ctrl/bin/read_low_state_hg" to ""
-- Installing: /home/ros_ws/ros_ws/b2_ws/install/b2_ctrl/bin/read_motion_state
-- Set runtime path of "/home/ros_ws/ros_ws/b2_ws/install/b2_ctrl/bin/read_motion_state" to ""
-- Installing: /home/ros_ws/ros_ws/b2_ws/install/b2_ctrl/bin/read_wireless_controller
-- Set runtime path of "/home/ros_ws/ros_ws/b2_ws/install/b2_ctrl/bin/read_wireless_controller" to ""
-- Installing: /home/ros_ws/ros_ws/b2_ws/install/b2_ctrl/bin/sport_mode_ctrl
-- Set runtime path of "/home/ros_ws/ros_ws/b2_ws/install/b2_ctrl/bin/sport_mode_ctrl" to ""
-- Installing: /home/ros_ws/ros_ws/b2_ws/install/b2_ctrl/share/ament_index/resource_index/package_run_dependencies/b2_ctrl
-- Installing: /home/ros_ws/ros_ws/b2_ws/install/b2_ctrl/share/ament_index/resource_index/parent_prefix_path/b2_ctrl
-- Up-to-date: /home/ros_ws/ros_ws/b2_ws/install/b2_ctrl/share/b2_ctrl/environment/ament_prefix_path.sh
-- Installing: /home/ros_ws/ros_ws/b2_ws/install/b2_ctrl/share/b2_ctrl/environment/ament_prefix_path.dsv
-- Up-to-date: /home/ros_ws/ros_ws/b2_ws/install/b2_ctrl/share/b2_ctrl/environment/path.sh
-- Installing: /home/ros_ws/ros_ws/b2_ws/install/b2_ctrl/share/b2_ctrl/environment/path.dsv
-- Up-to-date: /home/ros_ws/ros_ws/b2_ws/install/b2_ctrl/share/b2_ctrl/local_setup.bash
-- Up-to-date: /home/ros_ws/ros_ws/b2_ws/install/b2_ctrl/share/b2_ctrl/local_setup.sh
-- Up-to-date: /home/ros_ws/ros_ws/b2_ws/install/b2_ctrl/share/b2_ctrl/local_setup.zsh
-- Installing: /home/ros_ws/ros_ws/b2_ws/install/b2_ctrl/share/b2_ctrl/local_setup.dsv
-- Installing: /home/ros_ws/ros_ws/b2_ws/install/b2_ctrl/share/b2_ctrl/package.dsv
-- Up-to-date: /home/ros_ws/ros_ws/b2_ws/install/b2_ctrl/share/ament_index/resource_index/packages/b2_ctrl
-- Up-to-date: /home/ros_ws/ros_ws/b2_ws/install/b2_ctrl/share/b2_ctrl/cmake/b2_ctrlConfig.cmake
-- Up-to-date: /home/ros_ws/ros_ws/b2_ws/install/b2_ctrl/share/b2_ctrl/cmake/b2_ctrlConfig-version.cmake
-- Installing: /home/ros_ws/ros_ws/b2_ws/install/b2_ctrl/share/b2_ctrl/package.xml
