[0.012s] Invoking command in '/home/ros_ws/ros_ws/b2_ws/src/z1_urdf/build/z1_urdf': CMAKE_PREFIX_PATH=${CMAKE_PREFIX_PATH}:/z1_controller:/z1_sdk:/unitree_sdk2:/home/ros_ws/ros_ws/b2_ws/install/b2_nodes:/home/ros_ws/ros_ws/unitree_ros2/cyclonedds_ws/install/b2_nodes:/opt/ros/humble: /usr/bin/cmake /home/ros_ws/ros_ws/b2_ws/src/z1_urdf -DCMAKE_INSTALL_PREFIX=/home/ros_ws/ros_ws/b2_ws/src/z1_urdf/install/z1_urdf
[0.069s] -- The C compiler identification is GNU 11.4.0
[0.125s] -- The CXX compiler identification is GNU 11.4.0
[0.133s] -- Detecting C compiler ABI info
[0.207s] -- Detecting C compiler ABI info - done
[0.213s] -- Check for working C compiler: /usr/bin/cc - skipped
[0.213s] -- Detecting C compile features
[0.213s] -- Detecting C compile features - done
[0.217s] -- Detecting CXX compiler ABI info
[0.299s] -- Detecting CXX compiler ABI info - done
[0.305s] -- Check for working CXX compiler: /usr/bin/c++ - skipped
[0.306s] -- Detecting CXX compile features
[0.306s] -- Detecting CXX compile features - done
[0.312s] -- Found ament_cmake: 1.3.10 (/opt/ros/humble/share/ament_cmake/cmake)
[0.465s] -- Found Python3: /usr/bin/python3 (found version "3.10.12") found components: Interpreter 
[0.589s] -- Found ament_lint_auto: 0.12.11 (/opt/ros/humble/share/ament_lint_auto/cmake)
[0.686s] -- Added test 'cppcheck' to perform static code analysis on C / C++ code
[0.686s] -- Configured cppcheck include dirs: 
[0.686s] -- Configured cppcheck exclude dirs and/or files: 
[0.687s] -- Added test 'flake8' to check Python code syntax and style conventions
[0.690s] -- Added test 'lint_cmake' to check CMake code style
[0.691s] -- Added test 'pep257' to check Python code against some of the docstring style conventions in PEP 257
[0.699s] -- Added test 'uncrustify' to check C / C++ code style
[0.699s] -- Configured uncrustify additional arguments: 
[0.701s] -- Added test 'xmllint' to check XML markup files
[0.703s] -- Configuring done
[0.708s] -- Generating done
[0.709s] -- Build files have been written to: /home/ros_ws/ros_ws/b2_ws/src/z1_urdf/build/z1_urdf
[0.715s] Invoked command in '/home/ros_ws/ros_ws/b2_ws/src/z1_urdf/build/z1_urdf' returned '0': CMAKE_PREFIX_PATH=${CMAKE_PREFIX_PATH}:/z1_controller:/z1_sdk:/unitree_sdk2:/home/ros_ws/ros_ws/b2_ws/install/b2_nodes:/home/ros_ws/ros_ws/unitree_ros2/cyclonedds_ws/install/b2_nodes:/opt/ros/humble: /usr/bin/cmake /home/ros_ws/ros_ws/b2_ws/src/z1_urdf -DCMAKE_INSTALL_PREFIX=/home/ros_ws/ros_ws/b2_ws/src/z1_urdf/install/z1_urdf
[0.717s] Invoking command in '/home/ros_ws/ros_ws/b2_ws/src/z1_urdf/build/z1_urdf': CMAKE_PREFIX_PATH=${CMAKE_PREFIX_PATH}:/z1_controller:/z1_sdk:/unitree_sdk2:/home/ros_ws/ros_ws/b2_ws/install/b2_nodes:/home/ros_ws/ros_ws/unitree_ros2/cyclonedds_ws/install/b2_nodes:/opt/ros/humble: /usr/bin/cmake --build /home/ros_ws/ros_ws/b2_ws/src/z1_urdf/build/z1_urdf -- -j16 -l16
[0.760s] Invoked command in '/home/ros_ws/ros_ws/b2_ws/src/z1_urdf/build/z1_urdf' returned '0': CMAKE_PREFIX_PATH=${CMAKE_PREFIX_PATH}:/z1_controller:/z1_sdk:/unitree_sdk2:/home/ros_ws/ros_ws/b2_ws/install/b2_nodes:/home/ros_ws/ros_ws/unitree_ros2/cyclonedds_ws/install/b2_nodes:/opt/ros/humble: /usr/bin/cmake --build /home/ros_ws/ros_ws/b2_ws/src/z1_urdf/build/z1_urdf -- -j16 -l16
[0.799s] Invoking command in '/home/ros_ws/ros_ws/b2_ws/src/z1_urdf/build/z1_urdf': CMAKE_PREFIX_PATH=${CMAKE_PREFIX_PATH}:/z1_controller:/z1_sdk:/unitree_sdk2:/home/ros_ws/ros_ws/b2_ws/install/b2_nodes:/home/ros_ws/ros_ws/unitree_ros2/cyclonedds_ws/install/b2_nodes:/opt/ros/humble: /usr/bin/cmake --install /home/ros_ws/ros_ws/b2_ws/src/z1_urdf/build/z1_urdf
[0.808s] -- Install configuration: ""
[0.808s] -- Installing: /home/ros_ws/ros_ws/b2_ws/src/z1_urdf/install/z1_urdf/share/z1_urdf/launch
[0.808s] -- Installing: /home/ros_ws/ros_ws/b2_ws/src/z1_urdf/install/z1_urdf/share/z1_urdf/launch/z1_model.launch.py
[0.809s] -- Installing: /home/ros_ws/ros_ws/b2_ws/src/z1_urdf/install/z1_urdf/share/z1_urdf/launch/z1_rviz.launch.py
[0.809s] -- Installing: /home/ros_ws/ros_ws/b2_ws/src/z1_urdf/install/z1_urdf/share/z1_urdf/launch/z1_rviz_real2sim.launch.py
[0.809s] -- Installing: /home/ros_ws/ros_ws/b2_ws/src/z1_urdf/install/z1_urdf/share/z1_urdf/urdf
[0.809s] -- Installing: /home/ros_ws/ros_ws/b2_ws/src/z1_urdf/install/z1_urdf/share/z1_urdf/urdf/z1_description.urdf
[0.809s] -- Installing: /home/ros_ws/ros_ws/b2_ws/src/z1_urdf/install/z1_urdf/share/z1_urdf/config
[0.809s] -- Installing: /home/ros_ws/ros_ws/b2_ws/src/z1_urdf/install/z1_urdf/share/z1_urdf/config/robot_control.yaml
[0.810s] -- Installing: /home/ros_ws/ros_ws/b2_ws/src/z1_urdf/install/z1_urdf/share/z1_urdf/meshes
[0.810s] -- Installing: /home/ros_ws/ros_ws/b2_ws/src/z1_urdf/install/z1_urdf/share/z1_urdf/meshes/visual
[0.810s] -- Installing: /home/ros_ws/ros_ws/b2_ws/src/z1_urdf/install/z1_urdf/share/z1_urdf/meshes/visual/z1_Link06.dae
[0.810s] -- Installing: /home/ros_ws/ros_ws/b2_ws/src/z1_urdf/install/z1_urdf/share/z1_urdf/meshes/visual/z1_Link05.dae
[0.812s] -- Installing: /home/ros_ws/ros_ws/b2_ws/src/z1_urdf/install/z1_urdf/share/z1_urdf/meshes/visual/z1_GripperMover.dae
[0.815s] -- Installing: /home/ros_ws/ros_ws/b2_ws/src/z1_urdf/install/z1_urdf/share/z1_urdf/meshes/visual/z1_GripperStator.dae
[0.819s] -- Installing: /home/ros_ws/ros_ws/b2_ws/src/z1_urdf/install/z1_urdf/share/z1_urdf/meshes/visual/z1_Link04.dae
[0.822s] -- Installing: /home/ros_ws/ros_ws/b2_ws/src/z1_urdf/install/z1_urdf/share/z1_urdf/meshes/visual/z1_Link01.dae
[0.828s] -- Installing: /home/ros_ws/ros_ws/b2_ws/src/z1_urdf/install/z1_urdf/share/z1_urdf/meshes/visual/z1_Link00.dae
[0.830s] -- Installing: /home/ros_ws/ros_ws/b2_ws/src/z1_urdf/install/z1_urdf/share/z1_urdf/meshes/visual/z1_Link03.dae
[0.834s] -- Installing: /home/ros_ws/ros_ws/b2_ws/src/z1_urdf/install/z1_urdf/share/z1_urdf/meshes/visual/z1_Link02.dae
[0.836s] -- Installing: /home/ros_ws/ros_ws/b2_ws/src/z1_urdf/install/z1_urdf/share/z1_urdf/meshes/collision
[0.836s] -- Installing: /home/ros_ws/ros_ws/b2_ws/src/z1_urdf/install/z1_urdf/share/z1_urdf/meshes/collision/z1_Link00.STL
[0.838s] -- Installing: /home/ros_ws/ros_ws/b2_ws/src/z1_urdf/install/z1_urdf/share/z1_urdf/meshes/collision/z1_Link05.STL
[0.839s] -- Installing: /home/ros_ws/ros_ws/b2_ws/src/z1_urdf/install/z1_urdf/share/z1_urdf/meshes/collision/z1_Link04.STL
[0.840s] -- Installing: /home/ros_ws/ros_ws/b2_ws/src/z1_urdf/install/z1_urdf/share/z1_urdf/meshes/collision/z1_Link06.STL
[0.841s] -- Installing: /home/ros_ws/ros_ws/b2_ws/src/z1_urdf/install/z1_urdf/share/z1_urdf/meshes/collision/z1_GripperStator.STL
[0.843s] -- Installing: /home/ros_ws/ros_ws/b2_ws/src/z1_urdf/install/z1_urdf/share/z1_urdf/meshes/collision/z1_Link01.STL
[0.847s] -- Installing: /home/ros_ws/ros_ws/b2_ws/src/z1_urdf/install/z1_urdf/share/z1_urdf/meshes/collision/z1_Link03.STL
[0.849s] -- Installing: /home/ros_ws/ros_ws/b2_ws/src/z1_urdf/install/z1_urdf/share/z1_urdf/meshes/collision/z1_GripperMover.STL
[0.850s] -- Installing: /home/ros_ws/ros_ws/b2_ws/src/z1_urdf/install/z1_urdf/share/z1_urdf/meshes/collision/z1_Link02.STL
[0.852s] -- Installing: /home/ros_ws/ros_ws/b2_ws/src/z1_urdf/install/z1_urdf/share/z1_urdf/xacro
[0.852s] -- Installing: /home/ros_ws/ros_ws/b2_ws/src/z1_urdf/install/z1_urdf/share/z1_urdf/xacro/z1.urdf
[0.852s] -- Installing: /home/ros_ws/ros_ws/b2_ws/src/z1_urdf/install/z1_urdf/share/z1_urdf/xacro/gazebo.xacro
[0.852s] -- Installing: /home/ros_ws/ros_ws/b2_ws/src/z1_urdf/install/z1_urdf/share/z1_urdf/xacro/transmission.xacro
[0.852s] -- Installing: /home/ros_ws/ros_ws/b2_ws/src/z1_urdf/install/z1_urdf/share/z1_urdf/xacro/const.xacro
[0.852s] -- Installing: /home/ros_ws/ros_ws/b2_ws/src/z1_urdf/install/z1_urdf/share/z1_urdf/xacro/robot.xacro
[0.853s] -- Installing: /home/ros_ws/ros_ws/b2_ws/src/z1_urdf/install/z1_urdf/share/ament_index/resource_index/package_run_dependencies/z1_urdf
[0.853s] -- Installing: /home/ros_ws/ros_ws/b2_ws/src/z1_urdf/install/z1_urdf/share/ament_index/resource_index/parent_prefix_path/z1_urdf
[0.853s] -- Installing: /home/ros_ws/ros_ws/b2_ws/src/z1_urdf/install/z1_urdf/share/z1_urdf/environment/ament_prefix_path.sh
[0.853s] -- Installing: /home/ros_ws/ros_ws/b2_ws/src/z1_urdf/install/z1_urdf/share/z1_urdf/environment/ament_prefix_path.dsv
[0.854s] -- Installing: /home/ros_ws/ros_ws/b2_ws/src/z1_urdf/install/z1_urdf/share/z1_urdf/environment/path.sh
[0.854s] -- Installing: /home/ros_ws/ros_ws/b2_ws/src/z1_urdf/install/z1_urdf/share/z1_urdf/environment/path.dsv
[0.854s] -- Installing: /home/ros_ws/ros_ws/b2_ws/src/z1_urdf/install/z1_urdf/share/z1_urdf/local_setup.bash
[0.854s] -- Installing: /home/ros_ws/ros_ws/b2_ws/src/z1_urdf/install/z1_urdf/share/z1_urdf/local_setup.sh
[0.854s] -- Installing: /home/ros_ws/ros_ws/b2_ws/src/z1_urdf/install/z1_urdf/share/z1_urdf/local_setup.zsh
[0.855s] -- Installing: /home/ros_ws/ros_ws/b2_ws/src/z1_urdf/install/z1_urdf/share/z1_urdf/local_setup.dsv
[0.855s] -- Installing: /home/ros_ws/ros_ws/b2_ws/src/z1_urdf/install/z1_urdf/share/z1_urdf/package.dsv
[0.855s] -- Installing: /home/ros_ws/ros_ws/b2_ws/src/z1_urdf/install/z1_urdf/share/ament_index/resource_index/packages/z1_urdf
[0.855s] -- Installing: /home/ros_ws/ros_ws/b2_ws/src/z1_urdf/install/z1_urdf/share/z1_urdf/cmake/z1_urdfConfig.cmake
[0.855s] -- Installing: /home/ros_ws/ros_ws/b2_ws/src/z1_urdf/install/z1_urdf/share/z1_urdf/cmake/z1_urdfConfig-version.cmake
[0.855s] -- Installing: /home/ros_ws/ros_ws/b2_ws/src/z1_urdf/install/z1_urdf/share/z1_urdf/package.xml
[0.858s] Invoked command in '/home/ros_ws/ros_ws/b2_ws/src/z1_urdf/build/z1_urdf' returned '0': CMAKE_PREFIX_PATH=${CMAKE_PREFIX_PATH}:/z1_controller:/z1_sdk:/unitree_sdk2:/home/ros_ws/ros_ws/b2_ws/install/b2_nodes:/home/ros_ws/ros_ws/unitree_ros2/cyclonedds_ws/install/b2_nodes:/opt/ros/humble: /usr/bin/cmake --install /home/ros_ws/ros_ws/b2_ws/src/z1_urdf/build/z1_urdf
