[0.015s] Invoking command in '/home/ros_ws/ros_ws/b2_ws/build/b2_ctrl': CMAKE_PREFIX_PATH=/home/ros_ws/ros_ws/b2_ws/install/z1_interfaces:/home/ros_ws/ros_ws/b2_ws/install/z1_urdf:/home/ros_ws/ros_ws/b2_ws/install/z1_nodes:/home/ros_ws/ros_ws/b2_ws/install/b2_ctrl:/home/ros_ws/ros_ws/b2_ws/install/py_cpp:/home/ros_ws/ros_ws/b2_ws/install/b2_urdf:/home/ros_ws/ros_ws/unitree_ros2/cyclonedds_ws/install/unitree_hg:/home/ros_ws/ros_ws/unitree_ros2/cyclonedds_ws/install/unitree_go:/home/ros_ws/ros_ws/unitree_ros2/cyclonedds_ws/install/unitree_api:/home/ros_ws/ros_ws/unitree_ros2/cyclonedds_ws/install/rmw_cyclonedds_cpp:/home/ros_ws/ros_ws/unitree_ros2/cyclonedds_ws/install/cyclonedds:/unitree_sdk2:/home/ros_ws/ros_ws/b2_ws/install/b2_nodes:/opt/ros/humble: LD_LIBRARY_PATH=/home/ros_ws/ros_ws/b2_ws/install/z1_interfaces/lib:/home/ros_ws/ros_ws/unitree_ros2/cyclonedds_ws/install/unitree_hg/lib:/home/ros_ws/ros_ws/unitree_ros2/cyclonedds_ws/install/unitree_go/lib:/home/ros_ws/ros_ws/unitree_ros2/cyclonedds_ws/install/unitree_api/lib:/home/ros_ws/ros_ws/unitree_ros2/cyclonedds_ws/install/rmw_cyclonedds_cpp/lib:/home/ros_ws/ros_ws/unitree_ros2/cyclonedds_ws/install/cyclonedds/lib:/usr/lib/x86_64-linux-gnu/gazebo-11/plugins:/opt/ros/humble/opt/rviz_ogre_vendor/lib:/opt/ros/humble/lib/x86_64-linux-gnu:/opt/ros/humble/lib:/z1_controller/lib:/z1_sdk/lib:/z1_controller/lib:/z1_sdk/lib /usr/bin/cmake --build /home/ros_ws/ros_ws/b2_ws/build/b2_ctrl -- -j16 -l16
[0.046s] -- Found ament_cmake: 1.3.11 (/opt/ros/humble/share/ament_cmake/cmake)
[0.195s] [31mCMake Error at CMakeLists.txt:36 (find_package):
[0.195s]   By not providing "Findncurses.cmake" in CMAKE_MODULE_PATH this project has
[0.195s]   asked CMake to find a package configuration file provided by "ncurses", but
[0.195s]   CMake did not find one.
[0.195s] 
[0.195s]   Could not find a package configuration file provided by "ncurses" with any
[0.196s]   of the following names:
[0.196s] 
[0.196s]     ncursesConfig.cmake
[0.196s]     ncurses-config.cmake
[0.196s] 
[0.196s]   Add the installation prefix of "ncurses" to CMAKE_PREFIX_PATH or set
[0.196s]   "ncurses_DIR" to a directory containing one of the above files.  If
[0.196s]   "ncurses" provides a separate development package or SDK, be sure it has
[0.196s]   been installed.
[0.196s] 
[0.196s] [0m
[0.196s] -- Configuring incomplete, errors occurred!
[0.196s] See also "/home/ros_ws/ros_ws/b2_ws/build/b2_ctrl/CMakeFiles/CMakeOutput.log".
[0.198s] gmake: *** [Makefile:682: cmake_check_build_system] Error 1
[0.200s] Invoked command in '/home/ros_ws/ros_ws/b2_ws/build/b2_ctrl' returned '2': CMAKE_PREFIX_PATH=/home/ros_ws/ros_ws/b2_ws/install/z1_interfaces:/home/ros_ws/ros_ws/b2_ws/install/z1_urdf:/home/ros_ws/ros_ws/b2_ws/install/z1_nodes:/home/ros_ws/ros_ws/b2_ws/install/b2_ctrl:/home/ros_ws/ros_ws/b2_ws/install/py_cpp:/home/ros_ws/ros_ws/b2_ws/install/b2_urdf:/home/ros_ws/ros_ws/unitree_ros2/cyclonedds_ws/install/unitree_hg:/home/ros_ws/ros_ws/unitree_ros2/cyclonedds_ws/install/unitree_go:/home/ros_ws/ros_ws/unitree_ros2/cyclonedds_ws/install/unitree_api:/home/ros_ws/ros_ws/unitree_ros2/cyclonedds_ws/install/rmw_cyclonedds_cpp:/home/ros_ws/ros_ws/unitree_ros2/cyclonedds_ws/install/cyclonedds:/unitree_sdk2:/home/ros_ws/ros_ws/b2_ws/install/b2_nodes:/opt/ros/humble: LD_LIBRARY_PATH=/home/ros_ws/ros_ws/b2_ws/install/z1_interfaces/lib:/home/ros_ws/ros_ws/unitree_ros2/cyclonedds_ws/install/unitree_hg/lib:/home/ros_ws/ros_ws/unitree_ros2/cyclonedds_ws/install/unitree_go/lib:/home/ros_ws/ros_ws/unitree_ros2/cyclonedds_ws/install/unitree_api/lib:/home/ros_ws/ros_ws/unitree_ros2/cyclonedds_ws/install/rmw_cyclonedds_cpp/lib:/home/ros_ws/ros_ws/unitree_ros2/cyclonedds_ws/install/cyclonedds/lib:/usr/lib/x86_64-linux-gnu/gazebo-11/plugins:/opt/ros/humble/opt/rviz_ogre_vendor/lib:/opt/ros/humble/lib/x86_64-linux-gnu:/opt/ros/humble/lib:/z1_controller/lib:/z1_sdk/lib:/z1_controller/lib:/z1_sdk/lib /usr/bin/cmake --build /home/ros_ws/ros_ws/b2_ws/build/b2_ctrl -- -j16 -l16
