[0.013s] Invoking command in '/home/ros_ws/ros_ws/b2_ws/build/b2_ctrl': CMAKE_PREFIX_PATH=${CMAKE_PREFIX_PATH}:/unitree_sdk2:/home/ros_ws/ros_ws/b2_ws/install/b2_nodes:/opt/ros/humble: /usr/bin/cmake --build /home/ros_ws/ros_ws/b2_ws/build/b2_ctrl -- -j16 -l16
[0.074s] [35m[1mConsolidate compiler generated dependencies of target sport_mode_ctrl[0m
[0.094s] [ 10%] Built target read_motion_state
[0.095s] [ 20%] Built target read_wireless_controller
[0.096s] [ 30%] Built target read_low_state_hg
[0.096s] [ 45%] Built target g1_low_level_example
[0.097s] [ 60%] Built target low_level_ctrl_hg
[0.097s] [ 75%] Built target low_level_ctrl
[0.098s] [ 85%] Built target read_low_state
[0.110s] [ 90%] [32mBuilding CXX object CMakeFiles/sport_mode_ctrl.dir/src/sport_mode_ctrl.cpp.o[0m
[8.030s] [ 95%] [32m[1mLinking CXX executable sport_mode_ctrl[0m
[8.442s] [100%] Built target sport_mode_ctrl
[8.456s] Invoked command in '/home/ros_ws/ros_ws/b2_ws/build/b2_ctrl' returned '0': CMAKE_PREFIX_PATH=${CMAKE_PREFIX_PATH}:/unitree_sdk2:/home/ros_ws/ros_ws/b2_ws/install/b2_nodes:/opt/ros/humble: /usr/bin/cmake --build /home/ros_ws/ros_ws/b2_ws/build/b2_ctrl -- -j16 -l16
[8.552s] Invoking command in '/home/ros_ws/ros_ws/b2_ws/build/b2_ctrl': CMAKE_PREFIX_PATH=${CMAKE_PREFIX_PATH}:/unitree_sdk2:/home/ros_ws/ros_ws/b2_ws/install/b2_nodes:/opt/ros/humble: /usr/bin/cmake --install /home/ros_ws/ros_ws/b2_ws/build/b2_ctrl
[8.562s] -- Install configuration: ""
[8.562s] -- Up-to-date: /home/ros_ws/ros_ws/b2_ws/install/b2_ctrl/bin/low_level_ctrl
[8.562s] -- Up-to-date: /home/ros_ws/ros_ws/b2_ws/install/b2_ctrl/bin/low_level_ctrl_hg
[8.563s] -- Up-to-date: /home/ros_ws/ros_ws/b2_ws/install/b2_ctrl/bin/g1_low_level_example
[8.563s] -- Up-to-date: /home/ros_ws/ros_ws/b2_ws/install/b2_ctrl/bin/read_low_state
[8.563s] -- Up-to-date: /home/ros_ws/ros_ws/b2_ws/install/b2_ctrl/bin/read_low_state_hg
[8.564s] -- Up-to-date: /home/ros_ws/ros_ws/b2_ws/install/b2_ctrl/bin/read_motion_state
[8.564s] -- Up-to-date: /home/ros_ws/ros_ws/b2_ws/install/b2_ctrl/bin/read_wireless_controller
[8.564s] -- Installing: /home/ros_ws/ros_ws/b2_ws/install/b2_ctrl/bin/sport_mode_ctrl
[8.572s] -- Set runtime path of "/home/ros_ws/ros_ws/b2_ws/install/b2_ctrl/bin/sport_mode_ctrl" to ""
[8.572s] -- Up-to-date: /home/ros_ws/ros_ws/b2_ws/install/b2_ctrl/share/ament_index/resource_index/package_run_dependencies/b2_ctrl
[8.572s] -- Up-to-date: /home/ros_ws/ros_ws/b2_ws/install/b2_ctrl/share/ament_index/resource_index/parent_prefix_path/b2_ctrl
[8.572s] -- Up-to-date: /home/ros_ws/ros_ws/b2_ws/install/b2_ctrl/share/b2_ctrl/environment/ament_prefix_path.sh
[8.572s] -- Up-to-date: /home/ros_ws/ros_ws/b2_ws/install/b2_ctrl/share/b2_ctrl/environment/ament_prefix_path.dsv
[8.572s] -- Up-to-date: /home/ros_ws/ros_ws/b2_ws/install/b2_ctrl/share/b2_ctrl/environment/path.sh
[8.573s] -- Up-to-date: /home/ros_ws/ros_ws/b2_ws/install/b2_ctrl/share/b2_ctrl/environment/path.dsv
[8.573s] -- Up-to-date: /home/ros_ws/ros_ws/b2_ws/install/b2_ctrl/share/b2_ctrl/local_setup.bash
[8.573s] -- Up-to-date: /home/ros_ws/ros_ws/b2_ws/install/b2_ctrl/share/b2_ctrl/local_setup.sh
[8.573s] -- Up-to-date: /home/ros_ws/ros_ws/b2_ws/install/b2_ctrl/share/b2_ctrl/local_setup.zsh
[8.573s] -- Up-to-date: /home/ros_ws/ros_ws/b2_ws/install/b2_ctrl/share/b2_ctrl/local_setup.dsv
[8.573s] -- Installing: /home/ros_ws/ros_ws/b2_ws/install/b2_ctrl/share/b2_ctrl/package.dsv
[8.573s] -- Up-to-date: /home/ros_ws/ros_ws/b2_ws/install/b2_ctrl/share/ament_index/resource_index/packages/b2_ctrl
[8.573s] -- Up-to-date: /home/ros_ws/ros_ws/b2_ws/install/b2_ctrl/share/b2_ctrl/cmake/b2_ctrlConfig.cmake
[8.573s] -- Up-to-date: /home/ros_ws/ros_ws/b2_ws/install/b2_ctrl/share/b2_ctrl/cmake/b2_ctrlConfig-version.cmake
[8.574s] -- Up-to-date: /home/ros_ws/ros_ws/b2_ws/install/b2_ctrl/share/b2_ctrl/package.xml
[8.575s] Invoked command in '/home/ros_ws/ros_ws/b2_ws/build/b2_ctrl' returned '0': CMAKE_PREFIX_PATH=${CMAKE_PREFIX_PATH}:/unitree_sdk2:/home/ros_ws/ros_ws/b2_ws/install/b2_nodes:/opt/ros/humble: /usr/bin/cmake --install /home/ros_ws/ros_ws/b2_ws/build/b2_ctrl
