-- Found ament_cmake: 1.3.11 (/opt/ros/humble/share/ament_cmake/cmake)
-- Override CMake install command with custom implementation using symlinks instead of copying resources
-- Found unitree_go: 0.0.0 (/home/ros_ws/ros_ws/unitree_ros2/cyclonedds_ws/install/unitree_go/share/unitree_go/cmake)
-- Found rosidl_generator_c: 3.1.5 (/opt/ros/humble/share/rosidl_generator_c/cmake)
-- Found rosidl_adapter: 3.1.5 (/opt/ros/humble/share/rosidl_adapter/cmake)
-- Found rosidl_generator_cpp: 3.1.5 (/opt/ros/humble/share/rosidl_generator_cpp/cmake)
-- Using all available rosidl_typesupport_c: rosidl_typesupport_fastrtps_c;rosidl_typesupport_introspection_c
-- Using all available rosidl_typesupport_cpp: rosidl_typesupport_fastrtps_cpp;rosidl_typesupport_introspection_cpp
-- Found unitree_hg: 0.0.0 (/home/ros_ws/ros_ws/unitree_ros2/cyclonedds_ws/install/unitree_hg/share/unitree_hg/cmake)
-- Found unitree_api: 0.0.0 (/home/ros_ws/ros_ws/unitree_ros2/cyclonedds_ws/install/unitree_api/share/unitree_api/cmake)
-- Found rclcpp: 16.0.10 (/opt/ros/humble/share/rclcpp/cmake)
-- Found rmw_implementation_cmake: 6.1.2 (/opt/ros/humble/share/rmw_implementation_cmake/cmake)
-- Found rmw_cyclonedds_cpp: 1.3.4 (/home/ros_ws/ros_ws/unitree_ros2/cyclonedds_ws/install/rmw_cyclonedds_cpp/share/rmw_cyclonedds_cpp/cmake)
-- Using RMW implementation 'rmw_cyclonedds_cpp' as default
-- Found rosbag2_cpp: 0.15.12 (/opt/ros/humble/share/rosbag2_cpp/cmake)
-- Found z1_interfaces: 0.0.0 (/home/ros_ws/ros_ws/b2_ws/install/z1_interfaces/share/z1_interfaces/cmake)
-- Found ament_lint_auto: 0.12.11 (/opt/ros/humble/share/ament_lint_auto/cmake)
-- Added test 'copyright' to check source files copyright and LICENSE
-- Added test 'cppcheck' to perform static code analysis on C / C++ code
-- Configured cppcheck include dirs: /home/ros_ws/ros_ws/b2_ws/src/b2_ctrl/include;/home/ros_ws/ros_ws/b2_ws/src/b2_ctrl/include/common;/home/ros_ws/ros_ws/b2_ws/src/b2_ctrl/include/nlohmann
-- Configured cppcheck exclude dirs and/or files: 
-- Added test 'cpplint' to check C / C++ code against the Google style
-- Configured cpplint exclude dirs and/or files: 
-- Added test 'lint_cmake' to check CMake code style
-- Added test 'uncrustify' to check C / C++ code style
-- Configured uncrustify additional arguments: 
-- Added test 'xmllint' to check XML markup files
-- Configuring done
-- Generating done
-- Build files have been written to: /home/ros_ws/ros_ws/b2_ws/build/b2_ctrl
[35m[1mConsolidate compiler generated dependencies of target read_low_state_hg[0m
[35m[1mConsolidate compiler generated dependencies of target read_low_state[0m
[35m[1mConsolidate compiler generated dependencies of target low_level_ctrl[0m
[35m[1mConsolidate compiler generated dependencies of target sport_mode_ctrl[0m
[35m[1mConsolidate compiler generated dependencies of target read_motion_state[0m
[35m[1mConsolidate compiler generated dependencies of target read_wireless_controller[0m
[35m[1mConsolidate compiler generated dependencies of target b2_z1_control[0m
[ 17%] Built target read_motion_state
[ 23%] Built target read_low_state
[ 35%] Built target read_low_state_hg
[ 47%] Built target read_wireless_controller
[ 82%] Built target sport_mode_ctrl
[ 82%] Built target low_level_ctrl
[100%] Built target b2_z1_control
-- Install configuration: ""
-- Execute custom install script
-- Up-to-date symlink: /home/ros_ws/ros_ws/b2_ws/install/b2_ctrl/lib/b2_ctrl/low_level_ctrl
-- Up-to-date symlink: /home/ros_ws/ros_ws/b2_ws/install/b2_ctrl/lib/b2_ctrl/read_low_state
-- Up-to-date symlink: /home/ros_ws/ros_ws/b2_ws/install/b2_ctrl/lib/b2_ctrl/read_low_state_hg
-- Up-to-date symlink: /home/ros_ws/ros_ws/b2_ws/install/b2_ctrl/lib/b2_ctrl/read_motion_state
-- Up-to-date symlink: /home/ros_ws/ros_ws/b2_ws/install/b2_ctrl/lib/b2_ctrl/read_wireless_controller
-- Up-to-date symlink: /home/ros_ws/ros_ws/b2_ws/install/b2_ctrl/lib/b2_ctrl/sport_mode_ctrl
-- Up-to-date symlink: /home/ros_ws/ros_ws/b2_ws/install/b2_ctrl/lib/b2_ctrl/b2_z1_control
-- Up-to-date symlink: /home/ros_ws/ros_ws/b2_ws/install/b2_ctrl/share/ament_index/resource_index/package_run_dependencies/b2_ctrl
-- Up-to-date symlink: /home/ros_ws/ros_ws/b2_ws/install/b2_ctrl/share/ament_index/resource_index/parent_prefix_path/b2_ctrl
-- Up-to-date symlink: /home/ros_ws/ros_ws/b2_ws/install/b2_ctrl/share/b2_ctrl/environment/ament_prefix_path.sh
-- Up-to-date symlink: /home/ros_ws/ros_ws/b2_ws/install/b2_ctrl/share/b2_ctrl/environment/ament_prefix_path.dsv
-- Up-to-date symlink: /home/ros_ws/ros_ws/b2_ws/install/b2_ctrl/share/b2_ctrl/environment/path.sh
-- Up-to-date symlink: /home/ros_ws/ros_ws/b2_ws/install/b2_ctrl/share/b2_ctrl/environment/path.dsv
-- Up-to-date symlink: /home/ros_ws/ros_ws/b2_ws/install/b2_ctrl/share/b2_ctrl/local_setup.bash
-- Up-to-date symlink: /home/ros_ws/ros_ws/b2_ws/install/b2_ctrl/share/b2_ctrl/local_setup.sh
-- Up-to-date symlink: /home/ros_ws/ros_ws/b2_ws/install/b2_ctrl/share/b2_ctrl/local_setup.zsh
-- Up-to-date symlink: /home/ros_ws/ros_ws/b2_ws/install/b2_ctrl/share/b2_ctrl/local_setup.dsv
-- Symlinking: /home/ros_ws/ros_ws/b2_ws/install/b2_ctrl/share/b2_ctrl/package.dsv
-- Up-to-date symlink: /home/ros_ws/ros_ws/b2_ws/install/b2_ctrl/share/ament_index/resource_index/packages/b2_ctrl
-- Up-to-date symlink: /home/ros_ws/ros_ws/b2_ws/install/b2_ctrl/share/b2_ctrl/cmake/b2_ctrlConfig.cmake
-- Up-to-date symlink: /home/ros_ws/ros_ws/b2_ws/install/b2_ctrl/share/b2_ctrl/cmake/b2_ctrlConfig-version.cmake
-- Up-to-date symlink: /home/ros_ws/ros_ws/b2_ws/install/b2_ctrl/share/b2_ctrl/package.xml
