[0.670s] Invoking command in '/home/ros_ws/ros_ws/b2_ws/build/b2_nodes': PYTHONPATH=/home/ros_ws/ros_ws/b2_ws/build/b2_nodes/prefix_override:/usr/lib/python3/dist-packages/colcon_core/task/python/colcon_distutils_commands:/home/ros_ws/ros_ws/b2_ws/install/b2_nodes/lib/python3.10/site-packages:${PYTHONPATH} /usr/bin/python3 -W ignore:setup.py install is deprecated setup.py develop --uninstall --editable --build-directory /home/ros_ws/ros_ws/b2_ws/build/b2_nodes/build
[0.939s] running develop
[0.940s] /usr/lib/python3/dist-packages/setuptools/command/easy_install.py:158: EasyInstallDeprecationWarning: easy_install command is deprecated. Use build and pip and other standards-based tools.
[0.940s]   warnings.warn(
[1.086s] Removing /home/ros_ws/ros_ws/b2_ws/install/b2_nodes/lib/python3.10/site-packages/b2-nodes.egg-link (link to .)
[1.114s] Invoked command in '/home/ros_ws/ros_ws/b2_ws/build/b2_nodes' returned '0': PYTHONPATH=/home/ros_ws/ros_ws/b2_ws/build/b2_nodes/prefix_override:/usr/lib/python3/dist-packages/colcon_core/task/python/colcon_distutils_commands:/home/ros_ws/ros_ws/b2_ws/install/b2_nodes/lib/python3.10/site-packages:${PYTHONPATH} /usr/bin/python3 -W ignore:setup.py install is deprecated setup.py develop --uninstall --editable --build-directory /home/ros_ws/ros_ws/b2_ws/build/b2_nodes/build
[1.115s] Invoking command in '/home/ros_ws/ros_ws/b2_ws/src/b2_nodes': PYTHONPATH=/home/ros_ws/ros_ws/b2_ws/build/b2_nodes/prefix_override:/usr/lib/python3/dist-packages/colcon_core/task/python/colcon_distutils_commands:/home/ros_ws/ros_ws/b2_ws/install/b2_nodes/lib/python3.10/site-packages:${PYTHONPATH} /usr/bin/python3 -W ignore:setup.py install is deprecated setup.py egg_info --egg-base ../../build/b2_nodes build --build-base /home/ros_ws/ros_ws/b2_ws/build/b2_nodes/build install --record /home/ros_ws/ros_ws/b2_ws/build/b2_nodes/install.log --single-version-externally-managed install_data --force
[1.334s] running egg_info
[1.335s] writing ../../build/b2_nodes/b2_nodes.egg-info/PKG-INFO
[1.335s] writing dependency_links to ../../build/b2_nodes/b2_nodes.egg-info/dependency_links.txt
[1.335s] writing entry points to ../../build/b2_nodes/b2_nodes.egg-info/entry_points.txt
[1.335s] writing requirements to ../../build/b2_nodes/b2_nodes.egg-info/requires.txt
[1.335s] writing top-level names to ../../build/b2_nodes/b2_nodes.egg-info/top_level.txt
[1.337s] reading manifest file '../../build/b2_nodes/b2_nodes.egg-info/SOURCES.txt'
[1.337s] adding license file 'LICENSE'
[1.338s] writing manifest file '../../build/b2_nodes/b2_nodes.egg-info/SOURCES.txt'
[1.338s] running build
[1.338s] running build_py
[1.338s] creating /home/ros_ws/ros_ws/b2_ws/build/b2_nodes/build
[1.338s] creating /home/ros_ws/ros_ws/b2_ws/build/b2_nodes/build/lib
[1.339s] creating /home/ros_ws/ros_ws/b2_ws/build/b2_nodes/build/lib/b2_nodes
[1.339s] copying b2_nodes/parse_odometry.py -> /home/ros_ws/ros_ws/b2_ws/build/b2_nodes/build/lib/b2_nodes
[1.340s] copying b2_nodes/parse_joint_state_z1_b2.py -> /home/ros_ws/ros_ws/b2_ws/build/b2_nodes/build/lib/b2_nodes
[1.340s] copying b2_nodes/print_joint_state.py -> /home/ros_ws/ros_ws/b2_ws/build/b2_nodes/build/lib/b2_nodes
[1.340s] copying b2_nodes/__init__.py -> /home/ros_ws/ros_ws/b2_ws/build/b2_nodes/build/lib/b2_nodes
[1.340s] copying b2_nodes/keyboard_control.py -> /home/ros_ws/ros_ws/b2_ws/build/b2_nodes/build/lib/b2_nodes
[1.340s] copying b2_nodes/parse_joint_state.py -> /home/ros_ws/ros_ws/b2_ws/build/b2_nodes/build/lib/b2_nodes
[1.340s] running install
[1.340s] running install_lib
[1.341s] creating /home/ros_ws/ros_ws/b2_ws/install/b2_nodes/lib/python3.10/site-packages/b2_nodes
[1.341s] copying /home/ros_ws/ros_ws/b2_ws/build/b2_nodes/build/lib/b2_nodes/parse_odometry.py -> /home/ros_ws/ros_ws/b2_ws/install/b2_nodes/lib/python3.10/site-packages/b2_nodes
[1.341s] copying /home/ros_ws/ros_ws/b2_ws/build/b2_nodes/build/lib/b2_nodes/parse_joint_state_z1_b2.py -> /home/ros_ws/ros_ws/b2_ws/install/b2_nodes/lib/python3.10/site-packages/b2_nodes
[1.341s] copying /home/ros_ws/ros_ws/b2_ws/build/b2_nodes/build/lib/b2_nodes/print_joint_state.py -> /home/ros_ws/ros_ws/b2_ws/install/b2_nodes/lib/python3.10/site-packages/b2_nodes
[1.341s] copying /home/ros_ws/ros_ws/b2_ws/build/b2_nodes/build/lib/b2_nodes/__init__.py -> /home/ros_ws/ros_ws/b2_ws/install/b2_nodes/lib/python3.10/site-packages/b2_nodes
[1.342s] copying /home/ros_ws/ros_ws/b2_ws/build/b2_nodes/build/lib/b2_nodes/keyboard_control.py -> /home/ros_ws/ros_ws/b2_ws/install/b2_nodes/lib/python3.10/site-packages/b2_nodes
[1.342s] copying /home/ros_ws/ros_ws/b2_ws/build/b2_nodes/build/lib/b2_nodes/parse_joint_state.py -> /home/ros_ws/ros_ws/b2_ws/install/b2_nodes/lib/python3.10/site-packages/b2_nodes
[1.342s] byte-compiling /home/ros_ws/ros_ws/b2_ws/install/b2_nodes/lib/python3.10/site-packages/b2_nodes/parse_odometry.py to parse_odometry.cpython-310.pyc
[1.343s] byte-compiling /home/ros_ws/ros_ws/b2_ws/install/b2_nodes/lib/python3.10/site-packages/b2_nodes/parse_joint_state_z1_b2.py to parse_joint_state_z1_b2.cpython-310.pyc
[1.344s] byte-compiling /home/ros_ws/ros_ws/b2_ws/install/b2_nodes/lib/python3.10/site-packages/b2_nodes/print_joint_state.py to print_joint_state.cpython-310.pyc
[1.344s] byte-compiling /home/ros_ws/ros_ws/b2_ws/install/b2_nodes/lib/python3.10/site-packages/b2_nodes/__init__.py to __init__.cpython-310.pyc
[1.344s] byte-compiling /home/ros_ws/ros_ws/b2_ws/install/b2_nodes/lib/python3.10/site-packages/b2_nodes/keyboard_control.py to keyboard_control.cpython-310.pyc
[1.345s] byte-compiling /home/ros_ws/ros_ws/b2_ws/install/b2_nodes/lib/python3.10/site-packages/b2_nodes/parse_joint_state.py to parse_joint_state.cpython-310.pyc
[1.345s] running install_data
[1.345s] copying resource/b2_nodes -> /home/ros_ws/ros_ws/b2_ws/install/b2_nodes/share/ament_index/resource_index/packages
[1.346s] copying package.xml -> /home/ros_ws/ros_ws/b2_ws/install/b2_nodes/share/b2_nodes
[1.346s] running install_egg_info
[1.348s] Copying ../../build/b2_nodes/b2_nodes.egg-info to /home/ros_ws/ros_ws/b2_ws/install/b2_nodes/lib/python3.10/site-packages/b2_nodes-0.0.0-py3.10.egg-info
[1.349s] running install_scripts
[1.368s] Installing keyboard_control script to /home/ros_ws/ros_ws/b2_ws/install/b2_nodes/lib/b2_nodes
[1.369s] Installing parse_joint_state script to /home/ros_ws/ros_ws/b2_ws/install/b2_nodes/lib/b2_nodes
[1.369s] Installing parse_joint_state_z1_b2 script to /home/ros_ws/ros_ws/b2_ws/install/b2_nodes/lib/b2_nodes
[1.369s] Installing parse_odometry script to /home/ros_ws/ros_ws/b2_ws/install/b2_nodes/lib/b2_nodes
[1.369s] Installing print_joint_state script to /home/ros_ws/ros_ws/b2_ws/install/b2_nodes/lib/b2_nodes
[1.369s] writing list of installed files to '/home/ros_ws/ros_ws/b2_ws/build/b2_nodes/install.log'
[1.407s] Invoked command in '/home/ros_ws/ros_ws/b2_ws/src/b2_nodes' returned '0': PYTHONPATH=/home/ros_ws/ros_ws/b2_ws/build/b2_nodes/prefix_override:/usr/lib/python3/dist-packages/colcon_core/task/python/colcon_distutils_commands:/home/ros_ws/ros_ws/b2_ws/install/b2_nodes/lib/python3.10/site-packages:${PYTHONPATH} /usr/bin/python3 -W ignore:setup.py install is deprecated setup.py egg_info --egg-base ../../build/b2_nodes build --build-base /home/ros_ws/ros_ws/b2_ws/build/b2_nodes/build install --record /home/ros_ws/ros_ws/b2_ws/build/b2_nodes/install.log --single-version-externally-managed install_data --force
