[0.013s] Invoking command in '/home/ros_ws/ros_ws/b2_ws/build/z1_nodes': CMAKE_PREFIX_PATH=/home/ros_ws/ros_ws/b2_ws/install/z1_interfaces:/home/ros_ws/ros_ws/b2_ws/install/b2_nodes:/unitree_sdk2_python/unitree_sdk2py:/home/ros_ws/ros_ws/b2_ws/install/z1_urdf:/home/ros_ws/ros_ws/b2_ws/install/z1_nodes:/home/ros_ws/ros_ws/b2_ws/install/py_cpp:/home/ros_ws/ros_ws/b2_ws/install/b2_urdf:/home/ros_ws/ros_ws/unitree_ros2/cyclonedds_ws/install/unitree_hg:/home/ros_ws/ros_ws/unitree_ros2/cyclonedds_ws/install/unitree_go:/home/ros_ws/ros_ws/unitree_ros2/cyclonedds_ws/install/unitree_api:/home/ros_ws/ros_ws/unitree_ros2/cyclonedds_ws/install/rmw_cyclonedds_cpp:/home/ros_ws/ros_ws/unitree_ros2/cyclonedds_ws/install/cyclonedds:/unitree_sdk2:/opt/ros/humble: LD_LIBRARY_PATH=/home/ros_ws/ros_ws/b2_ws/install/z1_interfaces/lib:/home/ros_ws/ros_ws/b2_ws/install/z1_nodes/lib:/home/ros_ws/ros_ws/unitree_ros2/cyclonedds_ws/install/unitree_hg/lib:/home/ros_ws/ros_ws/unitree_ros2/cyclonedds_ws/install/unitree_go/lib:/home/ros_ws/ros_ws/unitree_ros2/cyclonedds_ws/install/unitree_api/lib:/home/ros_ws/ros_ws/unitree_ros2/cyclonedds_ws/install/rmw_cyclonedds_cpp/lib:/home/ros_ws/ros_ws/unitree_ros2/cyclonedds_ws/install/cyclonedds/lib:/usr/lib/x86_64-linux-gnu/gazebo-11/plugins:/opt/ros/humble/opt/rviz_ogre_vendor/lib:/opt/ros/humble/lib/x86_64-linux-gnu:/opt/ros/humble/lib:/z1_controller/lib:/z1_sdk/lib:/z1_controller/lib:/z1_sdk/lib /usr/bin/cmake /home/ros_ws/ros_ws/b2_ws/src/z1_nodes -DCMAKE_INSTALL_PREFIX=/home/ros_ws/ros_ws/b2_ws/install/z1_nodes
[0.026s] -- Found ament_cmake: 1.3.11 (/opt/ros/humble/share/ament_cmake/cmake)
[0.145s] -- Override CMake install command with custom implementation using symlinks instead of copying resources
[0.154s] -- Found rclcpp: 16.0.10 (/opt/ros/humble/share/rclcpp/cmake)
[0.182s] -- Found rosidl_generator_c: 3.1.5 (/opt/ros/humble/share/rosidl_generator_c/cmake)
[0.184s] -- Found rosidl_adapter: 3.1.5 (/opt/ros/humble/share/rosidl_adapter/cmake)
[0.190s] -- Found rosidl_generator_cpp: 3.1.5 (/opt/ros/humble/share/rosidl_generator_cpp/cmake)
[0.200s] -- Using all available rosidl_typesupport_c: rosidl_typesupport_fastrtps_c;rosidl_typesupport_introspection_c
[0.211s] -- Using all available rosidl_typesupport_cpp: rosidl_typesupport_fastrtps_cpp;rosidl_typesupport_introspection_cpp
[0.239s] -- Found rmw_implementation_cmake: 6.1.2 (/opt/ros/humble/share/rmw_implementation_cmake/cmake)
[0.240s] -- Found rmw_cyclonedds_cpp: 1.3.4 (/home/ros_ws/ros_ws/unitree_ros2/cyclonedds_ws/install/rmw_cyclonedds_cpp/share/rmw_cyclonedds_cpp/cmake)
[0.256s] -- Using RMW implementation 'rmw_cyclonedds_cpp' as default
[0.296s] -- Found rclpy: 3.3.14 (/opt/ros/humble/share/rclpy/cmake)
[0.297s] -- Found sensor_msgs: 4.2.4 (/opt/ros/humble/share/sensor_msgs/cmake)
[0.323s] -- Found rosidl_default_generators: 1.2.0 (/opt/ros/humble/share/rosidl_default_generators/cmake)
[0.331s] -- Found z1_interfaces: 0.0.0 (/home/ros_ws/ros_ws/b2_ws/install/z1_interfaces/share/z1_interfaces/cmake)
[0.349s] -- Found ament_lint_auto: 0.12.11 (/opt/ros/humble/share/ament_lint_auto/cmake)
[0.423s] -- Added test 'cppcheck' to perform static code analysis on C / C++ code
[0.423s] -- Configured cppcheck include dirs: /home/ros_ws/ros_ws/b2_ws/src/z1_nodes/msg;/home/ros_ws/ros_ws/b2_ws/src/z1_nodes/include
[0.423s] -- Configured cppcheck exclude dirs and/or files: 
[0.424s] -- Added test 'flake8' to check Python code syntax and style conventions
[0.426s] -- Added test 'lint_cmake' to check CMake code style
[0.427s] -- Added test 'pep257' to check Python code against some of the docstring style conventions in PEP 257
[0.433s] -- Added test 'uncrustify' to check C / C++ code style
[0.433s] -- Configured uncrustify additional arguments: 
[0.434s] -- Added test 'xmllint' to check XML markup files
[0.436s] -- Configuring done
[0.454s] -- Generating done
[0.456s] -- Build files have been written to: /home/ros_ws/ros_ws/b2_ws/build/z1_nodes
[0.462s] Invoked command in '/home/ros_ws/ros_ws/b2_ws/build/z1_nodes' returned '0': CMAKE_PREFIX_PATH=/home/ros_ws/ros_ws/b2_ws/install/z1_interfaces:/home/ros_ws/ros_ws/b2_ws/install/b2_nodes:/unitree_sdk2_python/unitree_sdk2py:/home/ros_ws/ros_ws/b2_ws/install/z1_urdf:/home/ros_ws/ros_ws/b2_ws/install/z1_nodes:/home/ros_ws/ros_ws/b2_ws/install/py_cpp:/home/ros_ws/ros_ws/b2_ws/install/b2_urdf:/home/ros_ws/ros_ws/unitree_ros2/cyclonedds_ws/install/unitree_hg:/home/ros_ws/ros_ws/unitree_ros2/cyclonedds_ws/install/unitree_go:/home/ros_ws/ros_ws/unitree_ros2/cyclonedds_ws/install/unitree_api:/home/ros_ws/ros_ws/unitree_ros2/cyclonedds_ws/install/rmw_cyclonedds_cpp:/home/ros_ws/ros_ws/unitree_ros2/cyclonedds_ws/install/cyclonedds:/unitree_sdk2:/opt/ros/humble: LD_LIBRARY_PATH=/home/ros_ws/ros_ws/b2_ws/install/z1_interfaces/lib:/home/ros_ws/ros_ws/b2_ws/install/z1_nodes/lib:/home/ros_ws/ros_ws/unitree_ros2/cyclonedds_ws/install/unitree_hg/lib:/home/ros_ws/ros_ws/unitree_ros2/cyclonedds_ws/install/unitree_go/lib:/home/ros_ws/ros_ws/unitree_ros2/cyclonedds_ws/install/unitree_api/lib:/home/ros_ws/ros_ws/unitree_ros2/cyclonedds_ws/install/rmw_cyclonedds_cpp/lib:/home/ros_ws/ros_ws/unitree_ros2/cyclonedds_ws/install/cyclonedds/lib:/usr/lib/x86_64-linux-gnu/gazebo-11/plugins:/opt/ros/humble/opt/rviz_ogre_vendor/lib:/opt/ros/humble/lib/x86_64-linux-gnu:/opt/ros/humble/lib:/z1_controller/lib:/z1_sdk/lib:/z1_controller/lib:/z1_sdk/lib /usr/bin/cmake /home/ros_ws/ros_ws/b2_ws/src/z1_nodes -DCMAKE_INSTALL_PREFIX=/home/ros_ws/ros_ws/b2_ws/install/z1_nodes
[0.464s] Invoking command in '/home/ros_ws/ros_ws/b2_ws/build/z1_nodes': CMAKE_PREFIX_PATH=/home/ros_ws/ros_ws/b2_ws/install/z1_interfaces:/home/ros_ws/ros_ws/b2_ws/install/b2_nodes:/unitree_sdk2_python/unitree_sdk2py:/home/ros_ws/ros_ws/b2_ws/install/z1_urdf:/home/ros_ws/ros_ws/b2_ws/install/z1_nodes:/home/ros_ws/ros_ws/b2_ws/install/py_cpp:/home/ros_ws/ros_ws/b2_ws/install/b2_urdf:/home/ros_ws/ros_ws/unitree_ros2/cyclonedds_ws/install/unitree_hg:/home/ros_ws/ros_ws/unitree_ros2/cyclonedds_ws/install/unitree_go:/home/ros_ws/ros_ws/unitree_ros2/cyclonedds_ws/install/unitree_api:/home/ros_ws/ros_ws/unitree_ros2/cyclonedds_ws/install/rmw_cyclonedds_cpp:/home/ros_ws/ros_ws/unitree_ros2/cyclonedds_ws/install/cyclonedds:/unitree_sdk2:/opt/ros/humble: LD_LIBRARY_PATH=/home/ros_ws/ros_ws/b2_ws/install/z1_interfaces/lib:/home/ros_ws/ros_ws/b2_ws/install/z1_nodes/lib:/home/ros_ws/ros_ws/unitree_ros2/cyclonedds_ws/install/unitree_hg/lib:/home/ros_ws/ros_ws/unitree_ros2/cyclonedds_ws/install/unitree_go/lib:/home/ros_ws/ros_ws/unitree_ros2/cyclonedds_ws/install/unitree_api/lib:/home/ros_ws/ros_ws/unitree_ros2/cyclonedds_ws/install/rmw_cyclonedds_cpp/lib:/home/ros_ws/ros_ws/unitree_ros2/cyclonedds_ws/install/cyclonedds/lib:/usr/lib/x86_64-linux-gnu/gazebo-11/plugins:/opt/ros/humble/opt/rviz_ogre_vendor/lib:/opt/ros/humble/lib/x86_64-linux-gnu:/opt/ros/humble/lib:/z1_controller/lib:/z1_sdk/lib:/z1_controller/lib:/z1_sdk/lib /usr/bin/cmake --build /home/ros_ws/ros_ws/b2_ws/build/z1_nodes -- -j16 -l16
[0.514s] [35m[1mConsolidate compiler generated dependencies of target z1_parse_joint_state[0m
[0.514s] [35m[1mConsolidate compiler generated dependencies of target z1_manager[0m
[0.544s] [ 50%] Built target z1_parse_joint_state
[0.549s] [100%] Built target z1_manager
[0.563s] Invoked command in '/home/ros_ws/ros_ws/b2_ws/build/z1_nodes' returned '0': CMAKE_PREFIX_PATH=/home/ros_ws/ros_ws/b2_ws/install/z1_interfaces:/home/ros_ws/ros_ws/b2_ws/install/b2_nodes:/unitree_sdk2_python/unitree_sdk2py:/home/ros_ws/ros_ws/b2_ws/install/z1_urdf:/home/ros_ws/ros_ws/b2_ws/install/z1_nodes:/home/ros_ws/ros_ws/b2_ws/install/py_cpp:/home/ros_ws/ros_ws/b2_ws/install/b2_urdf:/home/ros_ws/ros_ws/unitree_ros2/cyclonedds_ws/install/unitree_hg:/home/ros_ws/ros_ws/unitree_ros2/cyclonedds_ws/install/unitree_go:/home/ros_ws/ros_ws/unitree_ros2/cyclonedds_ws/install/unitree_api:/home/ros_ws/ros_ws/unitree_ros2/cyclonedds_ws/install/rmw_cyclonedds_cpp:/home/ros_ws/ros_ws/unitree_ros2/cyclonedds_ws/install/cyclonedds:/unitree_sdk2:/opt/ros/humble: LD_LIBRARY_PATH=/home/ros_ws/ros_ws/b2_ws/install/z1_interfaces/lib:/home/ros_ws/ros_ws/b2_ws/install/z1_nodes/lib:/home/ros_ws/ros_ws/unitree_ros2/cyclonedds_ws/install/unitree_hg/lib:/home/ros_ws/ros_ws/unitree_ros2/cyclonedds_ws/install/unitree_go/lib:/home/ros_ws/ros_ws/unitree_ros2/cyclonedds_ws/install/unitree_api/lib:/home/ros_ws/ros_ws/unitree_ros2/cyclonedds_ws/install/rmw_cyclonedds_cpp/lib:/home/ros_ws/ros_ws/unitree_ros2/cyclonedds_ws/install/cyclonedds/lib:/usr/lib/x86_64-linux-gnu/gazebo-11/plugins:/opt/ros/humble/opt/rviz_ogre_vendor/lib:/opt/ros/humble/lib/x86_64-linux-gnu:/opt/ros/humble/lib:/z1_controller/lib:/z1_sdk/lib:/z1_controller/lib:/z1_sdk/lib /usr/bin/cmake --build /home/ros_ws/ros_ws/b2_ws/build/z1_nodes -- -j16 -l16
[0.612s] Invoking command in '/home/ros_ws/ros_ws/b2_ws/build/z1_nodes': CMAKE_PREFIX_PATH=/home/ros_ws/ros_ws/b2_ws/install/z1_interfaces:/home/ros_ws/ros_ws/b2_ws/install/b2_nodes:/unitree_sdk2_python/unitree_sdk2py:/home/ros_ws/ros_ws/b2_ws/install/z1_urdf:/home/ros_ws/ros_ws/b2_ws/install/z1_nodes:/home/ros_ws/ros_ws/b2_ws/install/py_cpp:/home/ros_ws/ros_ws/b2_ws/install/b2_urdf:/home/ros_ws/ros_ws/unitree_ros2/cyclonedds_ws/install/unitree_hg:/home/ros_ws/ros_ws/unitree_ros2/cyclonedds_ws/install/unitree_go:/home/ros_ws/ros_ws/unitree_ros2/cyclonedds_ws/install/unitree_api:/home/ros_ws/ros_ws/unitree_ros2/cyclonedds_ws/install/rmw_cyclonedds_cpp:/home/ros_ws/ros_ws/unitree_ros2/cyclonedds_ws/install/cyclonedds:/unitree_sdk2:/opt/ros/humble: LD_LIBRARY_PATH=/home/ros_ws/ros_ws/b2_ws/install/z1_interfaces/lib:/home/ros_ws/ros_ws/b2_ws/install/z1_nodes/lib:/home/ros_ws/ros_ws/unitree_ros2/cyclonedds_ws/install/unitree_hg/lib:/home/ros_ws/ros_ws/unitree_ros2/cyclonedds_ws/install/unitree_go/lib:/home/ros_ws/ros_ws/unitree_ros2/cyclonedds_ws/install/unitree_api/lib:/home/ros_ws/ros_ws/unitree_ros2/cyclonedds_ws/install/rmw_cyclonedds_cpp/lib:/home/ros_ws/ros_ws/unitree_ros2/cyclonedds_ws/install/cyclonedds/lib:/usr/lib/x86_64-linux-gnu/gazebo-11/plugins:/opt/ros/humble/opt/rviz_ogre_vendor/lib:/opt/ros/humble/lib/x86_64-linux-gnu:/opt/ros/humble/lib:/z1_controller/lib:/z1_sdk/lib:/z1_controller/lib:/z1_sdk/lib /usr/bin/cmake --install /home/ros_ws/ros_ws/b2_ws/build/z1_nodes
[0.622s] -- Install configuration: ""
[0.622s] -- Execute custom install script
[0.623s] -- Up-to-date symlink: /home/ros_ws/ros_ws/b2_ws/install/z1_nodes/lib/z1_nodes/z1_manager
[0.623s] -- Up-to-date symlink: /home/ros_ws/ros_ws/b2_ws/install/z1_nodes/lib/z1_nodes/z1_parse_joint_state
[0.623s] -- Up-to-date symlink: /home/ros_ws/ros_ws/b2_ws/install/z1_nodes/lib/z1_nodes/z1_motor_state_publisher.py
[0.624s] -- Up-to-date symlink: /home/ros_ws/ros_ws/b2_ws/install/z1_nodes/lib/lib/libZ1_SDK_x86_64.so
[0.624s] -- Up-to-date symlink: /home/ros_ws/ros_ws/b2_ws/install/z1_nodes/lib/lib/libZ1_x86_64.so
[0.624s] -- Up-to-date symlink: /home/ros_ws/ros_ws/b2_ws/install/z1_nodes/lib/lib/unitree_arm_interface.cpython-310-x86_64-linux-gnu.so
[0.624s] -- Up-to-date symlink: /home/ros_ws/ros_ws/b2_ws/install/z1_nodes/lib/lib/unitree_arm_interface.cpython-38-x86_64-linux-gnu.so
[0.624s] -- Up-to-date symlink: /home/ros_ws/ros_ws/b2_ws/install/z1_nodes/share/z1_nodes/src/z1_manager.cpp
[0.624s] -- Up-to-date symlink: /home/ros_ws/ros_ws/b2_ws/install/z1_nodes/share/z1_nodes/src/z1_parse_joint_state.cpp
[0.625s] -- Up-to-date symlink: /home/ros_ws/ros_ws/b2_ws/install/z1_nodes/share/z1_nodes/config/arm_config.yaml
[0.625s] -- Up-to-date symlink: /home/ros_ws/ros_ws/b2_ws/install/z1_nodes/share/z1_nodes/config/config.xml
[0.625s] -- Up-to-date symlink: /home/ros_ws/ros_ws/b2_ws/install/z1_nodes/share/z1_nodes/config/savedArmStates.csv
[0.625s] -- Up-to-date symlink: /home/ros_ws/ros_ws/b2_ws/install/z1_nodes/share/ament_index/resource_index/package_run_dependencies/z1_nodes
[0.626s] -- Up-to-date symlink: /home/ros_ws/ros_ws/b2_ws/install/z1_nodes/share/ament_index/resource_index/parent_prefix_path/z1_nodes
[0.626s] -- Up-to-date symlink: /home/ros_ws/ros_ws/b2_ws/install/z1_nodes/share/z1_nodes/environment/ament_prefix_path.sh
[0.626s] -- Up-to-date symlink: /home/ros_ws/ros_ws/b2_ws/install/z1_nodes/share/z1_nodes/environment/ament_prefix_path.dsv
[0.627s] -- Up-to-date symlink: /home/ros_ws/ros_ws/b2_ws/install/z1_nodes/share/z1_nodes/environment/path.sh
[0.627s] -- Up-to-date symlink: /home/ros_ws/ros_ws/b2_ws/install/z1_nodes/share/z1_nodes/environment/path.dsv
[0.627s] -- Up-to-date symlink: /home/ros_ws/ros_ws/b2_ws/install/z1_nodes/share/z1_nodes/local_setup.bash
[0.627s] -- Up-to-date symlink: /home/ros_ws/ros_ws/b2_ws/install/z1_nodes/share/z1_nodes/local_setup.sh
[0.627s] -- Up-to-date symlink: /home/ros_ws/ros_ws/b2_ws/install/z1_nodes/share/z1_nodes/local_setup.zsh
[0.627s] -- Up-to-date symlink: /home/ros_ws/ros_ws/b2_ws/install/z1_nodes/share/z1_nodes/local_setup.dsv
[0.627s] -- Symlinking: /home/ros_ws/ros_ws/b2_ws/install/z1_nodes/share/z1_nodes/package.dsv
[0.640s] -- Up-to-date symlink: /home/ros_ws/ros_ws/b2_ws/install/z1_nodes/share/ament_index/resource_index/packages/z1_nodes
[0.640s] -- Up-to-date symlink: /home/ros_ws/ros_ws/b2_ws/install/z1_nodes/share/z1_nodes/cmake/z1_nodesConfig.cmake
[0.640s] -- Up-to-date symlink: /home/ros_ws/ros_ws/b2_ws/install/z1_nodes/share/z1_nodes/cmake/z1_nodesConfig-version.cmake
[0.640s] -- Up-to-date symlink: /home/ros_ws/ros_ws/b2_ws/install/z1_nodes/share/z1_nodes/package.xml
[0.642s] Invoked command in '/home/ros_ws/ros_ws/b2_ws/build/z1_nodes' returned '0': CMAKE_PREFIX_PATH=/home/ros_ws/ros_ws/b2_ws/install/z1_interfaces:/home/ros_ws/ros_ws/b2_ws/install/b2_nodes:/unitree_sdk2_python/unitree_sdk2py:/home/ros_ws/ros_ws/b2_ws/install/z1_urdf:/home/ros_ws/ros_ws/b2_ws/install/z1_nodes:/home/ros_ws/ros_ws/b2_ws/install/py_cpp:/home/ros_ws/ros_ws/b2_ws/install/b2_urdf:/home/ros_ws/ros_ws/unitree_ros2/cyclonedds_ws/install/unitree_hg:/home/ros_ws/ros_ws/unitree_ros2/cyclonedds_ws/install/unitree_go:/home/ros_ws/ros_ws/unitree_ros2/cyclonedds_ws/install/unitree_api:/home/ros_ws/ros_ws/unitree_ros2/cyclonedds_ws/install/rmw_cyclonedds_cpp:/home/ros_ws/ros_ws/unitree_ros2/cyclonedds_ws/install/cyclonedds:/unitree_sdk2:/opt/ros/humble: LD_LIBRARY_PATH=/home/ros_ws/ros_ws/b2_ws/install/z1_interfaces/lib:/home/ros_ws/ros_ws/b2_ws/install/z1_nodes/lib:/home/ros_ws/ros_ws/unitree_ros2/cyclonedds_ws/install/unitree_hg/lib:/home/ros_ws/ros_ws/unitree_ros2/cyclonedds_ws/install/unitree_go/lib:/home/ros_ws/ros_ws/unitree_ros2/cyclonedds_ws/install/unitree_api/lib:/home/ros_ws/ros_ws/unitree_ros2/cyclonedds_ws/install/rmw_cyclonedds_cpp/lib:/home/ros_ws/ros_ws/unitree_ros2/cyclonedds_ws/install/cyclonedds/lib:/usr/lib/x86_64-linux-gnu/gazebo-11/plugins:/opt/ros/humble/opt/rviz_ogre_vendor/lib:/opt/ros/humble/lib/x86_64-linux-gnu:/opt/ros/humble/lib:/z1_controller/lib:/z1_sdk/lib:/z1_controller/lib:/z1_sdk/lib /usr/bin/cmake --install /home/ros_ws/ros_ws/b2_ws/build/z1_nodes
