[35m[1mConsolidate compiler generated dependencies of target b2_z1_control[0m
[  8%] Built target read_low_state_hg
[ 17%] Built target read_low_state
[ 30%] Built target low_level_ctrl_hg
[ 43%] Built target g1_low_level_example
[ 52%] Built target read_motion_state
[ 65%] Built target sport_mode_ctrl
[ 73%] Built target read_wireless_controller
[ 86%] Built target low_level_ctrl
[ 91%] [32mBuilding CXX object CMakeFiles/b2_z1_control.dir/src/b2_z1_control.cpp.o[0m
[ 95%] [32m[1mLinking CXX executable b2_z1_control[0m
/usr/bin/ld: CMakeFiles/b2_z1_control.dir/src/b2_z1_control.cpp.o: warning: relocation against `stdscr' in read-only section `.text'
/usr/bin/ld: CMakeFiles/b2_z1_control.dir/src/b2_z1_control.cpp.o: in function `get_key()':
b2_z1_control.cpp:(.text+0x85): undefined reference to `initscr'
/usr/bin/ld: b2_z1_control.cpp:(.text+0x8a): undefined reference to `cbreak'
/usr/bin/ld: b2_z1_control.cpp:(.text+0x8f): undefined reference to `noecho'
/usr/bin/ld: b2_z1_control.cpp:(.text+0x96): undefined reference to `stdscr'
/usr/bin/ld: b2_z1_control.cpp:(.text+0xa3): undefined reference to `nodelay'
/usr/bin/ld: b2_z1_control.cpp:(.text+0xaa): undefined reference to `stdscr'
/usr/bin/ld: b2_z1_control.cpp:(.text+0xb7): undefined reference to `keypad'
/usr/bin/ld: b2_z1_control.cpp:(.text+0xc0): undefined reference to `stdscr'
/usr/bin/ld: b2_z1_control.cpp:(.text+0xc8): undefined reference to `wgetch'
/usr/bin/ld: b2_z1_control.cpp:(.text+0x126): undefined reference to `endwin'
/usr/bin/ld: warning: creating DT_TEXTREL in a PIE
collect2: error: ld returned 1 exit status
gmake[2]: *** [CMakeFiles/b2_z1_control.dir/build.make:221: b2_z1_control] Error 1
gmake[1]: *** [CMakeFiles/Makefile2:361: CMakeFiles/b2_z1_control.dir/all] Error 2
gmake: *** [Makefile:146: all] Error 2
