[0.015s] Invoking command in '/home/ros_ws/ros_ws/b2_ws/build/b2_ctrl': CMAKE_PREFIX_PATH=/home/ros_ws/ros_ws/b2_ws/install/z1_interfaces:/home/ros_ws/ros_ws/b2_ws/install/z1_urdf:/home/ros_ws/ros_ws/b2_ws/install/z1_nodes:/home/ros_ws/ros_ws/b2_ws/install/b2_ctrl:/home/ros_ws/ros_ws/b2_ws/install/py_cpp:/home/ros_ws/ros_ws/b2_ws/install/b2_urdf:/home/ros_ws/ros_ws/unitree_ros2/cyclonedds_ws/install/unitree_hg:/home/ros_ws/ros_ws/unitree_ros2/cyclonedds_ws/install/unitree_go:/home/ros_ws/ros_ws/unitree_ros2/cyclonedds_ws/install/unitree_api:/home/ros_ws/ros_ws/unitree_ros2/cyclonedds_ws/install/rmw_cyclonedds_cpp:/home/ros_ws/ros_ws/unitree_ros2/cyclonedds_ws/install/cyclonedds:/unitree_sdk2:/home/ros_ws/ros_ws/b2_ws/install/b2_nodes:/opt/ros/humble: LD_LIBRARY_PATH=/home/ros_ws/ros_ws/b2_ws/install/z1_interfaces/lib:/home/ros_ws/ros_ws/unitree_ros2/cyclonedds_ws/install/unitree_hg/lib:/home/ros_ws/ros_ws/unitree_ros2/cyclonedds_ws/install/unitree_go/lib:/home/ros_ws/ros_ws/unitree_ros2/cyclonedds_ws/install/unitree_api/lib:/home/ros_ws/ros_ws/unitree_ros2/cyclonedds_ws/install/rmw_cyclonedds_cpp/lib:/home/ros_ws/ros_ws/unitree_ros2/cyclonedds_ws/install/cyclonedds/lib:/usr/lib/x86_64-linux-gnu/gazebo-11/plugins:/opt/ros/humble/opt/rviz_ogre_vendor/lib:/opt/ros/humble/lib/x86_64-linux-gnu:/opt/ros/humble/lib:/z1_controller/lib:/z1_sdk/lib:/z1_controller/lib:/z1_sdk/lib /usr/bin/cmake --build /home/ros_ws/ros_ws/b2_ws/build/b2_ctrl -- -j16 -l16
[0.074s] [35m[1mConsolidate compiler generated dependencies of target b2_z1_control[0m
[0.091s] [  8%] Built target read_low_state_hg
[0.091s] [ 17%] Built target read_low_state
[0.095s] [ 30%] Built target low_level_ctrl_hg
[0.095s] [ 43%] Built target g1_low_level_example
[0.095s] [ 52%] Built target read_motion_state
[0.096s] [ 65%] Built target sport_mode_ctrl
[0.096s] [ 73%] Built target read_wireless_controller
[0.096s] [ 86%] Built target low_level_ctrl
[0.115s] [ 91%] [32mBuilding CXX object CMakeFiles/b2_z1_control.dir/src/b2_z1_control.cpp.o[0m
[7.651s] [ 95%] [32m[1mLinking CXX executable b2_z1_control[0m
[7.943s] /usr/bin/ld: CMakeFiles/b2_z1_control.dir/src/b2_z1_control.cpp.o: warning: relocation against `stdscr' in read-only section `.text'
[7.960s] /usr/bin/ld: CMakeFiles/b2_z1_control.dir/src/b2_z1_control.cpp.o: in function `get_key()':
[7.960s] b2_z1_control.cpp:(.text+0x85): undefined reference to `initscr'
[7.960s] /usr/bin/ld: b2_z1_control.cpp:(.text+0x8a): undefined reference to `cbreak'
[7.961s] /usr/bin/ld: b2_z1_control.cpp:(.text+0x8f): undefined reference to `noecho'
[7.961s] /usr/bin/ld: b2_z1_control.cpp:(.text+0x96): undefined reference to `stdscr'
[7.961s] /usr/bin/ld: b2_z1_control.cpp:(.text+0xa3): undefined reference to `nodelay'
[7.961s] /usr/bin/ld: b2_z1_control.cpp:(.text+0xaa): undefined reference to `stdscr'
[7.961s] /usr/bin/ld: b2_z1_control.cpp:(.text+0xb7): undefined reference to `keypad'
[7.961s] /usr/bin/ld: b2_z1_control.cpp:(.text+0xc0): undefined reference to `stdscr'
[7.961s] /usr/bin/ld: b2_z1_control.cpp:(.text+0xc8): undefined reference to `wgetch'
[7.961s] /usr/bin/ld: b2_z1_control.cpp:(.text+0x126): undefined reference to `endwin'
[8.025s] /usr/bin/ld: warning: creating DT_TEXTREL in a PIE
[8.031s] collect2: error: ld returned 1 exit status
[8.033s] gmake[2]: *** [CMakeFiles/b2_z1_control.dir/build.make:221: b2_z1_control] Error 1
[8.033s] gmake[1]: *** [CMakeFiles/Makefile2:361: CMakeFiles/b2_z1_control.dir/all] Error 2
[8.033s] gmake: *** [Makefile:146: all] Error 2
[8.035s] Invoked command in '/home/ros_ws/ros_ws/b2_ws/build/b2_ctrl' returned '2': CMAKE_PREFIX_PATH=/home/ros_ws/ros_ws/b2_ws/install/z1_interfaces:/home/ros_ws/ros_ws/b2_ws/install/z1_urdf:/home/ros_ws/ros_ws/b2_ws/install/z1_nodes:/home/ros_ws/ros_ws/b2_ws/install/b2_ctrl:/home/ros_ws/ros_ws/b2_ws/install/py_cpp:/home/ros_ws/ros_ws/b2_ws/install/b2_urdf:/home/ros_ws/ros_ws/unitree_ros2/cyclonedds_ws/install/unitree_hg:/home/ros_ws/ros_ws/unitree_ros2/cyclonedds_ws/install/unitree_go:/home/ros_ws/ros_ws/unitree_ros2/cyclonedds_ws/install/unitree_api:/home/ros_ws/ros_ws/unitree_ros2/cyclonedds_ws/install/rmw_cyclonedds_cpp:/home/ros_ws/ros_ws/unitree_ros2/cyclonedds_ws/install/cyclonedds:/unitree_sdk2:/home/ros_ws/ros_ws/b2_ws/install/b2_nodes:/opt/ros/humble: LD_LIBRARY_PATH=/home/ros_ws/ros_ws/b2_ws/install/z1_interfaces/lib:/home/ros_ws/ros_ws/unitree_ros2/cyclonedds_ws/install/unitree_hg/lib:/home/ros_ws/ros_ws/unitree_ros2/cyclonedds_ws/install/unitree_go/lib:/home/ros_ws/ros_ws/unitree_ros2/cyclonedds_ws/install/unitree_api/lib:/home/ros_ws/ros_ws/unitree_ros2/cyclonedds_ws/install/rmw_cyclonedds_cpp/lib:/home/ros_ws/ros_ws/unitree_ros2/cyclonedds_ws/install/cyclonedds/lib:/usr/lib/x86_64-linux-gnu/gazebo-11/plugins:/opt/ros/humble/opt/rviz_ogre_vendor/lib:/opt/ros/humble/lib/x86_64-linux-gnu:/opt/ros/humble/lib:/z1_controller/lib:/z1_sdk/lib:/z1_controller/lib:/z1_sdk/lib /usr/bin/cmake --build /home/ros_ws/ros_ws/b2_ws/build/b2_ctrl -- -j16 -l16
