[0.132s] DEBUG:colcon:Command line arguments: ['/usr/bin/colcon', 'build']
[0.132s] DEBUG:colcon:Parsed command line arguments: Namespace(log_base=None, log_level=None, verb_name='build', build_base='build', install_base='install', merge_install=False, symlink_install=False, test_result_base=None, continue_on_error=False, executor='parallel', parallel_workers=16, event_handlers=None, ignore_user_meta=False, metas=['./colcon.meta'], base_paths=['.'], packages_ignore=None, packages_ignore_regex=None, paths=None, packages_up_to=None, packages_up_to_regex=None, packages_above=None, packages_above_and_dependencies=None, packages_above_depth=None, packages_select_by_dep=None, packages_skip_by_dep=None, packages_skip_up_to=None, packages_select_build_failed=False, packages_skip_build_finished=False, packages_select_test_failures=False, packages_skip_test_passed=False, packages_select=None, packages_skip=None, packages_select_regex=None, packages_skip_regex=None, packages_start=None, packages_end=None, cmake_args=None, cmake_target=None, cmake_target_skip_unavailable=False, cmake_clean_cache=False, cmake_clean_first=False, cmake_force_configure=False, ament_cmake_args=None, catkin_cmake_args=None, catkin_skip_building_tests=False, mixin_files=None, mixin=None, verb_parser=<colcon_mixin.mixin.mixin_argument.MixinArgumentDecorator object at 0x7d3435a656f0>, verb_extension=<colcon_core.verb.build.BuildVerb object at 0x7d3435a65240>, main=<bound method BuildVerb.main of <colcon_core.verb.build.BuildVerb object at 0x7d3435a65240>>, mixin_verb=('build',))
[0.329s] Level 1:colcon.colcon_core.package_discovery:discover_packages(colcon_meta) check parameters
[0.329s] Level 1:colcon.colcon_core.package_discovery:discover_packages(recursive) check parameters
[0.329s] Level 1:colcon.colcon_core.package_discovery:discover_packages(ignore) check parameters
[0.329s] Level 1:colcon.colcon_core.package_discovery:discover_packages(path) check parameters
[0.329s] Level 1:colcon.colcon_core.package_discovery:discover_packages(colcon_meta) discover
[0.329s] Level 1:colcon.colcon_core.package_discovery:discover_packages(recursive) discover
[0.329s] INFO:colcon.colcon_core.package_discovery:Crawling recursively for packages in '/home/ros_ws/ros_ws/b2_ws'
[0.329s] Level 1:colcon.colcon_core.package_identification:_identify(.) by extensions ['ignore', 'ignore_ament_install']
[0.329s] Level 1:colcon.colcon_core.package_identification:_identify(.) by extension 'ignore'
[0.329s] Level 1:colcon.colcon_core.package_identification:_identify(.) by extension 'ignore_ament_install'
[0.330s] Level 1:colcon.colcon_core.package_identification:_identify(.) by extensions ['colcon_pkg']
[0.330s] Level 1:colcon.colcon_core.package_identification:_identify(.) by extension 'colcon_pkg'
[0.330s] Level 1:colcon.colcon_core.package_identification:_identify(.) by extensions ['colcon_meta']
[0.330s] Level 1:colcon.colcon_core.package_identification:_identify(.) by extension 'colcon_meta'
[0.330s] Level 1:colcon.colcon_core.package_identification:_identify(.) by extensions ['ros']
[0.330s] Level 1:colcon.colcon_core.package_identification:_identify(.) by extension 'ros'
[0.342s] Level 1:colcon.colcon_core.package_identification:_identify(.) by extensions ['cmake', 'python']
[0.342s] Level 1:colcon.colcon_core.package_identification:_identify(.) by extension 'cmake'
[0.342s] Level 1:colcon.colcon_core.package_identification:_identify(.) by extension 'python'
[0.342s] Level 1:colcon.colcon_core.package_identification:_identify(.) by extensions ['python_setup_py']
[0.342s] Level 1:colcon.colcon_core.package_identification:_identify(.) by extension 'python_setup_py'
[0.343s] Level 1:colcon.colcon_core.package_identification:_identify(build) by extensions ['ignore', 'ignore_ament_install']
[0.343s] Level 1:colcon.colcon_core.package_identification:_identify(build) by extension 'ignore'
[0.343s] Level 1:colcon.colcon_core.package_identification:_identify(build) ignored
[0.343s] Level 1:colcon.colcon_core.package_identification:_identify(install) by extensions ['ignore', 'ignore_ament_install']
[0.343s] Level 1:colcon.colcon_core.package_identification:_identify(install) by extension 'ignore'
[0.343s] Level 1:colcon.colcon_core.package_identification:_identify(install) ignored
[0.343s] Level 1:colcon.colcon_core.package_identification:_identify(log) by extensions ['ignore', 'ignore_ament_install']
[0.344s] Level 1:colcon.colcon_core.package_identification:_identify(log) by extension 'ignore'
[0.344s] Level 1:colcon.colcon_core.package_identification:_identify(log) ignored
[0.344s] Level 1:colcon.colcon_core.package_identification:_identify(src) by extensions ['ignore', 'ignore_ament_install']
[0.344s] Level 1:colcon.colcon_core.package_identification:_identify(src) by extension 'ignore'
[0.344s] Level 1:colcon.colcon_core.package_identification:_identify(src) by extension 'ignore_ament_install'
[0.344s] Level 1:colcon.colcon_core.package_identification:_identify(src) by extensions ['colcon_pkg']
[0.344s] Level 1:colcon.colcon_core.package_identification:_identify(src) by extension 'colcon_pkg'
[0.344s] Level 1:colcon.colcon_core.package_identification:_identify(src) by extensions ['colcon_meta']
[0.344s] Level 1:colcon.colcon_core.package_identification:_identify(src) by extension 'colcon_meta'
[0.344s] Level 1:colcon.colcon_core.package_identification:_identify(src) by extensions ['ros']
[0.344s] Level 1:colcon.colcon_core.package_identification:_identify(src) by extension 'ros'
[0.345s] Level 1:colcon.colcon_core.package_identification:_identify(src) by extensions ['cmake', 'python']
[0.345s] Level 1:colcon.colcon_core.package_identification:_identify(src) by extension 'cmake'
[0.345s] Level 1:colcon.colcon_core.package_identification:_identify(src) by extension 'python'
[0.345s] Level 1:colcon.colcon_core.package_identification:_identify(src) by extensions ['python_setup_py']
[0.345s] Level 1:colcon.colcon_core.package_identification:_identify(src) by extension 'python_setup_py'
[0.345s] Level 1:colcon.colcon_core.package_identification:_identify(src/b2_ctrl) by extensions ['ignore', 'ignore_ament_install']
[0.345s] Level 1:colcon.colcon_core.package_identification:_identify(src/b2_ctrl) by extension 'ignore'
[0.345s] Level 1:colcon.colcon_core.package_identification:_identify(src/b2_ctrl) by extension 'ignore_ament_install'
[0.345s] Level 1:colcon.colcon_core.package_identification:_identify(src/b2_ctrl) by extensions ['colcon_pkg']
[0.345s] Level 1:colcon.colcon_core.package_identification:_identify(src/b2_ctrl) by extension 'colcon_pkg'
[0.345s] Level 1:colcon.colcon_core.package_identification:_identify(src/b2_ctrl) by extensions ['colcon_meta']
[0.345s] Level 1:colcon.colcon_core.package_identification:_identify(src/b2_ctrl) by extension 'colcon_meta'
[0.346s] Level 1:colcon.colcon_core.package_identification:_identify(src/b2_ctrl) by extensions ['ros']
[0.346s] Level 1:colcon.colcon_core.package_identification:_identify(src/b2_ctrl) by extension 'ros'
[0.349s] DEBUG:colcon.colcon_core.package_identification:Package 'src/b2_ctrl' with type 'ros.ament_cmake' and name 'b2_ctrl'
[0.349s] Level 1:colcon.colcon_core.package_identification:_identify(src/b2_nodes) by extensions ['ignore', 'ignore_ament_install']
[0.349s] Level 1:colcon.colcon_core.package_identification:_identify(src/b2_nodes) by extension 'ignore'
[0.350s] Level 1:colcon.colcon_core.package_identification:_identify(src/b2_nodes) by extension 'ignore_ament_install'
[0.350s] Level 1:colcon.colcon_core.package_identification:_identify(src/b2_nodes) by extensions ['colcon_pkg']
[0.350s] Level 1:colcon.colcon_core.package_identification:_identify(src/b2_nodes) by extension 'colcon_pkg'
[0.350s] Level 1:colcon.colcon_core.package_identification:_identify(src/b2_nodes) by extensions ['colcon_meta']
[0.350s] Level 1:colcon.colcon_core.package_identification:_identify(src/b2_nodes) by extension 'colcon_meta'
[0.350s] Level 1:colcon.colcon_core.package_identification:_identify(src/b2_nodes) by extensions ['ros']
[0.350s] Level 1:colcon.colcon_core.package_identification:_identify(src/b2_nodes) by extension 'ros'
[0.351s] DEBUG:colcon.colcon_core.package_identification:Package 'src/b2_nodes' with type 'ros.ament_python' and name 'b2_nodes'
[0.351s] Level 1:colcon.colcon_core.package_identification:_identify(src/b2_urdf) by extensions ['ignore', 'ignore_ament_install']
[0.351s] Level 1:colcon.colcon_core.package_identification:_identify(src/b2_urdf) by extension 'ignore'
[0.351s] Level 1:colcon.colcon_core.package_identification:_identify(src/b2_urdf) by extension 'ignore_ament_install'
[0.351s] Level 1:colcon.colcon_core.package_identification:_identify(src/b2_urdf) by extensions ['colcon_pkg']
[0.351s] Level 1:colcon.colcon_core.package_identification:_identify(src/b2_urdf) by extension 'colcon_pkg'
[0.351s] Level 1:colcon.colcon_core.package_identification:_identify(src/b2_urdf) by extensions ['colcon_meta']
[0.351s] Level 1:colcon.colcon_core.package_identification:_identify(src/b2_urdf) by extension 'colcon_meta'
[0.351s] Level 1:colcon.colcon_core.package_identification:_identify(src/b2_urdf) by extensions ['ros']
[0.351s] Level 1:colcon.colcon_core.package_identification:_identify(src/b2_urdf) by extension 'ros'
[0.352s] DEBUG:colcon.colcon_core.package_identification:Package 'src/b2_urdf' with type 'ros.ament_cmake' and name 'b2_urdf'
[0.352s] Level 1:colcon.colcon_core.package_identification:_identify(src/py_cpp) by extensions ['ignore', 'ignore_ament_install']
[0.352s] Level 1:colcon.colcon_core.package_identification:_identify(src/py_cpp) by extension 'ignore'
[0.352s] Level 1:colcon.colcon_core.package_identification:_identify(src/py_cpp) by extension 'ignore_ament_install'
[0.352s] Level 1:colcon.colcon_core.package_identification:_identify(src/py_cpp) by extensions ['colcon_pkg']
[0.352s] Level 1:colcon.colcon_core.package_identification:_identify(src/py_cpp) by extension 'colcon_pkg'
[0.352s] Level 1:colcon.colcon_core.package_identification:_identify(src/py_cpp) by extensions ['colcon_meta']
[0.352s] Level 1:colcon.colcon_core.package_identification:_identify(src/py_cpp) by extension 'colcon_meta'
[0.353s] Level 1:colcon.colcon_core.package_identification:_identify(src/py_cpp) by extensions ['ros']
[0.353s] Level 1:colcon.colcon_core.package_identification:_identify(src/py_cpp) by extension 'ros'
[0.353s] DEBUG:colcon.colcon_core.package_identification:Package 'src/py_cpp' with type 'ros.ament_cmake' and name 'py_cpp'
[0.353s] Level 1:colcon.colcon_core.package_identification:_identify(src/z1_interfaces) by extensions ['ignore', 'ignore_ament_install']
[0.354s] Level 1:colcon.colcon_core.package_identification:_identify(src/z1_interfaces) by extension 'ignore'
[0.354s] Level 1:colcon.colcon_core.package_identification:_identify(src/z1_interfaces) by extension 'ignore_ament_install'
[0.354s] Level 1:colcon.colcon_core.package_identification:_identify(src/z1_interfaces) by extensions ['colcon_pkg']
[0.354s] Level 1:colcon.colcon_core.package_identification:_identify(src/z1_interfaces) by extension 'colcon_pkg'
[0.354s] Level 1:colcon.colcon_core.package_identification:_identify(src/z1_interfaces) by extensions ['colcon_meta']
[0.354s] Level 1:colcon.colcon_core.package_identification:_identify(src/z1_interfaces) by extension 'colcon_meta'
[0.354s] Level 1:colcon.colcon_core.package_identification:_identify(src/z1_interfaces) by extensions ['ros']
[0.354s] Level 1:colcon.colcon_core.package_identification:_identify(src/z1_interfaces) by extension 'ros'
[0.355s] DEBUG:colcon.colcon_core.package_identification:Package 'src/z1_interfaces' with type 'ros.ament_cmake' and name 'z1_interfaces'
[0.355s] Level 1:colcon.colcon_core.package_identification:_identify(src/z1_nodes) by extensions ['ignore', 'ignore_ament_install']
[0.355s] Level 1:colcon.colcon_core.package_identification:_identify(src/z1_nodes) by extension 'ignore'
[0.355s] Level 1:colcon.colcon_core.package_identification:_identify(src/z1_nodes) by extension 'ignore_ament_install'
[0.355s] Level 1:colcon.colcon_core.package_identification:_identify(src/z1_nodes) by extensions ['colcon_pkg']
[0.355s] Level 1:colcon.colcon_core.package_identification:_identify(src/z1_nodes) by extension 'colcon_pkg'
[0.355s] Level 1:colcon.colcon_core.package_identification:_identify(src/z1_nodes) by extensions ['colcon_meta']
[0.355s] Level 1:colcon.colcon_core.package_identification:_identify(src/z1_nodes) by extension 'colcon_meta'
[0.355s] Level 1:colcon.colcon_core.package_identification:_identify(src/z1_nodes) by extensions ['ros']
[0.355s] Level 1:colcon.colcon_core.package_identification:_identify(src/z1_nodes) by extension 'ros'
[0.356s] DEBUG:colcon.colcon_core.package_identification:Package 'src/z1_nodes' with type 'ros.ament_cmake' and name 'z1_nodes'
[0.356s] Level 1:colcon.colcon_core.package_identification:_identify(src/z1_urdf) by extensions ['ignore', 'ignore_ament_install']
[0.356s] Level 1:colcon.colcon_core.package_identification:_identify(src/z1_urdf) by extension 'ignore'
[0.356s] Level 1:colcon.colcon_core.package_identification:_identify(src/z1_urdf) by extension 'ignore_ament_install'
[0.356s] Level 1:colcon.colcon_core.package_identification:_identify(src/z1_urdf) by extensions ['colcon_pkg']
[0.356s] Level 1:colcon.colcon_core.package_identification:_identify(src/z1_urdf) by extension 'colcon_pkg'
[0.356s] Level 1:colcon.colcon_core.package_identification:_identify(src/z1_urdf) by extensions ['colcon_meta']
[0.356s] Level 1:colcon.colcon_core.package_identification:_identify(src/z1_urdf) by extension 'colcon_meta'
[0.356s] Level 1:colcon.colcon_core.package_identification:_identify(src/z1_urdf) by extensions ['ros']
[0.357s] Level 1:colcon.colcon_core.package_identification:_identify(src/z1_urdf) by extension 'ros'
[0.357s] DEBUG:colcon.colcon_core.package_identification:Package 'src/z1_urdf' with type 'ros.ament_cmake' and name 'z1_urdf'
[0.357s] Level 1:colcon.colcon_core.package_discovery:discover_packages(recursive) using defaults
[0.357s] Level 1:colcon.colcon_core.package_discovery:discover_packages(ignore) discover
[0.357s] Level 1:colcon.colcon_core.package_discovery:discover_packages(ignore) using defaults
[0.357s] Level 1:colcon.colcon_core.package_discovery:discover_packages(path) discover
[0.357s] Level 1:colcon.colcon_core.package_discovery:discover_packages(path) using defaults
[0.384s] Level 5:colcon.colcon_core.verb:set package 'b2_nodes' build argument 'cmake_args' from command line to 'None'
[0.384s] Level 5:colcon.colcon_core.verb:set package 'b2_nodes' build argument 'cmake_target' from command line to 'None'
[0.384s] Level 5:colcon.colcon_core.verb:set package 'b2_nodes' build argument 'cmake_target_skip_unavailable' from command line to 'False'
[0.384s] Level 5:colcon.colcon_core.verb:set package 'b2_nodes' build argument 'cmake_clean_cache' from command line to 'False'
[0.384s] Level 5:colcon.colcon_core.verb:set package 'b2_nodes' build argument 'cmake_clean_first' from command line to 'False'
[0.384s] Level 5:colcon.colcon_core.verb:set package 'b2_nodes' build argument 'cmake_force_configure' from command line to 'False'
[0.384s] Level 5:colcon.colcon_core.verb:set package 'b2_nodes' build argument 'ament_cmake_args' from command line to 'None'
[0.384s] Level 5:colcon.colcon_core.verb:set package 'b2_nodes' build argument 'catkin_cmake_args' from command line to 'None'
[0.384s] Level 5:colcon.colcon_core.verb:set package 'b2_nodes' build argument 'catkin_skip_building_tests' from command line to 'False'
[0.384s] DEBUG:colcon.colcon_core.verb:Building package 'b2_nodes' with the following arguments: {'ament_cmake_args': None, 'build_base': '/home/ros_ws/ros_ws/b2_ws/build/b2_nodes', 'catkin_cmake_args': None, 'catkin_skip_building_tests': False, 'cmake_args': None, 'cmake_clean_cache': False, 'cmake_clean_first': False, 'cmake_force_configure': False, 'cmake_target': None, 'cmake_target_skip_unavailable': False, 'install_base': '/home/ros_ws/ros_ws/b2_ws/install/b2_nodes', 'merge_install': False, 'path': '/home/ros_ws/ros_ws/b2_ws/src/b2_nodes', 'symlink_install': False, 'test_result_base': None}
[0.385s] Level 5:colcon.colcon_core.verb:set package 'b2_urdf' build argument 'cmake_args' from command line to 'None'
[0.385s] Level 5:colcon.colcon_core.verb:set package 'b2_urdf' build argument 'cmake_target' from command line to 'None'
[0.385s] Level 5:colcon.colcon_core.verb:set package 'b2_urdf' build argument 'cmake_target_skip_unavailable' from command line to 'False'
[0.385s] Level 5:colcon.colcon_core.verb:set package 'b2_urdf' build argument 'cmake_clean_cache' from command line to 'False'
[0.385s] Level 5:colcon.colcon_core.verb:set package 'b2_urdf' build argument 'cmake_clean_first' from command line to 'False'
[0.385s] Level 5:colcon.colcon_core.verb:set package 'b2_urdf' build argument 'cmake_force_configure' from command line to 'False'
[0.385s] Level 5:colcon.colcon_core.verb:set package 'b2_urdf' build argument 'ament_cmake_args' from command line to 'None'
[0.385s] Level 5:colcon.colcon_core.verb:set package 'b2_urdf' build argument 'catkin_cmake_args' from command line to 'None'
[0.385s] Level 5:colcon.colcon_core.verb:set package 'b2_urdf' build argument 'catkin_skip_building_tests' from command line to 'False'
[0.385s] DEBUG:colcon.colcon_core.verb:Building package 'b2_urdf' with the following arguments: {'ament_cmake_args': None, 'build_base': '/home/ros_ws/ros_ws/b2_ws/build/b2_urdf', 'catkin_cmake_args': None, 'catkin_skip_building_tests': False, 'cmake_args': None, 'cmake_clean_cache': False, 'cmake_clean_first': False, 'cmake_force_configure': False, 'cmake_target': None, 'cmake_target_skip_unavailable': False, 'install_base': '/home/ros_ws/ros_ws/b2_ws/install/b2_urdf', 'merge_install': False, 'path': '/home/ros_ws/ros_ws/b2_ws/src/b2_urdf', 'symlink_install': False, 'test_result_base': None}
[0.385s] Level 5:colcon.colcon_core.verb:set package 'py_cpp' build argument 'cmake_args' from command line to 'None'
[0.386s] Level 5:colcon.colcon_core.verb:set package 'py_cpp' build argument 'cmake_target' from command line to 'None'
[0.386s] Level 5:colcon.colcon_core.verb:set package 'py_cpp' build argument 'cmake_target_skip_unavailable' from command line to 'False'
[0.386s] Level 5:colcon.colcon_core.verb:set package 'py_cpp' build argument 'cmake_clean_cache' from command line to 'False'
[0.386s] Level 5:colcon.colcon_core.verb:set package 'py_cpp' build argument 'cmake_clean_first' from command line to 'False'
[0.386s] Level 5:colcon.colcon_core.verb:set package 'py_cpp' build argument 'cmake_force_configure' from command line to 'False'
[0.386s] Level 5:colcon.colcon_core.verb:set package 'py_cpp' build argument 'ament_cmake_args' from command line to 'None'
[0.386s] Level 5:colcon.colcon_core.verb:set package 'py_cpp' build argument 'catkin_cmake_args' from command line to 'None'
[0.386s] Level 5:colcon.colcon_core.verb:set package 'py_cpp' build argument 'catkin_skip_building_tests' from command line to 'False'
[0.386s] DEBUG:colcon.colcon_core.verb:Building package 'py_cpp' with the following arguments: {'ament_cmake_args': None, 'build_base': '/home/ros_ws/ros_ws/b2_ws/build/py_cpp', 'catkin_cmake_args': None, 'catkin_skip_building_tests': False, 'cmake_args': None, 'cmake_clean_cache': False, 'cmake_clean_first': False, 'cmake_force_configure': False, 'cmake_target': None, 'cmake_target_skip_unavailable': False, 'install_base': '/home/ros_ws/ros_ws/b2_ws/install/py_cpp', 'merge_install': False, 'path': '/home/ros_ws/ros_ws/b2_ws/src/py_cpp', 'symlink_install': False, 'test_result_base': None}
[0.386s] Level 5:colcon.colcon_core.verb:set package 'z1_interfaces' build argument 'cmake_args' from command line to 'None'
[0.386s] Level 5:colcon.colcon_core.verb:set package 'z1_interfaces' build argument 'cmake_target' from command line to 'None'
[0.386s] Level 5:colcon.colcon_core.verb:set package 'z1_interfaces' build argument 'cmake_target_skip_unavailable' from command line to 'False'
[0.386s] Level 5:colcon.colcon_core.verb:set package 'z1_interfaces' build argument 'cmake_clean_cache' from command line to 'False'
[0.386s] Level 5:colcon.colcon_core.verb:set package 'z1_interfaces' build argument 'cmake_clean_first' from command line to 'False'
[0.386s] Level 5:colcon.colcon_core.verb:set package 'z1_interfaces' build argument 'cmake_force_configure' from command line to 'False'
[0.387s] Level 5:colcon.colcon_core.verb:set package 'z1_interfaces' build argument 'ament_cmake_args' from command line to 'None'
[0.387s] Level 5:colcon.colcon_core.verb:set package 'z1_interfaces' build argument 'catkin_cmake_args' from command line to 'None'
[0.387s] Level 5:colcon.colcon_core.verb:set package 'z1_interfaces' build argument 'catkin_skip_building_tests' from command line to 'False'
[0.387s] DEBUG:colcon.colcon_core.verb:Building package 'z1_interfaces' with the following arguments: {'ament_cmake_args': None, 'build_base': '/home/ros_ws/ros_ws/b2_ws/build/z1_interfaces', 'catkin_cmake_args': None, 'catkin_skip_building_tests': False, 'cmake_args': None, 'cmake_clean_cache': False, 'cmake_clean_first': False, 'cmake_force_configure': False, 'cmake_target': None, 'cmake_target_skip_unavailable': False, 'install_base': '/home/ros_ws/ros_ws/b2_ws/install/z1_interfaces', 'merge_install': False, 'path': '/home/ros_ws/ros_ws/b2_ws/src/z1_interfaces', 'symlink_install': False, 'test_result_base': None}
[0.387s] Level 5:colcon.colcon_core.verb:set package 'z1_urdf' build argument 'cmake_args' from command line to 'None'
[0.387s] Level 5:colcon.colcon_core.verb:set package 'z1_urdf' build argument 'cmake_target' from command line to 'None'
[0.387s] Level 5:colcon.colcon_core.verb:set package 'z1_urdf' build argument 'cmake_target_skip_unavailable' from command line to 'False'
[0.387s] Level 5:colcon.colcon_core.verb:set package 'z1_urdf' build argument 'cmake_clean_cache' from command line to 'False'
[0.387s] Level 5:colcon.colcon_core.verb:set package 'z1_urdf' build argument 'cmake_clean_first' from command line to 'False'
[0.387s] Level 5:colcon.colcon_core.verb:set package 'z1_urdf' build argument 'cmake_force_configure' from command line to 'False'
[0.387s] Level 5:colcon.colcon_core.verb:set package 'z1_urdf' build argument 'ament_cmake_args' from command line to 'None'
[0.387s] Level 5:colcon.colcon_core.verb:set package 'z1_urdf' build argument 'catkin_cmake_args' from command line to 'None'
[0.387s] Level 5:colcon.colcon_core.verb:set package 'z1_urdf' build argument 'catkin_skip_building_tests' from command line to 'False'
[0.387s] DEBUG:colcon.colcon_core.verb:Building package 'z1_urdf' with the following arguments: {'ament_cmake_args': None, 'build_base': '/home/ros_ws/ros_ws/b2_ws/build/z1_urdf', 'catkin_cmake_args': None, 'catkin_skip_building_tests': False, 'cmake_args': None, 'cmake_clean_cache': False, 'cmake_clean_first': False, 'cmake_force_configure': False, 'cmake_target': None, 'cmake_target_skip_unavailable': False, 'install_base': '/home/ros_ws/ros_ws/b2_ws/install/z1_urdf', 'merge_install': False, 'path': '/home/ros_ws/ros_ws/b2_ws/src/z1_urdf', 'symlink_install': False, 'test_result_base': None}
[0.388s] Level 5:colcon.colcon_core.verb:set package 'b2_ctrl' build argument 'cmake_args' from command line to 'None'
[0.388s] Level 5:colcon.colcon_core.verb:set package 'b2_ctrl' build argument 'cmake_target' from command line to 'None'
[0.388s] Level 5:colcon.colcon_core.verb:set package 'b2_ctrl' build argument 'cmake_target_skip_unavailable' from command line to 'False'
[0.388s] Level 5:colcon.colcon_core.verb:set package 'b2_ctrl' build argument 'cmake_clean_cache' from command line to 'False'
[0.388s] Level 5:colcon.colcon_core.verb:set package 'b2_ctrl' build argument 'cmake_clean_first' from command line to 'False'
[0.388s] Level 5:colcon.colcon_core.verb:set package 'b2_ctrl' build argument 'cmake_force_configure' from command line to 'False'
[0.388s] Level 5:colcon.colcon_core.verb:set package 'b2_ctrl' build argument 'ament_cmake_args' from command line to 'None'
[0.388s] Level 5:colcon.colcon_core.verb:set package 'b2_ctrl' build argument 'catkin_cmake_args' from command line to 'None'
[0.388s] Level 5:colcon.colcon_core.verb:set package 'b2_ctrl' build argument 'catkin_skip_building_tests' from command line to 'False'
[0.388s] DEBUG:colcon.colcon_core.verb:Building package 'b2_ctrl' with the following arguments: {'ament_cmake_args': None, 'build_base': '/home/ros_ws/ros_ws/b2_ws/build/b2_ctrl', 'catkin_cmake_args': None, 'catkin_skip_building_tests': False, 'cmake_args': None, 'cmake_clean_cache': False, 'cmake_clean_first': False, 'cmake_force_configure': False, 'cmake_target': None, 'cmake_target_skip_unavailable': False, 'install_base': '/home/ros_ws/ros_ws/b2_ws/install/b2_ctrl', 'merge_install': False, 'path': '/home/ros_ws/ros_ws/b2_ws/src/b2_ctrl', 'symlink_install': False, 'test_result_base': None}
[0.389s] Level 5:colcon.colcon_core.verb:set package 'z1_nodes' build argument 'cmake_args' from command line to 'None'
[0.389s] Level 5:colcon.colcon_core.verb:set package 'z1_nodes' build argument 'cmake_target' from command line to 'None'
[0.389s] Level 5:colcon.colcon_core.verb:set package 'z1_nodes' build argument 'cmake_target_skip_unavailable' from command line to 'False'
[0.389s] Level 5:colcon.colcon_core.verb:set package 'z1_nodes' build argument 'cmake_clean_cache' from command line to 'False'
[0.389s] Level 5:colcon.colcon_core.verb:set package 'z1_nodes' build argument 'cmake_clean_first' from command line to 'False'
[0.389s] Level 5:colcon.colcon_core.verb:set package 'z1_nodes' build argument 'cmake_force_configure' from command line to 'False'
[0.389s] Level 5:colcon.colcon_core.verb:set package 'z1_nodes' build argument 'ament_cmake_args' from command line to 'None'
[0.389s] Level 5:colcon.colcon_core.verb:set package 'z1_nodes' build argument 'catkin_cmake_args' from command line to 'None'
[0.389s] Level 5:colcon.colcon_core.verb:set package 'z1_nodes' build argument 'catkin_skip_building_tests' from command line to 'False'
[0.389s] DEBUG:colcon.colcon_core.verb:Building package 'z1_nodes' with the following arguments: {'ament_cmake_args': None, 'build_base': '/home/ros_ws/ros_ws/b2_ws/build/z1_nodes', 'catkin_cmake_args': None, 'catkin_skip_building_tests': False, 'cmake_args': None, 'cmake_clean_cache': False, 'cmake_clean_first': False, 'cmake_force_configure': False, 'cmake_target': None, 'cmake_target_skip_unavailable': False, 'install_base': '/home/ros_ws/ros_ws/b2_ws/install/z1_nodes', 'merge_install': False, 'path': '/home/ros_ws/ros_ws/b2_ws/src/z1_nodes', 'symlink_install': False, 'test_result_base': None}
[0.389s] INFO:colcon.colcon_core.executor:Executing jobs using 'parallel' executor
[0.390s] DEBUG:colcon.colcon_parallel_executor.executor.parallel:run_until_complete
[0.391s] INFO:colcon.colcon_ros.task.ament_cmake.build:Building ROS package in '/home/ros_ws/ros_ws/b2_ws/src/z1_interfaces' with build type 'ament_cmake'
[0.391s] INFO:colcon.colcon_cmake.task.cmake.build:Building CMake package in '/home/ros_ws/ros_ws/b2_ws/src/z1_interfaces'
[0.395s] INFO:colcon.colcon_core.plugin_system:Skipping extension 'colcon_core.shell.bat': Not used on non-Windows systems
[0.395s] INFO:colcon.colcon_core.shell:Skip shell extension 'powershell' for command environment: Not usable outside of PowerShell
[0.395s] DEBUG:colcon.colcon_core.shell:Skip shell extension 'dsv' for command environment
[0.396s] WARNING:colcon.colcon_ros.prefix_path.ament:The path '/unitree_sdk2' in the environment variable AMENT_PREFIX_PATH doesn't contain any 'local_setup.*' files.
[0.404s] INFO:colcon.colcon_ros.task.ament_python.build:Building ROS package in '/home/ros_ws/ros_ws/b2_ws/src/b2_nodes' with build type 'ament_python'
[0.404s] Level 1:colcon.colcon_core.shell:create_environment_hook('b2_nodes', 'ament_prefix_path')
[0.405s] INFO:colcon.colcon_core.shell:Creating environment hook '/home/ros_ws/ros_ws/b2_ws/install/b2_nodes/share/b2_nodes/hook/ament_prefix_path.ps1'
[0.406s] INFO:colcon.colcon_core.shell:Creating environment descriptor '/home/ros_ws/ros_ws/b2_ws/install/b2_nodes/share/b2_nodes/hook/ament_prefix_path.dsv'
[0.406s] INFO:colcon.colcon_core.shell:Creating environment hook '/home/ros_ws/ros_ws/b2_ws/install/b2_nodes/share/b2_nodes/hook/ament_prefix_path.sh'
[0.407s] INFO:colcon.colcon_core.shell:Skip shell extension 'powershell' for command environment: Not usable outside of PowerShell
[0.407s] DEBUG:colcon.colcon_core.shell:Skip shell extension 'dsv' for command environment
[0.414s] INFO:colcon.colcon_ros.task.ament_cmake.build:Building ROS package in '/home/ros_ws/ros_ws/b2_ws/src/b2_urdf' with build type 'ament_cmake'
[0.414s] INFO:colcon.colcon_cmake.task.cmake.build:Building CMake package in '/home/ros_ws/ros_ws/b2_ws/src/b2_urdf'
[0.415s] INFO:colcon.colcon_core.shell:Skip shell extension 'powershell' for command environment: Not usable outside of PowerShell
[0.415s] DEBUG:colcon.colcon_core.shell:Skip shell extension 'dsv' for command environment
[0.421s] INFO:colcon.colcon_ros.task.ament_cmake.build:Building ROS package in '/home/ros_ws/ros_ws/b2_ws/src/py_cpp' with build type 'ament_cmake'
[0.422s] INFO:colcon.colcon_cmake.task.cmake.build:Building CMake package in '/home/ros_ws/ros_ws/b2_ws/src/py_cpp'
[0.422s] INFO:colcon.colcon_core.shell:Skip shell extension 'powershell' for command environment: Not usable outside of PowerShell
[0.422s] DEBUG:colcon.colcon_core.shell:Skip shell extension 'dsv' for command environment
[0.430s] INFO:colcon.colcon_ros.task.ament_cmake.build:Building ROS package in '/home/ros_ws/ros_ws/b2_ws/src/z1_urdf' with build type 'ament_cmake'
[0.430s] INFO:colcon.colcon_cmake.task.cmake.build:Building CMake package in '/home/ros_ws/ros_ws/b2_ws/src/z1_urdf'
[0.431s] INFO:colcon.colcon_core.shell:Skip shell extension 'powershell' for command environment: Not usable outside of PowerShell
[0.431s] DEBUG:colcon.colcon_core.shell:Skip shell extension 'dsv' for command environment
[0.451s] DEBUG:colcon.colcon_core.event_handler.log_command:Invoking command in '/home/ros_ws/ros_ws/b2_ws/build/z1_interfaces': CMAKE_PREFIX_PATH=${CMAKE_PREFIX_PATH}:/unitree_sdk2:/home/ros_ws/ros_ws/b2_ws/install/b2_nodes:/opt/ros/humble: /usr/bin/cmake --build /home/ros_ws/ros_ws/b2_ws/build/z1_interfaces -- -j16 -l16
[0.857s] INFO:colcon.colcon_core.task.python.build:Building Python package in '/home/ros_ws/ros_ws/b2_ws/src/b2_nodes'
[0.858s] INFO:colcon.colcon_core.shell:Skip shell extension 'powershell' for command environment: Not usable outside of PowerShell
[0.858s] DEBUG:colcon.colcon_core.shell:Skip shell extension 'dsv' for command environment
[0.873s] DEBUG:colcon.colcon_core.event_handler.log_command:Invoking command in '/home/ros_ws/ros_ws/b2_ws/build/b2_urdf': CMAKE_PREFIX_PATH=${CMAKE_PREFIX_PATH}:/unitree_sdk2:/home/ros_ws/ros_ws/b2_ws/install/b2_nodes:/opt/ros/humble: /usr/bin/cmake --build /home/ros_ws/ros_ws/b2_ws/build/b2_urdf -- -j16 -l16
[0.879s] DEBUG:colcon.colcon_core.event_handler.log_command:Invoking command in '/home/ros_ws/ros_ws/b2_ws/build/py_cpp': CMAKE_PREFIX_PATH=${CMAKE_PREFIX_PATH}:/unitree_sdk2:/home/ros_ws/ros_ws/b2_ws/install/b2_nodes:/opt/ros/humble: /usr/bin/cmake --build /home/ros_ws/ros_ws/b2_ws/build/py_cpp -- -j16 -l16
[0.883s] DEBUG:colcon.colcon_core.event_handler.log_command:Invoking command in '/home/ros_ws/ros_ws/b2_ws/build/z1_urdf': CMAKE_PREFIX_PATH=${CMAKE_PREFIX_PATH}:/unitree_sdk2:/home/ros_ws/ros_ws/b2_ws/install/b2_nodes:/opt/ros/humble: /usr/bin/cmake --build /home/ros_ws/ros_ws/b2_ws/build/z1_urdf -- -j16 -l16
[0.955s] DEBUG:colcon.colcon_core.event_handler.log_command:Invoked command in '/home/ros_ws/ros_ws/b2_ws/build/b2_urdf' returned '0': CMAKE_PREFIX_PATH=${CMAKE_PREFIX_PATH}:/unitree_sdk2:/home/ros_ws/ros_ws/b2_ws/install/b2_nodes:/opt/ros/humble: /usr/bin/cmake --build /home/ros_ws/ros_ws/b2_ws/build/b2_urdf -- -j16 -l16
[0.973s] DEBUG:colcon.colcon_core.event_handler.log_command:Invoked command in '/home/ros_ws/ros_ws/b2_ws/build/z1_urdf' returned '0': CMAKE_PREFIX_PATH=${CMAKE_PREFIX_PATH}:/unitree_sdk2:/home/ros_ws/ros_ws/b2_ws/install/b2_nodes:/opt/ros/humble: /usr/bin/cmake --build /home/ros_ws/ros_ws/b2_ws/build/z1_urdf -- -j16 -l16
[1.022s] DEBUG:colcon.colcon_core.event_handler.log_command:Invoking command in '/home/ros_ws/ros_ws/b2_ws/build/b2_urdf': CMAKE_PREFIX_PATH=${CMAKE_PREFIX_PATH}:/unitree_sdk2:/home/ros_ws/ros_ws/b2_ws/install/b2_nodes:/opt/ros/humble: /usr/bin/cmake --install /home/ros_ws/ros_ws/b2_ws/build/b2_urdf
[1.025s] DEBUG:colcon.colcon_core.event_handler.log_command:Invoking command in '/home/ros_ws/ros_ws/b2_ws/build/z1_urdf': CMAKE_PREFIX_PATH=${CMAKE_PREFIX_PATH}:/unitree_sdk2:/home/ros_ws/ros_ws/b2_ws/install/b2_nodes:/opt/ros/humble: /usr/bin/cmake --install /home/ros_ws/ros_ws/b2_ws/build/z1_urdf
[1.027s] DEBUG:colcon.colcon_core.event_handler.log_command:Invoked command in '/home/ros_ws/ros_ws/b2_ws/build/py_cpp' returned '0': CMAKE_PREFIX_PATH=${CMAKE_PREFIX_PATH}:/unitree_sdk2:/home/ros_ws/ros_ws/b2_ws/install/b2_nodes:/opt/ros/humble: /usr/bin/cmake --build /home/ros_ws/ros_ws/b2_ws/build/py_cpp -- -j16 -l16
[1.071s] DEBUG:colcon.colcon_core.event_handler.log_command:Invoked command in '/home/ros_ws/ros_ws/b2_ws/build/z1_interfaces' returned '0': CMAKE_PREFIX_PATH=${CMAKE_PREFIX_PATH}:/unitree_sdk2:/home/ros_ws/ros_ws/b2_ws/install/b2_nodes:/opt/ros/humble: /usr/bin/cmake --build /home/ros_ws/ros_ws/b2_ws/build/z1_interfaces -- -j16 -l16
[1.082s] Level 1:colcon.colcon_core.environment:create_environment_scripts_only(z1_urdf)
[1.083s] DEBUG:colcon.colcon_core.event_handler.log_command:Invoked command in '/home/ros_ws/ros_ws/b2_ws/build/z1_urdf' returned '0': CMAKE_PREFIX_PATH=${CMAKE_PREFIX_PATH}:/unitree_sdk2:/home/ros_ws/ros_ws/b2_ws/install/b2_nodes:/opt/ros/humble: /usr/bin/cmake --install /home/ros_ws/ros_ws/b2_ws/build/z1_urdf
[1.088s] Level 1:colcon.colcon_core.environment:checking '/home/ros_ws/ros_ws/b2_ws/install/z1_urdf' for CMake module files
[1.088s] Level 1:colcon.colcon_core.environment:checking '/home/ros_ws/ros_ws/b2_ws/install/z1_urdf' for CMake config files
[1.089s] Level 1:colcon.colcon_core.shell:create_environment_hook('z1_urdf', 'cmake_prefix_path')
[1.090s] INFO:colcon.colcon_core.shell:Creating environment hook '/home/ros_ws/ros_ws/b2_ws/install/z1_urdf/share/z1_urdf/hook/cmake_prefix_path.ps1'
[1.090s] INFO:colcon.colcon_core.shell:Creating environment descriptor '/home/ros_ws/ros_ws/b2_ws/install/z1_urdf/share/z1_urdf/hook/cmake_prefix_path.dsv'
[1.091s] INFO:colcon.colcon_core.shell:Creating environment hook '/home/ros_ws/ros_ws/b2_ws/install/z1_urdf/share/z1_urdf/hook/cmake_prefix_path.sh'
[1.092s] Level 1:colcon.colcon_core.environment:checking '/home/ros_ws/ros_ws/b2_ws/install/z1_urdf/bin'
[1.092s] Level 1:colcon.colcon_core.environment:checking '/home/ros_ws/ros_ws/b2_ws/install/z1_urdf/lib/pkgconfig/z1_urdf.pc'
[1.092s] Level 1:colcon.colcon_core.environment:checking '/home/ros_ws/ros_ws/b2_ws/install/z1_urdf/lib/python3.10/site-packages'
[1.093s] Level 1:colcon.colcon_core.environment:checking '/home/ros_ws/ros_ws/b2_ws/install/z1_urdf/bin'
[1.093s] INFO:colcon.colcon_core.shell:Creating package script '/home/ros_ws/ros_ws/b2_ws/install/z1_urdf/share/z1_urdf/package.ps1'
[1.094s] INFO:colcon.colcon_core.shell:Creating package descriptor '/home/ros_ws/ros_ws/b2_ws/install/z1_urdf/share/z1_urdf/package.dsv'
[1.095s] INFO:colcon.colcon_core.shell:Creating package script '/home/ros_ws/ros_ws/b2_ws/install/z1_urdf/share/z1_urdf/package.sh'
[1.096s] INFO:colcon.colcon_core.shell:Creating package script '/home/ros_ws/ros_ws/b2_ws/install/z1_urdf/share/z1_urdf/package.bash'
[1.097s] INFO:colcon.colcon_core.shell:Creating package script '/home/ros_ws/ros_ws/b2_ws/install/z1_urdf/share/z1_urdf/package.zsh'
[1.098s] Level 1:colcon.colcon_core.environment:create_file_with_runtime_dependencies(/home/ros_ws/ros_ws/b2_ws/install/z1_urdf/share/colcon-core/packages/z1_urdf)
[1.100s] Level 1:colcon.colcon_core.environment:create_environment_scripts_only(b2_urdf)
[1.100s] Level 1:colcon.colcon_core.environment:checking '/home/ros_ws/ros_ws/b2_ws/install/b2_urdf' for CMake module files
[1.101s] DEBUG:colcon.colcon_core.event_handler.log_command:Invoked command in '/home/ros_ws/ros_ws/b2_ws/build/b2_urdf' returned '0': CMAKE_PREFIX_PATH=${CMAKE_PREFIX_PATH}:/unitree_sdk2:/home/ros_ws/ros_ws/b2_ws/install/b2_nodes:/opt/ros/humble: /usr/bin/cmake --install /home/ros_ws/ros_ws/b2_ws/build/b2_urdf
[1.102s] Level 1:colcon.colcon_core.environment:checking '/home/ros_ws/ros_ws/b2_ws/install/b2_urdf' for CMake config files
[1.103s] Level 1:colcon.colcon_core.shell:create_environment_hook('b2_urdf', 'cmake_prefix_path')
[1.103s] INFO:colcon.colcon_core.shell:Creating environment hook '/home/ros_ws/ros_ws/b2_ws/install/b2_urdf/share/b2_urdf/hook/cmake_prefix_path.ps1'
[1.104s] INFO:colcon.colcon_core.shell:Creating environment descriptor '/home/ros_ws/ros_ws/b2_ws/install/b2_urdf/share/b2_urdf/hook/cmake_prefix_path.dsv'
[1.104s] INFO:colcon.colcon_core.shell:Creating environment hook '/home/ros_ws/ros_ws/b2_ws/install/b2_urdf/share/b2_urdf/hook/cmake_prefix_path.sh'
[1.105s] Level 1:colcon.colcon_core.environment:checking '/home/ros_ws/ros_ws/b2_ws/install/b2_urdf/bin'
[1.105s] Level 1:colcon.colcon_core.environment:checking '/home/ros_ws/ros_ws/b2_ws/install/b2_urdf/lib/pkgconfig/b2_urdf.pc'
[1.106s] Level 1:colcon.colcon_core.environment:checking '/home/ros_ws/ros_ws/b2_ws/install/b2_urdf/lib/python3.10/site-packages'
[1.106s] Level 1:colcon.colcon_core.environment:checking '/home/ros_ws/ros_ws/b2_ws/install/b2_urdf/bin'
[1.106s] INFO:colcon.colcon_core.shell:Creating package script '/home/ros_ws/ros_ws/b2_ws/install/b2_urdf/share/b2_urdf/package.ps1'
[1.107s] INFO:colcon.colcon_core.shell:Creating package descriptor '/home/ros_ws/ros_ws/b2_ws/install/b2_urdf/share/b2_urdf/package.dsv'
[1.108s] INFO:colcon.colcon_core.shell:Creating package script '/home/ros_ws/ros_ws/b2_ws/install/b2_urdf/share/b2_urdf/package.sh'
[1.111s] INFO:colcon.colcon_core.shell:Creating package script '/home/ros_ws/ros_ws/b2_ws/install/b2_urdf/share/b2_urdf/package.bash'
[1.113s] INFO:colcon.colcon_core.shell:Creating package script '/home/ros_ws/ros_ws/b2_ws/install/b2_urdf/share/b2_urdf/package.zsh'
[1.113s] Level 1:colcon.colcon_core.environment:create_file_with_runtime_dependencies(/home/ros_ws/ros_ws/b2_ws/install/b2_urdf/share/colcon-core/packages/b2_urdf)
[1.118s] DEBUG:colcon.colcon_core.event_handler.log_command:Invoking command in '/home/ros_ws/ros_ws/b2_ws/build/py_cpp': CMAKE_PREFIX_PATH=${CMAKE_PREFIX_PATH}:/unitree_sdk2:/home/ros_ws/ros_ws/b2_ws/install/b2_nodes:/opt/ros/humble: /usr/bin/cmake --install /home/ros_ws/ros_ws/b2_ws/build/py_cpp
[1.151s] Level 1:colcon.colcon_core.environment:create_environment_scripts_only(z1_urdf)
[1.152s] Level 1:colcon.colcon_core.environment:checking '/home/ros_ws/ros_ws/b2_ws/install/z1_urdf' for CMake module files
[1.153s] Level 1:colcon.colcon_core.environment:checking '/home/ros_ws/ros_ws/b2_ws/install/z1_urdf' for CMake config files
[1.153s] Level 1:colcon.colcon_core.shell:create_environment_hook('z1_urdf', 'cmake_prefix_path')
[1.154s] INFO:colcon.colcon_core.shell:Creating environment hook '/home/ros_ws/ros_ws/b2_ws/install/z1_urdf/share/z1_urdf/hook/cmake_prefix_path.ps1'
[1.155s] INFO:colcon.colcon_core.shell:Creating environment descriptor '/home/ros_ws/ros_ws/b2_ws/install/z1_urdf/share/z1_urdf/hook/cmake_prefix_path.dsv'
[1.155s] INFO:colcon.colcon_core.shell:Creating environment hook '/home/ros_ws/ros_ws/b2_ws/install/z1_urdf/share/z1_urdf/hook/cmake_prefix_path.sh'
[1.156s] Level 1:colcon.colcon_core.environment:checking '/home/ros_ws/ros_ws/b2_ws/install/z1_urdf/bin'
[1.156s] Level 1:colcon.colcon_core.environment:checking '/home/ros_ws/ros_ws/b2_ws/install/z1_urdf/lib/pkgconfig/z1_urdf.pc'
[1.157s] Level 1:colcon.colcon_core.environment:checking '/home/ros_ws/ros_ws/b2_ws/install/z1_urdf/lib/python3.10/site-packages'
[1.158s] Level 1:colcon.colcon_core.environment:checking '/home/ros_ws/ros_ws/b2_ws/install/z1_urdf/bin'
[1.159s] INFO:colcon.colcon_core.shell:Creating package script '/home/ros_ws/ros_ws/b2_ws/install/z1_urdf/share/z1_urdf/package.ps1'
[1.161s] INFO:colcon.colcon_core.shell:Creating package descriptor '/home/ros_ws/ros_ws/b2_ws/install/z1_urdf/share/z1_urdf/package.dsv'
[1.162s] INFO:colcon.colcon_core.shell:Creating package script '/home/ros_ws/ros_ws/b2_ws/install/z1_urdf/share/z1_urdf/package.sh'
[1.162s] INFO:colcon.colcon_core.shell:Creating package script '/home/ros_ws/ros_ws/b2_ws/install/z1_urdf/share/z1_urdf/package.bash'
[1.163s] INFO:colcon.colcon_core.shell:Creating package script '/home/ros_ws/ros_ws/b2_ws/install/z1_urdf/share/z1_urdf/package.zsh'
[1.164s] Level 1:colcon.colcon_core.environment:create_file_with_runtime_dependencies(/home/ros_ws/ros_ws/b2_ws/install/z1_urdf/share/colcon-core/packages/z1_urdf)
[1.166s] Level 1:colcon.colcon_core.environment:create_environment_scripts_only(py_cpp)
[1.166s] Level 1:colcon.colcon_core.environment:checking '/home/ros_ws/ros_ws/b2_ws/install/py_cpp' for CMake module files
[1.167s] DEBUG:colcon.colcon_core.event_handler.log_command:Invoked command in '/home/ros_ws/ros_ws/b2_ws/build/py_cpp' returned '0': CMAKE_PREFIX_PATH=${CMAKE_PREFIX_PATH}:/unitree_sdk2:/home/ros_ws/ros_ws/b2_ws/install/b2_nodes:/opt/ros/humble: /usr/bin/cmake --install /home/ros_ws/ros_ws/b2_ws/build/py_cpp
[1.167s] Level 1:colcon.colcon_core.environment:checking '/home/ros_ws/ros_ws/b2_ws/install/py_cpp' for CMake config files
[1.168s] Level 1:colcon.colcon_core.shell:create_environment_hook('py_cpp', 'cmake_prefix_path')
[1.168s] INFO:colcon.colcon_core.shell:Creating environment hook '/home/ros_ws/ros_ws/b2_ws/install/py_cpp/share/py_cpp/hook/cmake_prefix_path.ps1'
[1.169s] INFO:colcon.colcon_core.shell:Creating environment descriptor '/home/ros_ws/ros_ws/b2_ws/install/py_cpp/share/py_cpp/hook/cmake_prefix_path.dsv'
[1.169s] INFO:colcon.colcon_core.shell:Creating environment hook '/home/ros_ws/ros_ws/b2_ws/install/py_cpp/share/py_cpp/hook/cmake_prefix_path.sh'
[1.170s] Level 1:colcon.colcon_core.environment:checking '/home/ros_ws/ros_ws/b2_ws/install/py_cpp/lib'
[1.171s] Level 1:colcon.colcon_core.environment:checking '/home/ros_ws/ros_ws/b2_ws/install/py_cpp/bin'
[1.171s] Level 1:colcon.colcon_core.environment:checking '/home/ros_ws/ros_ws/b2_ws/install/py_cpp/lib/pkgconfig/py_cpp.pc'
[1.171s] Level 1:colcon.colcon_core.environment:checking '/home/ros_ws/ros_ws/b2_ws/install/py_cpp/lib/python3.10/site-packages'
[1.171s] Level 1:colcon.colcon_core.environment:checking '/home/ros_ws/ros_ws/b2_ws/install/py_cpp/bin'
[1.172s] INFO:colcon.colcon_core.shell:Creating package script '/home/ros_ws/ros_ws/b2_ws/install/py_cpp/share/py_cpp/package.ps1'
[1.173s] INFO:colcon.colcon_core.shell:Creating package descriptor '/home/ros_ws/ros_ws/b2_ws/install/py_cpp/share/py_cpp/package.dsv'
[1.173s] INFO:colcon.colcon_core.shell:Creating package script '/home/ros_ws/ros_ws/b2_ws/install/py_cpp/share/py_cpp/package.sh'
[1.174s] INFO:colcon.colcon_core.shell:Creating package script '/home/ros_ws/ros_ws/b2_ws/install/py_cpp/share/py_cpp/package.bash'
[1.174s] INFO:colcon.colcon_core.shell:Creating package script '/home/ros_ws/ros_ws/b2_ws/install/py_cpp/share/py_cpp/package.zsh'
[1.175s] Level 1:colcon.colcon_core.environment:create_file_with_runtime_dependencies(/home/ros_ws/ros_ws/b2_ws/install/py_cpp/share/colcon-core/packages/py_cpp)
[1.177s] Level 1:colcon.colcon_core.environment:create_environment_scripts_only(b2_urdf)
[1.178s] Level 1:colcon.colcon_core.environment:checking '/home/ros_ws/ros_ws/b2_ws/install/b2_urdf' for CMake module files
[1.178s] Level 1:colcon.colcon_core.environment:checking '/home/ros_ws/ros_ws/b2_ws/install/b2_urdf' for CMake config files
[1.179s] Level 1:colcon.colcon_core.shell:create_environment_hook('b2_urdf', 'cmake_prefix_path')
[1.180s] INFO:colcon.colcon_core.shell:Creating environment hook '/home/ros_ws/ros_ws/b2_ws/install/b2_urdf/share/b2_urdf/hook/cmake_prefix_path.ps1'
[1.181s] INFO:colcon.colcon_core.shell:Creating environment descriptor '/home/ros_ws/ros_ws/b2_ws/install/b2_urdf/share/b2_urdf/hook/cmake_prefix_path.dsv'
[1.182s] INFO:colcon.colcon_core.shell:Creating environment hook '/home/ros_ws/ros_ws/b2_ws/install/b2_urdf/share/b2_urdf/hook/cmake_prefix_path.sh'
[1.182s] Level 1:colcon.colcon_core.environment:checking '/home/ros_ws/ros_ws/b2_ws/install/b2_urdf/bin'
[1.183s] Level 1:colcon.colcon_core.environment:checking '/home/ros_ws/ros_ws/b2_ws/install/b2_urdf/lib/pkgconfig/b2_urdf.pc'
[1.183s] Level 1:colcon.colcon_core.environment:checking '/home/ros_ws/ros_ws/b2_ws/install/b2_urdf/lib/python3.10/site-packages'
[1.183s] Level 1:colcon.colcon_core.environment:checking '/home/ros_ws/ros_ws/b2_ws/install/b2_urdf/bin'
[1.184s] INFO:colcon.colcon_core.shell:Creating package script '/home/ros_ws/ros_ws/b2_ws/install/b2_urdf/share/b2_urdf/package.ps1'
[1.185s] INFO:colcon.colcon_core.shell:Creating package descriptor '/home/ros_ws/ros_ws/b2_ws/install/b2_urdf/share/b2_urdf/package.dsv'
[1.186s] INFO:colcon.colcon_core.shell:Creating package script '/home/ros_ws/ros_ws/b2_ws/install/b2_urdf/share/b2_urdf/package.sh'
[1.186s] INFO:colcon.colcon_core.shell:Creating package script '/home/ros_ws/ros_ws/b2_ws/install/b2_urdf/share/b2_urdf/package.bash'
[1.187s] INFO:colcon.colcon_core.shell:Creating package script '/home/ros_ws/ros_ws/b2_ws/install/b2_urdf/share/b2_urdf/package.zsh'
[1.188s] Level 1:colcon.colcon_core.environment:create_file_with_runtime_dependencies(/home/ros_ws/ros_ws/b2_ws/install/b2_urdf/share/colcon-core/packages/b2_urdf)
[1.232s] Level 1:colcon.colcon_core.environment:create_environment_scripts_only(py_cpp)
[1.232s] Level 1:colcon.colcon_core.environment:checking '/home/ros_ws/ros_ws/b2_ws/install/py_cpp' for CMake module files
[1.233s] Level 1:colcon.colcon_core.environment:checking '/home/ros_ws/ros_ws/b2_ws/install/py_cpp' for CMake config files
[1.234s] Level 1:colcon.colcon_core.shell:create_environment_hook('py_cpp', 'cmake_prefix_path')
[1.234s] INFO:colcon.colcon_core.shell:Creating environment hook '/home/ros_ws/ros_ws/b2_ws/install/py_cpp/share/py_cpp/hook/cmake_prefix_path.ps1'
[1.235s] INFO:colcon.colcon_core.shell:Creating environment descriptor '/home/ros_ws/ros_ws/b2_ws/install/py_cpp/share/py_cpp/hook/cmake_prefix_path.dsv'
[1.235s] INFO:colcon.colcon_core.shell:Creating environment hook '/home/ros_ws/ros_ws/b2_ws/install/py_cpp/share/py_cpp/hook/cmake_prefix_path.sh'
[1.236s] Level 1:colcon.colcon_core.environment:checking '/home/ros_ws/ros_ws/b2_ws/install/py_cpp/lib'
[1.237s] Level 1:colcon.colcon_core.environment:checking '/home/ros_ws/ros_ws/b2_ws/install/py_cpp/bin'
[1.237s] Level 1:colcon.colcon_core.environment:checking '/home/ros_ws/ros_ws/b2_ws/install/py_cpp/lib/pkgconfig/py_cpp.pc'
[1.237s] Level 1:colcon.colcon_core.environment:checking '/home/ros_ws/ros_ws/b2_ws/install/py_cpp/lib/python3.10/site-packages'
[1.237s] Level 1:colcon.colcon_core.environment:checking '/home/ros_ws/ros_ws/b2_ws/install/py_cpp/bin'
[1.238s] INFO:colcon.colcon_core.shell:Creating package script '/home/ros_ws/ros_ws/b2_ws/install/py_cpp/share/py_cpp/package.ps1'
[1.239s] INFO:colcon.colcon_core.shell:Creating package descriptor '/home/ros_ws/ros_ws/b2_ws/install/py_cpp/share/py_cpp/package.dsv'
[1.239s] INFO:colcon.colcon_core.shell:Creating package script '/home/ros_ws/ros_ws/b2_ws/install/py_cpp/share/py_cpp/package.sh'
[1.240s] INFO:colcon.colcon_core.shell:Creating package script '/home/ros_ws/ros_ws/b2_ws/install/py_cpp/share/py_cpp/package.bash'
[1.240s] INFO:colcon.colcon_core.shell:Creating package script '/home/ros_ws/ros_ws/b2_ws/install/py_cpp/share/py_cpp/package.zsh'
[1.241s] Level 1:colcon.colcon_core.environment:create_file_with_runtime_dependencies(/home/ros_ws/ros_ws/b2_ws/install/py_cpp/share/colcon-core/packages/py_cpp)
[1.448s] DEBUG:colcon.colcon_core.event_handler.log_command:Invoking command in '/home/ros_ws/ros_ws/b2_ws/build/z1_interfaces': CMAKE_PREFIX_PATH=${CMAKE_PREFIX_PATH}:/unitree_sdk2:/home/ros_ws/ros_ws/b2_ws/install/b2_nodes:/opt/ros/humble: /usr/bin/cmake --install /home/ros_ws/ros_ws/b2_ws/build/z1_interfaces
[1.516s] DEBUG:colcon.colcon_core.event_handler.log_command:Invoking command in '/home/ros_ws/ros_ws/b2_ws/src/b2_nodes': PYTHONPATH=/home/ros_ws/ros_ws/b2_ws/build/b2_nodes/prefix_override:/usr/lib/python3/dist-packages/colcon_core/task/python/colcon_distutils_commands:/home/ros_ws/ros_ws/b2_ws/install/b2_nodes/lib/python3.10/site-packages:${PYTHONPATH} /usr/bin/python3 -W ignore:setup.py install is deprecated setup.py egg_info --egg-base ../../build/b2_nodes build --build-base /home/ros_ws/ros_ws/b2_ws/build/b2_nodes/build install --record /home/ros_ws/ros_ws/b2_ws/build/b2_nodes/install.log --single-version-externally-managed install_data
[1.611s] Level 1:colcon.colcon_core.environment:create_environment_scripts_only(z1_interfaces)
[1.612s] Level 1:colcon.colcon_core.environment:checking '/home/ros_ws/ros_ws/b2_ws/install/z1_interfaces' for CMake module files
[1.613s] DEBUG:colcon.colcon_core.event_handler.log_command:Invoked command in '/home/ros_ws/ros_ws/b2_ws/build/z1_interfaces' returned '0': CMAKE_PREFIX_PATH=${CMAKE_PREFIX_PATH}:/unitree_sdk2:/home/ros_ws/ros_ws/b2_ws/install/b2_nodes:/opt/ros/humble: /usr/bin/cmake --install /home/ros_ws/ros_ws/b2_ws/build/z1_interfaces
[1.614s] Level 1:colcon.colcon_core.environment:checking '/home/ros_ws/ros_ws/b2_ws/install/z1_interfaces' for CMake config files
[1.616s] Level 1:colcon.colcon_core.shell:create_environment_hook('z1_interfaces', 'cmake_prefix_path')
[1.616s] INFO:colcon.colcon_core.shell:Creating environment hook '/home/ros_ws/ros_ws/b2_ws/install/z1_interfaces/share/z1_interfaces/hook/cmake_prefix_path.ps1'
[1.617s] INFO:colcon.colcon_core.shell:Creating environment descriptor '/home/ros_ws/ros_ws/b2_ws/install/z1_interfaces/share/z1_interfaces/hook/cmake_prefix_path.dsv'
[1.617s] INFO:colcon.colcon_core.shell:Creating environment hook '/home/ros_ws/ros_ws/b2_ws/install/z1_interfaces/share/z1_interfaces/hook/cmake_prefix_path.sh'
[1.618s] Level 1:colcon.colcon_core.environment:checking '/home/ros_ws/ros_ws/b2_ws/install/z1_interfaces/lib'
[1.618s] Level 1:colcon.colcon_core.shell:create_environment_hook('z1_interfaces', 'ld_library_path_lib')
[1.618s] INFO:colcon.colcon_core.shell:Creating environment hook '/home/ros_ws/ros_ws/b2_ws/install/z1_interfaces/share/z1_interfaces/hook/ld_library_path_lib.ps1'
[1.619s] INFO:colcon.colcon_core.shell:Creating environment descriptor '/home/ros_ws/ros_ws/b2_ws/install/z1_interfaces/share/z1_interfaces/hook/ld_library_path_lib.dsv'
[1.619s] INFO:colcon.colcon_core.shell:Creating environment hook '/home/ros_ws/ros_ws/b2_ws/install/z1_interfaces/share/z1_interfaces/hook/ld_library_path_lib.sh'
[1.620s] Level 1:colcon.colcon_core.environment:checking '/home/ros_ws/ros_ws/b2_ws/install/z1_interfaces/bin'
[1.620s] Level 1:colcon.colcon_core.environment:checking '/home/ros_ws/ros_ws/b2_ws/install/z1_interfaces/lib/pkgconfig/z1_interfaces.pc'
[1.620s] Level 1:colcon.colcon_core.environment:checking '/home/ros_ws/ros_ws/b2_ws/install/z1_interfaces/lib/python3.10/site-packages'
[1.621s] Level 1:colcon.colcon_core.environment:checking '/home/ros_ws/ros_ws/b2_ws/install/z1_interfaces/bin'
[1.621s] INFO:colcon.colcon_core.shell:Creating package script '/home/ros_ws/ros_ws/b2_ws/install/z1_interfaces/share/z1_interfaces/package.ps1'
[1.622s] INFO:colcon.colcon_core.shell:Creating package descriptor '/home/ros_ws/ros_ws/b2_ws/install/z1_interfaces/share/z1_interfaces/package.dsv'
[1.623s] INFO:colcon.colcon_core.shell:Creating package script '/home/ros_ws/ros_ws/b2_ws/install/z1_interfaces/share/z1_interfaces/package.sh'
[1.623s] INFO:colcon.colcon_core.shell:Creating package script '/home/ros_ws/ros_ws/b2_ws/install/z1_interfaces/share/z1_interfaces/package.bash'
[1.624s] INFO:colcon.colcon_core.shell:Creating package script '/home/ros_ws/ros_ws/b2_ws/install/z1_interfaces/share/z1_interfaces/package.zsh'
[1.624s] Level 1:colcon.colcon_core.environment:create_file_with_runtime_dependencies(/home/ros_ws/ros_ws/b2_ws/install/z1_interfaces/share/colcon-core/packages/z1_interfaces)
[2.021s] Level 1:colcon.colcon_core.environment:checking '/home/ros_ws/ros_ws/b2_ws/install/b2_nodes' for CMake module files
[2.022s] DEBUG:colcon.colcon_core.event_handler.log_command:Invoked command in '/home/ros_ws/ros_ws/b2_ws/src/b2_nodes' returned '0': PYTHONPATH=/home/ros_ws/ros_ws/b2_ws/build/b2_nodes/prefix_override:/usr/lib/python3/dist-packages/colcon_core/task/python/colcon_distutils_commands:/home/ros_ws/ros_ws/b2_ws/install/b2_nodes/lib/python3.10/site-packages:${PYTHONPATH} /usr/bin/python3 -W ignore:setup.py install is deprecated setup.py egg_info --egg-base ../../build/b2_nodes build --build-base /home/ros_ws/ros_ws/b2_ws/build/b2_nodes/build install --record /home/ros_ws/ros_ws/b2_ws/build/b2_nodes/install.log --single-version-externally-managed install_data
[2.022s] Level 1:colcon.colcon_core.environment:checking '/home/ros_ws/ros_ws/b2_ws/install/b2_nodes' for CMake config files
[2.023s] Level 1:colcon.colcon_core.environment:checking '/home/ros_ws/ros_ws/b2_ws/install/b2_nodes/lib'
[2.023s] Level 1:colcon.colcon_core.environment:checking '/home/ros_ws/ros_ws/b2_ws/install/b2_nodes/bin'
[2.023s] Level 1:colcon.colcon_core.environment:checking '/home/ros_ws/ros_ws/b2_ws/install/b2_nodes/lib/pkgconfig/b2_nodes.pc'
[2.023s] Level 1:colcon.colcon_core.environment:checking '/home/ros_ws/ros_ws/b2_ws/install/b2_nodes/lib/python3.10/site-packages'
[2.024s] Level 1:colcon.colcon_core.shell:create_environment_hook('b2_nodes', 'pythonpath')
[2.024s] INFO:colcon.colcon_core.shell:Creating environment hook '/home/ros_ws/ros_ws/b2_ws/install/b2_nodes/share/b2_nodes/hook/pythonpath.ps1'
[2.025s] INFO:colcon.colcon_core.shell:Creating environment descriptor '/home/ros_ws/ros_ws/b2_ws/install/b2_nodes/share/b2_nodes/hook/pythonpath.dsv'
[2.025s] INFO:colcon.colcon_core.shell:Creating environment hook '/home/ros_ws/ros_ws/b2_ws/install/b2_nodes/share/b2_nodes/hook/pythonpath.sh'
[2.026s] Level 1:colcon.colcon_core.environment:checking '/home/ros_ws/ros_ws/b2_ws/install/b2_nodes/bin'
[2.026s] Level 1:colcon.colcon_core.environment:create_environment_scripts_only(b2_nodes)
[2.027s] INFO:colcon.colcon_core.shell:Creating package script '/home/ros_ws/ros_ws/b2_ws/install/b2_nodes/share/b2_nodes/package.ps1'
[2.027s] INFO:colcon.colcon_core.shell:Creating package descriptor '/home/ros_ws/ros_ws/b2_ws/install/b2_nodes/share/b2_nodes/package.dsv'
[2.028s] INFO:colcon.colcon_core.shell:Creating package script '/home/ros_ws/ros_ws/b2_ws/install/b2_nodes/share/b2_nodes/package.sh'
[2.029s] INFO:colcon.colcon_core.shell:Creating package script '/home/ros_ws/ros_ws/b2_ws/install/b2_nodes/share/b2_nodes/package.bash'
[2.030s] INFO:colcon.colcon_core.shell:Creating package script '/home/ros_ws/ros_ws/b2_ws/install/b2_nodes/share/b2_nodes/package.zsh'
[2.030s] Level 1:colcon.colcon_core.environment:create_file_with_runtime_dependencies(/home/ros_ws/ros_ws/b2_ws/install/b2_nodes/share/colcon-core/packages/b2_nodes)
[2.033s] Level 1:colcon.colcon_core.environment:create_environment_scripts_only(z1_interfaces)
[2.033s] Level 1:colcon.colcon_core.environment:checking '/home/ros_ws/ros_ws/b2_ws/install/z1_interfaces' for CMake module files
[2.034s] Level 1:colcon.colcon_core.environment:checking '/home/ros_ws/ros_ws/b2_ws/install/z1_interfaces' for CMake config files
[2.036s] Level 1:colcon.colcon_core.shell:create_environment_hook('z1_interfaces', 'cmake_prefix_path')
[2.037s] INFO:colcon.colcon_core.shell:Creating environment hook '/home/ros_ws/ros_ws/b2_ws/install/z1_interfaces/share/z1_interfaces/hook/cmake_prefix_path.ps1'
[2.037s] INFO:colcon.colcon_core.shell:Creating environment descriptor '/home/ros_ws/ros_ws/b2_ws/install/z1_interfaces/share/z1_interfaces/hook/cmake_prefix_path.dsv'
[2.038s] INFO:colcon.colcon_core.shell:Creating environment hook '/home/ros_ws/ros_ws/b2_ws/install/z1_interfaces/share/z1_interfaces/hook/cmake_prefix_path.sh'
[2.039s] Level 1:colcon.colcon_core.environment:checking '/home/ros_ws/ros_ws/b2_ws/install/z1_interfaces/lib'
[2.039s] Level 1:colcon.colcon_core.shell:create_environment_hook('z1_interfaces', 'ld_library_path_lib')
[2.039s] INFO:colcon.colcon_core.shell:Creating environment hook '/home/ros_ws/ros_ws/b2_ws/install/z1_interfaces/share/z1_interfaces/hook/ld_library_path_lib.ps1'
[2.040s] INFO:colcon.colcon_core.shell:Creating environment descriptor '/home/ros_ws/ros_ws/b2_ws/install/z1_interfaces/share/z1_interfaces/hook/ld_library_path_lib.dsv'
[2.040s] INFO:colcon.colcon_core.shell:Creating environment hook '/home/ros_ws/ros_ws/b2_ws/install/z1_interfaces/share/z1_interfaces/hook/ld_library_path_lib.sh'
[2.041s] Level 1:colcon.colcon_core.environment:checking '/home/ros_ws/ros_ws/b2_ws/install/z1_interfaces/bin'
[2.041s] Level 1:colcon.colcon_core.environment:checking '/home/ros_ws/ros_ws/b2_ws/install/z1_interfaces/lib/pkgconfig/z1_interfaces.pc'
[2.041s] Level 1:colcon.colcon_core.environment:checking '/home/ros_ws/ros_ws/b2_ws/install/z1_interfaces/lib/python3.10/site-packages'
[2.042s] Level 1:colcon.colcon_core.environment:checking '/home/ros_ws/ros_ws/b2_ws/install/z1_interfaces/bin'
[2.042s] INFO:colcon.colcon_core.shell:Creating package script '/home/ros_ws/ros_ws/b2_ws/install/z1_interfaces/share/z1_interfaces/package.ps1'
[2.043s] INFO:colcon.colcon_core.shell:Creating package descriptor '/home/ros_ws/ros_ws/b2_ws/install/z1_interfaces/share/z1_interfaces/package.dsv'
[2.044s] INFO:colcon.colcon_core.shell:Creating package script '/home/ros_ws/ros_ws/b2_ws/install/z1_interfaces/share/z1_interfaces/package.sh'
[2.044s] INFO:colcon.colcon_core.shell:Creating package script '/home/ros_ws/ros_ws/b2_ws/install/z1_interfaces/share/z1_interfaces/package.bash'
[2.045s] INFO:colcon.colcon_core.shell:Creating package script '/home/ros_ws/ros_ws/b2_ws/install/z1_interfaces/share/z1_interfaces/package.zsh'
[2.045s] Level 1:colcon.colcon_core.environment:create_file_with_runtime_dependencies(/home/ros_ws/ros_ws/b2_ws/install/z1_interfaces/share/colcon-core/packages/z1_interfaces)
[2.046s] INFO:colcon.colcon_ros.task.ament_cmake.build:Building ROS package in '/home/ros_ws/ros_ws/b2_ws/src/b2_ctrl' with build type 'ament_cmake'
[2.046s] INFO:colcon.colcon_cmake.task.cmake.build:Building CMake package in '/home/ros_ws/ros_ws/b2_ws/src/b2_ctrl'
[2.046s] INFO:colcon.colcon_core.shell:Skip shell extension 'powershell' for command environment: Not usable outside of PowerShell
[2.046s] DEBUG:colcon.colcon_core.shell:Skip shell extension 'dsv' for command environment
[2.055s] INFO:colcon.colcon_ros.task.ament_cmake.build:Building ROS package in '/home/ros_ws/ros_ws/b2_ws/src/z1_nodes' with build type 'ament_cmake'
[2.055s] INFO:colcon.colcon_cmake.task.cmake.build:Building CMake package in '/home/ros_ws/ros_ws/b2_ws/src/z1_nodes'
[2.055s] INFO:colcon.colcon_core.shell:Skip shell extension 'powershell' for command environment: Not usable outside of PowerShell
[2.056s] DEBUG:colcon.colcon_core.shell:Skip shell extension 'dsv' for command environment
[2.072s] DEBUG:colcon.colcon_core.event_handler.log_command:Invoking command in '/home/ros_ws/ros_ws/b2_ws/build/b2_ctrl': CMAKE_PREFIX_PATH=/home/ros_ws/ros_ws/b2_ws/install/z1_interfaces:/home/ros_ws/ros_ws/b2_ws/install/z1_urdf:/home/ros_ws/ros_ws/b2_ws/install/z1_nodes:/home/ros_ws/ros_ws/b2_ws/install/b2_ctrl:/home/ros_ws/ros_ws/b2_ws/install/py_cpp:/home/ros_ws/ros_ws/b2_ws/install/b2_urdf:/home/ros_ws/ros_ws/unitree_ros2/cyclonedds_ws/install/unitree_hg:/home/ros_ws/ros_ws/unitree_ros2/cyclonedds_ws/install/unitree_go:/home/ros_ws/ros_ws/unitree_ros2/cyclonedds_ws/install/unitree_api:/home/ros_ws/ros_ws/unitree_ros2/cyclonedds_ws/install/rmw_cyclonedds_cpp:/home/ros_ws/ros_ws/unitree_ros2/cyclonedds_ws/install/cyclonedds:/unitree_sdk2:/home/ros_ws/ros_ws/b2_ws/install/b2_nodes:/opt/ros/humble: LD_LIBRARY_PATH=/home/ros_ws/ros_ws/b2_ws/install/z1_interfaces/lib:/home/ros_ws/ros_ws/unitree_ros2/cyclonedds_ws/install/unitree_hg/lib:/home/ros_ws/ros_ws/unitree_ros2/cyclonedds_ws/install/unitree_go/lib:/home/ros_ws/ros_ws/unitree_ros2/cyclonedds_ws/install/unitree_api/lib:/home/ros_ws/ros_ws/unitree_ros2/cyclonedds_ws/install/rmw_cyclonedds_cpp/lib:/home/ros_ws/ros_ws/unitree_ros2/cyclonedds_ws/install/cyclonedds/lib:/usr/lib/x86_64-linux-gnu/gazebo-11/plugins:/opt/ros/humble/opt/rviz_ogre_vendor/lib:/opt/ros/humble/lib/x86_64-linux-gnu:/opt/ros/humble/lib:/z1_controller/lib:/z1_sdk/lib:/z1_controller/lib:/z1_sdk/lib /usr/bin/cmake --build /home/ros_ws/ros_ws/b2_ws/build/b2_ctrl -- -j16 -l16
[2.080s] DEBUG:colcon.colcon_core.event_handler.log_command:Invoking command in '/home/ros_ws/ros_ws/b2_ws/build/z1_nodes': CMAKE_PREFIX_PATH=/home/ros_ws/ros_ws/b2_ws/install/z1_interfaces:/home/ros_ws/ros_ws/b2_ws/install/z1_urdf:/home/ros_ws/ros_ws/b2_ws/install/z1_nodes:/home/ros_ws/ros_ws/b2_ws/install/b2_ctrl:/home/ros_ws/ros_ws/b2_ws/install/py_cpp:/home/ros_ws/ros_ws/b2_ws/install/b2_urdf:/home/ros_ws/ros_ws/unitree_ros2/cyclonedds_ws/install/unitree_hg:/home/ros_ws/ros_ws/unitree_ros2/cyclonedds_ws/install/unitree_go:/home/ros_ws/ros_ws/unitree_ros2/cyclonedds_ws/install/unitree_api:/home/ros_ws/ros_ws/unitree_ros2/cyclonedds_ws/install/rmw_cyclonedds_cpp:/home/ros_ws/ros_ws/unitree_ros2/cyclonedds_ws/install/cyclonedds:/unitree_sdk2:/home/ros_ws/ros_ws/b2_ws/install/b2_nodes:/opt/ros/humble: LD_LIBRARY_PATH=/home/ros_ws/ros_ws/b2_ws/install/z1_interfaces/lib:/home/ros_ws/ros_ws/unitree_ros2/cyclonedds_ws/install/unitree_hg/lib:/home/ros_ws/ros_ws/unitree_ros2/cyclonedds_ws/install/unitree_go/lib:/home/ros_ws/ros_ws/unitree_ros2/cyclonedds_ws/install/unitree_api/lib:/home/ros_ws/ros_ws/unitree_ros2/cyclonedds_ws/install/rmw_cyclonedds_cpp/lib:/home/ros_ws/ros_ws/unitree_ros2/cyclonedds_ws/install/cyclonedds/lib:/usr/lib/x86_64-linux-gnu/gazebo-11/plugins:/opt/ros/humble/opt/rviz_ogre_vendor/lib:/opt/ros/humble/lib/x86_64-linux-gnu:/opt/ros/humble/lib:/z1_controller/lib:/z1_sdk/lib:/z1_controller/lib:/z1_sdk/lib /usr/bin/cmake --build /home/ros_ws/ros_ws/b2_ws/build/z1_nodes -- -j16 -l16
[2.259s] DEBUG:colcon.colcon_core.event_handler.log_command:Invoked command in '/home/ros_ws/ros_ws/b2_ws/build/b2_ctrl' returned '0': CMAKE_PREFIX_PATH=/home/ros_ws/ros_ws/b2_ws/install/z1_interfaces:/home/ros_ws/ros_ws/b2_ws/install/z1_urdf:/home/ros_ws/ros_ws/b2_ws/install/z1_nodes:/home/ros_ws/ros_ws/b2_ws/install/b2_ctrl:/home/ros_ws/ros_ws/b2_ws/install/py_cpp:/home/ros_ws/ros_ws/b2_ws/install/b2_urdf:/home/ros_ws/ros_ws/unitree_ros2/cyclonedds_ws/install/unitree_hg:/home/ros_ws/ros_ws/unitree_ros2/cyclonedds_ws/install/unitree_go:/home/ros_ws/ros_ws/unitree_ros2/cyclonedds_ws/install/unitree_api:/home/ros_ws/ros_ws/unitree_ros2/cyclonedds_ws/install/rmw_cyclonedds_cpp:/home/ros_ws/ros_ws/unitree_ros2/cyclonedds_ws/install/cyclonedds:/unitree_sdk2:/home/ros_ws/ros_ws/b2_ws/install/b2_nodes:/opt/ros/humble: LD_LIBRARY_PATH=/home/ros_ws/ros_ws/b2_ws/install/z1_interfaces/lib:/home/ros_ws/ros_ws/unitree_ros2/cyclonedds_ws/install/unitree_hg/lib:/home/ros_ws/ros_ws/unitree_ros2/cyclonedds_ws/install/unitree_go/lib:/home/ros_ws/ros_ws/unitree_ros2/cyclonedds_ws/install/unitree_api/lib:/home/ros_ws/ros_ws/unitree_ros2/cyclonedds_ws/install/rmw_cyclonedds_cpp/lib:/home/ros_ws/ros_ws/unitree_ros2/cyclonedds_ws/install/cyclonedds/lib:/usr/lib/x86_64-linux-gnu/gazebo-11/plugins:/opt/ros/humble/opt/rviz_ogre_vendor/lib:/opt/ros/humble/lib/x86_64-linux-gnu:/opt/ros/humble/lib:/z1_controller/lib:/z1_sdk/lib:/z1_controller/lib:/z1_sdk/lib /usr/bin/cmake --build /home/ros_ws/ros_ws/b2_ws/build/b2_ctrl -- -j16 -l16
[2.391s] DEBUG:colcon.colcon_core.event_handler.log_command:Invoking command in '/home/ros_ws/ros_ws/b2_ws/build/b2_ctrl': CMAKE_PREFIX_PATH=/home/ros_ws/ros_ws/b2_ws/install/z1_interfaces:/home/ros_ws/ros_ws/b2_ws/install/z1_urdf:/home/ros_ws/ros_ws/b2_ws/install/z1_nodes:/home/ros_ws/ros_ws/b2_ws/install/b2_ctrl:/home/ros_ws/ros_ws/b2_ws/install/py_cpp:/home/ros_ws/ros_ws/b2_ws/install/b2_urdf:/home/ros_ws/ros_ws/unitree_ros2/cyclonedds_ws/install/unitree_hg:/home/ros_ws/ros_ws/unitree_ros2/cyclonedds_ws/install/unitree_go:/home/ros_ws/ros_ws/unitree_ros2/cyclonedds_ws/install/unitree_api:/home/ros_ws/ros_ws/unitree_ros2/cyclonedds_ws/install/rmw_cyclonedds_cpp:/home/ros_ws/ros_ws/unitree_ros2/cyclonedds_ws/install/cyclonedds:/unitree_sdk2:/home/ros_ws/ros_ws/b2_ws/install/b2_nodes:/opt/ros/humble: LD_LIBRARY_PATH=/home/ros_ws/ros_ws/b2_ws/install/z1_interfaces/lib:/home/ros_ws/ros_ws/unitree_ros2/cyclonedds_ws/install/unitree_hg/lib:/home/ros_ws/ros_ws/unitree_ros2/cyclonedds_ws/install/unitree_go/lib:/home/ros_ws/ros_ws/unitree_ros2/cyclonedds_ws/install/unitree_api/lib:/home/ros_ws/ros_ws/unitree_ros2/cyclonedds_ws/install/rmw_cyclonedds_cpp/lib:/home/ros_ws/ros_ws/unitree_ros2/cyclonedds_ws/install/cyclonedds/lib:/usr/lib/x86_64-linux-gnu/gazebo-11/plugins:/opt/ros/humble/opt/rviz_ogre_vendor/lib:/opt/ros/humble/lib/x86_64-linux-gnu:/opt/ros/humble/lib:/z1_controller/lib:/z1_sdk/lib:/z1_controller/lib:/z1_sdk/lib /usr/bin/cmake --install /home/ros_ws/ros_ws/b2_ws/build/b2_ctrl
[2.414s] Level 1:colcon.colcon_core.environment:create_environment_scripts_only(b2_ctrl)
[2.415s] Level 1:colcon.colcon_core.environment:checking '/home/ros_ws/ros_ws/b2_ws/install/b2_ctrl' for CMake module files
[2.416s] Level 1:colcon.colcon_core.environment:checking '/home/ros_ws/ros_ws/b2_ws/install/b2_ctrl' for CMake config files
[2.417s] Level 1:colcon.colcon_core.shell:create_environment_hook('b2_ctrl', 'cmake_prefix_path')
[2.418s] INFO:colcon.colcon_core.shell:Creating environment hook '/home/ros_ws/ros_ws/b2_ws/install/b2_ctrl/share/b2_ctrl/hook/cmake_prefix_path.ps1'
[2.419s] INFO:colcon.colcon_core.shell:Creating environment descriptor '/home/ros_ws/ros_ws/b2_ws/install/b2_ctrl/share/b2_ctrl/hook/cmake_prefix_path.dsv'
[2.420s] INFO:colcon.colcon_core.shell:Creating environment hook '/home/ros_ws/ros_ws/b2_ws/install/b2_ctrl/share/b2_ctrl/hook/cmake_prefix_path.sh'
[2.420s] DEBUG:colcon.colcon_core.event_handler.log_command:Invoked command in '/home/ros_ws/ros_ws/b2_ws/build/b2_ctrl' returned '0': CMAKE_PREFIX_PATH=/home/ros_ws/ros_ws/b2_ws/install/z1_interfaces:/home/ros_ws/ros_ws/b2_ws/install/z1_urdf:/home/ros_ws/ros_ws/b2_ws/install/z1_nodes:/home/ros_ws/ros_ws/b2_ws/install/b2_ctrl:/home/ros_ws/ros_ws/b2_ws/install/py_cpp:/home/ros_ws/ros_ws/b2_ws/install/b2_urdf:/home/ros_ws/ros_ws/unitree_ros2/cyclonedds_ws/install/unitree_hg:/home/ros_ws/ros_ws/unitree_ros2/cyclonedds_ws/install/unitree_go:/home/ros_ws/ros_ws/unitree_ros2/cyclonedds_ws/install/unitree_api:/home/ros_ws/ros_ws/unitree_ros2/cyclonedds_ws/install/rmw_cyclonedds_cpp:/home/ros_ws/ros_ws/unitree_ros2/cyclonedds_ws/install/cyclonedds:/unitree_sdk2:/home/ros_ws/ros_ws/b2_ws/install/b2_nodes:/opt/ros/humble: LD_LIBRARY_PATH=/home/ros_ws/ros_ws/b2_ws/install/z1_interfaces/lib:/home/ros_ws/ros_ws/unitree_ros2/cyclonedds_ws/install/unitree_hg/lib:/home/ros_ws/ros_ws/unitree_ros2/cyclonedds_ws/install/unitree_go/lib:/home/ros_ws/ros_ws/unitree_ros2/cyclonedds_ws/install/unitree_api/lib:/home/ros_ws/ros_ws/unitree_ros2/cyclonedds_ws/install/rmw_cyclonedds_cpp/lib:/home/ros_ws/ros_ws/unitree_ros2/cyclonedds_ws/install/cyclonedds/lib:/usr/lib/x86_64-linux-gnu/gazebo-11/plugins:/opt/ros/humble/opt/rviz_ogre_vendor/lib:/opt/ros/humble/lib/x86_64-linux-gnu:/opt/ros/humble/lib:/z1_controller/lib:/z1_sdk/lib:/z1_controller/lib:/z1_sdk/lib /usr/bin/cmake --install /home/ros_ws/ros_ws/b2_ws/build/b2_ctrl
[2.421s] Level 1:colcon.colcon_core.environment:checking '/home/ros_ws/ros_ws/b2_ws/install/b2_ctrl/bin'
[2.421s] Level 1:colcon.colcon_core.shell:create_environment_hook('b2_ctrl', 'path')
[2.422s] INFO:colcon.colcon_core.shell:Creating environment hook '/home/ros_ws/ros_ws/b2_ws/install/b2_ctrl/share/b2_ctrl/hook/path.ps1'
[2.422s] INFO:colcon.colcon_core.shell:Creating environment descriptor '/home/ros_ws/ros_ws/b2_ws/install/b2_ctrl/share/b2_ctrl/hook/path.dsv'
[2.423s] INFO:colcon.colcon_core.shell:Creating environment hook '/home/ros_ws/ros_ws/b2_ws/install/b2_ctrl/share/b2_ctrl/hook/path.sh'
[2.423s] Level 1:colcon.colcon_core.environment:checking '/home/ros_ws/ros_ws/b2_ws/install/b2_ctrl/lib/pkgconfig/b2_ctrl.pc'
[2.424s] Level 1:colcon.colcon_core.environment:checking '/home/ros_ws/ros_ws/b2_ws/install/b2_ctrl/lib/python3.10/site-packages'
[2.424s] Level 1:colcon.colcon_core.environment:checking '/home/ros_ws/ros_ws/b2_ws/install/b2_ctrl/bin'
[2.424s] Level 1:colcon.colcon_core.shell:create_environment_hook('b2_ctrl', 'pythonscriptspath')
[2.425s] INFO:colcon.colcon_core.shell:Creating environment hook '/home/ros_ws/ros_ws/b2_ws/install/b2_ctrl/share/b2_ctrl/hook/pythonscriptspath.ps1'
[2.425s] INFO:colcon.colcon_core.shell:Creating environment descriptor '/home/ros_ws/ros_ws/b2_ws/install/b2_ctrl/share/b2_ctrl/hook/pythonscriptspath.dsv'
[2.426s] INFO:colcon.colcon_core.shell:Creating environment hook '/home/ros_ws/ros_ws/b2_ws/install/b2_ctrl/share/b2_ctrl/hook/pythonscriptspath.sh'
[2.427s] INFO:colcon.colcon_core.shell:Creating package script '/home/ros_ws/ros_ws/b2_ws/install/b2_ctrl/share/b2_ctrl/package.ps1'
[2.428s] INFO:colcon.colcon_core.shell:Creating package descriptor '/home/ros_ws/ros_ws/b2_ws/install/b2_ctrl/share/b2_ctrl/package.dsv'
[2.428s] INFO:colcon.colcon_core.shell:Creating package script '/home/ros_ws/ros_ws/b2_ws/install/b2_ctrl/share/b2_ctrl/package.sh'
[2.429s] INFO:colcon.colcon_core.shell:Creating package script '/home/ros_ws/ros_ws/b2_ws/install/b2_ctrl/share/b2_ctrl/package.bash'
[2.430s] INFO:colcon.colcon_core.shell:Creating package script '/home/ros_ws/ros_ws/b2_ws/install/b2_ctrl/share/b2_ctrl/package.zsh'
[2.430s] Level 1:colcon.colcon_core.environment:create_file_with_runtime_dependencies(/home/ros_ws/ros_ws/b2_ws/install/b2_ctrl/share/colcon-core/packages/b2_ctrl)
[2.575s] Level 1:colcon.colcon_core.environment:create_environment_scripts_only(b2_ctrl)
[2.575s] Level 1:colcon.colcon_core.environment:checking '/home/ros_ws/ros_ws/b2_ws/install/b2_ctrl' for CMake module files
[2.576s] Level 1:colcon.colcon_core.environment:checking '/home/ros_ws/ros_ws/b2_ws/install/b2_ctrl' for CMake config files
[2.576s] Level 1:colcon.colcon_core.shell:create_environment_hook('b2_ctrl', 'cmake_prefix_path')
[2.577s] INFO:colcon.colcon_core.shell:Creating environment hook '/home/ros_ws/ros_ws/b2_ws/install/b2_ctrl/share/b2_ctrl/hook/cmake_prefix_path.ps1'
[2.578s] INFO:colcon.colcon_core.shell:Creating environment descriptor '/home/ros_ws/ros_ws/b2_ws/install/b2_ctrl/share/b2_ctrl/hook/cmake_prefix_path.dsv'
[2.578s] INFO:colcon.colcon_core.shell:Creating environment hook '/home/ros_ws/ros_ws/b2_ws/install/b2_ctrl/share/b2_ctrl/hook/cmake_prefix_path.sh'
[2.579s] Level 1:colcon.colcon_core.environment:checking '/home/ros_ws/ros_ws/b2_ws/install/b2_ctrl/bin'
[2.579s] Level 1:colcon.colcon_core.shell:create_environment_hook('b2_ctrl', 'path')
[2.579s] INFO:colcon.colcon_core.shell:Creating environment hook '/home/ros_ws/ros_ws/b2_ws/install/b2_ctrl/share/b2_ctrl/hook/path.ps1'
[2.580s] INFO:colcon.colcon_core.shell:Creating environment descriptor '/home/ros_ws/ros_ws/b2_ws/install/b2_ctrl/share/b2_ctrl/hook/path.dsv'
[2.581s] INFO:colcon.colcon_core.shell:Creating environment hook '/home/ros_ws/ros_ws/b2_ws/install/b2_ctrl/share/b2_ctrl/hook/path.sh'
[2.581s] Level 1:colcon.colcon_core.environment:checking '/home/ros_ws/ros_ws/b2_ws/install/b2_ctrl/lib/pkgconfig/b2_ctrl.pc'
[2.582s] Level 1:colcon.colcon_core.environment:checking '/home/ros_ws/ros_ws/b2_ws/install/b2_ctrl/lib/python3.10/site-packages'
[2.582s] Level 1:colcon.colcon_core.environment:checking '/home/ros_ws/ros_ws/b2_ws/install/b2_ctrl/bin'
[2.582s] Level 1:colcon.colcon_core.shell:create_environment_hook('b2_ctrl', 'pythonscriptspath')
[2.583s] INFO:colcon.colcon_core.shell:Creating environment hook '/home/ros_ws/ros_ws/b2_ws/install/b2_ctrl/share/b2_ctrl/hook/pythonscriptspath.ps1'
[2.583s] INFO:colcon.colcon_core.shell:Creating environment descriptor '/home/ros_ws/ros_ws/b2_ws/install/b2_ctrl/share/b2_ctrl/hook/pythonscriptspath.dsv'
[2.584s] INFO:colcon.colcon_core.shell:Creating environment hook '/home/ros_ws/ros_ws/b2_ws/install/b2_ctrl/share/b2_ctrl/hook/pythonscriptspath.sh'
[2.585s] INFO:colcon.colcon_core.shell:Creating package script '/home/ros_ws/ros_ws/b2_ws/install/b2_ctrl/share/b2_ctrl/package.ps1'
[2.585s] INFO:colcon.colcon_core.shell:Creating package descriptor '/home/ros_ws/ros_ws/b2_ws/install/b2_ctrl/share/b2_ctrl/package.dsv'
[2.586s] INFO:colcon.colcon_core.shell:Creating package script '/home/ros_ws/ros_ws/b2_ws/install/b2_ctrl/share/b2_ctrl/package.sh'
[2.587s] INFO:colcon.colcon_core.shell:Creating package script '/home/ros_ws/ros_ws/b2_ws/install/b2_ctrl/share/b2_ctrl/package.bash'
[2.587s] INFO:colcon.colcon_core.shell:Creating package script '/home/ros_ws/ros_ws/b2_ws/install/b2_ctrl/share/b2_ctrl/package.zsh'
[2.588s] Level 1:colcon.colcon_core.environment:create_file_with_runtime_dependencies(/home/ros_ws/ros_ws/b2_ws/install/b2_ctrl/share/colcon-core/packages/b2_ctrl)
[18.616s] DEBUG:colcon.colcon_core.event_handler.log_command:Invoked command in '/home/ros_ws/ros_ws/b2_ws/build/z1_nodes' returned '0': CMAKE_PREFIX_PATH=/home/ros_ws/ros_ws/b2_ws/install/z1_interfaces:/home/ros_ws/ros_ws/b2_ws/install/z1_urdf:/home/ros_ws/ros_ws/b2_ws/install/z1_nodes:/home/ros_ws/ros_ws/b2_ws/install/b2_ctrl:/home/ros_ws/ros_ws/b2_ws/install/py_cpp:/home/ros_ws/ros_ws/b2_ws/install/b2_urdf:/home/ros_ws/ros_ws/unitree_ros2/cyclonedds_ws/install/unitree_hg:/home/ros_ws/ros_ws/unitree_ros2/cyclonedds_ws/install/unitree_go:/home/ros_ws/ros_ws/unitree_ros2/cyclonedds_ws/install/unitree_api:/home/ros_ws/ros_ws/unitree_ros2/cyclonedds_ws/install/rmw_cyclonedds_cpp:/home/ros_ws/ros_ws/unitree_ros2/cyclonedds_ws/install/cyclonedds:/unitree_sdk2:/home/ros_ws/ros_ws/b2_ws/install/b2_nodes:/opt/ros/humble: LD_LIBRARY_PATH=/home/ros_ws/ros_ws/b2_ws/install/z1_interfaces/lib:/home/ros_ws/ros_ws/unitree_ros2/cyclonedds_ws/install/unitree_hg/lib:/home/ros_ws/ros_ws/unitree_ros2/cyclonedds_ws/install/unitree_go/lib:/home/ros_ws/ros_ws/unitree_ros2/cyclonedds_ws/install/unitree_api/lib:/home/ros_ws/ros_ws/unitree_ros2/cyclonedds_ws/install/rmw_cyclonedds_cpp/lib:/home/ros_ws/ros_ws/unitree_ros2/cyclonedds_ws/install/cyclonedds/lib:/usr/lib/x86_64-linux-gnu/gazebo-11/plugins:/opt/ros/humble/opt/rviz_ogre_vendor/lib:/opt/ros/humble/lib/x86_64-linux-gnu:/opt/ros/humble/lib:/z1_controller/lib:/z1_sdk/lib:/z1_controller/lib:/z1_sdk/lib /usr/bin/cmake --build /home/ros_ws/ros_ws/b2_ws/build/z1_nodes -- -j16 -l16
[18.671s] DEBUG:colcon.colcon_core.event_handler.log_command:Invoking command in '/home/ros_ws/ros_ws/b2_ws/build/z1_nodes': CMAKE_PREFIX_PATH=/home/ros_ws/ros_ws/b2_ws/install/z1_interfaces:/home/ros_ws/ros_ws/b2_ws/install/z1_urdf:/home/ros_ws/ros_ws/b2_ws/install/z1_nodes:/home/ros_ws/ros_ws/b2_ws/install/b2_ctrl:/home/ros_ws/ros_ws/b2_ws/install/py_cpp:/home/ros_ws/ros_ws/b2_ws/install/b2_urdf:/home/ros_ws/ros_ws/unitree_ros2/cyclonedds_ws/install/unitree_hg:/home/ros_ws/ros_ws/unitree_ros2/cyclonedds_ws/install/unitree_go:/home/ros_ws/ros_ws/unitree_ros2/cyclonedds_ws/install/unitree_api:/home/ros_ws/ros_ws/unitree_ros2/cyclonedds_ws/install/rmw_cyclonedds_cpp:/home/ros_ws/ros_ws/unitree_ros2/cyclonedds_ws/install/cyclonedds:/unitree_sdk2:/home/ros_ws/ros_ws/b2_ws/install/b2_nodes:/opt/ros/humble: LD_LIBRARY_PATH=/home/ros_ws/ros_ws/b2_ws/install/z1_interfaces/lib:/home/ros_ws/ros_ws/unitree_ros2/cyclonedds_ws/install/unitree_hg/lib:/home/ros_ws/ros_ws/unitree_ros2/cyclonedds_ws/install/unitree_go/lib:/home/ros_ws/ros_ws/unitree_ros2/cyclonedds_ws/install/unitree_api/lib:/home/ros_ws/ros_ws/unitree_ros2/cyclonedds_ws/install/rmw_cyclonedds_cpp/lib:/home/ros_ws/ros_ws/unitree_ros2/cyclonedds_ws/install/cyclonedds/lib:/usr/lib/x86_64-linux-gnu/gazebo-11/plugins:/opt/ros/humble/opt/rviz_ogre_vendor/lib:/opt/ros/humble/lib/x86_64-linux-gnu:/opt/ros/humble/lib:/z1_controller/lib:/z1_sdk/lib:/z1_controller/lib:/z1_sdk/lib /usr/bin/cmake --install /home/ros_ws/ros_ws/b2_ws/build/z1_nodes
[18.707s] Level 1:colcon.colcon_core.environment:create_environment_scripts_only(z1_nodes)
[18.707s] Level 1:colcon.colcon_core.environment:checking '/home/ros_ws/ros_ws/b2_ws/install/z1_nodes' for CMake module files
[18.707s] DEBUG:colcon.colcon_core.event_handler.log_command:Invoked command in '/home/ros_ws/ros_ws/b2_ws/build/z1_nodes' returned '0': CMAKE_PREFIX_PATH=/home/ros_ws/ros_ws/b2_ws/install/z1_interfaces:/home/ros_ws/ros_ws/b2_ws/install/z1_urdf:/home/ros_ws/ros_ws/b2_ws/install/z1_nodes:/home/ros_ws/ros_ws/b2_ws/install/b2_ctrl:/home/ros_ws/ros_ws/b2_ws/install/py_cpp:/home/ros_ws/ros_ws/b2_ws/install/b2_urdf:/home/ros_ws/ros_ws/unitree_ros2/cyclonedds_ws/install/unitree_hg:/home/ros_ws/ros_ws/unitree_ros2/cyclonedds_ws/install/unitree_go:/home/ros_ws/ros_ws/unitree_ros2/cyclonedds_ws/install/unitree_api:/home/ros_ws/ros_ws/unitree_ros2/cyclonedds_ws/install/rmw_cyclonedds_cpp:/home/ros_ws/ros_ws/unitree_ros2/cyclonedds_ws/install/cyclonedds:/unitree_sdk2:/home/ros_ws/ros_ws/b2_ws/install/b2_nodes:/opt/ros/humble: LD_LIBRARY_PATH=/home/ros_ws/ros_ws/b2_ws/install/z1_interfaces/lib:/home/ros_ws/ros_ws/unitree_ros2/cyclonedds_ws/install/unitree_hg/lib:/home/ros_ws/ros_ws/unitree_ros2/cyclonedds_ws/install/unitree_go/lib:/home/ros_ws/ros_ws/unitree_ros2/cyclonedds_ws/install/unitree_api/lib:/home/ros_ws/ros_ws/unitree_ros2/cyclonedds_ws/install/rmw_cyclonedds_cpp/lib:/home/ros_ws/ros_ws/unitree_ros2/cyclonedds_ws/install/cyclonedds/lib:/usr/lib/x86_64-linux-gnu/gazebo-11/plugins:/opt/ros/humble/opt/rviz_ogre_vendor/lib:/opt/ros/humble/lib/x86_64-linux-gnu:/opt/ros/humble/lib:/z1_controller/lib:/z1_sdk/lib:/z1_controller/lib:/z1_sdk/lib /usr/bin/cmake --install /home/ros_ws/ros_ws/b2_ws/build/z1_nodes
[18.708s] Level 1:colcon.colcon_core.environment:checking '/home/ros_ws/ros_ws/b2_ws/install/z1_nodes' for CMake config files
[18.709s] Level 1:colcon.colcon_core.shell:create_environment_hook('z1_nodes', 'cmake_prefix_path')
[18.709s] INFO:colcon.colcon_core.shell:Creating environment hook '/home/ros_ws/ros_ws/b2_ws/install/z1_nodes/share/z1_nodes/hook/cmake_prefix_path.ps1'
[18.709s] INFO:colcon.colcon_core.shell:Creating environment descriptor '/home/ros_ws/ros_ws/b2_ws/install/z1_nodes/share/z1_nodes/hook/cmake_prefix_path.dsv'
[18.710s] INFO:colcon.colcon_core.shell:Creating environment hook '/home/ros_ws/ros_ws/b2_ws/install/z1_nodes/share/z1_nodes/hook/cmake_prefix_path.sh'
[18.711s] Level 1:colcon.colcon_core.environment:checking '/home/ros_ws/ros_ws/b2_ws/install/z1_nodes/lib'
[18.711s] Level 1:colcon.colcon_core.environment:checking '/home/ros_ws/ros_ws/b2_ws/install/z1_nodes/bin'
[18.711s] Level 1:colcon.colcon_core.environment:checking '/home/ros_ws/ros_ws/b2_ws/install/z1_nodes/lib/pkgconfig/z1_nodes.pc'
[18.711s] Level 1:colcon.colcon_core.environment:checking '/home/ros_ws/ros_ws/b2_ws/install/z1_nodes/lib/python3.10/site-packages'
[18.711s] Level 1:colcon.colcon_core.environment:checking '/home/ros_ws/ros_ws/b2_ws/install/z1_nodes/bin'
[18.712s] INFO:colcon.colcon_core.shell:Creating package script '/home/ros_ws/ros_ws/b2_ws/install/z1_nodes/share/z1_nodes/package.ps1'
[18.712s] INFO:colcon.colcon_core.shell:Creating package descriptor '/home/ros_ws/ros_ws/b2_ws/install/z1_nodes/share/z1_nodes/package.dsv'
[18.713s] INFO:colcon.colcon_core.shell:Creating package script '/home/ros_ws/ros_ws/b2_ws/install/z1_nodes/share/z1_nodes/package.sh'
[18.714s] INFO:colcon.colcon_core.shell:Creating package script '/home/ros_ws/ros_ws/b2_ws/install/z1_nodes/share/z1_nodes/package.bash'
[18.714s] INFO:colcon.colcon_core.shell:Creating package script '/home/ros_ws/ros_ws/b2_ws/install/z1_nodes/share/z1_nodes/package.zsh'
[18.714s] Level 1:colcon.colcon_core.environment:create_file_with_runtime_dependencies(/home/ros_ws/ros_ws/b2_ws/install/z1_nodes/share/colcon-core/packages/z1_nodes)
[18.770s] Level 1:colcon.colcon_core.environment:create_environment_scripts_only(z1_nodes)
[18.771s] Level 1:colcon.colcon_core.environment:checking '/home/ros_ws/ros_ws/b2_ws/install/z1_nodes' for CMake module files
[18.772s] Level 1:colcon.colcon_core.environment:checking '/home/ros_ws/ros_ws/b2_ws/install/z1_nodes' for CMake config files
[18.772s] Level 1:colcon.colcon_core.shell:create_environment_hook('z1_nodes', 'cmake_prefix_path')
[18.772s] INFO:colcon.colcon_core.shell:Creating environment hook '/home/ros_ws/ros_ws/b2_ws/install/z1_nodes/share/z1_nodes/hook/cmake_prefix_path.ps1'
[18.773s] INFO:colcon.colcon_core.shell:Creating environment descriptor '/home/ros_ws/ros_ws/b2_ws/install/z1_nodes/share/z1_nodes/hook/cmake_prefix_path.dsv'
[18.773s] INFO:colcon.colcon_core.shell:Creating environment hook '/home/ros_ws/ros_ws/b2_ws/install/z1_nodes/share/z1_nodes/hook/cmake_prefix_path.sh'
[18.774s] Level 1:colcon.colcon_core.environment:checking '/home/ros_ws/ros_ws/b2_ws/install/z1_nodes/lib'
[18.774s] Level 1:colcon.colcon_core.environment:checking '/home/ros_ws/ros_ws/b2_ws/install/z1_nodes/bin'
[18.775s] Level 1:colcon.colcon_core.environment:checking '/home/ros_ws/ros_ws/b2_ws/install/z1_nodes/lib/pkgconfig/z1_nodes.pc'
[18.775s] Level 1:colcon.colcon_core.environment:checking '/home/ros_ws/ros_ws/b2_ws/install/z1_nodes/lib/python3.10/site-packages'
[18.775s] Level 1:colcon.colcon_core.environment:checking '/home/ros_ws/ros_ws/b2_ws/install/z1_nodes/bin'
[18.775s] INFO:colcon.colcon_core.shell:Creating package script '/home/ros_ws/ros_ws/b2_ws/install/z1_nodes/share/z1_nodes/package.ps1'
[18.776s] INFO:colcon.colcon_core.shell:Creating package descriptor '/home/ros_ws/ros_ws/b2_ws/install/z1_nodes/share/z1_nodes/package.dsv'
[18.776s] INFO:colcon.colcon_core.shell:Creating package script '/home/ros_ws/ros_ws/b2_ws/install/z1_nodes/share/z1_nodes/package.sh'
[18.777s] INFO:colcon.colcon_core.shell:Creating package script '/home/ros_ws/ros_ws/b2_ws/install/z1_nodes/share/z1_nodes/package.bash'
[18.777s] INFO:colcon.colcon_core.shell:Creating package script '/home/ros_ws/ros_ws/b2_ws/install/z1_nodes/share/z1_nodes/package.zsh'
[18.778s] Level 1:colcon.colcon_core.environment:create_file_with_runtime_dependencies(/home/ros_ws/ros_ws/b2_ws/install/z1_nodes/share/colcon-core/packages/z1_nodes)
[18.778s] DEBUG:colcon.colcon_parallel_executor.executor.parallel:closing loop
[18.779s] DEBUG:colcon.colcon_parallel_executor.executor.parallel:loop closed
[18.779s] DEBUG:colcon.colcon_parallel_executor.executor.parallel:run_until_complete finished with '0'
[18.779s] DEBUG:colcon.colcon_core.event_reactor:joining thread
[18.787s] INFO:colcon.colcon_core.plugin_system:Skipping extension 'colcon_notification.desktop_notification.notify_send': Could not find 'notify-send'
[18.788s] INFO:colcon.colcon_core.plugin_system:Skipping extension 'colcon_notification.desktop_notification.terminal_notifier': Not used on non-Darwin systems
[18.788s] INFO:colcon.colcon_core.plugin_system:Skipping extension 'colcon_notification.desktop_notification.win32': Not used on non-Windows systems
[18.788s] INFO:colcon.colcon_notification.desktop_notification:Sending desktop notification using 'notify2'
[18.792s] DEBUG:colcon.colcon_notification.desktop_notification.notify2:Failed to initialize notify2: org.freedesktop.DBus.Error.Spawn.ExecFailed: /usr/bin/dbus-launch terminated abnormally without any error message
[18.792s] DEBUG:colcon.colcon_core.event_reactor:joined thread
[18.793s] INFO:colcon.colcon_core.shell:Creating prefix script '/home/ros_ws/ros_ws/b2_ws/install/local_setup.ps1'
[18.795s] INFO:colcon.colcon_core.shell:Creating prefix util module '/home/ros_ws/ros_ws/b2_ws/install/_local_setup_util_ps1.py'
[18.796s] INFO:colcon.colcon_core.shell:Creating prefix chain script '/home/ros_ws/ros_ws/b2_ws/install/setup.ps1'
[18.799s] INFO:colcon.colcon_core.shell:Creating prefix script '/home/ros_ws/ros_ws/b2_ws/install/local_setup.sh'
[18.800s] INFO:colcon.colcon_core.shell:Creating prefix util module '/home/ros_ws/ros_ws/b2_ws/install/_local_setup_util_sh.py'
[18.800s] INFO:colcon.colcon_core.shell:Creating prefix chain script '/home/ros_ws/ros_ws/b2_ws/install/setup.sh'
[18.802s] INFO:colcon.colcon_core.shell:Creating prefix script '/home/ros_ws/ros_ws/b2_ws/install/local_setup.bash'
[18.803s] INFO:colcon.colcon_core.shell:Creating prefix chain script '/home/ros_ws/ros_ws/b2_ws/install/setup.bash'
[18.805s] INFO:colcon.colcon_core.shell:Creating prefix script '/home/ros_ws/ros_ws/b2_ws/install/local_setup.zsh'
[18.806s] INFO:colcon.colcon_core.shell:Creating prefix chain script '/home/ros_ws/ros_ws/b2_ws/install/setup.zsh'
