[0.297s] Invoking command in '/home/ros_ws/ros_ws/b2_ws/build/z1_urdf': CMAKE_PREFIX_PATH=${CMAKE_PREFIX_PATH}:/unitree_sdk2:/home/ros_ws/ros_ws/b2_ws/install/b2_nodes:/opt/ros/humble: /usr/bin/cmake /home/ros_ws/ros_ws/b2_ws/src/z1_urdf -DCMAKE_INSTALL_PREFIX=/home/ros_ws/ros_ws/b2_ws/install/z1_urdf
[0.312s] -- Found ament_cmake: 1.3.11 (/opt/ros/humble/share/ament_cmake/cmake)
[0.466s] -- Override CMake install command with custom implementation using symlinks instead of copying resources
[0.476s] -- Found ament_lint_auto: 0.12.11 (/opt/ros/humble/share/ament_lint_auto/cmake)
[0.587s] -- Added test 'cppcheck' to perform static code analysis on C / C++ code
[0.590s] -- Configured cppcheck include dirs: 
[0.591s] -- Configured cppcheck exclude dirs and/or files: 
[0.592s] -- Added test 'flake8' to check Python code syntax and style conventions
[0.599s] -- Added test 'lint_cmake' to check CMake code style
[0.602s] -- Added test 'pep257' to check Python code against some of the docstring style conventions in PEP 257
[0.626s] -- Added test 'uncrustify' to check C / C++ code style
[0.626s] -- Configured uncrustify additional arguments: 
[0.629s] -- Added test 'xmllint' to check XML markup files
[0.631s] -- Configuring done
[0.637s] -- Generating done
[0.639s] -- Build files have been written to: /home/ros_ws/ros_ws/b2_ws/build/z1_urdf
[0.644s] Invoked command in '/home/ros_ws/ros_ws/b2_ws/build/z1_urdf' returned '0': CMAKE_PREFIX_PATH=${CMAKE_PREFIX_PATH}:/unitree_sdk2:/home/ros_ws/ros_ws/b2_ws/install/b2_nodes:/opt/ros/humble: /usr/bin/cmake /home/ros_ws/ros_ws/b2_ws/src/z1_urdf -DCMAKE_INSTALL_PREFIX=/home/ros_ws/ros_ws/b2_ws/install/z1_urdf
[0.647s] Invoking command in '/home/ros_ws/ros_ws/b2_ws/build/z1_urdf': CMAKE_PREFIX_PATH=${CMAKE_PREFIX_PATH}:/unitree_sdk2:/home/ros_ws/ros_ws/b2_ws/install/b2_nodes:/opt/ros/humble: /usr/bin/cmake --build /home/ros_ws/ros_ws/b2_ws/build/z1_urdf -- -j16 -l16
[0.713s] Invoked command in '/home/ros_ws/ros_ws/b2_ws/build/z1_urdf' returned '0': CMAKE_PREFIX_PATH=${CMAKE_PREFIX_PATH}:/unitree_sdk2:/home/ros_ws/ros_ws/b2_ws/install/b2_nodes:/opt/ros/humble: /usr/bin/cmake --build /home/ros_ws/ros_ws/b2_ws/build/z1_urdf -- -j16 -l16
[0.772s] Invoking command in '/home/ros_ws/ros_ws/b2_ws/build/z1_urdf': CMAKE_PREFIX_PATH=${CMAKE_PREFIX_PATH}:/unitree_sdk2:/home/ros_ws/ros_ws/b2_ws/install/b2_nodes:/opt/ros/humble: /usr/bin/cmake --install /home/ros_ws/ros_ws/b2_ws/build/z1_urdf
[0.784s] -- Install configuration: ""
[0.785s] -- Execute custom install script
[0.785s] -- Up-to-date symlink: /home/ros_ws/ros_ws/b2_ws/install/z1_urdf/share/z1_urdf/launch/z1_model.launch.py
[0.786s] -- Up-to-date symlink: /home/ros_ws/ros_ws/b2_ws/install/z1_urdf/share/z1_urdf/launch/z1_rviz.launch.py
[0.786s] -- Up-to-date symlink: /home/ros_ws/ros_ws/b2_ws/install/z1_urdf/share/z1_urdf/launch/z1_rviz_real2sim.launch.py
[0.786s] -- Up-to-date symlink: /home/ros_ws/ros_ws/b2_ws/install/z1_urdf/share/z1_urdf/urdf/z1_description.urdf
[0.787s] -- Up-to-date symlink: /home/ros_ws/ros_ws/b2_ws/install/z1_urdf/share/z1_urdf/config/robot_control.yaml
[0.788s] -- Up-to-date symlink: /home/ros_ws/ros_ws/b2_ws/install/z1_urdf/share/z1_urdf/meshes/collision/z1_GripperMover.STL
[0.788s] -- Up-to-date symlink: /home/ros_ws/ros_ws/b2_ws/install/z1_urdf/share/z1_urdf/meshes/collision/z1_GripperStator.STL
[0.788s] -- Up-to-date symlink: /home/ros_ws/ros_ws/b2_ws/install/z1_urdf/share/z1_urdf/meshes/collision/z1_Link00.STL
[0.790s] -- Up-to-date symlink: /home/ros_ws/ros_ws/b2_ws/install/z1_urdf/share/z1_urdf/meshes/collision/z1_Link01.STL
[0.790s] -- Up-to-date symlink: /home/ros_ws/ros_ws/b2_ws/install/z1_urdf/share/z1_urdf/meshes/collision/z1_Link02.STL
[0.790s] -- Up-to-date symlink: /home/ros_ws/ros_ws/b2_ws/install/z1_urdf/share/z1_urdf/meshes/collision/z1_Link03.STL
[0.790s] -- Up-to-date symlink: /home/ros_ws/ros_ws/b2_ws/install/z1_urdf/share/z1_urdf/meshes/collision/z1_Link04.STL
[0.791s] -- Up-to-date symlink: /home/ros_ws/ros_ws/b2_ws/install/z1_urdf/share/z1_urdf/meshes/collision/z1_Link05.STL
[0.791s] -- Up-to-date symlink: /home/ros_ws/ros_ws/b2_ws/install/z1_urdf/share/z1_urdf/meshes/collision/z1_Link06.STL
[0.791s] -- Up-to-date symlink: /home/ros_ws/ros_ws/b2_ws/install/z1_urdf/share/z1_urdf/meshes/visual/z1_GripperMover.dae
[0.791s] -- Up-to-date symlink: /home/ros_ws/ros_ws/b2_ws/install/z1_urdf/share/z1_urdf/meshes/visual/z1_GripperStator.dae
[0.791s] -- Up-to-date symlink: /home/ros_ws/ros_ws/b2_ws/install/z1_urdf/share/z1_urdf/meshes/visual/z1_Link00.dae
[0.792s] -- Up-to-date symlink: /home/ros_ws/ros_ws/b2_ws/install/z1_urdf/share/z1_urdf/meshes/visual/z1_Link01.dae
[0.792s] -- Up-to-date symlink: /home/ros_ws/ros_ws/b2_ws/install/z1_urdf/share/z1_urdf/meshes/visual/z1_Link02.dae
[0.793s] -- Up-to-date symlink: /home/ros_ws/ros_ws/b2_ws/install/z1_urdf/share/z1_urdf/meshes/visual/z1_Link03.dae
[0.793s] -- Up-to-date symlink: /home/ros_ws/ros_ws/b2_ws/install/z1_urdf/share/z1_urdf/meshes/visual/z1_Link04.dae
[0.794s] -- Up-to-date symlink: /home/ros_ws/ros_ws/b2_ws/install/z1_urdf/share/z1_urdf/meshes/visual/z1_Link05.dae
[0.794s] -- Up-to-date symlink: /home/ros_ws/ros_ws/b2_ws/install/z1_urdf/share/z1_urdf/meshes/visual/z1_Link06.dae
[0.797s] -- Up-to-date symlink: /home/ros_ws/ros_ws/b2_ws/install/z1_urdf/share/z1_urdf/xacro/const.xacro
[0.798s] -- Up-to-date symlink: /home/ros_ws/ros_ws/b2_ws/install/z1_urdf/share/z1_urdf/xacro/gazebo.xacro
[0.798s] -- Up-to-date symlink: /home/ros_ws/ros_ws/b2_ws/install/z1_urdf/share/z1_urdf/xacro/robot.xacro
[0.798s] -- Up-to-date symlink: /home/ros_ws/ros_ws/b2_ws/install/z1_urdf/share/z1_urdf/xacro/transmission.xacro
[0.798s] -- Up-to-date symlink: /home/ros_ws/ros_ws/b2_ws/install/z1_urdf/share/z1_urdf/xacro/z1.urdf
[0.799s] -- Up-to-date symlink: /home/ros_ws/ros_ws/b2_ws/install/z1_urdf/share/ament_index/resource_index/package_run_dependencies/z1_urdf
[0.799s] -- Up-to-date symlink: /home/ros_ws/ros_ws/b2_ws/install/z1_urdf/share/ament_index/resource_index/parent_prefix_path/z1_urdf
[0.803s] -- Up-to-date symlink: /home/ros_ws/ros_ws/b2_ws/install/z1_urdf/share/z1_urdf/environment/ament_prefix_path.sh
[0.804s] -- Up-to-date symlink: /home/ros_ws/ros_ws/b2_ws/install/z1_urdf/share/z1_urdf/environment/ament_prefix_path.dsv
[0.804s] -- Up-to-date symlink: /home/ros_ws/ros_ws/b2_ws/install/z1_urdf/share/z1_urdf/environment/path.sh
[0.804s] -- Up-to-date symlink: /home/ros_ws/ros_ws/b2_ws/install/z1_urdf/share/z1_urdf/environment/path.dsv
[0.804s] -- Up-to-date symlink: /home/ros_ws/ros_ws/b2_ws/install/z1_urdf/share/z1_urdf/local_setup.bash
[0.805s] -- Up-to-date symlink: /home/ros_ws/ros_ws/b2_ws/install/z1_urdf/share/z1_urdf/local_setup.sh
[0.805s] -- Up-to-date symlink: /home/ros_ws/ros_ws/b2_ws/install/z1_urdf/share/z1_urdf/local_setup.zsh
[0.805s] -- Up-to-date symlink: /home/ros_ws/ros_ws/b2_ws/install/z1_urdf/share/z1_urdf/local_setup.dsv
[0.805s] -- Symlinking: /home/ros_ws/ros_ws/b2_ws/install/z1_urdf/share/z1_urdf/package.dsv
[0.814s] -- Up-to-date symlink: /home/ros_ws/ros_ws/b2_ws/install/z1_urdf/share/ament_index/resource_index/packages/z1_urdf
[0.816s] -- Up-to-date symlink: /home/ros_ws/ros_ws/b2_ws/install/z1_urdf/share/z1_urdf/cmake/z1_urdfConfig.cmake
[0.816s] -- Up-to-date symlink: /home/ros_ws/ros_ws/b2_ws/install/z1_urdf/share/z1_urdf/cmake/z1_urdfConfig-version.cmake
[0.816s] -- Up-to-date symlink: /home/ros_ws/ros_ws/b2_ws/install/z1_urdf/share/z1_urdf/package.xml
[0.840s] Invoked command in '/home/ros_ws/ros_ws/b2_ws/build/z1_urdf' returned '0': CMAKE_PREFIX_PATH=${CMAKE_PREFIX_PATH}:/unitree_sdk2:/home/ros_ws/ros_ws/b2_ws/install/b2_nodes:/opt/ros/humble: /usr/bin/cmake --install /home/ros_ws/ros_ws/b2_ws/build/z1_urdf
