[0.021s] Invoking command in '/home/ros_ws/ros_ws/b2_ws/build/b2_ctrl': CMAKE_PREFIX_PATH=/home/ros_ws/ros_ws/b2_ws/install/z1_interfaces:/home/ros_ws/ros_ws/b2_ws/install/z1_urdf:/home/ros_ws/ros_ws/b2_ws/install/z1_nodes:/home/ros_ws/ros_ws/b2_ws/install/py_cpp:/home/ros_ws/ros_ws/b2_ws/install/b2_urdf:/home/ros_ws/ros_ws/b2_ws/install/b2_ctrl:/home/ros_ws/ros_ws/unitree_ros2/cyclonedds_ws/install/unitree_hg:/home/ros_ws/ros_ws/unitree_ros2/cyclonedds_ws/install/unitree_go:/home/ros_ws/ros_ws/unitree_ros2/cyclonedds_ws/install/unitree_api:/home/ros_ws/ros_ws/unitree_ros2/cyclonedds_ws/install/rmw_cyclonedds_cpp:/home/ros_ws/ros_ws/unitree_ros2/cyclonedds_ws/install/cyclonedds:/unitree_sdk2:/home/ros_ws/ros_ws/b2_ws/install/b2_nodes:/opt/ros/humble: LD_LIBRARY_PATH=/home/ros_ws/ros_ws/b2_ws/install/z1_interfaces/lib:/home/ros_ws/ros_ws/unitree_ros2/cyclonedds_ws/install/unitree_hg/lib:/home/ros_ws/ros_ws/unitree_ros2/cyclonedds_ws/install/unitree_go/lib:/home/ros_ws/ros_ws/unitree_ros2/cyclonedds_ws/install/unitree_api/lib:/home/ros_ws/ros_ws/unitree_ros2/cyclonedds_ws/install/rmw_cyclonedds_cpp/lib:/home/ros_ws/ros_ws/unitree_ros2/cyclonedds_ws/install/cyclonedds/lib:/usr/lib/x86_64-linux-gnu/gazebo-11/plugins:/opt/ros/humble/opt/rviz_ogre_vendor/lib:/opt/ros/humble/lib/x86_64-linux-gnu:/opt/ros/humble/lib:/z1_controller/lib:/z1_sdk/lib:/z1_controller/lib:/z1_sdk/lib /usr/bin/cmake --build /home/ros_ws/ros_ws/b2_ws/build/b2_ctrl -- -j16 -l16
[0.126s] [  8%] Built target read_low_state
[0.141s] [ 21%] Built target g1_low_level_example
[0.143s] [ 30%] [32mBuilding CXX object CMakeFiles/b2_z1_control.dir/src/b2_z1_control.cpp.o[0m
[0.144s] [ 52%] Built target low_level_ctrl_hg
[0.144s] [ 56%] Built target low_level_ctrl
[0.144s] [ 60%] Built target read_motion_state
[0.144s] [ 73%] Built target sport_mode_ctrl
[0.147s] [ 82%] Built target read_low_state_hg
[0.148s] [ 91%] Built target read_wireless_controller
[8.419s] [ 95%] [32m[1mLinking CXX executable b2_z1_control[0m
[8.873s] [100%] Built target b2_z1_control
[8.887s] Invoked command in '/home/ros_ws/ros_ws/b2_ws/build/b2_ctrl' returned '0': CMAKE_PREFIX_PATH=/home/ros_ws/ros_ws/b2_ws/install/z1_interfaces:/home/ros_ws/ros_ws/b2_ws/install/z1_urdf:/home/ros_ws/ros_ws/b2_ws/install/z1_nodes:/home/ros_ws/ros_ws/b2_ws/install/py_cpp:/home/ros_ws/ros_ws/b2_ws/install/b2_urdf:/home/ros_ws/ros_ws/b2_ws/install/b2_ctrl:/home/ros_ws/ros_ws/unitree_ros2/cyclonedds_ws/install/unitree_hg:/home/ros_ws/ros_ws/unitree_ros2/cyclonedds_ws/install/unitree_go:/home/ros_ws/ros_ws/unitree_ros2/cyclonedds_ws/install/unitree_api:/home/ros_ws/ros_ws/unitree_ros2/cyclonedds_ws/install/rmw_cyclonedds_cpp:/home/ros_ws/ros_ws/unitree_ros2/cyclonedds_ws/install/cyclonedds:/unitree_sdk2:/home/ros_ws/ros_ws/b2_ws/install/b2_nodes:/opt/ros/humble: LD_LIBRARY_PATH=/home/ros_ws/ros_ws/b2_ws/install/z1_interfaces/lib:/home/ros_ws/ros_ws/unitree_ros2/cyclonedds_ws/install/unitree_hg/lib:/home/ros_ws/ros_ws/unitree_ros2/cyclonedds_ws/install/unitree_go/lib:/home/ros_ws/ros_ws/unitree_ros2/cyclonedds_ws/install/unitree_api/lib:/home/ros_ws/ros_ws/unitree_ros2/cyclonedds_ws/install/rmw_cyclonedds_cpp/lib:/home/ros_ws/ros_ws/unitree_ros2/cyclonedds_ws/install/cyclonedds/lib:/usr/lib/x86_64-linux-gnu/gazebo-11/plugins:/opt/ros/humble/opt/rviz_ogre_vendor/lib:/opt/ros/humble/lib/x86_64-linux-gnu:/opt/ros/humble/lib:/z1_controller/lib:/z1_sdk/lib:/z1_controller/lib:/z1_sdk/lib /usr/bin/cmake --build /home/ros_ws/ros_ws/b2_ws/build/b2_ctrl -- -j16 -l16
[8.985s] Invoking command in '/home/ros_ws/ros_ws/b2_ws/build/b2_ctrl': CMAKE_PREFIX_PATH=/home/ros_ws/ros_ws/b2_ws/install/z1_interfaces:/home/ros_ws/ros_ws/b2_ws/install/z1_urdf:/home/ros_ws/ros_ws/b2_ws/install/z1_nodes:/home/ros_ws/ros_ws/b2_ws/install/py_cpp:/home/ros_ws/ros_ws/b2_ws/install/b2_urdf:/home/ros_ws/ros_ws/b2_ws/install/b2_ctrl:/home/ros_ws/ros_ws/unitree_ros2/cyclonedds_ws/install/unitree_hg:/home/ros_ws/ros_ws/unitree_ros2/cyclonedds_ws/install/unitree_go:/home/ros_ws/ros_ws/unitree_ros2/cyclonedds_ws/install/unitree_api:/home/ros_ws/ros_ws/unitree_ros2/cyclonedds_ws/install/rmw_cyclonedds_cpp:/home/ros_ws/ros_ws/unitree_ros2/cyclonedds_ws/install/cyclonedds:/unitree_sdk2:/home/ros_ws/ros_ws/b2_ws/install/b2_nodes:/opt/ros/humble: LD_LIBRARY_PATH=/home/ros_ws/ros_ws/b2_ws/install/z1_interfaces/lib:/home/ros_ws/ros_ws/unitree_ros2/cyclonedds_ws/install/unitree_hg/lib:/home/ros_ws/ros_ws/unitree_ros2/cyclonedds_ws/install/unitree_go/lib:/home/ros_ws/ros_ws/unitree_ros2/cyclonedds_ws/install/unitree_api/lib:/home/ros_ws/ros_ws/unitree_ros2/cyclonedds_ws/install/rmw_cyclonedds_cpp/lib:/home/ros_ws/ros_ws/unitree_ros2/cyclonedds_ws/install/cyclonedds/lib:/usr/lib/x86_64-linux-gnu/gazebo-11/plugins:/opt/ros/humble/opt/rviz_ogre_vendor/lib:/opt/ros/humble/lib/x86_64-linux-gnu:/opt/ros/humble/lib:/z1_controller/lib:/z1_sdk/lib:/z1_controller/lib:/z1_sdk/lib /usr/bin/cmake --install /home/ros_ws/ros_ws/b2_ws/build/b2_ctrl
[8.995s] -- Install configuration: ""
[8.996s] -- Up-to-date: /home/ros_ws/ros_ws/b2_ws/install/b2_ctrl/bin/low_level_ctrl
[8.996s] -- Up-to-date: /home/ros_ws/ros_ws/b2_ws/install/b2_ctrl/bin/low_level_ctrl_hg
[8.996s] -- Up-to-date: /home/ros_ws/ros_ws/b2_ws/install/b2_ctrl/bin/g1_low_level_example
[8.997s] -- Up-to-date: /home/ros_ws/ros_ws/b2_ws/install/b2_ctrl/bin/read_low_state
[8.997s] -- Up-to-date: /home/ros_ws/ros_ws/b2_ws/install/b2_ctrl/bin/read_low_state_hg
[8.998s] -- Up-to-date: /home/ros_ws/ros_ws/b2_ws/install/b2_ctrl/bin/read_motion_state
[8.998s] -- Up-to-date: /home/ros_ws/ros_ws/b2_ws/install/b2_ctrl/bin/read_wireless_controller
[8.998s] -- Up-to-date: /home/ros_ws/ros_ws/b2_ws/install/b2_ctrl/bin/sport_mode_ctrl
[8.999s] -- Installing: /home/ros_ws/ros_ws/b2_ws/install/b2_ctrl/bin/b2_z1_control
[9.008s] -- Set runtime path of "/home/ros_ws/ros_ws/b2_ws/install/b2_ctrl/bin/b2_z1_control" to ""
[9.008s] -- Up-to-date: /home/ros_ws/ros_ws/b2_ws/install/b2_ctrl/share/ament_index/resource_index/package_run_dependencies/b2_ctrl
[9.008s] -- Up-to-date: /home/ros_ws/ros_ws/b2_ws/install/b2_ctrl/share/ament_index/resource_index/parent_prefix_path/b2_ctrl
[9.008s] -- Up-to-date: /home/ros_ws/ros_ws/b2_ws/install/b2_ctrl/share/b2_ctrl/environment/ament_prefix_path.sh
[9.008s] -- Up-to-date: /home/ros_ws/ros_ws/b2_ws/install/b2_ctrl/share/b2_ctrl/environment/ament_prefix_path.dsv
[9.008s] -- Up-to-date: /home/ros_ws/ros_ws/b2_ws/install/b2_ctrl/share/b2_ctrl/environment/path.sh
[9.008s] -- Up-to-date: /home/ros_ws/ros_ws/b2_ws/install/b2_ctrl/share/b2_ctrl/environment/path.dsv
[9.008s] -- Up-to-date: /home/ros_ws/ros_ws/b2_ws/install/b2_ctrl/share/b2_ctrl/local_setup.bash
[9.008s] -- Up-to-date: /home/ros_ws/ros_ws/b2_ws/install/b2_ctrl/share/b2_ctrl/local_setup.sh
[9.009s] -- Up-to-date: /home/ros_ws/ros_ws/b2_ws/install/b2_ctrl/share/b2_ctrl/local_setup.zsh
[9.009s] -- Up-to-date: /home/ros_ws/ros_ws/b2_ws/install/b2_ctrl/share/b2_ctrl/local_setup.dsv
[9.009s] -- Installing: /home/ros_ws/ros_ws/b2_ws/install/b2_ctrl/share/b2_ctrl/package.dsv
[9.009s] -- Up-to-date: /home/ros_ws/ros_ws/b2_ws/install/b2_ctrl/share/ament_index/resource_index/packages/b2_ctrl
[9.009s] -- Up-to-date: /home/ros_ws/ros_ws/b2_ws/install/b2_ctrl/share/b2_ctrl/cmake/b2_ctrlConfig.cmake
[9.009s] -- Up-to-date: /home/ros_ws/ros_ws/b2_ws/install/b2_ctrl/share/b2_ctrl/cmake/b2_ctrlConfig-version.cmake
[9.009s] -- Up-to-date: /home/ros_ws/ros_ws/b2_ws/install/b2_ctrl/share/b2_ctrl/package.xml
[9.011s] Invoked command in '/home/ros_ws/ros_ws/b2_ws/build/b2_ctrl' returned '0': CMAKE_PREFIX_PATH=/home/ros_ws/ros_ws/b2_ws/install/z1_interfaces:/home/ros_ws/ros_ws/b2_ws/install/z1_urdf:/home/ros_ws/ros_ws/b2_ws/install/z1_nodes:/home/ros_ws/ros_ws/b2_ws/install/py_cpp:/home/ros_ws/ros_ws/b2_ws/install/b2_urdf:/home/ros_ws/ros_ws/b2_ws/install/b2_ctrl:/home/ros_ws/ros_ws/unitree_ros2/cyclonedds_ws/install/unitree_hg:/home/ros_ws/ros_ws/unitree_ros2/cyclonedds_ws/install/unitree_go:/home/ros_ws/ros_ws/unitree_ros2/cyclonedds_ws/install/unitree_api:/home/ros_ws/ros_ws/unitree_ros2/cyclonedds_ws/install/rmw_cyclonedds_cpp:/home/ros_ws/ros_ws/unitree_ros2/cyclonedds_ws/install/cyclonedds:/unitree_sdk2:/home/ros_ws/ros_ws/b2_ws/install/b2_nodes:/opt/ros/humble: LD_LIBRARY_PATH=/home/ros_ws/ros_ws/b2_ws/install/z1_interfaces/lib:/home/ros_ws/ros_ws/unitree_ros2/cyclonedds_ws/install/unitree_hg/lib:/home/ros_ws/ros_ws/unitree_ros2/cyclonedds_ws/install/unitree_go/lib:/home/ros_ws/ros_ws/unitree_ros2/cyclonedds_ws/install/unitree_api/lib:/home/ros_ws/ros_ws/unitree_ros2/cyclonedds_ws/install/rmw_cyclonedds_cpp/lib:/home/ros_ws/ros_ws/unitree_ros2/cyclonedds_ws/install/cyclonedds/lib:/usr/lib/x86_64-linux-gnu/gazebo-11/plugins:/opt/ros/humble/opt/rviz_ogre_vendor/lib:/opt/ros/humble/lib/x86_64-linux-gnu:/opt/ros/humble/lib:/z1_controller/lib:/z1_sdk/lib:/z1_controller/lib:/z1_sdk/lib /usr/bin/cmake --install /home/ros_ws/ros_ws/b2_ws/build/b2_ctrl
