[35m[1mConsolidate compiler generated dependencies of target sport_mode_ctrl[0m
[ 10%] Built target read_low_state
[ 25%] Built target low_level_ctrl_hg
[ 50%] Built target read_low_state_hg
[ 50%] Built target low_level_ctrl
[ 70%] Built target read_wireless_controller
[ 70%] Built target read_motion_state
[ 85%] Built target g1_low_level_example
[ 90%] [32mBuilding CXX object CMakeFiles/sport_mode_ctrl.dir/src/sport_mode_ctrl.cpp.o[0m
[01m[K/home/ros_ws/ros_ws/b2_ws/src/b2_ctrl/src/sport_mode_ctrl.cpp:[m[K In member function ‘[01m[Kvoid KeyboardController::key_loop()[m[K’:
[01m[K/home/ros_ws/ros_ws/b2_ws/src/b2_ctrl/src/sport_mode_ctrl.cpp:97:45:[m[K [01;31m[Kerror: [m[Kcannot convert ‘[01m[KPathPoint[m[K’ to ‘[01m[Kstd::vector<PathPoint>&[m[K’
   97 |         sport_req.TrajectoryFollow(request, [01;31m[Kpath_point_tmp[m[K);
      |                                             [01;31m[K^~~~~~~~~~~~~~[m[K
      |                                             [01;31m[K|[m[K
      |                                             [01;31m[KPathPoint[m[K
In file included from [01m[K/home/ros_ws/ros_ws/b2_ws/src/b2_ctrl/src/sport_mode_ctrl.cpp:6[m[K:
[01m[K/home/ros_ws/ros_ws/b2_ws/src/b2_ctrl/include/common/ros2_sport_client.h:162:83:[m[K [01;36m[Knote: [m[K  initializing argument 2 of ‘[01m[Kvoid SportClient::TrajectoryFollow(unitree_api::msg::Request&, std::vector<PathPoint>&)[m[K’
  162 |     void TrajectoryFollow(unitree_api::msg::Request &req, [01;36m[Kstd::vector<PathPoint> &path[m[K);
      |                                                           [01;36m[K~~~~~~~~~~~~~~~~~~~~~~~~^~~~[m[K
gmake[2]: *** [CMakeFiles/sport_mode_ctrl.dir/build.make:76: CMakeFiles/sport_mode_ctrl.dir/src/sport_mode_ctrl.cpp.o] Error 1
gmake[1]: *** [CMakeFiles/Makefile2:333: CMakeFiles/sport_mode_ctrl.dir/all] Error 2
gmake: *** [Makefile:146: all] Error 2
