[0.015s] Invoking command in '/home/ros_ws/ros_ws/b2_ws/build/b2_ctrl': CMAKE_PREFIX_PATH=${CMAKE_PREFIX_PATH}:/unitree_sdk2:/home/ros_ws/ros_ws/b2_ws/install/b2_nodes:/opt/ros/humble: /usr/bin/cmake --build /home/ros_ws/ros_ws/b2_ws/build/b2_ctrl -- -j16 -l16
[0.080s] [35m[1mConsolidate compiler generated dependencies of target sport_mode_ctrl[0m
[0.107s] [ 40%] Built target low_level_ctrl_hg
[0.107s] [ 55%] Built target g1_low_level_example
[0.107s] [ 55%] Built target read_low_state
[0.107s] [ 55%] Built target read_low_state_hg
[0.107s] [ 75%] Built target low_level_ctrl
[0.107s] [ 75%] Built target read_motion_state
[0.108s] [ 85%] Built target read_wireless_controller
[0.122s] [ 90%] [32mBuilding CXX object CMakeFiles/sport_mode_ctrl.dir/src/sport_mode_ctrl.cpp.o[0m
[2.678s] [01m[K/home/ros_ws/ros_ws/b2_ws/src/b2_ctrl/src/sport_mode_ctrl.cpp:[m[K In member function ‘[01m[Kvoid SportManager::key_loop()[m[K’:
[2.678s] [01m[K/home/ros_ws/ros_ws/b2_ws/src/b2_ctrl/src/sport_mode_ctrl.cpp:177:65:[m[K [01;31m[Kerror: [m[Kno matching function for call to ‘[01m[Kstd::chrono::duration<long int>::duration(double)[m[K’
[2.678s]   177 |             std::this_thread::sleep_for(std::chrono::seconds(0.5[01;31m[K)[m[K);
[2.678s]       |                                                                 [01;31m[K^[m[K
[2.678s] In file included from [01m[K/home/ros_ws/ros_ws/b2_ws/src/b2_ctrl/src/sport_mode_ctrl.cpp:2[m[K:
[2.678s] [01m[K/usr/include/c++/11/chrono:529:21:[m[K [01;36m[Knote: [m[Kcandidate: ‘[01m[Ktemplate<class _Rep2, class _Period2, class> constexpr std::chrono::duration<_Rep, _Period>::duration(const std::chrono::duration<_Rep, _Period>&) [with _Rep2 = _Rep2; _Period2 = _Period2; <template-parameter-2-3> = <template-parameter-1-3>; _Rep = long int; _Period = std::ratio<1>][m[K’
[2.679s]   529 |           constexpr [01;36m[Kduration[m[K(const duration<_Rep2, _Period2>& __d)
[2.679s]       |                     [01;36m[K^~~~~~~~[m[K
[2.679s] [01m[K/usr/include/c++/11/chrono:529:21:[m[K [01;36m[Knote: [m[K  template argument deduction/substitution failed:
[2.679s] [01m[K/home/ros_ws/ros_ws/b2_ws/src/b2_ctrl/src/sport_mode_ctrl.cpp:177:65:[m[K [01;36m[Knote: [m[K  mismatched types ‘[01m[Kconst std::chrono::duration<_Rep1, _Period1>[m[K’ and ‘[01m[Kdouble[m[K’
[2.679s]   177 |             std::this_thread::sleep_for(std::chrono::seconds(0.5[01;36m[K)[m[K);
[2.679s]       |                                                                 [01;36m[K^[m[K
[2.679s] In file included from [01m[K/home/ros_ws/ros_ws/b2_ws/src/b2_ctrl/src/sport_mode_ctrl.cpp:2[m[K:
[2.679s] [01m[K/usr/include/c++/11/chrono:521:30:[m[K [01;36m[Knote: [m[Kcandidate: ‘[01m[Ktemplate<class _Rep2, class> constexpr std::chrono::duration<_Rep, _Period>::duration(const _Rep2&) [with _Rep2 = _Rep2; <template-parameter-2-2> = <template-parameter-1-2>; _Rep = long int; _Period = std::ratio<1>][m[K’
[2.679s]   521 |           constexpr explicit [01;36m[Kduration[m[K(const _Rep2& __rep)
[2.679s]       |                              [01;36m[K^~~~~~~~[m[K
[2.679s] [01m[K/usr/include/c++/11/chrono:521:30:[m[K [01;36m[Knote: [m[K  template argument deduction/substitution failed:
[2.679s] In file included from [01m[K/usr/include/c++/11/ratio:39[m[K,
[2.680s]                  from [01m[K/usr/include/c++/11/chrono:39[m[K,
[2.680s]                  from [01m[K/home/ros_ws/ros_ws/b2_ws/src/b2_ctrl/src/sport_mode_ctrl.cpp:2[m[K:
[2.680s] /usr/include/c++/11/type_traits: In substitution of ‘[01m[Ktemplate<bool _Cond, class _Tp> using __enable_if_t = typename std::enable_if::type [with bool _Cond = false; _Tp = void][m[K’:
[2.680s] [01m[K/usr/include/c++/11/type_traits:2209:11:[m[K   required by substitution of ‘[01m[Ktemplate<class ... _Cond> using _Require = std::__enable_if_t<std::__and_< <template-parameter-1-1> >::value> [with _Cond = {std::is_convertible<const double&, long int>, std::__or_<std::chrono::treat_as_floating_point<long int>, std::__not_<std::chrono::treat_as_floating_point<double> > >}][m[K’
[2.680s] [01m[K/usr/include/c++/11/chrono:518:27:[m[K   required from here
[2.680s] [01m[K/usr/include/c++/11/type_traits:2205:11:[m[K [01;31m[Kerror: [m[Kno type named ‘[01m[Ktype[m[K’ in ‘[01m[Kstruct std::enable_if<false, void>[m[K’
[2.680s]  2205 |     using [01;31m[K__enable_if_t[m[K = typename enable_if<_Cond, _Tp>::type;
[2.680s]       |           [01;31m[K^~~~~~~~~~~~~[m[K
[2.680s] In file included from [01m[K/home/ros_ws/ros_ws/b2_ws/src/b2_ctrl/src/sport_mode_ctrl.cpp:2[m[K:
[2.680s] [01m[K/usr/include/c++/11/chrono:514:9:[m[K [01;36m[Knote: [m[Kcandidate: ‘[01m[Kconstexpr std::chrono::duration<_Rep, _Period>::duration(const std::chrono::duration<_Rep, _Period>&) [with _Rep = long int; _Period = std::ratio<1>][m[K’
[2.681s]   514 |         [01;36m[Kduration[m[K(const duration&) = default;
[2.681s]       |         [01;36m[K^~~~~~~~[m[K
[2.681s] [01m[K/usr/include/c++/11/chrono:514:18:[m[K [01;36m[Knote: [m[K  no known conversion for argument 1 from ‘[01m[Kdouble[m[K’ to ‘[01m[Kconst std::chrono::duration<long int>&[m[K’
[2.681s]   514 |         duration([01;36m[Kconst duration&[m[K) = default;
[2.681s]       |                  [01;36m[K^~~~~~~~~~~~~~~[m[K
[2.681s] [01m[K/usr/include/c++/11/chrono:512:19:[m[K [01;36m[Knote: [m[Kcandidate: ‘[01m[Kstd::chrono::duration<_Rep, _Period>::duration() [with _Rep = long int; _Period = std::ratio<1>][m[K’
[2.681s]   512 |         constexpr [01;36m[Kduration[m[K() = default;
[2.681s]       |                   [01;36m[K^~~~~~~~[m[K
[2.681s] [01m[K/usr/include/c++/11/chrono:512:19:[m[K [01;36m[Knote: [m[K  candidate expects 0 arguments, 1 provided
[2.682s] [01m[K/home/ros_ws/ros_ws/b2_ws/src/b2_ctrl/src/sport_mode_ctrl.cpp:182:65:[m[K [01;31m[Kerror: [m[Kno matching function for call to ‘[01m[Kstd::chrono::duration<long int>::duration(double)[m[K’
[2.682s]   182 |             std::this_thread::sleep_for(std::chrono::seconds(0.5[01;31m[K)[m[K);
[2.683s]       |                                                                 [01;31m[K^[m[K
[2.683s] In file included from [01m[K/home/ros_ws/ros_ws/b2_ws/src/b2_ctrl/src/sport_mode_ctrl.cpp:2[m[K:
[2.683s] [01m[K/usr/include/c++/11/chrono:529:21:[m[K [01;36m[Knote: [m[Kcandidate: ‘[01m[Ktemplate<class _Rep2, class _Period2, class> constexpr std::chrono::duration<_Rep, _Period>::duration(const std::chrono::duration<_Rep, _Period>&) [with _Rep2 = _Rep2; _Period2 = _Period2; <template-parameter-2-3> = <template-parameter-1-3>; _Rep = long int; _Period = std::ratio<1>][m[K’
[2.683s]   529 |           constexpr [01;36m[Kduration[m[K(const duration<_Rep2, _Period2>& __d)
[2.683s]       |                     [01;36m[K^~~~~~~~[m[K
[2.683s] [01m[K/usr/include/c++/11/chrono:529:21:[m[K [01;36m[Knote: [m[K  template argument deduction/substitution failed:
[2.683s] [01m[K/home/ros_ws/ros_ws/b2_ws/src/b2_ctrl/src/sport_mode_ctrl.cpp:182:65:[m[K [01;36m[Knote: [m[K  mismatched types ‘[01m[Kconst std::chrono::duration<_Rep1, _Period1>[m[K’ and ‘[01m[Kdouble[m[K’
[2.683s]   182 |             std::this_thread::sleep_for(std::chrono::seconds(0.5[01;36m[K)[m[K);
[2.683s]       |                                                                 [01;36m[K^[m[K
[2.684s] In file included from [01m[K/home/ros_ws/ros_ws/b2_ws/src/b2_ctrl/src/sport_mode_ctrl.cpp:2[m[K:
[2.684s] [01m[K/usr/include/c++/11/chrono:521:30:[m[K [01;36m[Knote: [m[Kcandidate: ‘[01m[Ktemplate<class _Rep2, class> constexpr std::chrono::duration<_Rep, _Period>::duration(const _Rep2&) [with _Rep2 = _Rep2; <template-parameter-2-2> = <template-parameter-1-2>; _Rep = long int; _Period = std::ratio<1>][m[K’
[2.684s]   521 |           constexpr explicit [01;36m[Kduration[m[K(const _Rep2& __rep)
[2.684s]       |                              [01;36m[K^~~~~~~~[m[K
[2.684s] [01m[K/usr/include/c++/11/chrono:521:30:[m[K [01;36m[Knote: [m[K  template argument deduction/substitution failed:
[2.684s] [01m[K/usr/include/c++/11/chrono:514:9:[m[K [01;36m[Knote: [m[Kcandidate: ‘[01m[Kconstexpr std::chrono::duration<_Rep, _Period>::duration(const std::chrono::duration<_Rep, _Period>&) [with _Rep = long int; _Period = std::ratio<1>][m[K’
[2.684s]   514 |         [01;36m[Kduration[m[K(const duration&) = default;
[2.684s]       |         [01;36m[K^~~~~~~~[m[K
[2.684s] [01m[K/usr/include/c++/11/chrono:514:18:[m[K [01;36m[Knote: [m[K  no known conversion for argument 1 from ‘[01m[Kdouble[m[K’ to ‘[01m[Kconst std::chrono::duration<long int>&[m[K’
[2.684s]   514 |         duration([01;36m[Kconst duration&[m[K) = default;
[2.684s]       |                  [01;36m[K^~~~~~~~~~~~~~~[m[K
[2.684s] [01m[K/usr/include/c++/11/chrono:512:19:[m[K [01;36m[Knote: [m[Kcandidate: ‘[01m[Kstd::chrono::duration<_Rep, _Period>::duration() [with _Rep = long int; _Period = std::ratio<1>][m[K’
[2.684s]   512 |         constexpr [01;36m[Kduration[m[K() = default;
[2.685s]       |                   [01;36m[K^~~~~~~~[m[K
[2.685s] [01m[K/usr/include/c++/11/chrono:512:19:[m[K [01;36m[Knote: [m[K  candidate expects 0 arguments, 1 provided
[2.685s] [01m[K/home/ros_ws/ros_ws/b2_ws/src/b2_ctrl/src/sport_mode_ctrl.cpp:187:65:[m[K [01;31m[Kerror: [m[Kno matching function for call to ‘[01m[Kstd::chrono::duration<long int>::duration(double)[m[K’
[2.685s]   187 |             std::this_thread::sleep_for(std::chrono::seconds(0.5[01;31m[K)[m[K);
[2.685s]       |                                                                 [01;31m[K^[m[K
[2.685s] In file included from [01m[K/home/ros_ws/ros_ws/b2_ws/src/b2_ctrl/src/sport_mode_ctrl.cpp:2[m[K:
[2.685s] [01m[K/usr/include/c++/11/chrono:529:21:[m[K [01;36m[Knote: [m[Kcandidate: ‘[01m[Ktemplate<class _Rep2, class _Period2, class> constexpr std::chrono::duration<_Rep, _Period>::duration(const std::chrono::duration<_Rep, _Period>&) [with _Rep2 = _Rep2; _Period2 = _Period2; <template-parameter-2-3> = <template-parameter-1-3>; _Rep = long int; _Period = std::ratio<1>][m[K’
[2.685s]   529 |           constexpr [01;36m[Kduration[m[K(const duration<_Rep2, _Period2>& __d)
[2.685s]       |                     [01;36m[K^~~~~~~~[m[K
[2.685s] [01m[K/usr/include/c++/11/chrono:529:21:[m[K [01;36m[Knote: [m[K  template argument deduction/substitution failed:
[2.685s] [01m[K/home/ros_ws/ros_ws/b2_ws/src/b2_ctrl/src/sport_mode_ctrl.cpp:187:65:[m[K [01;36m[Knote: [m[K  mismatched types ‘[01m[Kconst std::chrono::duration<_Rep1, _Period1>[m[K’ and ‘[01m[Kdouble[m[K’
[2.685s]   187 |             std::this_thread::sleep_for(std::chrono::seconds(0.5[01;36m[K)[m[K);
[2.685s]       |                                                                 [01;36m[K^[m[K
[2.685s] In file included from [01m[K/home/ros_ws/ros_ws/b2_ws/src/b2_ctrl/src/sport_mode_ctrl.cpp:2[m[K:
[2.685s] [01m[K/usr/include/c++/11/chrono:521:30:[m[K [01;36m[Knote: [m[Kcandidate: ‘[01m[Ktemplate<class _Rep2, class> constexpr std::chrono::duration<_Rep, _Period>::duration(const _Rep2&) [with _Rep2 = _Rep2; <template-parameter-2-2> = <template-parameter-1-2>; _Rep = long int; _Period = std::ratio<1>][m[K’
[2.685s]   521 |           constexpr explicit [01;36m[Kduration[m[K(const _Rep2& __rep)
[2.686s]       |                              [01;36m[K^~~~~~~~[m[K
[2.686s] [01m[K/usr/include/c++/11/chrono:521:30:[m[K [01;36m[Knote: [m[K  template argument deduction/substitution failed:
[2.686s] [01m[K/usr/include/c++/11/chrono:514:9:[m[K [01;36m[Knote: [m[Kcandidate: ‘[01m[Kconstexpr std::chrono::duration<_Rep, _Period>::duration(const std::chrono::duration<_Rep, _Period>&) [with _Rep = long int; _Period = std::ratio<1>][m[K’
[2.686s]   514 |         [01;36m[Kduration[m[K(const duration&) = default;
[2.686s]       |         [01;36m[K^~~~~~~~[m[K
[2.686s] [01m[K/usr/include/c++/11/chrono:514:18:[m[K [01;36m[Knote: [m[K  no known conversion for argument 1 from ‘[01m[Kdouble[m[K’ to ‘[01m[Kconst std::chrono::duration<long int>&[m[K’
[2.686s]   514 |         duration([01;36m[Kconst duration&[m[K) = default;
[2.686s]       |                  [01;36m[K^~~~~~~~~~~~~~~[m[K
[2.686s] [01m[K/usr/include/c++/11/chrono:512:19:[m[K [01;36m[Knote: [m[Kcandidate: ‘[01m[Kstd::chrono::duration<_Rep, _Period>::duration() [with _Rep = long int; _Period = std::ratio<1>][m[K’
[2.686s]   512 |         constexpr [01;36m[Kduration[m[K() = default;
[2.686s]       |                   [01;36m[K^~~~~~~~[m[K
[2.686s] [01m[K/usr/include/c++/11/chrono:512:19:[m[K [01;36m[Knote: [m[K  candidate expects 0 arguments, 1 provided
[2.686s] [01m[K/home/ros_ws/ros_ws/b2_ws/src/b2_ctrl/src/sport_mode_ctrl.cpp:192:65:[m[K [01;31m[Kerror: [m[Kno matching function for call to ‘[01m[Kstd::chrono::duration<long int>::duration(double)[m[K’
[2.686s]   192 |             std::this_thread::sleep_for(std::chrono::seconds(0.5[01;31m[K)[m[K);
[2.686s]       |                                                                 [01;31m[K^[m[K
[2.686s] In file included from [01m[K/home/ros_ws/ros_ws/b2_ws/src/b2_ctrl/src/sport_mode_ctrl.cpp:2[m[K:
[2.686s] [01m[K/usr/include/c++/11/chrono:529:21:[m[K [01;36m[Knote: [m[Kcandidate: ‘[01m[Ktemplate<class _Rep2, class _Period2, class> constexpr std::chrono::duration<_Rep, _Period>::duration(const std::chrono::duration<_Rep, _Period>&) [with _Rep2 = _Rep2; _Period2 = _Period2; <template-parameter-2-3> = <template-parameter-1-3>; _Rep = long int; _Period = std::ratio<1>][m[K’
[2.687s]   529 |           constexpr [01;36m[Kduration[m[K(const duration<_Rep2, _Period2>& __d)
[2.687s]       |                     [01;36m[K^~~~~~~~[m[K
[2.687s] [01m[K/usr/include/c++/11/chrono:529:21:[m[K [01;36m[Knote: [m[K  template argument deduction/substitution failed:
[2.687s] [01m[K/home/ros_ws/ros_ws/b2_ws/src/b2_ctrl/src/sport_mode_ctrl.cpp:192:65:[m[K [01;36m[Knote: [m[K  mismatched types ‘[01m[Kconst std::chrono::duration<_Rep1, _Period1>[m[K’ and ‘[01m[Kdouble[m[K’
[2.687s]   192 |             std::this_thread::sleep_for(std::chrono::seconds(0.5[01;36m[K)[m[K);
[2.687s]       |                                                                 [01;36m[K^[m[K
[2.687s] In file included from [01m[K/home/ros_ws/ros_ws/b2_ws/src/b2_ctrl/src/sport_mode_ctrl.cpp:2[m[K:
[2.687s] [01m[K/usr/include/c++/11/chrono:521:30:[m[K [01;36m[Knote: [m[Kcandidate: ‘[01m[Ktemplate<class _Rep2, class> constexpr std::chrono::duration<_Rep, _Period>::duration(const _Rep2&) [with _Rep2 = _Rep2; <template-parameter-2-2> = <template-parameter-1-2>; _Rep = long int; _Period = std::ratio<1>][m[K’
[2.687s]   521 |           constexpr explicit [01;36m[Kduration[m[K(const _Rep2& __rep)
[2.687s]       |                              [01;36m[K^~~~~~~~[m[K
[2.687s] [01m[K/usr/include/c++/11/chrono:521:30:[m[K [01;36m[Knote: [m[K  template argument deduction/substitution failed:
[2.687s] [01m[K/usr/include/c++/11/chrono:514:9:[m[K [01;36m[Knote: [m[Kcandidate: ‘[01m[Kconstexpr std::chrono::duration<_Rep, _Period>::duration(const std::chrono::duration<_Rep, _Period>&) [with _Rep = long int; _Period = std::ratio<1>][m[K’
[2.687s]   514 |         [01;36m[Kduration[m[K(const duration&) = default;
[2.687s]       |         [01;36m[K^~~~~~~~[m[K
[2.687s] [01m[K/usr/include/c++/11/chrono:514:18:[m[K [01;36m[Knote: [m[K  no known conversion for argument 1 from ‘[01m[Kdouble[m[K’ to ‘[01m[Kconst std::chrono::duration<long int>&[m[K’
[2.688s]   514 |         duration([01;36m[Kconst duration&[m[K) = default;
[2.688s]       |                  [01;36m[K^~~~~~~~~~~~~~~[m[K
[2.688s] [01m[K/usr/include/c++/11/chrono:512:19:[m[K [01;36m[Knote: [m[Kcandidate: ‘[01m[Kstd::chrono::duration<_Rep, _Period>::duration() [with _Rep = long int; _Period = std::ratio<1>][m[K’
[2.688s]   512 |         constexpr [01;36m[Kduration[m[K() = default;
[2.688s]       |                   [01;36m[K^~~~~~~~[m[K
[2.688s] [01m[K/usr/include/c++/11/chrono:512:19:[m[K [01;36m[Knote: [m[K  candidate expects 0 arguments, 1 provided
[2.688s] [01m[K/home/ros_ws/ros_ws/b2_ws/src/b2_ctrl/src/sport_mode_ctrl.cpp:197:65:[m[K [01;31m[Kerror: [m[Kno matching function for call to ‘[01m[Kstd::chrono::duration<long int>::duration(double)[m[K’
[2.688s]   197 |             std::this_thread::sleep_for(std::chrono::seconds(0.5[01;31m[K)[m[K);
[2.688s]       |                                                                 [01;31m[K^[m[K
[2.688s] In file included from [01m[K/home/ros_ws/ros_ws/b2_ws/src/b2_ctrl/src/sport_mode_ctrl.cpp:2[m[K:
[2.688s] [01m[K/usr/include/c++/11/chrono:529:21:[m[K [01;36m[Knote: [m[Kcandidate: ‘[01m[Ktemplate<class _Rep2, class _Period2, class> constexpr std::chrono::duration<_Rep, _Period>::duration(const std::chrono::duration<_Rep, _Period>&) [with _Rep2 = _Rep2; _Period2 = _Period2; <template-parameter-2-3> = <template-parameter-1-3>; _Rep = long int; _Period = std::ratio<1>][m[K’
[2.688s]   529 |           constexpr [01;36m[Kduration[m[K(const duration<_Rep2, _Period2>& __d)
[2.688s]       |                     [01;36m[K^~~~~~~~[m[K
[2.688s] [01m[K/usr/include/c++/11/chrono:529:21:[m[K [01;36m[Knote: [m[K  template argument deduction/substitution failed:
[2.689s] [01m[K/home/ros_ws/ros_ws/b2_ws/src/b2_ctrl/src/sport_mode_ctrl.cpp:197:65:[m[K [01;36m[Knote: [m[K  mismatched types ‘[01m[Kconst std::chrono::duration<_Rep1, _Period1>[m[K’ and ‘[01m[Kdouble[m[K’
[2.689s]   197 |             std::this_thread::sleep_for(std::chrono::seconds(0.5[01;36m[K)[m[K);
[2.689s]       |                                                                 [01;36m[K^[m[K
[2.689s] In file included from [01m[K/home/ros_ws/ros_ws/b2_ws/src/b2_ctrl/src/sport_mode_ctrl.cpp:2[m[K:
[2.689s] [01m[K/usr/include/c++/11/chrono:521:30:[m[K [01;36m[Knote: [m[Kcandidate: ‘[01m[Ktemplate<class _Rep2, class> constexpr std::chrono::duration<_Rep, _Period>::duration(const _Rep2&) [with _Rep2 = _Rep2; <template-parameter-2-2> = <template-parameter-1-2>; _Rep = long int; _Period = std::ratio<1>][m[K’
[2.689s]   521 |           constexpr explicit [01;36m[Kduration[m[K(const _Rep2& __rep)
[2.689s]       |                              [01;36m[K^~~~~~~~[m[K
[2.689s] [01m[K/usr/include/c++/11/chrono:521:30:[m[K [01;36m[Knote: [m[K  template argument deduction/substitution failed:
[2.689s] [01m[K/usr/include/c++/11/chrono:514:9:[m[K [01;36m[Knote: [m[Kcandidate: ‘[01m[Kconstexpr std::chrono::duration<_Rep, _Period>::duration(const std::chrono::duration<_Rep, _Period>&) [with _Rep = long int; _Period = std::ratio<1>][m[K’
[2.689s]   514 |         [01;36m[Kduration[m[K(const duration&) = default;
[2.689s]       |         [01;36m[K^~~~~~~~[m[K
[2.689s] [01m[K/usr/include/c++/11/chrono:514:18:[m[K [01;36m[Knote: [m[K  no known conversion for argument 1 from ‘[01m[Kdouble[m[K’ to ‘[01m[Kconst std::chrono::duration<long int>&[m[K’
[2.689s]   514 |         duration([01;36m[Kconst duration&[m[K) = default;
[2.689s]       |                  [01;36m[K^~~~~~~~~~~~~~~[m[K
[2.689s] [01m[K/usr/include/c++/11/chrono:512:19:[m[K [01;36m[Knote: [m[Kcandidate: ‘[01m[Kstd::chrono::duration<_Rep, _Period>::duration() [with _Rep = long int; _Period = std::ratio<1>][m[K’
[2.689s]   512 |         constexpr [01;36m[Kduration[m[K() = default;
[2.689s]       |                   [01;36m[K^~~~~~~~[m[K
[2.690s] [01m[K/usr/include/c++/11/chrono:512:19:[m[K [01;36m[Knote: [m[K  candidate expects 0 arguments, 1 provided
[2.690s] [01m[K/home/ros_ws/ros_ws/b2_ws/src/b2_ctrl/src/sport_mode_ctrl.cpp:202:65:[m[K [01;31m[Kerror: [m[Kno matching function for call to ‘[01m[Kstd::chrono::duration<long int>::duration(double)[m[K’
[2.690s]   202 |             std::this_thread::sleep_for(std::chrono::seconds(0.5[01;31m[K)[m[K);
[2.690s]       |                                                                 [01;31m[K^[m[K
[2.690s] In file included from [01m[K/home/ros_ws/ros_ws/b2_ws/src/b2_ctrl/src/sport_mode_ctrl.cpp:2[m[K:
[2.690s] [01m[K/usr/include/c++/11/chrono:529:21:[m[K [01;36m[Knote: [m[Kcandidate: ‘[01m[Ktemplate<class _Rep2, class _Period2, class> constexpr std::chrono::duration<_Rep, _Period>::duration(const std::chrono::duration<_Rep, _Period>&) [with _Rep2 = _Rep2; _Period2 = _Period2; <template-parameter-2-3> = <template-parameter-1-3>; _Rep = long int; _Period = std::ratio<1>][m[K’
[2.690s]   529 |           constexpr [01;36m[Kduration[m[K(const duration<_Rep2, _Period2>& __d)
[2.690s]       |                     [01;36m[K^~~~~~~~[m[K
[2.690s] [01m[K/usr/include/c++/11/chrono:529:21:[m[K [01;36m[Knote: [m[K  template argument deduction/substitution failed:
[2.690s] [01m[K/home/ros_ws/ros_ws/b2_ws/src/b2_ctrl/src/sport_mode_ctrl.cpp:202:65:[m[K [01;36m[Knote: [m[K  mismatched types ‘[01m[Kconst std::chrono::duration<_Rep1, _Period1>[m[K’ and ‘[01m[Kdouble[m[K’
[2.690s]   202 |             std::this_thread::sleep_for(std::chrono::seconds(0.5[01;36m[K)[m[K);
[2.690s]       |                                                                 [01;36m[K^[m[K
[2.690s] In file included from [01m[K/home/ros_ws/ros_ws/b2_ws/src/b2_ctrl/src/sport_mode_ctrl.cpp:2[m[K:
[2.690s] [01m[K/usr/include/c++/11/chrono:521:30:[m[K [01;36m[Knote: [m[Kcandidate: ‘[01m[Ktemplate<class _Rep2, class> constexpr std::chrono::duration<_Rep, _Period>::duration(const _Rep2&) [with _Rep2 = _Rep2; <template-parameter-2-2> = <template-parameter-1-2>; _Rep = long int; _Period = std::ratio<1>][m[K’
[2.690s]   521 |           constexpr explicit [01;36m[Kduration[m[K(const _Rep2& __rep)
[2.690s]       |                              [01;36m[K^~~~~~~~[m[K
[2.691s] [01m[K/usr/include/c++/11/chrono:521:30:[m[K [01;36m[Knote: [m[K  template argument deduction/substitution failed:
[2.691s] [01m[K/usr/include/c++/11/chrono:514:9:[m[K [01;36m[Knote: [m[Kcandidate: ‘[01m[Kconstexpr std::chrono::duration<_Rep, _Period>::duration(const std::chrono::duration<_Rep, _Period>&) [with _Rep = long int; _Period = std::ratio<1>][m[K’
[2.691s]   514 |         [01;36m[Kduration[m[K(const duration&) = default;
[2.691s]       |         [01;36m[K^~~~~~~~[m[K
[2.691s] [01m[K/usr/include/c++/11/chrono:514:18:[m[K [01;36m[Knote: [m[K  no known conversion for argument 1 from ‘[01m[Kdouble[m[K’ to ‘[01m[Kconst std::chrono::duration<long int>&[m[K’
[2.691s]   514 |         duration([01;36m[Kconst duration&[m[K) = default;
[2.691s]       |                  [01;36m[K^~~~~~~~~~~~~~~[m[K
[2.691s] [01m[K/usr/include/c++/11/chrono:512:19:[m[K [01;36m[Knote: [m[Kcandidate: ‘[01m[Kstd::chrono::duration<_Rep, _Period>::duration() [with _Rep = long int; _Period = std::ratio<1>][m[K’
[2.691s]   512 |         constexpr [01;36m[Kduration[m[K() = default;
[2.691s]       |                   [01;36m[K^~~~~~~~[m[K
[2.691s] [01m[K/usr/include/c++/11/chrono:512:19:[m[K [01;36m[Knote: [m[K  candidate expects 0 arguments, 1 provided
[2.691s] [01m[K/home/ros_ws/ros_ws/b2_ws/src/b2_ctrl/src/sport_mode_ctrl.cpp:207:65:[m[K [01;31m[Kerror: [m[Kno matching function for call to ‘[01m[Kstd::chrono::duration<long int>::duration(double)[m[K’
[2.691s]   207 |             std::this_thread::sleep_for(std::chrono::seconds(0.5[01;31m[K)[m[K);
[2.691s]       |                                                                 [01;31m[K^[m[K
[2.691s] In file included from [01m[K/home/ros_ws/ros_ws/b2_ws/src/b2_ctrl/src/sport_mode_ctrl.cpp:2[m[K:
[2.692s] [01m[K/usr/include/c++/11/chrono:529:21:[m[K [01;36m[Knote: [m[Kcandidate: ‘[01m[Ktemplate<class _Rep2, class _Period2, class> constexpr std::chrono::duration<_Rep, _Period>::duration(const std::chrono::duration<_Rep, _Period>&) [with _Rep2 = _Rep2; _Period2 = _Period2; <template-parameter-2-3> = <template-parameter-1-3>; _Rep = long int; _Period = std::ratio<1>][m[K’
[2.692s]   529 |           constexpr [01;36m[Kduration[m[K(const duration<_Rep2, _Period2>& __d)
[2.692s]       |                     [01;36m[K^~~~~~~~[m[K
[2.692s] [01m[K/usr/include/c++/11/chrono:529:21:[m[K [01;36m[Knote: [m[K  template argument deduction/substitution failed:
[2.692s] [01m[K/home/ros_ws/ros_ws/b2_ws/src/b2_ctrl/src/sport_mode_ctrl.cpp:207:65:[m[K [01;36m[Knote: [m[K  mismatched types ‘[01m[Kconst std::chrono::duration<_Rep1, _Period1>[m[K’ and ‘[01m[Kdouble[m[K’
[2.692s]   207 |             std::this_thread::sleep_for(std::chrono::seconds(0.5[01;36m[K)[m[K);
[2.692s]       |                                                                 [01;36m[K^[m[K
[2.692s] In file included from [01m[K/home/ros_ws/ros_ws/b2_ws/src/b2_ctrl/src/sport_mode_ctrl.cpp:2[m[K:
[2.692s] [01m[K/usr/include/c++/11/chrono:521:30:[m[K [01;36m[Knote: [m[Kcandidate: ‘[01m[Ktemplate<class _Rep2, class> constexpr std::chrono::duration<_Rep, _Period>::duration(const _Rep2&) [with _Rep2 = _Rep2; <template-parameter-2-2> = <template-parameter-1-2>; _Rep = long int; _Period = std::ratio<1>][m[K’
[2.692s]   521 |           constexpr explicit [01;36m[Kduration[m[K(const _Rep2& __rep)
[2.692s]       |                              [01;36m[K^~~~~~~~[m[K
[2.692s] [01m[K/usr/include/c++/11/chrono:521:30:[m[K [01;36m[Knote: [m[K  template argument deduction/substitution failed:
[2.692s] [01m[K/usr/include/c++/11/chrono:514:9:[m[K [01;36m[Knote: [m[Kcandidate: ‘[01m[Kconstexpr std::chrono::duration<_Rep, _Period>::duration(const std::chrono::duration<_Rep, _Period>&) [with _Rep = long int; _Period = std::ratio<1>][m[K’
[2.692s]   514 |         [01;36m[Kduration[m[K(const duration&) = default;
[2.693s]       |         [01;36m[K^~~~~~~~[m[K
[2.693s] [01m[K/usr/include/c++/11/chrono:514:18:[m[K [01;36m[Knote: [m[K  no known conversion for argument 1 from ‘[01m[Kdouble[m[K’ to ‘[01m[Kconst std::chrono::duration<long int>&[m[K’
[2.693s]   514 |         duration([01;36m[Kconst duration&[m[K) = default;
[2.693s]       |                  [01;36m[K^~~~~~~~~~~~~~~[m[K
[2.693s] [01m[K/usr/include/c++/11/chrono:512:19:[m[K [01;36m[Knote: [m[Kcandidate: ‘[01m[Kstd::chrono::duration<_Rep, _Period>::duration() [with _Rep = long int; _Period = std::ratio<1>][m[K’
[2.693s]   512 |         constexpr [01;36m[Kduration[m[K() = default;
[2.693s]       |                   [01;36m[K^~~~~~~~[m[K
[2.693s] [01m[K/usr/include/c++/11/chrono:512:19:[m[K [01;36m[Knote: [m[K  candidate expects 0 arguments, 1 provided
[5.305s] gmake[2]: *** [CMakeFiles/sport_mode_ctrl.dir/build.make:76: CMakeFiles/sport_mode_ctrl.dir/src/sport_mode_ctrl.cpp.o] Error 1
[5.305s] gmake[1]: *** [CMakeFiles/Makefile2:333: CMakeFiles/sport_mode_ctrl.dir/all] Error 2
[5.306s] gmake: *** [Makefile:146: all] Error 2
[5.308s] Invoked command in '/home/ros_ws/ros_ws/b2_ws/build/b2_ctrl' returned '2': CMAKE_PREFIX_PATH=${CMAKE_PREFIX_PATH}:/unitree_sdk2:/home/ros_ws/ros_ws/b2_ws/install/b2_nodes:/opt/ros/humble: /usr/bin/cmake --build /home/ros_ws/ros_ws/b2_ws/build/b2_ctrl -- -j16 -l16
