[0.773s] Invoking command in '/home/ros_ws/ros_ws/b2_ws/build/b2_nodes': PYTHONPATH=/home/ros_ws/ros_ws/b2_ws/build/b2_nodes/prefix_override:/usr/lib/python3/dist-packages/colcon_core/task/python/colcon_distutils_commands:/home/ros_ws/ros_ws/b2_ws/install/b2_nodes/lib/python3.10/site-packages:${PYTHONPATH} /usr/bin/python3 -W ignore:setup.py install is deprecated setup.py develop --uninstall --editable --build-directory /home/ros_ws/ros_ws/b2_ws/build/b2_nodes/build
[1.121s] running develop
[1.121s] /usr/lib/python3/dist-packages/setuptools/command/easy_install.py:158: EasyInstallDeprecationWarning: easy_install command is deprecated. Use build and pip and other standards-based tools.
[1.121s]   warnings.warn(
[1.555s] Removing /home/ros_ws/ros_ws/b2_ws/install/b2_nodes/lib/python3.10/site-packages/b2-nodes.egg-link (link to .)
[1.720s] Invoked command in '/home/ros_ws/ros_ws/b2_ws/build/b2_nodes' returned '0': PYTHONPATH=/home/ros_ws/ros_ws/b2_ws/build/b2_nodes/prefix_override:/usr/lib/python3/dist-packages/colcon_core/task/python/colcon_distutils_commands:/home/ros_ws/ros_ws/b2_ws/install/b2_nodes/lib/python3.10/site-packages:${PYTHONPATH} /usr/bin/python3 -W ignore:setup.py install is deprecated setup.py develop --uninstall --editable --build-directory /home/ros_ws/ros_ws/b2_ws/build/b2_nodes/build
[1.724s] Invoking command in '/home/ros_ws/ros_ws/b2_ws/src/b2_nodes': PYTHONPATH=/home/ros_ws/ros_ws/b2_ws/build/b2_nodes/prefix_override:/usr/lib/python3/dist-packages/colcon_core/task/python/colcon_distutils_commands:/home/ros_ws/ros_ws/b2_ws/install/b2_nodes/lib/python3.10/site-packages:${PYTHONPATH} /usr/bin/python3 -W ignore:setup.py install is deprecated setup.py egg_info --egg-base ../../build/b2_nodes build --build-base /home/ros_ws/ros_ws/b2_ws/build/b2_nodes/build install --record /home/ros_ws/ros_ws/b2_ws/build/b2_nodes/install.log --single-version-externally-managed install_data --force
[2.565s] running egg_info
[2.567s] writing ../../build/b2_nodes/b2_nodes.egg-info/PKG-INFO
[2.567s] writing dependency_links to ../../build/b2_nodes/b2_nodes.egg-info/dependency_links.txt
[2.567s] writing entry points to ../../build/b2_nodes/b2_nodes.egg-info/entry_points.txt
[2.568s] writing requirements to ../../build/b2_nodes/b2_nodes.egg-info/requires.txt
[2.571s] writing top-level names to ../../build/b2_nodes/b2_nodes.egg-info/top_level.txt
[2.571s] reading manifest file '../../build/b2_nodes/b2_nodes.egg-info/SOURCES.txt'
[2.574s] adding license file 'LICENSE'
[2.577s] writing manifest file '../../build/b2_nodes/b2_nodes.egg-info/SOURCES.txt'
[2.578s] running build
[2.578s] running build_py
[2.579s] running install
[2.581s] running install_lib
[2.584s] creating /home/ros_ws/ros_ws/b2_ws/install/b2_nodes/lib/python3.10/site-packages/b2_nodes
[2.584s] copying /home/ros_ws/ros_ws/b2_ws/build/b2_nodes/build/lib/b2_nodes/parse_odometry.py -> /home/ros_ws/ros_ws/b2_ws/install/b2_nodes/lib/python3.10/site-packages/b2_nodes
[2.589s] copying /home/ros_ws/ros_ws/b2_ws/build/b2_nodes/build/lib/b2_nodes/parse_joint_state_z1_b2.py -> /home/ros_ws/ros_ws/b2_ws/install/b2_nodes/lib/python3.10/site-packages/b2_nodes
[2.589s] copying /home/ros_ws/ros_ws/b2_ws/build/b2_nodes/build/lib/b2_nodes/print_joint_state.py -> /home/ros_ws/ros_ws/b2_ws/install/b2_nodes/lib/python3.10/site-packages/b2_nodes
[2.593s] copying /home/ros_ws/ros_ws/b2_ws/build/b2_nodes/build/lib/b2_nodes/__init__.py -> /home/ros_ws/ros_ws/b2_ws/install/b2_nodes/lib/python3.10/site-packages/b2_nodes
[2.593s] copying /home/ros_ws/ros_ws/b2_ws/build/b2_nodes/build/lib/b2_nodes/keyboard_control.py -> /home/ros_ws/ros_ws/b2_ws/install/b2_nodes/lib/python3.10/site-packages/b2_nodes
[2.593s] copying /home/ros_ws/ros_ws/b2_ws/build/b2_nodes/build/lib/b2_nodes/parse_joint_state.py -> /home/ros_ws/ros_ws/b2_ws/install/b2_nodes/lib/python3.10/site-packages/b2_nodes
[2.594s] byte-compiling /home/ros_ws/ros_ws/b2_ws/install/b2_nodes/lib/python3.10/site-packages/b2_nodes/parse_odometry.py to parse_odometry.cpython-310.pyc
[2.595s] byte-compiling /home/ros_ws/ros_ws/b2_ws/install/b2_nodes/lib/python3.10/site-packages/b2_nodes/parse_joint_state_z1_b2.py to parse_joint_state_z1_b2.cpython-310.pyc
[2.597s] byte-compiling /home/ros_ws/ros_ws/b2_ws/install/b2_nodes/lib/python3.10/site-packages/b2_nodes/print_joint_state.py to print_joint_state.cpython-310.pyc
[2.600s] byte-compiling /home/ros_ws/ros_ws/b2_ws/install/b2_nodes/lib/python3.10/site-packages/b2_nodes/__init__.py to __init__.cpython-310.pyc
[2.600s] byte-compiling /home/ros_ws/ros_ws/b2_ws/install/b2_nodes/lib/python3.10/site-packages/b2_nodes/keyboard_control.py to keyboard_control.cpython-310.pyc
[2.602s] byte-compiling /home/ros_ws/ros_ws/b2_ws/install/b2_nodes/lib/python3.10/site-packages/b2_nodes/parse_joint_state.py to parse_joint_state.cpython-310.pyc
[2.604s] running install_data
[2.608s] copying resource/b2_nodes -> /home/ros_ws/ros_ws/b2_ws/install/b2_nodes/share/ament_index/resource_index/packages
[2.608s] copying package.xml -> /home/ros_ws/ros_ws/b2_ws/install/b2_nodes/share/b2_nodes
[2.609s] running install_egg_info
[2.617s] Copying ../../build/b2_nodes/b2_nodes.egg-info to /home/ros_ws/ros_ws/b2_ws/install/b2_nodes/lib/python3.10/site-packages/b2_nodes-0.0.0-py3.10.egg-info
[2.620s] running install_scripts
[2.696s] Installing keyboard_control script to /home/ros_ws/ros_ws/b2_ws/install/b2_nodes/lib/b2_nodes
[2.697s] Installing parse_joint_state script to /home/ros_ws/ros_ws/b2_ws/install/b2_nodes/lib/b2_nodes
[2.701s] Installing parse_joint_state_z1_b2 script to /home/ros_ws/ros_ws/b2_ws/install/b2_nodes/lib/b2_nodes
[2.701s] Installing parse_odometry script to /home/ros_ws/ros_ws/b2_ws/install/b2_nodes/lib/b2_nodes
[2.701s] Installing print_joint_state script to /home/ros_ws/ros_ws/b2_ws/install/b2_nodes/lib/b2_nodes
[2.705s] writing list of installed files to '/home/ros_ws/ros_ws/b2_ws/build/b2_nodes/install.log'
[2.763s] Invoked command in '/home/ros_ws/ros_ws/b2_ws/src/b2_nodes' returned '0': PYTHONPATH=/home/ros_ws/ros_ws/b2_ws/build/b2_nodes/prefix_override:/usr/lib/python3/dist-packages/colcon_core/task/python/colcon_distutils_commands:/home/ros_ws/ros_ws/b2_ws/install/b2_nodes/lib/python3.10/site-packages:${PYTHONPATH} /usr/bin/python3 -W ignore:setup.py install is deprecated setup.py egg_info --egg-base ../../build/b2_nodes build --build-base /home/ros_ws/ros_ws/b2_ws/build/b2_nodes/build install --record /home/ros_ws/ros_ws/b2_ws/build/b2_nodes/install.log --single-version-externally-managed install_data --force
