[100%] Built target z1_parse_joint_state
[100%] Built target z1_manager
-- Install configuration: ""
-- Execute custom install script
-- Up-to-date symlink: /home/ros_ws/ros_ws/b2_ws/install/z1_nodes/lib/z1_nodes/z1_manager
-- Up-to-date symlink: /home/ros_ws/ros_ws/b2_ws/install/z1_nodes/lib/z1_nodes/z1_parse_joint_state
-- Up-to-date symlink: /home/ros_ws/ros_ws/b2_ws/install/z1_nodes/lib/z1_nodes/z1_motor_state_publisher.py
-- Up-to-date symlink: /home/ros_ws/ros_ws/b2_ws/install/z1_nodes/lib/lib/libZ1_SDK_x86_64.so
-- Up-to-date symlink: /home/ros_ws/ros_ws/b2_ws/install/z1_nodes/lib/lib/libZ1_x86_64.so
-- Up-to-date symlink: /home/ros_ws/ros_ws/b2_ws/install/z1_nodes/lib/lib/unitree_arm_interface.cpython-310-x86_64-linux-gnu.so
-- Up-to-date symlink: /home/ros_ws/ros_ws/b2_ws/install/z1_nodes/lib/lib/unitree_arm_interface.cpython-38-x86_64-linux-gnu.so
-- Up-to-date symlink: /home/ros_ws/ros_ws/b2_ws/install/z1_nodes/share/z1_nodes/src/z1_manager.cpp
-- Up-to-date symlink: /home/ros_ws/ros_ws/b2_ws/install/z1_nodes/share/z1_nodes/src/z1_parse_joint_state.cpp
-- Up-to-date symlink: /home/ros_ws/ros_ws/b2_ws/install/z1_nodes/share/z1_nodes/config/arm_config.yaml
-- Up-to-date symlink: /home/ros_ws/ros_ws/b2_ws/install/z1_nodes/share/z1_nodes/config/config.xml
-- Up-to-date symlink: /home/ros_ws/ros_ws/b2_ws/install/z1_nodes/share/z1_nodes/config/savedArmStates.csv
-- Up-to-date symlink: /home/ros_ws/ros_ws/b2_ws/install/z1_nodes/share/ament_index/resource_index/package_run_dependencies/z1_nodes
-- Up-to-date symlink: /home/ros_ws/ros_ws/b2_ws/install/z1_nodes/share/ament_index/resource_index/parent_prefix_path/z1_nodes
-- Up-to-date symlink: /home/ros_ws/ros_ws/b2_ws/install/z1_nodes/share/z1_nodes/environment/ament_prefix_path.sh
-- Up-to-date symlink: /home/ros_ws/ros_ws/b2_ws/install/z1_nodes/share/z1_nodes/environment/ament_prefix_path.dsv
-- Up-to-date symlink: /home/ros_ws/ros_ws/b2_ws/install/z1_nodes/share/z1_nodes/environment/path.sh
-- Up-to-date symlink: /home/ros_ws/ros_ws/b2_ws/install/z1_nodes/share/z1_nodes/environment/path.dsv
-- Up-to-date symlink: /home/ros_ws/ros_ws/b2_ws/install/z1_nodes/share/z1_nodes/local_setup.bash
-- Up-to-date symlink: /home/ros_ws/ros_ws/b2_ws/install/z1_nodes/share/z1_nodes/local_setup.sh
-- Up-to-date symlink: /home/ros_ws/ros_ws/b2_ws/install/z1_nodes/share/z1_nodes/local_setup.zsh
-- Up-to-date symlink: /home/ros_ws/ros_ws/b2_ws/install/z1_nodes/share/z1_nodes/local_setup.dsv
-- Symlinking: /home/ros_ws/ros_ws/b2_ws/install/z1_nodes/share/z1_nodes/package.dsv
-- Up-to-date symlink: /home/ros_ws/ros_ws/b2_ws/install/z1_nodes/share/ament_index/resource_index/packages/z1_nodes
-- Up-to-date symlink: /home/ros_ws/ros_ws/b2_ws/install/z1_nodes/share/z1_nodes/cmake/z1_nodesConfig.cmake
-- Up-to-date symlink: /home/ros_ws/ros_ws/b2_ws/install/z1_nodes/share/z1_nodes/cmake/z1_nodesConfig-version.cmake
-- Up-to-date symlink: /home/ros_ws/ros_ws/b2_ws/install/z1_nodes/share/z1_nodes/package.xml
