-- Found ament_cmake: 1.3.11 (/opt/ros/humble/share/ament_cmake/cmake)
-- Override CMake install command with custom implementation using symlinks instead of copying resources
-- Found ament_lint_auto: 0.12.11 (/opt/ros/humble/share/ament_lint_auto/cmake)
-- Added test 'cppcheck' to perform static code analysis on C / C++ code
-- Configured cppcheck include dirs: 
-- Configured cppcheck exclude dirs and/or files: 
-- Added test 'flake8' to check Python code syntax and style conventions
-- Added test 'lint_cmake' to check CMake code style
-- Added test 'pep257' to check Python code against some of the docstring style conventions in PEP 257
-- Added test 'uncrustify' to check C / C++ code style
-- Configured uncrustify additional arguments: 
-- Added test 'xmllint' to check XML markup files
-- Configuring done
-- Generating done
-- Build files have been written to: /home/ros_ws/ros_ws/b2_ws/build/b2_urdf
-- Install configuration: ""
-- Execute custom install script
-- Up-to-date symlink: /home/ros_ws/ros_ws/b2_ws/install/b2_urdf/share/b2_urdf/launch/b2_model.launch.py
-- Up-to-date symlink: /home/ros_ws/ros_ws/b2_ws/install/b2_urdf/share/b2_urdf/launch/b2_rviz.launch.py
-- Up-to-date symlink: /home/ros_ws/ros_ws/b2_ws/install/b2_urdf/share/b2_urdf/launch/b2_rviz_real2sim.launch.py
-- Up-to-date symlink: /home/ros_ws/ros_ws/b2_ws/install/b2_urdf/share/b2_urdf/launch/b2_z1_rviz.launch.py
-- Up-to-date symlink: /home/ros_ws/ros_ws/b2_ws/install/b2_urdf/share/b2_urdf/launch/b2_z1_rviz_real2sim.launch.py
-- Up-to-date symlink: /home/ros_ws/ros_ws/b2_ws/install/b2_urdf/share/b2_urdf/urdf/b2_description.urdf
-- Up-to-date symlink: /home/ros_ws/ros_ws/b2_ws/install/b2_urdf/share/b2_urdf/urdf/b2_with_z1.xacro
-- Up-to-date symlink: /home/ros_ws/ros_ws/b2_ws/install/b2_urdf/share/b2_urdf/config/robot_control.yaml
-- Up-to-date symlink: /home/ros_ws/ros_ws/b2_ws/install/b2_urdf/share/b2_urdf/meshes/FL_calf.dae
-- Up-to-date symlink: /home/ros_ws/ros_ws/b2_ws/install/b2_urdf/share/b2_urdf/meshes/FL_foot.dae
-- Up-to-date symlink: /home/ros_ws/ros_ws/b2_ws/install/b2_urdf/share/b2_urdf/meshes/FL_hip.dae
-- Up-to-date symlink: /home/ros_ws/ros_ws/b2_ws/install/b2_urdf/share/b2_urdf/meshes/FL_thigh.dae
-- Up-to-date symlink: /home/ros_ws/ros_ws/b2_ws/install/b2_urdf/share/b2_urdf/meshes/FR_calf.dae
-- Up-to-date symlink: /home/ros_ws/ros_ws/b2_ws/install/b2_urdf/share/b2_urdf/meshes/FR_hip.dae
-- Up-to-date symlink: /home/ros_ws/ros_ws/b2_ws/install/b2_urdf/share/b2_urdf/meshes/FR_thigh.dae
-- Up-to-date symlink: /home/ros_ws/ros_ws/b2_ws/install/b2_urdf/share/b2_urdf/meshes/RL_calf.dae
-- Up-to-date symlink: /home/ros_ws/ros_ws/b2_ws/install/b2_urdf/share/b2_urdf/meshes/RL_hip.dae
-- Up-to-date symlink: /home/ros_ws/ros_ws/b2_ws/install/b2_urdf/share/b2_urdf/meshes/RL_thigh.dae
-- Up-to-date symlink: /home/ros_ws/ros_ws/b2_ws/install/b2_urdf/share/b2_urdf/meshes/RR_calf.dae
-- Up-to-date symlink: /home/ros_ws/ros_ws/b2_ws/install/b2_urdf/share/b2_urdf/meshes/RR_hip.dae
-- Up-to-date symlink: /home/ros_ws/ros_ws/b2_ws/install/b2_urdf/share/b2_urdf/meshes/RR_thigh.dae
-- Up-to-date symlink: /home/ros_ws/ros_ws/b2_ws/install/b2_urdf/share/b2_urdf/meshes/base_link.dae
-- Up-to-date symlink: /home/ros_ws/ros_ws/b2_ws/install/b2_urdf/share/b2_urdf/meshes/calf.dae
-- Up-to-date symlink: /home/ros_ws/ros_ws/b2_ws/install/b2_urdf/share/b2_urdf/meshes/hip.dae
-- Up-to-date symlink: /home/ros_ws/ros_ws/b2_ws/install/b2_urdf/share/b2_urdf/meshes/thigh.dae
-- Up-to-date symlink: /home/ros_ws/ros_ws/b2_ws/install/b2_urdf/share/b2_urdf/meshes/thigh_mirror.dae
-- Up-to-date symlink: /home/ros_ws/ros_ws/b2_ws/install/b2_urdf/share/b2_urdf/meshes/trunk.dae
-- Up-to-date symlink: /home/ros_ws/ros_ws/b2_ws/install/b2_urdf/share/b2_urdf/meshes/trunk1.dae
-- Up-to-date symlink: /home/ros_ws/ros_ws/b2_ws/install/b2_urdf/share/b2_urdf/meshes/trunk2.dae
-- Up-to-date symlink: /home/ros_ws/ros_ws/b2_ws/install/b2_urdf/share/b2_urdf/xacro/const.xacro
-- Up-to-date symlink: /home/ros_ws/ros_ws/b2_ws/install/b2_urdf/share/b2_urdf/xacro/gazebo.xacro
-- Up-to-date symlink: /home/ros_ws/ros_ws/b2_ws/install/b2_urdf/share/b2_urdf/xacro/leg.xacro
-- Up-to-date symlink: /home/ros_ws/ros_ws/b2_ws/install/b2_urdf/share/b2_urdf/xacro/materials.xacro
-- Up-to-date symlink: /home/ros_ws/ros_ws/b2_ws/install/b2_urdf/share/b2_urdf/xacro/robot.xacro
-- Up-to-date symlink: /home/ros_ws/ros_ws/b2_ws/install/b2_urdf/share/b2_urdf/xacro/stairs.xacro
-- Up-to-date symlink: /home/ros_ws/ros_ws/b2_ws/install/b2_urdf/share/b2_urdf/xacro/transmission.xacro
-- Up-to-date symlink: /home/ros_ws/ros_ws/b2_ws/install/b2_urdf/share/ament_index/resource_index/package_run_dependencies/b2_urdf
-- Up-to-date symlink: /home/ros_ws/ros_ws/b2_ws/install/b2_urdf/share/ament_index/resource_index/parent_prefix_path/b2_urdf
-- Up-to-date symlink: /home/ros_ws/ros_ws/b2_ws/install/b2_urdf/share/b2_urdf/environment/ament_prefix_path.sh
-- Up-to-date symlink: /home/ros_ws/ros_ws/b2_ws/install/b2_urdf/share/b2_urdf/environment/ament_prefix_path.dsv
-- Up-to-date symlink: /home/ros_ws/ros_ws/b2_ws/install/b2_urdf/share/b2_urdf/environment/path.sh
-- Up-to-date symlink: /home/ros_ws/ros_ws/b2_ws/install/b2_urdf/share/b2_urdf/environment/path.dsv
-- Up-to-date symlink: /home/ros_ws/ros_ws/b2_ws/install/b2_urdf/share/b2_urdf/local_setup.bash
-- Up-to-date symlink: /home/ros_ws/ros_ws/b2_ws/install/b2_urdf/share/b2_urdf/local_setup.sh
-- Up-to-date symlink: /home/ros_ws/ros_ws/b2_ws/install/b2_urdf/share/b2_urdf/local_setup.zsh
-- Up-to-date symlink: /home/ros_ws/ros_ws/b2_ws/install/b2_urdf/share/b2_urdf/local_setup.dsv
-- Symlinking: /home/ros_ws/ros_ws/b2_ws/install/b2_urdf/share/b2_urdf/package.dsv
-- Up-to-date symlink: /home/ros_ws/ros_ws/b2_ws/install/b2_urdf/share/ament_index/resource_index/packages/b2_urdf
-- Up-to-date symlink: /home/ros_ws/ros_ws/b2_ws/install/b2_urdf/share/b2_urdf/cmake/b2_urdfConfig.cmake
-- Up-to-date symlink: /home/ros_ws/ros_ws/b2_ws/install/b2_urdf/share/b2_urdf/cmake/b2_urdfConfig-version.cmake
-- Up-to-date symlink: /home/ros_ws/ros_ws/b2_ws/install/b2_urdf/share/b2_urdf/package.xml
