running egg_info
writing ../../build/b2_nodes/b2_nodes.egg-info/PKG-INFO
writing dependency_links to ../../build/b2_nodes/b2_nodes.egg-info/dependency_links.txt
writing entry points to ../../build/b2_nodes/b2_nodes.egg-info/entry_points.txt
writing requirements to ../../build/b2_nodes/b2_nodes.egg-info/requires.txt
writing top-level names to ../../build/b2_nodes/b2_nodes.egg-info/top_level.txt
reading manifest file '../../build/b2_nodes/b2_nodes.egg-info/SOURCES.txt'
adding license file 'LICENSE'
writing manifest file '../../build/b2_nodes/b2_nodes.egg-info/SOURCES.txt'
running build
running build_py
running install
running install_lib
running install_data
running install_egg_info
removing '/home/ros_ws/ros_ws/b2_ws/install/b2_nodes/lib/python3.10/site-packages/b2_nodes-0.0.0-py3.10.egg-info' (and everything under it)
Copying ../../build/b2_nodes/b2_nodes.egg-info to /home/ros_ws/ros_ws/b2_ws/install/b2_nodes/lib/python3.10/site-packages/b2_nodes-0.0.0-py3.10.egg-info
running install_scripts
Installing keyboard_control script to /home/ros_ws/ros_ws/b2_ws/install/b2_nodes/lib/b2_nodes
Installing parse_joint_state script to /home/ros_ws/ros_ws/b2_ws/install/b2_nodes/lib/b2_nodes
Installing parse_joint_state_z1_b2 script to /home/ros_ws/ros_ws/b2_ws/install/b2_nodes/lib/b2_nodes
Installing parse_odometry script to /home/ros_ws/ros_ws/b2_ws/install/b2_nodes/lib/b2_nodes
Installing print_joint_state script to /home/ros_ws/ros_ws/b2_ws/install/b2_nodes/lib/b2_nodes
writing list of installed files to '/home/ros_ws/ros_ws/b2_ws/build/b2_nodes/install.log'
