[0.034s] Invoking command in '/home/ros_ws/ros_ws/b2_ws/build/b2_ctrl': CMAKE_PREFIX_PATH=${CMAKE_PREFIX_PATH}:/unitree_sdk2:/home/ros_ws/ros_ws/b2_ws/install/b2_nodes:/opt/ros/humble: /usr/bin/cmake --build /home/ros_ws/ros_ws/b2_ws/build/b2_ctrl -- -j16 -l16
[0.331s] [35m[1mConsolidate compiler generated dependencies of target sport_mode_ctrl[0m
[0.332s] [ 10%] Built target read_motion_state
[0.332s] [ 25%] Built target low_level_ctrl_hg
[0.332s] [ 35%] Built target read_low_state_hg
[0.332s] [ 50%] Built target g1_low_level_example
[0.333s] [ 60%] Built target read_wireless_controller
[0.333s] [ 75%] Built target low_level_ctrl
[0.335s] [ 85%] Built target read_low_state
[0.335s] [ 90%] [32mBuilding CXX object CMakeFiles/sport_mode_ctrl.dir/src/sport_mode_ctrl.cpp.o[0m
[2.639s] [01m[K/home/ros_ws/ros_ws/b2_ws/src/b2_ctrl/src/sport_mode_ctrl.cpp:130:5:[m[K [01;31m[Kerror: [m[K‘[01m[Kuint8[m[K’ does not name a type; did you mean ‘[01m[Kuint[m[K’?
[2.639s]   130 |     [01;31m[Kuint8[m[K mode = 7;
[2.639s]       |     [01;31m[K^~~~~[m[K
[2.639s]       |     [32m[Kuint[m[K
[2.658s] [01m[K/home/ros_ws/ros_ws/b2_ws/src/b2_ctrl/src/sport_mode_ctrl.cpp:[m[K In member function ‘[01m[Kvoid SportManager::key_loop()[m[K’:
[2.659s] [01m[K/home/ros_ws/ros_ws/b2_ws/src/b2_ctrl/src/sport_mode_ctrl.cpp:52:13:[m[K [01;31m[Kerror: [m[K‘[01m[Kmode[m[K’ was not declared in this scope; did you mean ‘[01m[KNode[m[K’?
[2.659s]    52 |         if ([01;31m[Kmode[m[K=1)
[2.659s]       |             [01;31m[K^~~~[m[K
[2.659s]       |             [32m[KNode[m[K
[2.667s] [01m[K/home/ros_ws/ros_ws/b2_ws/src/b2_ctrl/src/sport_mode_ctrl.cpp:[m[K In member function ‘[01m[Kvoid SportManager::state_callback(unitree_go::msg::SportModeState_<std::allocator<void> >::SharedPtr)[m[K’:
[2.667s] [01m[K/home/ros_ws/ros_ws/b2_ws/src/b2_ctrl/src/sport_mode_ctrl.cpp:122:9:[m[K [01;31m[Kerror: [m[K‘[01m[Kmode[m[K’ was not declared in this scope; did you mean ‘[01m[KNode[m[K’?
[2.667s]   122 |         [01;31m[Kmode[m[K = data->mode;
[2.667s]       |         [01;31m[K^~~~[m[K
[2.667s]       |         [32m[KNode[m[K
[5.001s] gmake[2]: *** [CMakeFiles/sport_mode_ctrl.dir/build.make:76: CMakeFiles/sport_mode_ctrl.dir/src/sport_mode_ctrl.cpp.o] Error 1
[5.001s] gmake[1]: *** [CMakeFiles/Makefile2:333: CMakeFiles/sport_mode_ctrl.dir/all] Error 2
[5.001s] gmake: *** [Makefile:146: all] Error 2
[5.003s] Invoked command in '/home/ros_ws/ros_ws/b2_ws/build/b2_ctrl' returned '2': CMAKE_PREFIX_PATH=${CMAKE_PREFIX_PATH}:/unitree_sdk2:/home/ros_ws/ros_ws/b2_ws/install/b2_nodes:/opt/ros/humble: /usr/bin/cmake --build /home/ros_ws/ros_ws/b2_ws/build/b2_ctrl -- -j16 -l16
