[0.091s] DEBUG:colcon:Command line arguments: ['/usr/bin/colcon', 'build']
[0.091s] DEBUG:colcon:Parsed command line arguments: Namespace(log_base=None, log_level=None, verb_name='build', build_base='build', install_base='install', merge_install=False, symlink_install=False, test_result_base=None, continue_on_error=False, executor='parallel', parallel_workers=16, event_handlers=None, ignore_user_meta=False, metas=['./colcon.meta'], base_paths=['.'], packages_ignore=None, packages_ignore_regex=None, paths=None, packages_up_to=None, packages_up_to_regex=None, packages_above=None, packages_above_and_dependencies=None, packages_above_depth=None, packages_select_by_dep=None, packages_skip_by_dep=None, packages_skip_up_to=None, packages_select_build_failed=False, packages_skip_build_finished=False, packages_select_test_failures=False, packages_skip_test_passed=False, packages_select=None, packages_skip=None, packages_select_regex=None, packages_skip_regex=None, packages_start=None, packages_end=None, cmake_args=None, cmake_target=None, cmake_target_skip_unavailable=False, cmake_clean_cache=False, cmake_clean_first=False, cmake_force_configure=False, ament_cmake_args=None, catkin_cmake_args=None, catkin_skip_building_tests=False, mixin_files=None, mixin=None, verb_parser=<colcon_mixin.mixin.mixin_argument.MixinArgumentDecorator object at 0x72758ccd96f0>, verb_extension=<colcon_core.verb.build.BuildVerb object at 0x72758ccd9240>, main=<bound method BuildVerb.main of <colcon_core.verb.build.BuildVerb object at 0x72758ccd9240>>, mixin_verb=('build',))
[0.236s] Level 1:colcon.colcon_core.package_discovery:discover_packages(colcon_meta) check parameters
[0.236s] Level 1:colcon.colcon_core.package_discovery:discover_packages(recursive) check parameters
[0.236s] Level 1:colcon.colcon_core.package_discovery:discover_packages(ignore) check parameters
[0.236s] Level 1:colcon.colcon_core.package_discovery:discover_packages(path) check parameters
[0.236s] Level 1:colcon.colcon_core.package_discovery:discover_packages(colcon_meta) discover
[0.236s] Level 1:colcon.colcon_core.package_discovery:discover_packages(recursive) discover
[0.236s] INFO:colcon.colcon_core.package_discovery:Crawling recursively for packages in '/home/ros_ws/ros_ws/b2_ws'
[0.236s] Level 1:colcon.colcon_core.package_identification:_identify(.) by extensions ['ignore', 'ignore_ament_install']
[0.236s] Level 1:colcon.colcon_core.package_identification:_identify(.) by extension 'ignore'
[0.236s] Level 1:colcon.colcon_core.package_identification:_identify(.) by extension 'ignore_ament_install'
[0.236s] Level 1:colcon.colcon_core.package_identification:_identify(.) by extensions ['colcon_pkg']
[0.236s] Level 1:colcon.colcon_core.package_identification:_identify(.) by extension 'colcon_pkg'
[0.236s] Level 1:colcon.colcon_core.package_identification:_identify(.) by extensions ['colcon_meta']
[0.236s] Level 1:colcon.colcon_core.package_identification:_identify(.) by extension 'colcon_meta'
[0.236s] Level 1:colcon.colcon_core.package_identification:_identify(.) by extensions ['ros']
[0.237s] Level 1:colcon.colcon_core.package_identification:_identify(.) by extension 'ros'
[0.247s] Level 1:colcon.colcon_core.package_identification:_identify(.) by extensions ['cmake', 'python']
[0.247s] Level 1:colcon.colcon_core.package_identification:_identify(.) by extension 'cmake'
[0.247s] Level 1:colcon.colcon_core.package_identification:_identify(.) by extension 'python'
[0.247s] Level 1:colcon.colcon_core.package_identification:_identify(.) by extensions ['python_setup_py']
[0.247s] Level 1:colcon.colcon_core.package_identification:_identify(.) by extension 'python_setup_py'
[0.247s] Level 1:colcon.colcon_core.package_identification:_identify(build) by extensions ['ignore', 'ignore_ament_install']
[0.247s] Level 1:colcon.colcon_core.package_identification:_identify(build) by extension 'ignore'
[0.247s] Level 1:colcon.colcon_core.package_identification:_identify(build) ignored
[0.248s] Level 1:colcon.colcon_core.package_identification:_identify(install) by extensions ['ignore', 'ignore_ament_install']
[0.248s] Level 1:colcon.colcon_core.package_identification:_identify(install) by extension 'ignore'
[0.248s] Level 1:colcon.colcon_core.package_identification:_identify(install) ignored
[0.248s] Level 1:colcon.colcon_core.package_identification:_identify(log) by extensions ['ignore', 'ignore_ament_install']
[0.248s] Level 1:colcon.colcon_core.package_identification:_identify(log) by extension 'ignore'
[0.248s] Level 1:colcon.colcon_core.package_identification:_identify(log) ignored
[0.248s] Level 1:colcon.colcon_core.package_identification:_identify(src) by extensions ['ignore', 'ignore_ament_install']
[0.248s] Level 1:colcon.colcon_core.package_identification:_identify(src) by extension 'ignore'
[0.248s] Level 1:colcon.colcon_core.package_identification:_identify(src) by extension 'ignore_ament_install'
[0.248s] Level 1:colcon.colcon_core.package_identification:_identify(src) by extensions ['colcon_pkg']
[0.248s] Level 1:colcon.colcon_core.package_identification:_identify(src) by extension 'colcon_pkg'
[0.248s] Level 1:colcon.colcon_core.package_identification:_identify(src) by extensions ['colcon_meta']
[0.248s] Level 1:colcon.colcon_core.package_identification:_identify(src) by extension 'colcon_meta'
[0.248s] Level 1:colcon.colcon_core.package_identification:_identify(src) by extensions ['ros']
[0.248s] Level 1:colcon.colcon_core.package_identification:_identify(src) by extension 'ros'
[0.248s] Level 1:colcon.colcon_core.package_identification:_identify(src) by extensions ['cmake', 'python']
[0.249s] Level 1:colcon.colcon_core.package_identification:_identify(src) by extension 'cmake'
[0.249s] Level 1:colcon.colcon_core.package_identification:_identify(src) by extension 'python'
[0.249s] Level 1:colcon.colcon_core.package_identification:_identify(src) by extensions ['python_setup_py']
[0.249s] Level 1:colcon.colcon_core.package_identification:_identify(src) by extension 'python_setup_py'
[0.249s] Level 1:colcon.colcon_core.package_identification:_identify(src/b2_ctrl) by extensions ['ignore', 'ignore_ament_install']
[0.249s] Level 1:colcon.colcon_core.package_identification:_identify(src/b2_ctrl) by extension 'ignore'
[0.249s] Level 1:colcon.colcon_core.package_identification:_identify(src/b2_ctrl) by extension 'ignore_ament_install'
[0.249s] Level 1:colcon.colcon_core.package_identification:_identify(src/b2_ctrl) by extensions ['colcon_pkg']
[0.249s] Level 1:colcon.colcon_core.package_identification:_identify(src/b2_ctrl) by extension 'colcon_pkg'
[0.249s] Level 1:colcon.colcon_core.package_identification:_identify(src/b2_ctrl) by extensions ['colcon_meta']
[0.249s] Level 1:colcon.colcon_core.package_identification:_identify(src/b2_ctrl) by extension 'colcon_meta'
[0.249s] Level 1:colcon.colcon_core.package_identification:_identify(src/b2_ctrl) by extensions ['ros']
[0.249s] Level 1:colcon.colcon_core.package_identification:_identify(src/b2_ctrl) by extension 'ros'
[0.251s] DEBUG:colcon.colcon_core.package_identification:Package 'src/b2_ctrl' with type 'ros.ament_cmake' and name 'b2_ctrl'
[0.251s] Level 1:colcon.colcon_core.package_identification:_identify(src/b2_nodes) by extensions ['ignore', 'ignore_ament_install']
[0.251s] Level 1:colcon.colcon_core.package_identification:_identify(src/b2_nodes) by extension 'ignore'
[0.251s] Level 1:colcon.colcon_core.package_identification:_identify(src/b2_nodes) by extension 'ignore_ament_install'
[0.251s] Level 1:colcon.colcon_core.package_identification:_identify(src/b2_nodes) by extensions ['colcon_pkg']
[0.252s] Level 1:colcon.colcon_core.package_identification:_identify(src/b2_nodes) by extension 'colcon_pkg'
[0.252s] Level 1:colcon.colcon_core.package_identification:_identify(src/b2_nodes) by extensions ['colcon_meta']
[0.252s] Level 1:colcon.colcon_core.package_identification:_identify(src/b2_nodes) by extension 'colcon_meta'
[0.252s] Level 1:colcon.colcon_core.package_identification:_identify(src/b2_nodes) by extensions ['ros']
[0.252s] Level 1:colcon.colcon_core.package_identification:_identify(src/b2_nodes) by extension 'ros'
[0.252s] DEBUG:colcon.colcon_core.package_identification:Package 'src/b2_nodes' with type 'ros.ament_python' and name 'b2_nodes'
[0.252s] Level 1:colcon.colcon_core.package_identification:_identify(src/b2_urdf) by extensions ['ignore', 'ignore_ament_install']
[0.252s] Level 1:colcon.colcon_core.package_identification:_identify(src/b2_urdf) by extension 'ignore'
[0.252s] Level 1:colcon.colcon_core.package_identification:_identify(src/b2_urdf) by extension 'ignore_ament_install'
[0.253s] Level 1:colcon.colcon_core.package_identification:_identify(src/b2_urdf) by extensions ['colcon_pkg']
[0.253s] Level 1:colcon.colcon_core.package_identification:_identify(src/b2_urdf) by extension 'colcon_pkg'
[0.253s] Level 1:colcon.colcon_core.package_identification:_identify(src/b2_urdf) by extensions ['colcon_meta']
[0.253s] Level 1:colcon.colcon_core.package_identification:_identify(src/b2_urdf) by extension 'colcon_meta'
[0.253s] Level 1:colcon.colcon_core.package_identification:_identify(src/b2_urdf) by extensions ['ros']
[0.253s] Level 1:colcon.colcon_core.package_identification:_identify(src/b2_urdf) by extension 'ros'
[0.253s] DEBUG:colcon.colcon_core.package_identification:Package 'src/b2_urdf' with type 'ros.ament_cmake' and name 'b2_urdf'
[0.253s] Level 1:colcon.colcon_core.package_identification:_identify(src/py_cpp) by extensions ['ignore', 'ignore_ament_install']
[0.253s] Level 1:colcon.colcon_core.package_identification:_identify(src/py_cpp) by extension 'ignore'
[0.253s] Level 1:colcon.colcon_core.package_identification:_identify(src/py_cpp) by extension 'ignore_ament_install'
[0.253s] Level 1:colcon.colcon_core.package_identification:_identify(src/py_cpp) by extensions ['colcon_pkg']
[0.253s] Level 1:colcon.colcon_core.package_identification:_identify(src/py_cpp) by extension 'colcon_pkg'
[0.253s] Level 1:colcon.colcon_core.package_identification:_identify(src/py_cpp) by extensions ['colcon_meta']
[0.253s] Level 1:colcon.colcon_core.package_identification:_identify(src/py_cpp) by extension 'colcon_meta'
[0.254s] Level 1:colcon.colcon_core.package_identification:_identify(src/py_cpp) by extensions ['ros']
[0.254s] Level 1:colcon.colcon_core.package_identification:_identify(src/py_cpp) by extension 'ros'
[0.254s] DEBUG:colcon.colcon_core.package_identification:Package 'src/py_cpp' with type 'ros.ament_cmake' and name 'py_cpp'
[0.254s] Level 1:colcon.colcon_core.package_identification:_identify(src/z1_interfaces) by extensions ['ignore', 'ignore_ament_install']
[0.254s] Level 1:colcon.colcon_core.package_identification:_identify(src/z1_interfaces) by extension 'ignore'
[0.254s] Level 1:colcon.colcon_core.package_identification:_identify(src/z1_interfaces) by extension 'ignore_ament_install'
[0.254s] Level 1:colcon.colcon_core.package_identification:_identify(src/z1_interfaces) by extensions ['colcon_pkg']
[0.254s] Level 1:colcon.colcon_core.package_identification:_identify(src/z1_interfaces) by extension 'colcon_pkg'
[0.254s] Level 1:colcon.colcon_core.package_identification:_identify(src/z1_interfaces) by extensions ['colcon_meta']
[0.254s] Level 1:colcon.colcon_core.package_identification:_identify(src/z1_interfaces) by extension 'colcon_meta'
[0.254s] Level 1:colcon.colcon_core.package_identification:_identify(src/z1_interfaces) by extensions ['ros']
[0.254s] Level 1:colcon.colcon_core.package_identification:_identify(src/z1_interfaces) by extension 'ros'
[0.255s] DEBUG:colcon.colcon_core.package_identification:Package 'src/z1_interfaces' with type 'ros.ament_cmake' and name 'z1_interfaces'
[0.255s] Level 1:colcon.colcon_core.package_identification:_identify(src/z1_nodes) by extensions ['ignore', 'ignore_ament_install']
[0.255s] Level 1:colcon.colcon_core.package_identification:_identify(src/z1_nodes) by extension 'ignore'
[0.255s] Level 1:colcon.colcon_core.package_identification:_identify(src/z1_nodes) by extension 'ignore_ament_install'
[0.255s] Level 1:colcon.colcon_core.package_identification:_identify(src/z1_nodes) by extensions ['colcon_pkg']
[0.255s] Level 1:colcon.colcon_core.package_identification:_identify(src/z1_nodes) by extension 'colcon_pkg'
[0.255s] Level 1:colcon.colcon_core.package_identification:_identify(src/z1_nodes) by extensions ['colcon_meta']
[0.255s] Level 1:colcon.colcon_core.package_identification:_identify(src/z1_nodes) by extension 'colcon_meta'
[0.255s] Level 1:colcon.colcon_core.package_identification:_identify(src/z1_nodes) by extensions ['ros']
[0.255s] Level 1:colcon.colcon_core.package_identification:_identify(src/z1_nodes) by extension 'ros'
[0.256s] DEBUG:colcon.colcon_core.package_identification:Package 'src/z1_nodes' with type 'ros.ament_cmake' and name 'z1_nodes'
[0.256s] Level 1:colcon.colcon_core.package_identification:_identify(src/z1_urdf) by extensions ['ignore', 'ignore_ament_install']
[0.256s] Level 1:colcon.colcon_core.package_identification:_identify(src/z1_urdf) by extension 'ignore'
[0.256s] Level 1:colcon.colcon_core.package_identification:_identify(src/z1_urdf) by extension 'ignore_ament_install'
[0.256s] Level 1:colcon.colcon_core.package_identification:_identify(src/z1_urdf) by extensions ['colcon_pkg']
[0.256s] Level 1:colcon.colcon_core.package_identification:_identify(src/z1_urdf) by extension 'colcon_pkg'
[0.256s] Level 1:colcon.colcon_core.package_identification:_identify(src/z1_urdf) by extensions ['colcon_meta']
[0.256s] Level 1:colcon.colcon_core.package_identification:_identify(src/z1_urdf) by extension 'colcon_meta'
[0.256s] Level 1:colcon.colcon_core.package_identification:_identify(src/z1_urdf) by extensions ['ros']
[0.256s] Level 1:colcon.colcon_core.package_identification:_identify(src/z1_urdf) by extension 'ros'
[0.257s] DEBUG:colcon.colcon_core.package_identification:Package 'src/z1_urdf' with type 'ros.ament_cmake' and name 'z1_urdf'
[0.257s] Level 1:colcon.colcon_core.package_discovery:discover_packages(recursive) using defaults
[0.257s] Level 1:colcon.colcon_core.package_discovery:discover_packages(ignore) discover
[0.257s] Level 1:colcon.colcon_core.package_discovery:discover_packages(ignore) using defaults
[0.257s] Level 1:colcon.colcon_core.package_discovery:discover_packages(path) discover
[0.257s] Level 1:colcon.colcon_core.package_discovery:discover_packages(path) using defaults
[0.274s] Level 5:colcon.colcon_core.verb:set package 'b2_nodes' build argument 'cmake_args' from command line to 'None'
[0.274s] Level 5:colcon.colcon_core.verb:set package 'b2_nodes' build argument 'cmake_target' from command line to 'None'
[0.274s] Level 5:colcon.colcon_core.verb:set package 'b2_nodes' build argument 'cmake_target_skip_unavailable' from command line to 'False'
[0.274s] Level 5:colcon.colcon_core.verb:set package 'b2_nodes' build argument 'cmake_clean_cache' from command line to 'False'
[0.274s] Level 5:colcon.colcon_core.verb:set package 'b2_nodes' build argument 'cmake_clean_first' from command line to 'False'
[0.274s] Level 5:colcon.colcon_core.verb:set package 'b2_nodes' build argument 'cmake_force_configure' from command line to 'False'
[0.274s] Level 5:colcon.colcon_core.verb:set package 'b2_nodes' build argument 'ament_cmake_args' from command line to 'None'
[0.274s] Level 5:colcon.colcon_core.verb:set package 'b2_nodes' build argument 'catkin_cmake_args' from command line to 'None'
[0.274s] Level 5:colcon.colcon_core.verb:set package 'b2_nodes' build argument 'catkin_skip_building_tests' from command line to 'False'
[0.274s] DEBUG:colcon.colcon_core.verb:Building package 'b2_nodes' with the following arguments: {'ament_cmake_args': None, 'build_base': '/home/ros_ws/ros_ws/b2_ws/build/b2_nodes', 'catkin_cmake_args': None, 'catkin_skip_building_tests': False, 'cmake_args': None, 'cmake_clean_cache': False, 'cmake_clean_first': False, 'cmake_force_configure': False, 'cmake_target': None, 'cmake_target_skip_unavailable': False, 'install_base': '/home/ros_ws/ros_ws/b2_ws/install/b2_nodes', 'merge_install': False, 'path': '/home/ros_ws/ros_ws/b2_ws/src/b2_nodes', 'symlink_install': False, 'test_result_base': None}
[0.275s] Level 5:colcon.colcon_core.verb:set package 'b2_urdf' build argument 'cmake_args' from command line to 'None'
[0.275s] Level 5:colcon.colcon_core.verb:set package 'b2_urdf' build argument 'cmake_target' from command line to 'None'
[0.275s] Level 5:colcon.colcon_core.verb:set package 'b2_urdf' build argument 'cmake_target_skip_unavailable' from command line to 'False'
[0.275s] Level 5:colcon.colcon_core.verb:set package 'b2_urdf' build argument 'cmake_clean_cache' from command line to 'False'
[0.275s] Level 5:colcon.colcon_core.verb:set package 'b2_urdf' build argument 'cmake_clean_first' from command line to 'False'
[0.275s] Level 5:colcon.colcon_core.verb:set package 'b2_urdf' build argument 'cmake_force_configure' from command line to 'False'
[0.275s] Level 5:colcon.colcon_core.verb:set package 'b2_urdf' build argument 'ament_cmake_args' from command line to 'None'
[0.275s] Level 5:colcon.colcon_core.verb:set package 'b2_urdf' build argument 'catkin_cmake_args' from command line to 'None'
[0.275s] Level 5:colcon.colcon_core.verb:set package 'b2_urdf' build argument 'catkin_skip_building_tests' from command line to 'False'
[0.275s] DEBUG:colcon.colcon_core.verb:Building package 'b2_urdf' with the following arguments: {'ament_cmake_args': None, 'build_base': '/home/ros_ws/ros_ws/b2_ws/build/b2_urdf', 'catkin_cmake_args': None, 'catkin_skip_building_tests': False, 'cmake_args': None, 'cmake_clean_cache': False, 'cmake_clean_first': False, 'cmake_force_configure': False, 'cmake_target': None, 'cmake_target_skip_unavailable': False, 'install_base': '/home/ros_ws/ros_ws/b2_ws/install/b2_urdf', 'merge_install': False, 'path': '/home/ros_ws/ros_ws/b2_ws/src/b2_urdf', 'symlink_install': False, 'test_result_base': None}
[0.275s] Level 5:colcon.colcon_core.verb:set package 'py_cpp' build argument 'cmake_args' from command line to 'None'
[0.275s] Level 5:colcon.colcon_core.verb:set package 'py_cpp' build argument 'cmake_target' from command line to 'None'
[0.275s] Level 5:colcon.colcon_core.verb:set package 'py_cpp' build argument 'cmake_target_skip_unavailable' from command line to 'False'
[0.275s] Level 5:colcon.colcon_core.verb:set package 'py_cpp' build argument 'cmake_clean_cache' from command line to 'False'
[0.275s] Level 5:colcon.colcon_core.verb:set package 'py_cpp' build argument 'cmake_clean_first' from command line to 'False'
[0.275s] Level 5:colcon.colcon_core.verb:set package 'py_cpp' build argument 'cmake_force_configure' from command line to 'False'
[0.275s] Level 5:colcon.colcon_core.verb:set package 'py_cpp' build argument 'ament_cmake_args' from command line to 'None'
[0.275s] Level 5:colcon.colcon_core.verb:set package 'py_cpp' build argument 'catkin_cmake_args' from command line to 'None'
[0.275s] Level 5:colcon.colcon_core.verb:set package 'py_cpp' build argument 'catkin_skip_building_tests' from command line to 'False'
[0.275s] DEBUG:colcon.colcon_core.verb:Building package 'py_cpp' with the following arguments: {'ament_cmake_args': None, 'build_base': '/home/ros_ws/ros_ws/b2_ws/build/py_cpp', 'catkin_cmake_args': None, 'catkin_skip_building_tests': False, 'cmake_args': None, 'cmake_clean_cache': False, 'cmake_clean_first': False, 'cmake_force_configure': False, 'cmake_target': None, 'cmake_target_skip_unavailable': False, 'install_base': '/home/ros_ws/ros_ws/b2_ws/install/py_cpp', 'merge_install': False, 'path': '/home/ros_ws/ros_ws/b2_ws/src/py_cpp', 'symlink_install': False, 'test_result_base': None}
[0.276s] Level 5:colcon.colcon_core.verb:set package 'z1_interfaces' build argument 'cmake_args' from command line to 'None'
[0.276s] Level 5:colcon.colcon_core.verb:set package 'z1_interfaces' build argument 'cmake_target' from command line to 'None'
[0.276s] Level 5:colcon.colcon_core.verb:set package 'z1_interfaces' build argument 'cmake_target_skip_unavailable' from command line to 'False'
[0.276s] Level 5:colcon.colcon_core.verb:set package 'z1_interfaces' build argument 'cmake_clean_cache' from command line to 'False'
[0.276s] Level 5:colcon.colcon_core.verb:set package 'z1_interfaces' build argument 'cmake_clean_first' from command line to 'False'
[0.276s] Level 5:colcon.colcon_core.verb:set package 'z1_interfaces' build argument 'cmake_force_configure' from command line to 'False'
[0.276s] Level 5:colcon.colcon_core.verb:set package 'z1_interfaces' build argument 'ament_cmake_args' from command line to 'None'
[0.276s] Level 5:colcon.colcon_core.verb:set package 'z1_interfaces' build argument 'catkin_cmake_args' from command line to 'None'
[0.276s] Level 5:colcon.colcon_core.verb:set package 'z1_interfaces' build argument 'catkin_skip_building_tests' from command line to 'False'
[0.276s] DEBUG:colcon.colcon_core.verb:Building package 'z1_interfaces' with the following arguments: {'ament_cmake_args': None, 'build_base': '/home/ros_ws/ros_ws/b2_ws/build/z1_interfaces', 'catkin_cmake_args': None, 'catkin_skip_building_tests': False, 'cmake_args': None, 'cmake_clean_cache': False, 'cmake_clean_first': False, 'cmake_force_configure': False, 'cmake_target': None, 'cmake_target_skip_unavailable': False, 'install_base': '/home/ros_ws/ros_ws/b2_ws/install/z1_interfaces', 'merge_install': False, 'path': '/home/ros_ws/ros_ws/b2_ws/src/z1_interfaces', 'symlink_install': False, 'test_result_base': None}
[0.276s] Level 5:colcon.colcon_core.verb:set package 'z1_urdf' build argument 'cmake_args' from command line to 'None'
[0.276s] Level 5:colcon.colcon_core.verb:set package 'z1_urdf' build argument 'cmake_target' from command line to 'None'
[0.276s] Level 5:colcon.colcon_core.verb:set package 'z1_urdf' build argument 'cmake_target_skip_unavailable' from command line to 'False'
[0.276s] Level 5:colcon.colcon_core.verb:set package 'z1_urdf' build argument 'cmake_clean_cache' from command line to 'False'
[0.276s] Level 5:colcon.colcon_core.verb:set package 'z1_urdf' build argument 'cmake_clean_first' from command line to 'False'
[0.276s] Level 5:colcon.colcon_core.verb:set package 'z1_urdf' build argument 'cmake_force_configure' from command line to 'False'
[0.276s] Level 5:colcon.colcon_core.verb:set package 'z1_urdf' build argument 'ament_cmake_args' from command line to 'None'
[0.276s] Level 5:colcon.colcon_core.verb:set package 'z1_urdf' build argument 'catkin_cmake_args' from command line to 'None'
[0.276s] Level 5:colcon.colcon_core.verb:set package 'z1_urdf' build argument 'catkin_skip_building_tests' from command line to 'False'
[0.276s] DEBUG:colcon.colcon_core.verb:Building package 'z1_urdf' with the following arguments: {'ament_cmake_args': None, 'build_base': '/home/ros_ws/ros_ws/b2_ws/build/z1_urdf', 'catkin_cmake_args': None, 'catkin_skip_building_tests': False, 'cmake_args': None, 'cmake_clean_cache': False, 'cmake_clean_first': False, 'cmake_force_configure': False, 'cmake_target': None, 'cmake_target_skip_unavailable': False, 'install_base': '/home/ros_ws/ros_ws/b2_ws/install/z1_urdf', 'merge_install': False, 'path': '/home/ros_ws/ros_ws/b2_ws/src/z1_urdf', 'symlink_install': False, 'test_result_base': None}
[0.277s] Level 5:colcon.colcon_core.verb:set package 'b2_ctrl' build argument 'cmake_args' from command line to 'None'
[0.277s] Level 5:colcon.colcon_core.verb:set package 'b2_ctrl' build argument 'cmake_target' from command line to 'None'
[0.277s] Level 5:colcon.colcon_core.verb:set package 'b2_ctrl' build argument 'cmake_target_skip_unavailable' from command line to 'False'
[0.277s] Level 5:colcon.colcon_core.verb:set package 'b2_ctrl' build argument 'cmake_clean_cache' from command line to 'False'
[0.277s] Level 5:colcon.colcon_core.verb:set package 'b2_ctrl' build argument 'cmake_clean_first' from command line to 'False'
[0.277s] Level 5:colcon.colcon_core.verb:set package 'b2_ctrl' build argument 'cmake_force_configure' from command line to 'False'
[0.277s] Level 5:colcon.colcon_core.verb:set package 'b2_ctrl' build argument 'ament_cmake_args' from command line to 'None'
[0.277s] Level 5:colcon.colcon_core.verb:set package 'b2_ctrl' build argument 'catkin_cmake_args' from command line to 'None'
[0.277s] Level 5:colcon.colcon_core.verb:set package 'b2_ctrl' build argument 'catkin_skip_building_tests' from command line to 'False'
[0.277s] DEBUG:colcon.colcon_core.verb:Building package 'b2_ctrl' with the following arguments: {'ament_cmake_args': None, 'build_base': '/home/ros_ws/ros_ws/b2_ws/build/b2_ctrl', 'catkin_cmake_args': None, 'catkin_skip_building_tests': False, 'cmake_args': None, 'cmake_clean_cache': False, 'cmake_clean_first': False, 'cmake_force_configure': False, 'cmake_target': None, 'cmake_target_skip_unavailable': False, 'install_base': '/home/ros_ws/ros_ws/b2_ws/install/b2_ctrl', 'merge_install': False, 'path': '/home/ros_ws/ros_ws/b2_ws/src/b2_ctrl', 'symlink_install': False, 'test_result_base': None}
[0.277s] Level 5:colcon.colcon_core.verb:set package 'z1_nodes' build argument 'cmake_args' from command line to 'None'
[0.277s] Level 5:colcon.colcon_core.verb:set package 'z1_nodes' build argument 'cmake_target' from command line to 'None'
[0.277s] Level 5:colcon.colcon_core.verb:set package 'z1_nodes' build argument 'cmake_target_skip_unavailable' from command line to 'False'
[0.277s] Level 5:colcon.colcon_core.verb:set package 'z1_nodes' build argument 'cmake_clean_cache' from command line to 'False'
[0.277s] Level 5:colcon.colcon_core.verb:set package 'z1_nodes' build argument 'cmake_clean_first' from command line to 'False'
[0.277s] Level 5:colcon.colcon_core.verb:set package 'z1_nodes' build argument 'cmake_force_configure' from command line to 'False'
[0.277s] Level 5:colcon.colcon_core.verb:set package 'z1_nodes' build argument 'ament_cmake_args' from command line to 'None'
[0.277s] Level 5:colcon.colcon_core.verb:set package 'z1_nodes' build argument 'catkin_cmake_args' from command line to 'None'
[0.277s] Level 5:colcon.colcon_core.verb:set package 'z1_nodes' build argument 'catkin_skip_building_tests' from command line to 'False'
[0.277s] DEBUG:colcon.colcon_core.verb:Building package 'z1_nodes' with the following arguments: {'ament_cmake_args': None, 'build_base': '/home/ros_ws/ros_ws/b2_ws/build/z1_nodes', 'catkin_cmake_args': None, 'catkin_skip_building_tests': False, 'cmake_args': None, 'cmake_clean_cache': False, 'cmake_clean_first': False, 'cmake_force_configure': False, 'cmake_target': None, 'cmake_target_skip_unavailable': False, 'install_base': '/home/ros_ws/ros_ws/b2_ws/install/z1_nodes', 'merge_install': False, 'path': '/home/ros_ws/ros_ws/b2_ws/src/z1_nodes', 'symlink_install': False, 'test_result_base': None}
[0.277s] INFO:colcon.colcon_core.executor:Executing jobs using 'parallel' executor
[0.278s] DEBUG:colcon.colcon_parallel_executor.executor.parallel:run_until_complete
[0.279s] INFO:colcon.colcon_ros.task.ament_cmake.build:Building ROS package in '/home/ros_ws/ros_ws/b2_ws/src/z1_interfaces' with build type 'ament_cmake'
[0.279s] INFO:colcon.colcon_cmake.task.cmake.build:Building CMake package in '/home/ros_ws/ros_ws/b2_ws/src/z1_interfaces'
[0.281s] INFO:colcon.colcon_core.plugin_system:Skipping extension 'colcon_core.shell.bat': Not used on non-Windows systems
[0.281s] INFO:colcon.colcon_core.shell:Skip shell extension 'powershell' for command environment: Not usable outside of PowerShell
[0.281s] DEBUG:colcon.colcon_core.shell:Skip shell extension 'dsv' for command environment
[0.281s] WARNING:colcon.colcon_ros.prefix_path.ament:The path '/unitree_sdk2' in the environment variable AMENT_PREFIX_PATH doesn't contain any 'local_setup.*' files.
[0.286s] INFO:colcon.colcon_ros.task.ament_python.build:Building ROS package in '/home/ros_ws/ros_ws/b2_ws/src/b2_nodes' with build type 'ament_python'
[0.286s] Level 1:colcon.colcon_core.shell:create_environment_hook('b2_nodes', 'ament_prefix_path')
[0.287s] INFO:colcon.colcon_core.shell:Creating environment hook '/home/ros_ws/ros_ws/b2_ws/install/b2_nodes/share/b2_nodes/hook/ament_prefix_path.ps1'
[0.287s] INFO:colcon.colcon_core.shell:Creating environment descriptor '/home/ros_ws/ros_ws/b2_ws/install/b2_nodes/share/b2_nodes/hook/ament_prefix_path.dsv'
[0.287s] INFO:colcon.colcon_core.shell:Creating environment hook '/home/ros_ws/ros_ws/b2_ws/install/b2_nodes/share/b2_nodes/hook/ament_prefix_path.sh'
[0.288s] INFO:colcon.colcon_core.shell:Skip shell extension 'powershell' for command environment: Not usable outside of PowerShell
[0.288s] DEBUG:colcon.colcon_core.shell:Skip shell extension 'dsv' for command environment
[0.292s] INFO:colcon.colcon_ros.task.ament_cmake.build:Building ROS package in '/home/ros_ws/ros_ws/b2_ws/src/b2_urdf' with build type 'ament_cmake'
[0.292s] INFO:colcon.colcon_cmake.task.cmake.build:Building CMake package in '/home/ros_ws/ros_ws/b2_ws/src/b2_urdf'
[0.293s] INFO:colcon.colcon_core.shell:Skip shell extension 'powershell' for command environment: Not usable outside of PowerShell
[0.293s] DEBUG:colcon.colcon_core.shell:Skip shell extension 'dsv' for command environment
[0.297s] INFO:colcon.colcon_ros.task.ament_cmake.build:Building ROS package in '/home/ros_ws/ros_ws/b2_ws/src/py_cpp' with build type 'ament_cmake'
[0.297s] INFO:colcon.colcon_cmake.task.cmake.build:Building CMake package in '/home/ros_ws/ros_ws/b2_ws/src/py_cpp'
[0.298s] INFO:colcon.colcon_core.shell:Skip shell extension 'powershell' for command environment: Not usable outside of PowerShell
[0.298s] DEBUG:colcon.colcon_core.shell:Skip shell extension 'dsv' for command environment
[0.302s] INFO:colcon.colcon_ros.task.ament_cmake.build:Building ROS package in '/home/ros_ws/ros_ws/b2_ws/src/z1_urdf' with build type 'ament_cmake'
[0.303s] INFO:colcon.colcon_cmake.task.cmake.build:Building CMake package in '/home/ros_ws/ros_ws/b2_ws/src/z1_urdf'
[0.303s] INFO:colcon.colcon_core.shell:Skip shell extension 'powershell' for command environment: Not usable outside of PowerShell
[0.303s] DEBUG:colcon.colcon_core.shell:Skip shell extension 'dsv' for command environment
[0.314s] DEBUG:colcon.colcon_core.event_handler.log_command:Invoking command in '/home/ros_ws/ros_ws/b2_ws/build/z1_interfaces': CMAKE_PREFIX_PATH=${CMAKE_PREFIX_PATH}:/unitree_sdk2:/home/ros_ws/ros_ws/b2_ws/install/b2_nodes:/opt/ros/humble: /usr/bin/cmake --build /home/ros_ws/ros_ws/b2_ws/build/z1_interfaces -- -j16 -l16
[0.556s] INFO:colcon.colcon_core.task.python.build:Building Python package in '/home/ros_ws/ros_ws/b2_ws/src/b2_nodes'
[0.557s] INFO:colcon.colcon_core.shell:Skip shell extension 'powershell' for command environment: Not usable outside of PowerShell
[0.557s] DEBUG:colcon.colcon_core.shell:Skip shell extension 'dsv' for command environment
[0.566s] DEBUG:colcon.colcon_core.event_handler.log_command:Invoking command in '/home/ros_ws/ros_ws/b2_ws/build/b2_urdf': CMAKE_PREFIX_PATH=${CMAKE_PREFIX_PATH}:/unitree_sdk2:/home/ros_ws/ros_ws/b2_ws/install/b2_nodes:/opt/ros/humble: /usr/bin/cmake --build /home/ros_ws/ros_ws/b2_ws/build/b2_urdf -- -j16 -l16
[0.583s] DEBUG:colcon.colcon_core.event_handler.log_command:Invoking command in '/home/ros_ws/ros_ws/b2_ws/build/py_cpp': CMAKE_PREFIX_PATH=${CMAKE_PREFIX_PATH}:/unitree_sdk2:/home/ros_ws/ros_ws/b2_ws/install/b2_nodes:/opt/ros/humble: /usr/bin/cmake --build /home/ros_ws/ros_ws/b2_ws/build/py_cpp -- -j16 -l16
[0.590s] DEBUG:colcon.colcon_core.event_handler.log_command:Invoking command in '/home/ros_ws/ros_ws/b2_ws/build/z1_urdf': CMAKE_PREFIX_PATH=${CMAKE_PREFIX_PATH}:/unitree_sdk2:/home/ros_ws/ros_ws/b2_ws/install/b2_nodes:/opt/ros/humble: /usr/bin/cmake --build /home/ros_ws/ros_ws/b2_ws/build/z1_urdf -- -j16 -l16
[0.623s] DEBUG:colcon.colcon_core.event_handler.log_command:Invoked command in '/home/ros_ws/ros_ws/b2_ws/build/b2_urdf' returned '0': CMAKE_PREFIX_PATH=${CMAKE_PREFIX_PATH}:/unitree_sdk2:/home/ros_ws/ros_ws/b2_ws/install/b2_nodes:/opt/ros/humble: /usr/bin/cmake --build /home/ros_ws/ros_ws/b2_ws/build/b2_urdf -- -j16 -l16
[0.644s] DEBUG:colcon.colcon_core.event_handler.log_command:Invoked command in '/home/ros_ws/ros_ws/b2_ws/build/z1_urdf' returned '0': CMAKE_PREFIX_PATH=${CMAKE_PREFIX_PATH}:/unitree_sdk2:/home/ros_ws/ros_ws/b2_ws/install/b2_nodes:/opt/ros/humble: /usr/bin/cmake --build /home/ros_ws/ros_ws/b2_ws/build/z1_urdf -- -j16 -l16
[0.667s] DEBUG:colcon.colcon_core.event_handler.log_command:Invoking command in '/home/ros_ws/ros_ws/b2_ws/build/b2_urdf': CMAKE_PREFIX_PATH=${CMAKE_PREFIX_PATH}:/unitree_sdk2:/home/ros_ws/ros_ws/b2_ws/install/b2_nodes:/opt/ros/humble: /usr/bin/cmake --install /home/ros_ws/ros_ws/b2_ws/build/b2_urdf
[0.669s] DEBUG:colcon.colcon_core.event_handler.log_command:Invoked command in '/home/ros_ws/ros_ws/b2_ws/build/py_cpp' returned '0': CMAKE_PREFIX_PATH=${CMAKE_PREFIX_PATH}:/unitree_sdk2:/home/ros_ws/ros_ws/b2_ws/install/b2_nodes:/opt/ros/humble: /usr/bin/cmake --build /home/ros_ws/ros_ws/b2_ws/build/py_cpp -- -j16 -l16
[0.680s] DEBUG:colcon.colcon_core.event_handler.log_command:Invoking command in '/home/ros_ws/ros_ws/b2_ws/build/z1_urdf': CMAKE_PREFIX_PATH=${CMAKE_PREFIX_PATH}:/unitree_sdk2:/home/ros_ws/ros_ws/b2_ws/install/b2_nodes:/opt/ros/humble: /usr/bin/cmake --install /home/ros_ws/ros_ws/b2_ws/build/z1_urdf
[0.696s] DEBUG:colcon.colcon_core.event_handler.log_command:Invoked command in '/home/ros_ws/ros_ws/b2_ws/build/z1_interfaces' returned '0': CMAKE_PREFIX_PATH=${CMAKE_PREFIX_PATH}:/unitree_sdk2:/home/ros_ws/ros_ws/b2_ws/install/b2_nodes:/opt/ros/humble: /usr/bin/cmake --build /home/ros_ws/ros_ws/b2_ws/build/z1_interfaces -- -j16 -l16
[0.704s] Level 1:colcon.colcon_core.environment:create_environment_scripts_only(b2_urdf)
[0.705s] DEBUG:colcon.colcon_core.event_handler.log_command:Invoked command in '/home/ros_ws/ros_ws/b2_ws/build/b2_urdf' returned '0': CMAKE_PREFIX_PATH=${CMAKE_PREFIX_PATH}:/unitree_sdk2:/home/ros_ws/ros_ws/b2_ws/install/b2_nodes:/opt/ros/humble: /usr/bin/cmake --install /home/ros_ws/ros_ws/b2_ws/build/b2_urdf
[0.707s] Level 1:colcon.colcon_core.environment:checking '/home/ros_ws/ros_ws/b2_ws/install/b2_urdf' for CMake module files
[0.708s] Level 1:colcon.colcon_core.environment:checking '/home/ros_ws/ros_ws/b2_ws/install/b2_urdf' for CMake config files
[0.709s] Level 1:colcon.colcon_core.shell:create_environment_hook('b2_urdf', 'cmake_prefix_path')
[0.709s] INFO:colcon.colcon_core.shell:Creating environment hook '/home/ros_ws/ros_ws/b2_ws/install/b2_urdf/share/b2_urdf/hook/cmake_prefix_path.ps1'
[0.709s] INFO:colcon.colcon_core.shell:Creating environment descriptor '/home/ros_ws/ros_ws/b2_ws/install/b2_urdf/share/b2_urdf/hook/cmake_prefix_path.dsv'
[0.710s] INFO:colcon.colcon_core.shell:Creating environment hook '/home/ros_ws/ros_ws/b2_ws/install/b2_urdf/share/b2_urdf/hook/cmake_prefix_path.sh'
[0.711s] Level 1:colcon.colcon_core.environment:checking '/home/ros_ws/ros_ws/b2_ws/install/b2_urdf/bin'
[0.711s] Level 1:colcon.colcon_core.environment:checking '/home/ros_ws/ros_ws/b2_ws/install/b2_urdf/lib/pkgconfig/b2_urdf.pc'
[0.712s] Level 1:colcon.colcon_core.environment:checking '/home/ros_ws/ros_ws/b2_ws/install/b2_urdf/lib/python3.10/site-packages'
[0.712s] Level 1:colcon.colcon_core.environment:checking '/home/ros_ws/ros_ws/b2_ws/install/b2_urdf/bin'
[0.712s] INFO:colcon.colcon_core.shell:Creating package script '/home/ros_ws/ros_ws/b2_ws/install/b2_urdf/share/b2_urdf/package.ps1'
[0.713s] INFO:colcon.colcon_core.shell:Creating package descriptor '/home/ros_ws/ros_ws/b2_ws/install/b2_urdf/share/b2_urdf/package.dsv'
[0.714s] INFO:colcon.colcon_core.shell:Creating package script '/home/ros_ws/ros_ws/b2_ws/install/b2_urdf/share/b2_urdf/package.sh'
[0.715s] INFO:colcon.colcon_core.shell:Creating package script '/home/ros_ws/ros_ws/b2_ws/install/b2_urdf/share/b2_urdf/package.bash'
[0.716s] INFO:colcon.colcon_core.shell:Creating package script '/home/ros_ws/ros_ws/b2_ws/install/b2_urdf/share/b2_urdf/package.zsh'
[0.717s] Level 1:colcon.colcon_core.environment:create_file_with_runtime_dependencies(/home/ros_ws/ros_ws/b2_ws/install/b2_urdf/share/colcon-core/packages/b2_urdf)
[0.720s] Level 1:colcon.colcon_core.environment:create_environment_scripts_only(z1_urdf)
[0.720s] Level 1:colcon.colcon_core.environment:checking '/home/ros_ws/ros_ws/b2_ws/install/z1_urdf' for CMake module files
[0.721s] DEBUG:colcon.colcon_core.event_handler.log_command:Invoking command in '/home/ros_ws/ros_ws/b2_ws/build/py_cpp': CMAKE_PREFIX_PATH=${CMAKE_PREFIX_PATH}:/unitree_sdk2:/home/ros_ws/ros_ws/b2_ws/install/b2_nodes:/opt/ros/humble: /usr/bin/cmake --install /home/ros_ws/ros_ws/b2_ws/build/py_cpp
[0.721s] DEBUG:colcon.colcon_core.event_handler.log_command:Invoked command in '/home/ros_ws/ros_ws/b2_ws/build/z1_urdf' returned '0': CMAKE_PREFIX_PATH=${CMAKE_PREFIX_PATH}:/unitree_sdk2:/home/ros_ws/ros_ws/b2_ws/install/b2_nodes:/opt/ros/humble: /usr/bin/cmake --install /home/ros_ws/ros_ws/b2_ws/build/z1_urdf
[0.722s] Level 1:colcon.colcon_core.environment:checking '/home/ros_ws/ros_ws/b2_ws/install/z1_urdf' for CMake config files
[0.722s] Level 1:colcon.colcon_core.shell:create_environment_hook('z1_urdf', 'cmake_prefix_path')
[0.723s] INFO:colcon.colcon_core.shell:Creating environment hook '/home/ros_ws/ros_ws/b2_ws/install/z1_urdf/share/z1_urdf/hook/cmake_prefix_path.ps1'
[0.723s] INFO:colcon.colcon_core.shell:Creating environment descriptor '/home/ros_ws/ros_ws/b2_ws/install/z1_urdf/share/z1_urdf/hook/cmake_prefix_path.dsv'
[0.724s] INFO:colcon.colcon_core.shell:Creating environment hook '/home/ros_ws/ros_ws/b2_ws/install/z1_urdf/share/z1_urdf/hook/cmake_prefix_path.sh'
[0.724s] Level 1:colcon.colcon_core.environment:checking '/home/ros_ws/ros_ws/b2_ws/install/z1_urdf/bin'
[0.724s] Level 1:colcon.colcon_core.environment:checking '/home/ros_ws/ros_ws/b2_ws/install/z1_urdf/lib/pkgconfig/z1_urdf.pc'
[0.724s] Level 1:colcon.colcon_core.environment:checking '/home/ros_ws/ros_ws/b2_ws/install/z1_urdf/lib/python3.10/site-packages'
[0.725s] Level 1:colcon.colcon_core.environment:checking '/home/ros_ws/ros_ws/b2_ws/install/z1_urdf/bin'
[0.725s] INFO:colcon.colcon_core.shell:Creating package script '/home/ros_ws/ros_ws/b2_ws/install/z1_urdf/share/z1_urdf/package.ps1'
[0.726s] INFO:colcon.colcon_core.shell:Creating package descriptor '/home/ros_ws/ros_ws/b2_ws/install/z1_urdf/share/z1_urdf/package.dsv'
[0.726s] INFO:colcon.colcon_core.shell:Creating package script '/home/ros_ws/ros_ws/b2_ws/install/z1_urdf/share/z1_urdf/package.sh'
[0.727s] INFO:colcon.colcon_core.shell:Creating package script '/home/ros_ws/ros_ws/b2_ws/install/z1_urdf/share/z1_urdf/package.bash'
[0.727s] INFO:colcon.colcon_core.shell:Creating package script '/home/ros_ws/ros_ws/b2_ws/install/z1_urdf/share/z1_urdf/package.zsh'
[0.727s] Level 1:colcon.colcon_core.environment:create_file_with_runtime_dependencies(/home/ros_ws/ros_ws/b2_ws/install/z1_urdf/share/colcon-core/packages/z1_urdf)
[0.750s] Level 1:colcon.colcon_core.environment:create_environment_scripts_only(py_cpp)
[0.751s] Level 1:colcon.colcon_core.environment:checking '/home/ros_ws/ros_ws/b2_ws/install/py_cpp' for CMake module files
[0.751s] DEBUG:colcon.colcon_core.event_handler.log_command:Invoked command in '/home/ros_ws/ros_ws/b2_ws/build/py_cpp' returned '0': CMAKE_PREFIX_PATH=${CMAKE_PREFIX_PATH}:/unitree_sdk2:/home/ros_ws/ros_ws/b2_ws/install/b2_nodes:/opt/ros/humble: /usr/bin/cmake --install /home/ros_ws/ros_ws/b2_ws/build/py_cpp
[0.752s] Level 1:colcon.colcon_core.environment:checking '/home/ros_ws/ros_ws/b2_ws/install/py_cpp' for CMake config files
[0.752s] Level 1:colcon.colcon_core.shell:create_environment_hook('py_cpp', 'cmake_prefix_path')
[0.752s] INFO:colcon.colcon_core.shell:Creating environment hook '/home/ros_ws/ros_ws/b2_ws/install/py_cpp/share/py_cpp/hook/cmake_prefix_path.ps1'
[0.753s] INFO:colcon.colcon_core.shell:Creating environment descriptor '/home/ros_ws/ros_ws/b2_ws/install/py_cpp/share/py_cpp/hook/cmake_prefix_path.dsv'
[0.753s] INFO:colcon.colcon_core.shell:Creating environment hook '/home/ros_ws/ros_ws/b2_ws/install/py_cpp/share/py_cpp/hook/cmake_prefix_path.sh'
[0.754s] Level 1:colcon.colcon_core.environment:checking '/home/ros_ws/ros_ws/b2_ws/install/py_cpp/lib'
[0.754s] Level 1:colcon.colcon_core.environment:checking '/home/ros_ws/ros_ws/b2_ws/install/py_cpp/bin'
[0.754s] Level 1:colcon.colcon_core.environment:checking '/home/ros_ws/ros_ws/b2_ws/install/py_cpp/lib/pkgconfig/py_cpp.pc'
[0.754s] Level 1:colcon.colcon_core.environment:checking '/home/ros_ws/ros_ws/b2_ws/install/py_cpp/lib/python3.10/site-packages'
[0.754s] Level 1:colcon.colcon_core.environment:checking '/home/ros_ws/ros_ws/b2_ws/install/py_cpp/bin'
[0.755s] INFO:colcon.colcon_core.shell:Creating package script '/home/ros_ws/ros_ws/b2_ws/install/py_cpp/share/py_cpp/package.ps1'
[0.755s] INFO:colcon.colcon_core.shell:Creating package descriptor '/home/ros_ws/ros_ws/b2_ws/install/py_cpp/share/py_cpp/package.dsv'
[0.755s] INFO:colcon.colcon_core.shell:Creating package script '/home/ros_ws/ros_ws/b2_ws/install/py_cpp/share/py_cpp/package.sh'
[0.756s] INFO:colcon.colcon_core.shell:Creating package script '/home/ros_ws/ros_ws/b2_ws/install/py_cpp/share/py_cpp/package.bash'
[0.756s] INFO:colcon.colcon_core.shell:Creating package script '/home/ros_ws/ros_ws/b2_ws/install/py_cpp/share/py_cpp/package.zsh'
[0.756s] Level 1:colcon.colcon_core.environment:create_file_with_runtime_dependencies(/home/ros_ws/ros_ws/b2_ws/install/py_cpp/share/colcon-core/packages/py_cpp)
[0.758s] Level 1:colcon.colcon_core.environment:create_environment_scripts_only(b2_urdf)
[0.758s] Level 1:colcon.colcon_core.environment:checking '/home/ros_ws/ros_ws/b2_ws/install/b2_urdf' for CMake module files
[0.759s] Level 1:colcon.colcon_core.environment:checking '/home/ros_ws/ros_ws/b2_ws/install/b2_urdf' for CMake config files
[0.759s] Level 1:colcon.colcon_core.shell:create_environment_hook('b2_urdf', 'cmake_prefix_path')
[0.759s] INFO:colcon.colcon_core.shell:Creating environment hook '/home/ros_ws/ros_ws/b2_ws/install/b2_urdf/share/b2_urdf/hook/cmake_prefix_path.ps1'
[0.760s] INFO:colcon.colcon_core.shell:Creating environment descriptor '/home/ros_ws/ros_ws/b2_ws/install/b2_urdf/share/b2_urdf/hook/cmake_prefix_path.dsv'
[0.760s] INFO:colcon.colcon_core.shell:Creating environment hook '/home/ros_ws/ros_ws/b2_ws/install/b2_urdf/share/b2_urdf/hook/cmake_prefix_path.sh'
[0.761s] Level 1:colcon.colcon_core.environment:checking '/home/ros_ws/ros_ws/b2_ws/install/b2_urdf/bin'
[0.761s] Level 1:colcon.colcon_core.environment:checking '/home/ros_ws/ros_ws/b2_ws/install/b2_urdf/lib/pkgconfig/b2_urdf.pc'
[0.762s] Level 1:colcon.colcon_core.environment:checking '/home/ros_ws/ros_ws/b2_ws/install/b2_urdf/lib/python3.10/site-packages'
[0.762s] Level 1:colcon.colcon_core.environment:checking '/home/ros_ws/ros_ws/b2_ws/install/b2_urdf/bin'
[0.762s] INFO:colcon.colcon_core.shell:Creating package script '/home/ros_ws/ros_ws/b2_ws/install/b2_urdf/share/b2_urdf/package.ps1'
[0.763s] INFO:colcon.colcon_core.shell:Creating package descriptor '/home/ros_ws/ros_ws/b2_ws/install/b2_urdf/share/b2_urdf/package.dsv'
[0.763s] INFO:colcon.colcon_core.shell:Creating package script '/home/ros_ws/ros_ws/b2_ws/install/b2_urdf/share/b2_urdf/package.sh'
[0.763s] INFO:colcon.colcon_core.shell:Creating package script '/home/ros_ws/ros_ws/b2_ws/install/b2_urdf/share/b2_urdf/package.bash'
[0.764s] INFO:colcon.colcon_core.shell:Creating package script '/home/ros_ws/ros_ws/b2_ws/install/b2_urdf/share/b2_urdf/package.zsh'
[0.764s] Level 1:colcon.colcon_core.environment:create_file_with_runtime_dependencies(/home/ros_ws/ros_ws/b2_ws/install/b2_urdf/share/colcon-core/packages/b2_urdf)
[0.766s] Level 1:colcon.colcon_core.environment:create_environment_scripts_only(z1_urdf)
[0.766s] Level 1:colcon.colcon_core.environment:checking '/home/ros_ws/ros_ws/b2_ws/install/z1_urdf' for CMake module files
[0.767s] Level 1:colcon.colcon_core.environment:checking '/home/ros_ws/ros_ws/b2_ws/install/z1_urdf' for CMake config files
[0.767s] Level 1:colcon.colcon_core.shell:create_environment_hook('z1_urdf', 'cmake_prefix_path')
[0.768s] INFO:colcon.colcon_core.shell:Creating environment hook '/home/ros_ws/ros_ws/b2_ws/install/z1_urdf/share/z1_urdf/hook/cmake_prefix_path.ps1'
[0.768s] INFO:colcon.colcon_core.shell:Creating environment descriptor '/home/ros_ws/ros_ws/b2_ws/install/z1_urdf/share/z1_urdf/hook/cmake_prefix_path.dsv'
[0.768s] INFO:colcon.colcon_core.shell:Creating environment hook '/home/ros_ws/ros_ws/b2_ws/install/z1_urdf/share/z1_urdf/hook/cmake_prefix_path.sh'
[0.769s] Level 1:colcon.colcon_core.environment:checking '/home/ros_ws/ros_ws/b2_ws/install/z1_urdf/bin'
[0.769s] Level 1:colcon.colcon_core.environment:checking '/home/ros_ws/ros_ws/b2_ws/install/z1_urdf/lib/pkgconfig/z1_urdf.pc'
[0.769s] Level 1:colcon.colcon_core.environment:checking '/home/ros_ws/ros_ws/b2_ws/install/z1_urdf/lib/python3.10/site-packages'
[0.770s] Level 1:colcon.colcon_core.environment:checking '/home/ros_ws/ros_ws/b2_ws/install/z1_urdf/bin'
[0.770s] INFO:colcon.colcon_core.shell:Creating package script '/home/ros_ws/ros_ws/b2_ws/install/z1_urdf/share/z1_urdf/package.ps1'
[0.770s] INFO:colcon.colcon_core.shell:Creating package descriptor '/home/ros_ws/ros_ws/b2_ws/install/z1_urdf/share/z1_urdf/package.dsv'
[0.771s] INFO:colcon.colcon_core.shell:Creating package script '/home/ros_ws/ros_ws/b2_ws/install/z1_urdf/share/z1_urdf/package.sh'
[0.771s] INFO:colcon.colcon_core.shell:Creating package script '/home/ros_ws/ros_ws/b2_ws/install/z1_urdf/share/z1_urdf/package.bash'
[0.772s] INFO:colcon.colcon_core.shell:Creating package script '/home/ros_ws/ros_ws/b2_ws/install/z1_urdf/share/z1_urdf/package.zsh'
[0.772s] Level 1:colcon.colcon_core.environment:create_file_with_runtime_dependencies(/home/ros_ws/ros_ws/b2_ws/install/z1_urdf/share/colcon-core/packages/z1_urdf)
[0.794s] Level 1:colcon.colcon_core.environment:create_environment_scripts_only(py_cpp)
[0.794s] Level 1:colcon.colcon_core.environment:checking '/home/ros_ws/ros_ws/b2_ws/install/py_cpp' for CMake module files
[0.795s] Level 1:colcon.colcon_core.environment:checking '/home/ros_ws/ros_ws/b2_ws/install/py_cpp' for CMake config files
[0.795s] Level 1:colcon.colcon_core.shell:create_environment_hook('py_cpp', 'cmake_prefix_path')
[0.795s] INFO:colcon.colcon_core.shell:Creating environment hook '/home/ros_ws/ros_ws/b2_ws/install/py_cpp/share/py_cpp/hook/cmake_prefix_path.ps1'
[0.796s] INFO:colcon.colcon_core.shell:Creating environment descriptor '/home/ros_ws/ros_ws/b2_ws/install/py_cpp/share/py_cpp/hook/cmake_prefix_path.dsv'
[0.796s] INFO:colcon.colcon_core.shell:Creating environment hook '/home/ros_ws/ros_ws/b2_ws/install/py_cpp/share/py_cpp/hook/cmake_prefix_path.sh'
[0.797s] Level 1:colcon.colcon_core.environment:checking '/home/ros_ws/ros_ws/b2_ws/install/py_cpp/lib'
[0.797s] Level 1:colcon.colcon_core.environment:checking '/home/ros_ws/ros_ws/b2_ws/install/py_cpp/bin'
[0.797s] Level 1:colcon.colcon_core.environment:checking '/home/ros_ws/ros_ws/b2_ws/install/py_cpp/lib/pkgconfig/py_cpp.pc'
[0.797s] Level 1:colcon.colcon_core.environment:checking '/home/ros_ws/ros_ws/b2_ws/install/py_cpp/lib/python3.10/site-packages'
[0.797s] Level 1:colcon.colcon_core.environment:checking '/home/ros_ws/ros_ws/b2_ws/install/py_cpp/bin'
[0.797s] INFO:colcon.colcon_core.shell:Creating package script '/home/ros_ws/ros_ws/b2_ws/install/py_cpp/share/py_cpp/package.ps1'
[0.798s] INFO:colcon.colcon_core.shell:Creating package descriptor '/home/ros_ws/ros_ws/b2_ws/install/py_cpp/share/py_cpp/package.dsv'
[0.798s] INFO:colcon.colcon_core.shell:Creating package script '/home/ros_ws/ros_ws/b2_ws/install/py_cpp/share/py_cpp/package.sh'
[0.799s] INFO:colcon.colcon_core.shell:Creating package script '/home/ros_ws/ros_ws/b2_ws/install/py_cpp/share/py_cpp/package.bash'
[0.799s] INFO:colcon.colcon_core.shell:Creating package script '/home/ros_ws/ros_ws/b2_ws/install/py_cpp/share/py_cpp/package.zsh'
[0.799s] Level 1:colcon.colcon_core.environment:create_file_with_runtime_dependencies(/home/ros_ws/ros_ws/b2_ws/install/py_cpp/share/colcon-core/packages/py_cpp)
[0.964s] DEBUG:colcon.colcon_core.event_handler.log_command:Invoking command in '/home/ros_ws/ros_ws/b2_ws/build/z1_interfaces': CMAKE_PREFIX_PATH=${CMAKE_PREFIX_PATH}:/unitree_sdk2:/home/ros_ws/ros_ws/b2_ws/install/b2_nodes:/opt/ros/humble: /usr/bin/cmake --install /home/ros_ws/ros_ws/b2_ws/build/z1_interfaces
[0.985s] DEBUG:colcon.colcon_core.event_handler.log_command:Invoking command in '/home/ros_ws/ros_ws/b2_ws/src/b2_nodes': PYTHONPATH=/home/ros_ws/ros_ws/b2_ws/build/b2_nodes/prefix_override:/usr/lib/python3/dist-packages/colcon_core/task/python/colcon_distutils_commands:/home/ros_ws/ros_ws/b2_ws/install/b2_nodes/lib/python3.10/site-packages:${PYTHONPATH} /usr/bin/python3 -W ignore:setup.py install is deprecated setup.py egg_info --egg-base ../../build/b2_nodes build --build-base /home/ros_ws/ros_ws/b2_ws/build/b2_nodes/build install --record /home/ros_ws/ros_ws/b2_ws/build/b2_nodes/install.log --single-version-externally-managed install_data
[1.076s] Level 1:colcon.colcon_core.environment:create_environment_scripts_only(z1_interfaces)
[1.076s] Level 1:colcon.colcon_core.environment:checking '/home/ros_ws/ros_ws/b2_ws/install/z1_interfaces' for CMake module files
[1.077s] DEBUG:colcon.colcon_core.event_handler.log_command:Invoked command in '/home/ros_ws/ros_ws/b2_ws/build/z1_interfaces' returned '0': CMAKE_PREFIX_PATH=${CMAKE_PREFIX_PATH}:/unitree_sdk2:/home/ros_ws/ros_ws/b2_ws/install/b2_nodes:/opt/ros/humble: /usr/bin/cmake --install /home/ros_ws/ros_ws/b2_ws/build/z1_interfaces
[1.077s] Level 1:colcon.colcon_core.environment:checking '/home/ros_ws/ros_ws/b2_ws/install/z1_interfaces' for CMake config files
[1.079s] Level 1:colcon.colcon_core.shell:create_environment_hook('z1_interfaces', 'cmake_prefix_path')
[1.079s] INFO:colcon.colcon_core.shell:Creating environment hook '/home/ros_ws/ros_ws/b2_ws/install/z1_interfaces/share/z1_interfaces/hook/cmake_prefix_path.ps1'
[1.080s] INFO:colcon.colcon_core.shell:Creating environment descriptor '/home/ros_ws/ros_ws/b2_ws/install/z1_interfaces/share/z1_interfaces/hook/cmake_prefix_path.dsv'
[1.080s] INFO:colcon.colcon_core.shell:Creating environment hook '/home/ros_ws/ros_ws/b2_ws/install/z1_interfaces/share/z1_interfaces/hook/cmake_prefix_path.sh'
[1.081s] Level 1:colcon.colcon_core.environment:checking '/home/ros_ws/ros_ws/b2_ws/install/z1_interfaces/lib'
[1.081s] Level 1:colcon.colcon_core.shell:create_environment_hook('z1_interfaces', 'ld_library_path_lib')
[1.082s] INFO:colcon.colcon_core.shell:Creating environment hook '/home/ros_ws/ros_ws/b2_ws/install/z1_interfaces/share/z1_interfaces/hook/ld_library_path_lib.ps1'
[1.082s] INFO:colcon.colcon_core.shell:Creating environment descriptor '/home/ros_ws/ros_ws/b2_ws/install/z1_interfaces/share/z1_interfaces/hook/ld_library_path_lib.dsv'
[1.082s] INFO:colcon.colcon_core.shell:Creating environment hook '/home/ros_ws/ros_ws/b2_ws/install/z1_interfaces/share/z1_interfaces/hook/ld_library_path_lib.sh'
[1.083s] Level 1:colcon.colcon_core.environment:checking '/home/ros_ws/ros_ws/b2_ws/install/z1_interfaces/bin'
[1.083s] Level 1:colcon.colcon_core.environment:checking '/home/ros_ws/ros_ws/b2_ws/install/z1_interfaces/lib/pkgconfig/z1_interfaces.pc'
[1.083s] Level 1:colcon.colcon_core.environment:checking '/home/ros_ws/ros_ws/b2_ws/install/z1_interfaces/lib/python3.10/site-packages'
[1.083s] Level 1:colcon.colcon_core.environment:checking '/home/ros_ws/ros_ws/b2_ws/install/z1_interfaces/bin'
[1.084s] INFO:colcon.colcon_core.shell:Creating package script '/home/ros_ws/ros_ws/b2_ws/install/z1_interfaces/share/z1_interfaces/package.ps1'
[1.084s] INFO:colcon.colcon_core.shell:Creating package descriptor '/home/ros_ws/ros_ws/b2_ws/install/z1_interfaces/share/z1_interfaces/package.dsv'
[1.085s] INFO:colcon.colcon_core.shell:Creating package script '/home/ros_ws/ros_ws/b2_ws/install/z1_interfaces/share/z1_interfaces/package.sh'
[1.085s] INFO:colcon.colcon_core.shell:Creating package script '/home/ros_ws/ros_ws/b2_ws/install/z1_interfaces/share/z1_interfaces/package.bash'
[1.086s] INFO:colcon.colcon_core.shell:Creating package script '/home/ros_ws/ros_ws/b2_ws/install/z1_interfaces/share/z1_interfaces/package.zsh'
[1.086s] Level 1:colcon.colcon_core.environment:create_file_with_runtime_dependencies(/home/ros_ws/ros_ws/b2_ws/install/z1_interfaces/share/colcon-core/packages/z1_interfaces)
[1.280s] Level 1:colcon.colcon_core.environment:checking '/home/ros_ws/ros_ws/b2_ws/install/b2_nodes' for CMake module files
[1.281s] DEBUG:colcon.colcon_core.event_handler.log_command:Invoked command in '/home/ros_ws/ros_ws/b2_ws/src/b2_nodes' returned '0': PYTHONPATH=/home/ros_ws/ros_ws/b2_ws/build/b2_nodes/prefix_override:/usr/lib/python3/dist-packages/colcon_core/task/python/colcon_distutils_commands:/home/ros_ws/ros_ws/b2_ws/install/b2_nodes/lib/python3.10/site-packages:${PYTHONPATH} /usr/bin/python3 -W ignore:setup.py install is deprecated setup.py egg_info --egg-base ../../build/b2_nodes build --build-base /home/ros_ws/ros_ws/b2_ws/build/b2_nodes/build install --record /home/ros_ws/ros_ws/b2_ws/build/b2_nodes/install.log --single-version-externally-managed install_data
[1.281s] Level 1:colcon.colcon_core.environment:checking '/home/ros_ws/ros_ws/b2_ws/install/b2_nodes' for CMake config files
[1.281s] Level 1:colcon.colcon_core.environment:checking '/home/ros_ws/ros_ws/b2_ws/install/b2_nodes/lib'
[1.281s] Level 1:colcon.colcon_core.environment:checking '/home/ros_ws/ros_ws/b2_ws/install/b2_nodes/bin'
[1.282s] Level 1:colcon.colcon_core.environment:checking '/home/ros_ws/ros_ws/b2_ws/install/b2_nodes/lib/pkgconfig/b2_nodes.pc'
[1.282s] Level 1:colcon.colcon_core.environment:checking '/home/ros_ws/ros_ws/b2_ws/install/b2_nodes/lib/python3.10/site-packages'
[1.282s] Level 1:colcon.colcon_core.shell:create_environment_hook('b2_nodes', 'pythonpath')
[1.282s] INFO:colcon.colcon_core.shell:Creating environment hook '/home/ros_ws/ros_ws/b2_ws/install/b2_nodes/share/b2_nodes/hook/pythonpath.ps1'
[1.282s] INFO:colcon.colcon_core.shell:Creating environment descriptor '/home/ros_ws/ros_ws/b2_ws/install/b2_nodes/share/b2_nodes/hook/pythonpath.dsv'
[1.283s] INFO:colcon.colcon_core.shell:Creating environment hook '/home/ros_ws/ros_ws/b2_ws/install/b2_nodes/share/b2_nodes/hook/pythonpath.sh'
[1.283s] Level 1:colcon.colcon_core.environment:checking '/home/ros_ws/ros_ws/b2_ws/install/b2_nodes/bin'
[1.283s] Level 1:colcon.colcon_core.environment:create_environment_scripts_only(b2_nodes)
[1.284s] INFO:colcon.colcon_core.shell:Creating package script '/home/ros_ws/ros_ws/b2_ws/install/b2_nodes/share/b2_nodes/package.ps1'
[1.284s] INFO:colcon.colcon_core.shell:Creating package descriptor '/home/ros_ws/ros_ws/b2_ws/install/b2_nodes/share/b2_nodes/package.dsv'
[1.285s] INFO:colcon.colcon_core.shell:Creating package script '/home/ros_ws/ros_ws/b2_ws/install/b2_nodes/share/b2_nodes/package.sh'
[1.285s] INFO:colcon.colcon_core.shell:Creating package script '/home/ros_ws/ros_ws/b2_ws/install/b2_nodes/share/b2_nodes/package.bash'
[1.285s] INFO:colcon.colcon_core.shell:Creating package script '/home/ros_ws/ros_ws/b2_ws/install/b2_nodes/share/b2_nodes/package.zsh'
[1.285s] Level 1:colcon.colcon_core.environment:create_file_with_runtime_dependencies(/home/ros_ws/ros_ws/b2_ws/install/b2_nodes/share/colcon-core/packages/b2_nodes)
[1.327s] Level 1:colcon.colcon_core.environment:create_environment_scripts_only(z1_interfaces)
[1.327s] Level 1:colcon.colcon_core.environment:checking '/home/ros_ws/ros_ws/b2_ws/install/z1_interfaces' for CMake module files
[1.328s] Level 1:colcon.colcon_core.environment:checking '/home/ros_ws/ros_ws/b2_ws/install/z1_interfaces' for CMake config files
[1.329s] Level 1:colcon.colcon_core.shell:create_environment_hook('z1_interfaces', 'cmake_prefix_path')
[1.329s] INFO:colcon.colcon_core.shell:Creating environment hook '/home/ros_ws/ros_ws/b2_ws/install/z1_interfaces/share/z1_interfaces/hook/cmake_prefix_path.ps1'
[1.330s] INFO:colcon.colcon_core.shell:Creating environment descriptor '/home/ros_ws/ros_ws/b2_ws/install/z1_interfaces/share/z1_interfaces/hook/cmake_prefix_path.dsv'
[1.330s] INFO:colcon.colcon_core.shell:Creating environment hook '/home/ros_ws/ros_ws/b2_ws/install/z1_interfaces/share/z1_interfaces/hook/cmake_prefix_path.sh'
[1.331s] Level 1:colcon.colcon_core.environment:checking '/home/ros_ws/ros_ws/b2_ws/install/z1_interfaces/lib'
[1.331s] Level 1:colcon.colcon_core.shell:create_environment_hook('z1_interfaces', 'ld_library_path_lib')
[1.331s] INFO:colcon.colcon_core.shell:Creating environment hook '/home/ros_ws/ros_ws/b2_ws/install/z1_interfaces/share/z1_interfaces/hook/ld_library_path_lib.ps1'
[1.331s] INFO:colcon.colcon_core.shell:Creating environment descriptor '/home/ros_ws/ros_ws/b2_ws/install/z1_interfaces/share/z1_interfaces/hook/ld_library_path_lib.dsv'
[1.332s] INFO:colcon.colcon_core.shell:Creating environment hook '/home/ros_ws/ros_ws/b2_ws/install/z1_interfaces/share/z1_interfaces/hook/ld_library_path_lib.sh'
[1.332s] Level 1:colcon.colcon_core.environment:checking '/home/ros_ws/ros_ws/b2_ws/install/z1_interfaces/bin'
[1.332s] Level 1:colcon.colcon_core.environment:checking '/home/ros_ws/ros_ws/b2_ws/install/z1_interfaces/lib/pkgconfig/z1_interfaces.pc'
[1.332s] Level 1:colcon.colcon_core.environment:checking '/home/ros_ws/ros_ws/b2_ws/install/z1_interfaces/lib/python3.10/site-packages'
[1.332s] Level 1:colcon.colcon_core.environment:checking '/home/ros_ws/ros_ws/b2_ws/install/z1_interfaces/bin'
[1.333s] INFO:colcon.colcon_core.shell:Creating package script '/home/ros_ws/ros_ws/b2_ws/install/z1_interfaces/share/z1_interfaces/package.ps1'
[1.333s] INFO:colcon.colcon_core.shell:Creating package descriptor '/home/ros_ws/ros_ws/b2_ws/install/z1_interfaces/share/z1_interfaces/package.dsv'
[1.333s] INFO:colcon.colcon_core.shell:Creating package script '/home/ros_ws/ros_ws/b2_ws/install/z1_interfaces/share/z1_interfaces/package.sh'
[1.334s] INFO:colcon.colcon_core.shell:Creating package script '/home/ros_ws/ros_ws/b2_ws/install/z1_interfaces/share/z1_interfaces/package.bash'
[1.334s] INFO:colcon.colcon_core.shell:Creating package script '/home/ros_ws/ros_ws/b2_ws/install/z1_interfaces/share/z1_interfaces/package.zsh'
[1.335s] Level 1:colcon.colcon_core.environment:create_file_with_runtime_dependencies(/home/ros_ws/ros_ws/b2_ws/install/z1_interfaces/share/colcon-core/packages/z1_interfaces)
[1.335s] INFO:colcon.colcon_ros.task.ament_cmake.build:Building ROS package in '/home/ros_ws/ros_ws/b2_ws/src/b2_ctrl' with build type 'ament_cmake'
[1.335s] INFO:colcon.colcon_cmake.task.cmake.build:Building CMake package in '/home/ros_ws/ros_ws/b2_ws/src/b2_ctrl'
[1.335s] INFO:colcon.colcon_core.shell:Skip shell extension 'powershell' for command environment: Not usable outside of PowerShell
[1.335s] DEBUG:colcon.colcon_core.shell:Skip shell extension 'dsv' for command environment
[1.340s] INFO:colcon.colcon_ros.task.ament_cmake.build:Building ROS package in '/home/ros_ws/ros_ws/b2_ws/src/z1_nodes' with build type 'ament_cmake'
[1.341s] INFO:colcon.colcon_cmake.task.cmake.build:Building CMake package in '/home/ros_ws/ros_ws/b2_ws/src/z1_nodes'
[1.341s] INFO:colcon.colcon_core.shell:Skip shell extension 'powershell' for command environment: Not usable outside of PowerShell
[1.341s] DEBUG:colcon.colcon_core.shell:Skip shell extension 'dsv' for command environment
[1.350s] DEBUG:colcon.colcon_core.event_handler.log_command:Invoking command in '/home/ros_ws/ros_ws/b2_ws/build/b2_ctrl': CMAKE_PREFIX_PATH=/home/ros_ws/ros_ws/b2_ws/install/z1_interfaces:/home/ros_ws/ros_ws/b2_ws/install/z1_urdf:/home/ros_ws/ros_ws/b2_ws/install/z1_nodes:/home/ros_ws/ros_ws/b2_ws/install/b2_ctrl:/home/ros_ws/ros_ws/b2_ws/install/py_cpp:/home/ros_ws/ros_ws/b2_ws/install/b2_urdf:/home/ros_ws/ros_ws/unitree_ros2/cyclonedds_ws/install/unitree_hg:/home/ros_ws/ros_ws/unitree_ros2/cyclonedds_ws/install/unitree_go:/home/ros_ws/ros_ws/unitree_ros2/cyclonedds_ws/install/unitree_api:/home/ros_ws/ros_ws/unitree_ros2/cyclonedds_ws/install/rmw_cyclonedds_cpp:/home/ros_ws/ros_ws/unitree_ros2/cyclonedds_ws/install/cyclonedds:/unitree_sdk2:/home/ros_ws/ros_ws/b2_ws/install/b2_nodes:/opt/ros/humble: LD_LIBRARY_PATH=/home/ros_ws/ros_ws/b2_ws/install/z1_interfaces/lib:/home/ros_ws/ros_ws/unitree_ros2/cyclonedds_ws/install/unitree_hg/lib:/home/ros_ws/ros_ws/unitree_ros2/cyclonedds_ws/install/unitree_go/lib:/home/ros_ws/ros_ws/unitree_ros2/cyclonedds_ws/install/unitree_api/lib:/home/ros_ws/ros_ws/unitree_ros2/cyclonedds_ws/install/rmw_cyclonedds_cpp/lib:/home/ros_ws/ros_ws/unitree_ros2/cyclonedds_ws/install/cyclonedds/lib:/usr/lib/x86_64-linux-gnu/gazebo-11/plugins:/opt/ros/humble/opt/rviz_ogre_vendor/lib:/opt/ros/humble/lib/x86_64-linux-gnu:/opt/ros/humble/lib:/z1_controller/lib:/z1_sdk/lib:/z1_controller/lib:/z1_sdk/lib /usr/bin/cmake --build /home/ros_ws/ros_ws/b2_ws/build/b2_ctrl -- -j16 -l16
[1.354s] DEBUG:colcon.colcon_core.event_handler.log_command:Invoking command in '/home/ros_ws/ros_ws/b2_ws/build/z1_nodes': CMAKE_PREFIX_PATH=/home/ros_ws/ros_ws/b2_ws/install/z1_interfaces:/home/ros_ws/ros_ws/b2_ws/install/z1_urdf:/home/ros_ws/ros_ws/b2_ws/install/z1_nodes:/home/ros_ws/ros_ws/b2_ws/install/b2_ctrl:/home/ros_ws/ros_ws/b2_ws/install/py_cpp:/home/ros_ws/ros_ws/b2_ws/install/b2_urdf:/home/ros_ws/ros_ws/unitree_ros2/cyclonedds_ws/install/unitree_hg:/home/ros_ws/ros_ws/unitree_ros2/cyclonedds_ws/install/unitree_go:/home/ros_ws/ros_ws/unitree_ros2/cyclonedds_ws/install/unitree_api:/home/ros_ws/ros_ws/unitree_ros2/cyclonedds_ws/install/rmw_cyclonedds_cpp:/home/ros_ws/ros_ws/unitree_ros2/cyclonedds_ws/install/cyclonedds:/unitree_sdk2:/home/ros_ws/ros_ws/b2_ws/install/b2_nodes:/opt/ros/humble: LD_LIBRARY_PATH=/home/ros_ws/ros_ws/b2_ws/install/z1_interfaces/lib:/home/ros_ws/ros_ws/unitree_ros2/cyclonedds_ws/install/unitree_hg/lib:/home/ros_ws/ros_ws/unitree_ros2/cyclonedds_ws/install/unitree_go/lib:/home/ros_ws/ros_ws/unitree_ros2/cyclonedds_ws/install/unitree_api/lib:/home/ros_ws/ros_ws/unitree_ros2/cyclonedds_ws/install/rmw_cyclonedds_cpp/lib:/home/ros_ws/ros_ws/unitree_ros2/cyclonedds_ws/install/cyclonedds/lib:/usr/lib/x86_64-linux-gnu/gazebo-11/plugins:/opt/ros/humble/opt/rviz_ogre_vendor/lib:/opt/ros/humble/lib/x86_64-linux-gnu:/opt/ros/humble/lib:/z1_controller/lib:/z1_sdk/lib:/z1_controller/lib:/z1_sdk/lib /usr/bin/cmake --build /home/ros_ws/ros_ws/b2_ws/build/z1_nodes -- -j16 -l16
[1.450s] DEBUG:colcon.colcon_core.event_handler.log_command:Invoked command in '/home/ros_ws/ros_ws/b2_ws/build/b2_ctrl' returned '0': CMAKE_PREFIX_PATH=/home/ros_ws/ros_ws/b2_ws/install/z1_interfaces:/home/ros_ws/ros_ws/b2_ws/install/z1_urdf:/home/ros_ws/ros_ws/b2_ws/install/z1_nodes:/home/ros_ws/ros_ws/b2_ws/install/b2_ctrl:/home/ros_ws/ros_ws/b2_ws/install/py_cpp:/home/ros_ws/ros_ws/b2_ws/install/b2_urdf:/home/ros_ws/ros_ws/unitree_ros2/cyclonedds_ws/install/unitree_hg:/home/ros_ws/ros_ws/unitree_ros2/cyclonedds_ws/install/unitree_go:/home/ros_ws/ros_ws/unitree_ros2/cyclonedds_ws/install/unitree_api:/home/ros_ws/ros_ws/unitree_ros2/cyclonedds_ws/install/rmw_cyclonedds_cpp:/home/ros_ws/ros_ws/unitree_ros2/cyclonedds_ws/install/cyclonedds:/unitree_sdk2:/home/ros_ws/ros_ws/b2_ws/install/b2_nodes:/opt/ros/humble: LD_LIBRARY_PATH=/home/ros_ws/ros_ws/b2_ws/install/z1_interfaces/lib:/home/ros_ws/ros_ws/unitree_ros2/cyclonedds_ws/install/unitree_hg/lib:/home/ros_ws/ros_ws/unitree_ros2/cyclonedds_ws/install/unitree_go/lib:/home/ros_ws/ros_ws/unitree_ros2/cyclonedds_ws/install/unitree_api/lib:/home/ros_ws/ros_ws/unitree_ros2/cyclonedds_ws/install/rmw_cyclonedds_cpp/lib:/home/ros_ws/ros_ws/unitree_ros2/cyclonedds_ws/install/cyclonedds/lib:/usr/lib/x86_64-linux-gnu/gazebo-11/plugins:/opt/ros/humble/opt/rviz_ogre_vendor/lib:/opt/ros/humble/lib/x86_64-linux-gnu:/opt/ros/humble/lib:/z1_controller/lib:/z1_sdk/lib:/z1_controller/lib:/z1_sdk/lib /usr/bin/cmake --build /home/ros_ws/ros_ws/b2_ws/build/b2_ctrl -- -j16 -l16
[1.452s] DEBUG:colcon.colcon_core.event_handler.log_command:Invoked command in '/home/ros_ws/ros_ws/b2_ws/build/z1_nodes' returned '0': CMAKE_PREFIX_PATH=/home/ros_ws/ros_ws/b2_ws/install/z1_interfaces:/home/ros_ws/ros_ws/b2_ws/install/z1_urdf:/home/ros_ws/ros_ws/b2_ws/install/z1_nodes:/home/ros_ws/ros_ws/b2_ws/install/b2_ctrl:/home/ros_ws/ros_ws/b2_ws/install/py_cpp:/home/ros_ws/ros_ws/b2_ws/install/b2_urdf:/home/ros_ws/ros_ws/unitree_ros2/cyclonedds_ws/install/unitree_hg:/home/ros_ws/ros_ws/unitree_ros2/cyclonedds_ws/install/unitree_go:/home/ros_ws/ros_ws/unitree_ros2/cyclonedds_ws/install/unitree_api:/home/ros_ws/ros_ws/unitree_ros2/cyclonedds_ws/install/rmw_cyclonedds_cpp:/home/ros_ws/ros_ws/unitree_ros2/cyclonedds_ws/install/cyclonedds:/unitree_sdk2:/home/ros_ws/ros_ws/b2_ws/install/b2_nodes:/opt/ros/humble: LD_LIBRARY_PATH=/home/ros_ws/ros_ws/b2_ws/install/z1_interfaces/lib:/home/ros_ws/ros_ws/unitree_ros2/cyclonedds_ws/install/unitree_hg/lib:/home/ros_ws/ros_ws/unitree_ros2/cyclonedds_ws/install/unitree_go/lib:/home/ros_ws/ros_ws/unitree_ros2/cyclonedds_ws/install/unitree_api/lib:/home/ros_ws/ros_ws/unitree_ros2/cyclonedds_ws/install/rmw_cyclonedds_cpp/lib:/home/ros_ws/ros_ws/unitree_ros2/cyclonedds_ws/install/cyclonedds/lib:/usr/lib/x86_64-linux-gnu/gazebo-11/plugins:/opt/ros/humble/opt/rviz_ogre_vendor/lib:/opt/ros/humble/lib/x86_64-linux-gnu:/opt/ros/humble/lib:/z1_controller/lib:/z1_sdk/lib:/z1_controller/lib:/z1_sdk/lib /usr/bin/cmake --build /home/ros_ws/ros_ws/b2_ws/build/z1_nodes -- -j16 -l16
[1.494s] DEBUG:colcon.colcon_core.event_handler.log_command:Invoking command in '/home/ros_ws/ros_ws/b2_ws/build/z1_nodes': CMAKE_PREFIX_PATH=/home/ros_ws/ros_ws/b2_ws/install/z1_interfaces:/home/ros_ws/ros_ws/b2_ws/install/z1_urdf:/home/ros_ws/ros_ws/b2_ws/install/z1_nodes:/home/ros_ws/ros_ws/b2_ws/install/b2_ctrl:/home/ros_ws/ros_ws/b2_ws/install/py_cpp:/home/ros_ws/ros_ws/b2_ws/install/b2_urdf:/home/ros_ws/ros_ws/unitree_ros2/cyclonedds_ws/install/unitree_hg:/home/ros_ws/ros_ws/unitree_ros2/cyclonedds_ws/install/unitree_go:/home/ros_ws/ros_ws/unitree_ros2/cyclonedds_ws/install/unitree_api:/home/ros_ws/ros_ws/unitree_ros2/cyclonedds_ws/install/rmw_cyclonedds_cpp:/home/ros_ws/ros_ws/unitree_ros2/cyclonedds_ws/install/cyclonedds:/unitree_sdk2:/home/ros_ws/ros_ws/b2_ws/install/b2_nodes:/opt/ros/humble: LD_LIBRARY_PATH=/home/ros_ws/ros_ws/b2_ws/install/z1_interfaces/lib:/home/ros_ws/ros_ws/unitree_ros2/cyclonedds_ws/install/unitree_hg/lib:/home/ros_ws/ros_ws/unitree_ros2/cyclonedds_ws/install/unitree_go/lib:/home/ros_ws/ros_ws/unitree_ros2/cyclonedds_ws/install/unitree_api/lib:/home/ros_ws/ros_ws/unitree_ros2/cyclonedds_ws/install/rmw_cyclonedds_cpp/lib:/home/ros_ws/ros_ws/unitree_ros2/cyclonedds_ws/install/cyclonedds/lib:/usr/lib/x86_64-linux-gnu/gazebo-11/plugins:/opt/ros/humble/opt/rviz_ogre_vendor/lib:/opt/ros/humble/lib/x86_64-linux-gnu:/opt/ros/humble/lib:/z1_controller/lib:/z1_sdk/lib:/z1_controller/lib:/z1_sdk/lib /usr/bin/cmake --install /home/ros_ws/ros_ws/b2_ws/build/z1_nodes
[1.522s] Level 1:colcon.colcon_core.environment:create_environment_scripts_only(z1_nodes)
[1.522s] Level 1:colcon.colcon_core.environment:checking '/home/ros_ws/ros_ws/b2_ws/install/z1_nodes' for CMake module files
[1.523s] DEBUG:colcon.colcon_core.event_handler.log_command:Invoked command in '/home/ros_ws/ros_ws/b2_ws/build/z1_nodes' returned '0': CMAKE_PREFIX_PATH=/home/ros_ws/ros_ws/b2_ws/install/z1_interfaces:/home/ros_ws/ros_ws/b2_ws/install/z1_urdf:/home/ros_ws/ros_ws/b2_ws/install/z1_nodes:/home/ros_ws/ros_ws/b2_ws/install/b2_ctrl:/home/ros_ws/ros_ws/b2_ws/install/py_cpp:/home/ros_ws/ros_ws/b2_ws/install/b2_urdf:/home/ros_ws/ros_ws/unitree_ros2/cyclonedds_ws/install/unitree_hg:/home/ros_ws/ros_ws/unitree_ros2/cyclonedds_ws/install/unitree_go:/home/ros_ws/ros_ws/unitree_ros2/cyclonedds_ws/install/unitree_api:/home/ros_ws/ros_ws/unitree_ros2/cyclonedds_ws/install/rmw_cyclonedds_cpp:/home/ros_ws/ros_ws/unitree_ros2/cyclonedds_ws/install/cyclonedds:/unitree_sdk2:/home/ros_ws/ros_ws/b2_ws/install/b2_nodes:/opt/ros/humble: LD_LIBRARY_PATH=/home/ros_ws/ros_ws/b2_ws/install/z1_interfaces/lib:/home/ros_ws/ros_ws/unitree_ros2/cyclonedds_ws/install/unitree_hg/lib:/home/ros_ws/ros_ws/unitree_ros2/cyclonedds_ws/install/unitree_go/lib:/home/ros_ws/ros_ws/unitree_ros2/cyclonedds_ws/install/unitree_api/lib:/home/ros_ws/ros_ws/unitree_ros2/cyclonedds_ws/install/rmw_cyclonedds_cpp/lib:/home/ros_ws/ros_ws/unitree_ros2/cyclonedds_ws/install/cyclonedds/lib:/usr/lib/x86_64-linux-gnu/gazebo-11/plugins:/opt/ros/humble/opt/rviz_ogre_vendor/lib:/opt/ros/humble/lib/x86_64-linux-gnu:/opt/ros/humble/lib:/z1_controller/lib:/z1_sdk/lib:/z1_controller/lib:/z1_sdk/lib /usr/bin/cmake --install /home/ros_ws/ros_ws/b2_ws/build/z1_nodes
[1.523s] Level 1:colcon.colcon_core.environment:checking '/home/ros_ws/ros_ws/b2_ws/install/z1_nodes' for CMake config files
[1.524s] Level 1:colcon.colcon_core.shell:create_environment_hook('z1_nodes', 'cmake_prefix_path')
[1.524s] INFO:colcon.colcon_core.shell:Creating environment hook '/home/ros_ws/ros_ws/b2_ws/install/z1_nodes/share/z1_nodes/hook/cmake_prefix_path.ps1'
[1.524s] INFO:colcon.colcon_core.shell:Creating environment descriptor '/home/ros_ws/ros_ws/b2_ws/install/z1_nodes/share/z1_nodes/hook/cmake_prefix_path.dsv'
[1.525s] INFO:colcon.colcon_core.shell:Creating environment hook '/home/ros_ws/ros_ws/b2_ws/install/z1_nodes/share/z1_nodes/hook/cmake_prefix_path.sh'
[1.525s] Level 1:colcon.colcon_core.environment:checking '/home/ros_ws/ros_ws/b2_ws/install/z1_nodes/lib'
[1.526s] Level 1:colcon.colcon_core.environment:checking '/home/ros_ws/ros_ws/b2_ws/install/z1_nodes/bin'
[1.526s] Level 1:colcon.colcon_core.environment:checking '/home/ros_ws/ros_ws/b2_ws/install/z1_nodes/lib/pkgconfig/z1_nodes.pc'
[1.526s] Level 1:colcon.colcon_core.environment:checking '/home/ros_ws/ros_ws/b2_ws/install/z1_nodes/lib/python3.10/site-packages'
[1.526s] Level 1:colcon.colcon_core.environment:checking '/home/ros_ws/ros_ws/b2_ws/install/z1_nodes/bin'
[1.527s] INFO:colcon.colcon_core.shell:Creating package script '/home/ros_ws/ros_ws/b2_ws/install/z1_nodes/share/z1_nodes/package.ps1'
[1.527s] INFO:colcon.colcon_core.shell:Creating package descriptor '/home/ros_ws/ros_ws/b2_ws/install/z1_nodes/share/z1_nodes/package.dsv'
[1.528s] INFO:colcon.colcon_core.shell:Creating package script '/home/ros_ws/ros_ws/b2_ws/install/z1_nodes/share/z1_nodes/package.sh'
[1.528s] INFO:colcon.colcon_core.shell:Creating package script '/home/ros_ws/ros_ws/b2_ws/install/z1_nodes/share/z1_nodes/package.bash'
[1.528s] INFO:colcon.colcon_core.shell:Creating package script '/home/ros_ws/ros_ws/b2_ws/install/z1_nodes/share/z1_nodes/package.zsh'
[1.529s] Level 1:colcon.colcon_core.environment:create_file_with_runtime_dependencies(/home/ros_ws/ros_ws/b2_ws/install/z1_nodes/share/colcon-core/packages/z1_nodes)
[1.539s] DEBUG:colcon.colcon_core.event_handler.log_command:Invoking command in '/home/ros_ws/ros_ws/b2_ws/build/b2_ctrl': CMAKE_PREFIX_PATH=/home/ros_ws/ros_ws/b2_ws/install/z1_interfaces:/home/ros_ws/ros_ws/b2_ws/install/z1_urdf:/home/ros_ws/ros_ws/b2_ws/install/z1_nodes:/home/ros_ws/ros_ws/b2_ws/install/b2_ctrl:/home/ros_ws/ros_ws/b2_ws/install/py_cpp:/home/ros_ws/ros_ws/b2_ws/install/b2_urdf:/home/ros_ws/ros_ws/unitree_ros2/cyclonedds_ws/install/unitree_hg:/home/ros_ws/ros_ws/unitree_ros2/cyclonedds_ws/install/unitree_go:/home/ros_ws/ros_ws/unitree_ros2/cyclonedds_ws/install/unitree_api:/home/ros_ws/ros_ws/unitree_ros2/cyclonedds_ws/install/rmw_cyclonedds_cpp:/home/ros_ws/ros_ws/unitree_ros2/cyclonedds_ws/install/cyclonedds:/unitree_sdk2:/home/ros_ws/ros_ws/b2_ws/install/b2_nodes:/opt/ros/humble: LD_LIBRARY_PATH=/home/ros_ws/ros_ws/b2_ws/install/z1_interfaces/lib:/home/ros_ws/ros_ws/unitree_ros2/cyclonedds_ws/install/unitree_hg/lib:/home/ros_ws/ros_ws/unitree_ros2/cyclonedds_ws/install/unitree_go/lib:/home/ros_ws/ros_ws/unitree_ros2/cyclonedds_ws/install/unitree_api/lib:/home/ros_ws/ros_ws/unitree_ros2/cyclonedds_ws/install/rmw_cyclonedds_cpp/lib:/home/ros_ws/ros_ws/unitree_ros2/cyclonedds_ws/install/cyclonedds/lib:/usr/lib/x86_64-linux-gnu/gazebo-11/plugins:/opt/ros/humble/opt/rviz_ogre_vendor/lib:/opt/ros/humble/lib/x86_64-linux-gnu:/opt/ros/humble/lib:/z1_controller/lib:/z1_sdk/lib:/z1_controller/lib:/z1_sdk/lib /usr/bin/cmake --install /home/ros_ws/ros_ws/b2_ws/build/b2_ctrl
[1.555s] Level 1:colcon.colcon_core.environment:create_environment_scripts_only(b2_ctrl)
[1.555s] Level 1:colcon.colcon_core.environment:checking '/home/ros_ws/ros_ws/b2_ws/install/b2_ctrl' for CMake module files
[1.556s] DEBUG:colcon.colcon_core.event_handler.log_command:Invoked command in '/home/ros_ws/ros_ws/b2_ws/build/b2_ctrl' returned '0': CMAKE_PREFIX_PATH=/home/ros_ws/ros_ws/b2_ws/install/z1_interfaces:/home/ros_ws/ros_ws/b2_ws/install/z1_urdf:/home/ros_ws/ros_ws/b2_ws/install/z1_nodes:/home/ros_ws/ros_ws/b2_ws/install/b2_ctrl:/home/ros_ws/ros_ws/b2_ws/install/py_cpp:/home/ros_ws/ros_ws/b2_ws/install/b2_urdf:/home/ros_ws/ros_ws/unitree_ros2/cyclonedds_ws/install/unitree_hg:/home/ros_ws/ros_ws/unitree_ros2/cyclonedds_ws/install/unitree_go:/home/ros_ws/ros_ws/unitree_ros2/cyclonedds_ws/install/unitree_api:/home/ros_ws/ros_ws/unitree_ros2/cyclonedds_ws/install/rmw_cyclonedds_cpp:/home/ros_ws/ros_ws/unitree_ros2/cyclonedds_ws/install/cyclonedds:/unitree_sdk2:/home/ros_ws/ros_ws/b2_ws/install/b2_nodes:/opt/ros/humble: LD_LIBRARY_PATH=/home/ros_ws/ros_ws/b2_ws/install/z1_interfaces/lib:/home/ros_ws/ros_ws/unitree_ros2/cyclonedds_ws/install/unitree_hg/lib:/home/ros_ws/ros_ws/unitree_ros2/cyclonedds_ws/install/unitree_go/lib:/home/ros_ws/ros_ws/unitree_ros2/cyclonedds_ws/install/unitree_api/lib:/home/ros_ws/ros_ws/unitree_ros2/cyclonedds_ws/install/rmw_cyclonedds_cpp/lib:/home/ros_ws/ros_ws/unitree_ros2/cyclonedds_ws/install/cyclonedds/lib:/usr/lib/x86_64-linux-gnu/gazebo-11/plugins:/opt/ros/humble/opt/rviz_ogre_vendor/lib:/opt/ros/humble/lib/x86_64-linux-gnu:/opt/ros/humble/lib:/z1_controller/lib:/z1_sdk/lib:/z1_controller/lib:/z1_sdk/lib /usr/bin/cmake --install /home/ros_ws/ros_ws/b2_ws/build/b2_ctrl
[1.556s] Level 1:colcon.colcon_core.environment:checking '/home/ros_ws/ros_ws/b2_ws/install/b2_ctrl' for CMake config files
[1.556s] Level 1:colcon.colcon_core.shell:create_environment_hook('b2_ctrl', 'cmake_prefix_path')
[1.557s] INFO:colcon.colcon_core.shell:Creating environment hook '/home/ros_ws/ros_ws/b2_ws/install/b2_ctrl/share/b2_ctrl/hook/cmake_prefix_path.ps1'
[1.557s] INFO:colcon.colcon_core.shell:Creating environment descriptor '/home/ros_ws/ros_ws/b2_ws/install/b2_ctrl/share/b2_ctrl/hook/cmake_prefix_path.dsv'
[1.557s] INFO:colcon.colcon_core.shell:Creating environment hook '/home/ros_ws/ros_ws/b2_ws/install/b2_ctrl/share/b2_ctrl/hook/cmake_prefix_path.sh'
[1.558s] Level 1:colcon.colcon_core.environment:checking '/home/ros_ws/ros_ws/b2_ws/install/b2_ctrl/bin'
[1.558s] Level 1:colcon.colcon_core.shell:create_environment_hook('b2_ctrl', 'path')
[1.558s] INFO:colcon.colcon_core.shell:Creating environment hook '/home/ros_ws/ros_ws/b2_ws/install/b2_ctrl/share/b2_ctrl/hook/path.ps1'
[1.559s] INFO:colcon.colcon_core.shell:Creating environment descriptor '/home/ros_ws/ros_ws/b2_ws/install/b2_ctrl/share/b2_ctrl/hook/path.dsv'
[1.559s] INFO:colcon.colcon_core.shell:Creating environment hook '/home/ros_ws/ros_ws/b2_ws/install/b2_ctrl/share/b2_ctrl/hook/path.sh'
[1.559s] Level 1:colcon.colcon_core.environment:checking '/home/ros_ws/ros_ws/b2_ws/install/b2_ctrl/lib/pkgconfig/b2_ctrl.pc'
[1.560s] Level 1:colcon.colcon_core.environment:checking '/home/ros_ws/ros_ws/b2_ws/install/b2_ctrl/lib/python3.10/site-packages'
[1.560s] Level 1:colcon.colcon_core.environment:checking '/home/ros_ws/ros_ws/b2_ws/install/b2_ctrl/bin'
[1.560s] Level 1:colcon.colcon_core.shell:create_environment_hook('b2_ctrl', 'pythonscriptspath')
[1.560s] INFO:colcon.colcon_core.shell:Creating environment hook '/home/ros_ws/ros_ws/b2_ws/install/b2_ctrl/share/b2_ctrl/hook/pythonscriptspath.ps1'
[1.561s] INFO:colcon.colcon_core.shell:Creating environment descriptor '/home/ros_ws/ros_ws/b2_ws/install/b2_ctrl/share/b2_ctrl/hook/pythonscriptspath.dsv'
[1.561s] INFO:colcon.colcon_core.shell:Creating environment hook '/home/ros_ws/ros_ws/b2_ws/install/b2_ctrl/share/b2_ctrl/hook/pythonscriptspath.sh'
[1.562s] INFO:colcon.colcon_core.shell:Creating package script '/home/ros_ws/ros_ws/b2_ws/install/b2_ctrl/share/b2_ctrl/package.ps1'
[1.562s] INFO:colcon.colcon_core.shell:Creating package descriptor '/home/ros_ws/ros_ws/b2_ws/install/b2_ctrl/share/b2_ctrl/package.dsv'
[1.563s] INFO:colcon.colcon_core.shell:Creating package script '/home/ros_ws/ros_ws/b2_ws/install/b2_ctrl/share/b2_ctrl/package.sh'
[1.563s] INFO:colcon.colcon_core.shell:Creating package script '/home/ros_ws/ros_ws/b2_ws/install/b2_ctrl/share/b2_ctrl/package.bash'
[1.564s] INFO:colcon.colcon_core.shell:Creating package script '/home/ros_ws/ros_ws/b2_ws/install/b2_ctrl/share/b2_ctrl/package.zsh'
[1.564s] Level 1:colcon.colcon_core.environment:create_file_with_runtime_dependencies(/home/ros_ws/ros_ws/b2_ws/install/b2_ctrl/share/colcon-core/packages/b2_ctrl)
[1.572s] Level 1:colcon.colcon_core.environment:create_environment_scripts_only(z1_nodes)
[1.572s] Level 1:colcon.colcon_core.environment:checking '/home/ros_ws/ros_ws/b2_ws/install/z1_nodes' for CMake module files
[1.573s] Level 1:colcon.colcon_core.environment:checking '/home/ros_ws/ros_ws/b2_ws/install/z1_nodes' for CMake config files
[1.573s] Level 1:colcon.colcon_core.shell:create_environment_hook('z1_nodes', 'cmake_prefix_path')
[1.573s] INFO:colcon.colcon_core.shell:Creating environment hook '/home/ros_ws/ros_ws/b2_ws/install/z1_nodes/share/z1_nodes/hook/cmake_prefix_path.ps1'
[1.573s] INFO:colcon.colcon_core.shell:Creating environment descriptor '/home/ros_ws/ros_ws/b2_ws/install/z1_nodes/share/z1_nodes/hook/cmake_prefix_path.dsv'
[1.574s] INFO:colcon.colcon_core.shell:Creating environment hook '/home/ros_ws/ros_ws/b2_ws/install/z1_nodes/share/z1_nodes/hook/cmake_prefix_path.sh'
[1.574s] Level 1:colcon.colcon_core.environment:checking '/home/ros_ws/ros_ws/b2_ws/install/z1_nodes/lib'
[1.575s] Level 1:colcon.colcon_core.environment:checking '/home/ros_ws/ros_ws/b2_ws/install/z1_nodes/bin'
[1.575s] Level 1:colcon.colcon_core.environment:checking '/home/ros_ws/ros_ws/b2_ws/install/z1_nodes/lib/pkgconfig/z1_nodes.pc'
[1.575s] Level 1:colcon.colcon_core.environment:checking '/home/ros_ws/ros_ws/b2_ws/install/z1_nodes/lib/python3.10/site-packages'
[1.575s] Level 1:colcon.colcon_core.environment:checking '/home/ros_ws/ros_ws/b2_ws/install/z1_nodes/bin'
[1.575s] INFO:colcon.colcon_core.shell:Creating package script '/home/ros_ws/ros_ws/b2_ws/install/z1_nodes/share/z1_nodes/package.ps1'
[1.576s] INFO:colcon.colcon_core.shell:Creating package descriptor '/home/ros_ws/ros_ws/b2_ws/install/z1_nodes/share/z1_nodes/package.dsv'
[1.576s] INFO:colcon.colcon_core.shell:Creating package script '/home/ros_ws/ros_ws/b2_ws/install/z1_nodes/share/z1_nodes/package.sh'
[1.577s] INFO:colcon.colcon_core.shell:Creating package script '/home/ros_ws/ros_ws/b2_ws/install/z1_nodes/share/z1_nodes/package.bash'
[1.577s] INFO:colcon.colcon_core.shell:Creating package script '/home/ros_ws/ros_ws/b2_ws/install/z1_nodes/share/z1_nodes/package.zsh'
[1.578s] Level 1:colcon.colcon_core.environment:create_file_with_runtime_dependencies(/home/ros_ws/ros_ws/b2_ws/install/z1_nodes/share/colcon-core/packages/z1_nodes)
[1.655s] Level 1:colcon.colcon_core.environment:create_environment_scripts_only(b2_ctrl)
[1.656s] Level 1:colcon.colcon_core.environment:checking '/home/ros_ws/ros_ws/b2_ws/install/b2_ctrl' for CMake module files
[1.656s] Level 1:colcon.colcon_core.environment:checking '/home/ros_ws/ros_ws/b2_ws/install/b2_ctrl' for CMake config files
[1.657s] Level 1:colcon.colcon_core.shell:create_environment_hook('b2_ctrl', 'cmake_prefix_path')
[1.657s] INFO:colcon.colcon_core.shell:Creating environment hook '/home/ros_ws/ros_ws/b2_ws/install/b2_ctrl/share/b2_ctrl/hook/cmake_prefix_path.ps1'
[1.658s] INFO:colcon.colcon_core.shell:Creating environment descriptor '/home/ros_ws/ros_ws/b2_ws/install/b2_ctrl/share/b2_ctrl/hook/cmake_prefix_path.dsv'
[1.658s] INFO:colcon.colcon_core.shell:Creating environment hook '/home/ros_ws/ros_ws/b2_ws/install/b2_ctrl/share/b2_ctrl/hook/cmake_prefix_path.sh'
[1.658s] Level 1:colcon.colcon_core.environment:checking '/home/ros_ws/ros_ws/b2_ws/install/b2_ctrl/bin'
[1.658s] Level 1:colcon.colcon_core.shell:create_environment_hook('b2_ctrl', 'path')
[1.659s] INFO:colcon.colcon_core.shell:Creating environment hook '/home/ros_ws/ros_ws/b2_ws/install/b2_ctrl/share/b2_ctrl/hook/path.ps1'
[1.659s] INFO:colcon.colcon_core.shell:Creating environment descriptor '/home/ros_ws/ros_ws/b2_ws/install/b2_ctrl/share/b2_ctrl/hook/path.dsv'
[1.659s] INFO:colcon.colcon_core.shell:Creating environment hook '/home/ros_ws/ros_ws/b2_ws/install/b2_ctrl/share/b2_ctrl/hook/path.sh'
[1.660s] Level 1:colcon.colcon_core.environment:checking '/home/ros_ws/ros_ws/b2_ws/install/b2_ctrl/lib/pkgconfig/b2_ctrl.pc'
[1.660s] Level 1:colcon.colcon_core.environment:checking '/home/ros_ws/ros_ws/b2_ws/install/b2_ctrl/lib/python3.10/site-packages'
[1.660s] Level 1:colcon.colcon_core.environment:checking '/home/ros_ws/ros_ws/b2_ws/install/b2_ctrl/bin'
[1.660s] Level 1:colcon.colcon_core.shell:create_environment_hook('b2_ctrl', 'pythonscriptspath')
[1.660s] INFO:colcon.colcon_core.shell:Creating environment hook '/home/ros_ws/ros_ws/b2_ws/install/b2_ctrl/share/b2_ctrl/hook/pythonscriptspath.ps1'
[1.661s] INFO:colcon.colcon_core.shell:Creating environment descriptor '/home/ros_ws/ros_ws/b2_ws/install/b2_ctrl/share/b2_ctrl/hook/pythonscriptspath.dsv'
[1.661s] INFO:colcon.colcon_core.shell:Creating environment hook '/home/ros_ws/ros_ws/b2_ws/install/b2_ctrl/share/b2_ctrl/hook/pythonscriptspath.sh'
[1.662s] INFO:colcon.colcon_core.shell:Creating package script '/home/ros_ws/ros_ws/b2_ws/install/b2_ctrl/share/b2_ctrl/package.ps1'
[1.662s] INFO:colcon.colcon_core.shell:Creating package descriptor '/home/ros_ws/ros_ws/b2_ws/install/b2_ctrl/share/b2_ctrl/package.dsv'
[1.663s] INFO:colcon.colcon_core.shell:Creating package script '/home/ros_ws/ros_ws/b2_ws/install/b2_ctrl/share/b2_ctrl/package.sh'
[1.663s] INFO:colcon.colcon_core.shell:Creating package script '/home/ros_ws/ros_ws/b2_ws/install/b2_ctrl/share/b2_ctrl/package.bash'
[1.663s] INFO:colcon.colcon_core.shell:Creating package script '/home/ros_ws/ros_ws/b2_ws/install/b2_ctrl/share/b2_ctrl/package.zsh'
[1.664s] Level 1:colcon.colcon_core.environment:create_file_with_runtime_dependencies(/home/ros_ws/ros_ws/b2_ws/install/b2_ctrl/share/colcon-core/packages/b2_ctrl)
[1.664s] DEBUG:colcon.colcon_parallel_executor.executor.parallel:closing loop
[1.664s] DEBUG:colcon.colcon_parallel_executor.executor.parallel:loop closed
[1.664s] DEBUG:colcon.colcon_parallel_executor.executor.parallel:run_until_complete finished with '0'
[1.664s] DEBUG:colcon.colcon_core.event_reactor:joining thread
[1.670s] INFO:colcon.colcon_core.plugin_system:Skipping extension 'colcon_notification.desktop_notification.notify_send': Could not find 'notify-send'
[1.670s] INFO:colcon.colcon_core.plugin_system:Skipping extension 'colcon_notification.desktop_notification.terminal_notifier': Not used on non-Darwin systems
[1.670s] INFO:colcon.colcon_core.plugin_system:Skipping extension 'colcon_notification.desktop_notification.win32': Not used on non-Windows systems
[1.670s] INFO:colcon.colcon_notification.desktop_notification:Sending desktop notification using 'notify2'
[1.673s] DEBUG:colcon.colcon_notification.desktop_notification.notify2:Failed to initialize notify2: org.freedesktop.DBus.Error.Spawn.ExecFailed: /usr/bin/dbus-launch terminated abnormally without any error message
[1.673s] DEBUG:colcon.colcon_core.event_reactor:joined thread
[1.674s] INFO:colcon.colcon_core.shell:Creating prefix script '/home/ros_ws/ros_ws/b2_ws/install/local_setup.ps1'
[1.675s] INFO:colcon.colcon_core.shell:Creating prefix util module '/home/ros_ws/ros_ws/b2_ws/install/_local_setup_util_ps1.py'
[1.676s] INFO:colcon.colcon_core.shell:Creating prefix chain script '/home/ros_ws/ros_ws/b2_ws/install/setup.ps1'
[1.678s] INFO:colcon.colcon_core.shell:Creating prefix script '/home/ros_ws/ros_ws/b2_ws/install/local_setup.sh'
[1.679s] INFO:colcon.colcon_core.shell:Creating prefix util module '/home/ros_ws/ros_ws/b2_ws/install/_local_setup_util_sh.py'
[1.679s] INFO:colcon.colcon_core.shell:Creating prefix chain script '/home/ros_ws/ros_ws/b2_ws/install/setup.sh'
[1.681s] INFO:colcon.colcon_core.shell:Creating prefix script '/home/ros_ws/ros_ws/b2_ws/install/local_setup.bash'
[1.681s] INFO:colcon.colcon_core.shell:Creating prefix chain script '/home/ros_ws/ros_ws/b2_ws/install/setup.bash'
[1.683s] INFO:colcon.colcon_core.shell:Creating prefix script '/home/ros_ws/ros_ws/b2_ws/install/local_setup.zsh'
[1.683s] INFO:colcon.colcon_core.shell:Creating prefix chain script '/home/ros_ws/ros_ws/b2_ws/install/setup.zsh'
