[0.035s] Invoking command in '/home/ros_ws/ros_ws/b2_ws/build/b2_ctrl': CMAKE_PREFIX_PATH=${CMAKE_PREFIX_PATH}:/unitree_sdk2:/home/ros_ws/ros_ws/b2_ws/install/b2_nodes:/opt/ros/humble: /usr/bin/cmake --build /home/ros_ws/ros_ws/b2_ws/build/b2_ctrl -- -j16 -l16
[0.321s] [35m[1mConsolidate compiler generated dependencies of target sport_mode_ctrl[0m
[0.322s] [ 10%] Built target read_low_state
[0.323s] [ 55%] Built target g1_low_level_example
[0.324s] [ 55%] Built target low_level_ctrl_hg
[0.324s] [ 65%] Built target read_low_state_hg
[0.324s] [ 75%] Built target read_wireless_controller
[0.324s] [ 75%] Built target low_level_ctrl
[0.325s] [ 85%] Built target read_motion_state
[0.325s] [ 90%] [32mBuilding CXX object CMakeFiles/sport_mode_ctrl.dir/src/sport_mode_ctrl.cpp.o[0m
[4.766s] [ 95%] [32m[1mLinking CXX executable sport_mode_ctrl[0m
[4.967s] [100%] Built target sport_mode_ctrl
[4.980s] Invoked command in '/home/ros_ws/ros_ws/b2_ws/build/b2_ctrl' returned '0': CMAKE_PREFIX_PATH=${CMAKE_PREFIX_PATH}:/unitree_sdk2:/home/ros_ws/ros_ws/b2_ws/install/b2_nodes:/opt/ros/humble: /usr/bin/cmake --build /home/ros_ws/ros_ws/b2_ws/build/b2_ctrl -- -j16 -l16
[5.058s] Invoking command in '/home/ros_ws/ros_ws/b2_ws/build/b2_ctrl': CMAKE_PREFIX_PATH=${CMAKE_PREFIX_PATH}:/unitree_sdk2:/home/ros_ws/ros_ws/b2_ws/install/b2_nodes:/opt/ros/humble: /usr/bin/cmake --install /home/ros_ws/ros_ws/b2_ws/build/b2_ctrl
[5.067s] -- Install configuration: ""
[5.067s] -- Up-to-date: /home/ros_ws/ros_ws/b2_ws/install/b2_ctrl/bin/low_level_ctrl
[5.067s] -- Up-to-date: /home/ros_ws/ros_ws/b2_ws/install/b2_ctrl/bin/low_level_ctrl_hg
[5.068s] -- Up-to-date: /home/ros_ws/ros_ws/b2_ws/install/b2_ctrl/bin/g1_low_level_example
[5.068s] -- Up-to-date: /home/ros_ws/ros_ws/b2_ws/install/b2_ctrl/bin/read_low_state
[5.068s] -- Up-to-date: /home/ros_ws/ros_ws/b2_ws/install/b2_ctrl/bin/read_low_state_hg
[5.069s] -- Up-to-date: /home/ros_ws/ros_ws/b2_ws/install/b2_ctrl/bin/read_motion_state
[5.069s] -- Up-to-date: /home/ros_ws/ros_ws/b2_ws/install/b2_ctrl/bin/read_wireless_controller
[5.069s] -- Installing: /home/ros_ws/ros_ws/b2_ws/install/b2_ctrl/bin/sport_mode_ctrl
[5.072s] -- Set runtime path of "/home/ros_ws/ros_ws/b2_ws/install/b2_ctrl/bin/sport_mode_ctrl" to ""
[5.072s] -- Up-to-date: /home/ros_ws/ros_ws/b2_ws/install/b2_ctrl/share/ament_index/resource_index/package_run_dependencies/b2_ctrl
[5.072s] -- Up-to-date: /home/ros_ws/ros_ws/b2_ws/install/b2_ctrl/share/ament_index/resource_index/parent_prefix_path/b2_ctrl
[5.072s] -- Up-to-date: /home/ros_ws/ros_ws/b2_ws/install/b2_ctrl/share/b2_ctrl/environment/ament_prefix_path.sh
[5.072s] -- Up-to-date: /home/ros_ws/ros_ws/b2_ws/install/b2_ctrl/share/b2_ctrl/environment/ament_prefix_path.dsv
[5.072s] -- Up-to-date: /home/ros_ws/ros_ws/b2_ws/install/b2_ctrl/share/b2_ctrl/environment/path.sh
[5.072s] -- Up-to-date: /home/ros_ws/ros_ws/b2_ws/install/b2_ctrl/share/b2_ctrl/environment/path.dsv
[5.072s] -- Up-to-date: /home/ros_ws/ros_ws/b2_ws/install/b2_ctrl/share/b2_ctrl/local_setup.bash
[5.073s] -- Up-to-date: /home/ros_ws/ros_ws/b2_ws/install/b2_ctrl/share/b2_ctrl/local_setup.sh
[5.073s] -- Up-to-date: /home/ros_ws/ros_ws/b2_ws/install/b2_ctrl/share/b2_ctrl/local_setup.zsh
[5.073s] -- Up-to-date: /home/ros_ws/ros_ws/b2_ws/install/b2_ctrl/share/b2_ctrl/local_setup.dsv
[5.073s] -- Installing: /home/ros_ws/ros_ws/b2_ws/install/b2_ctrl/share/b2_ctrl/package.dsv
[5.073s] -- Up-to-date: /home/ros_ws/ros_ws/b2_ws/install/b2_ctrl/share/ament_index/resource_index/packages/b2_ctrl
[5.073s] -- Up-to-date: /home/ros_ws/ros_ws/b2_ws/install/b2_ctrl/share/b2_ctrl/cmake/b2_ctrlConfig.cmake
[5.074s] -- Up-to-date: /home/ros_ws/ros_ws/b2_ws/install/b2_ctrl/share/b2_ctrl/cmake/b2_ctrlConfig-version.cmake
[5.074s] -- Up-to-date: /home/ros_ws/ros_ws/b2_ws/install/b2_ctrl/share/b2_ctrl/package.xml
[5.075s] Invoked command in '/home/ros_ws/ros_ws/b2_ws/build/b2_ctrl' returned '0': CMAKE_PREFIX_PATH=${CMAKE_PREFIX_PATH}:/unitree_sdk2:/home/ros_ws/ros_ws/b2_ws/install/b2_nodes:/opt/ros/humble: /usr/bin/cmake --install /home/ros_ws/ros_ws/b2_ws/build/b2_ctrl
