[0.032s] Invoking command in '/home/ros_ws/ros_ws/b2_ws/build/z1_interfaces': CMAKE_PREFIX_PATH=${CMAKE_PREFIX_PATH}:/unitree_sdk2:/home/ros_ws/ros_ws/b2_ws/install/b2_nodes:/opt/ros/humble: /usr/bin/cmake --build /home/ros_ws/ros_ws/b2_ws/build/z1_interfaces -- -j16 -l16
[0.310s] [  1%] Built target z1_interfaces__cpp
[0.311s] [ 12%] Built target z1_interfaces__rosidl_generator_c
[0.311s] [ 12%] Built target ament_cmake_python_symlink_z1_interfaces
[0.312s] [ 43%] Built target z1_interfaces__rosidl_typesupport_introspection_c
[0.312s] [ 43%] Built target z1_interfaces__rosidl_typesupport_c
[0.312s] [ 50%] Built target z1_interfaces__rosidl_typesupport_fastrtps_cpp
[0.312s] [ 57%] Built target z1_interfaces__rosidl_typesupport_fastrtps_c
[0.312s] [ 69%] Built target z1_interfaces__rosidl_typesupport_cpp
[0.312s] [ 80%] Built target z1_interfaces__rosidl_typesupport_introspection_cpp
[0.312s] [ 80%] Built target z1_interfaces
[0.312s] [ 81%] Built target z1_interfaces__py
[0.313s] [ 91%] Built target z1_interfaces__rosidl_generator_py
[0.313s] [100%] Built target z1_interfaces__rosidl_typesupport_c__pyext
[0.314s] [100%] Built target z1_interfaces__rosidl_typesupport_fastrtps_c__pyext
[0.315s] [100%] Built target z1_interfaces__rosidl_typesupport_introspection_c__pyext
[0.349s] running egg_info
[0.350s] writing z1_interfaces.egg-info/PKG-INFO
[0.350s] writing dependency_links to z1_interfaces.egg-info/dependency_links.txt
[0.350s] writing top-level names to z1_interfaces.egg-info/top_level.txt
[0.352s] reading manifest file 'z1_interfaces.egg-info/SOURCES.txt'
[0.354s] writing manifest file 'z1_interfaces.egg-info/SOURCES.txt'
[0.391s] [100%] Built target ament_cmake_python_build_z1_interfaces_egg
[0.408s] Invoked command in '/home/ros_ws/ros_ws/b2_ws/build/z1_interfaces' returned '0': CMAKE_PREFIX_PATH=${CMAKE_PREFIX_PATH}:/unitree_sdk2:/home/ros_ws/ros_ws/b2_ws/install/b2_nodes:/opt/ros/humble: /usr/bin/cmake --build /home/ros_ws/ros_ws/b2_ws/build/z1_interfaces -- -j16 -l16
[0.660s] Invoking command in '/home/ros_ws/ros_ws/b2_ws/build/z1_interfaces': CMAKE_PREFIX_PATH=${CMAKE_PREFIX_PATH}:/unitree_sdk2:/home/ros_ws/ros_ws/b2_ws/install/b2_nodes:/opt/ros/humble: /usr/bin/cmake --install /home/ros_ws/ros_ws/b2_ws/build/z1_interfaces
[0.670s] -- Install configuration: ""
[0.671s] -- Execute custom install script
[0.671s] -- Up-to-date symlink: /home/ros_ws/ros_ws/b2_ws/install/z1_interfaces/share/ament_index/resource_index/rosidl_interfaces/z1_interfaces
[0.672s] -- Up-to-date symlink: /home/ros_ws/ros_ws/b2_ws/install/z1_interfaces/include/z1_interfaces/z1_interfaces/msg/arm_control_command.h
[0.672s] -- Up-to-date symlink: /home/ros_ws/ros_ws/b2_ws/install/z1_interfaces/include/z1_interfaces/z1_interfaces/msg/detail/arm_control_command__functions.h
[0.672s] -- Up-to-date symlink: /home/ros_ws/ros_ws/b2_ws/install/z1_interfaces/include/z1_interfaces/z1_interfaces/msg/detail/arm_control_command__struct.h
[0.672s] -- Up-to-date symlink: /home/ros_ws/ros_ws/b2_ws/install/z1_interfaces/include/z1_interfaces/z1_interfaces/msg/detail/arm_control_command__type_support.h
[0.672s] -- Up-to-date symlink: /home/ros_ws/ros_ws/b2_ws/install/z1_interfaces/include/z1_interfaces/z1_interfaces/msg/rosidl_generator_c__visibility_control.h
[0.672s] -- Up-to-date symlink: /home/ros_ws/ros_ws/b2_ws/install/z1_interfaces/include/z1_interfaces/z1_interfaces/srv/detail/gripper_command__functions.h
[0.672s] -- Up-to-date symlink: /home/ros_ws/ros_ws/b2_ws/install/z1_interfaces/include/z1_interfaces/z1_interfaces/srv/detail/gripper_command__struct.h
[0.673s] -- Up-to-date symlink: /home/ros_ws/ros_ws/b2_ws/install/z1_interfaces/include/z1_interfaces/z1_interfaces/srv/detail/gripper_command__type_support.h
[0.673s] -- Up-to-date symlink: /home/ros_ws/ros_ws/b2_ws/install/z1_interfaces/include/z1_interfaces/z1_interfaces/srv/detail/move_circular_path_command__functions.h
[0.673s] -- Up-to-date symlink: /home/ros_ws/ros_ws/b2_ws/install/z1_interfaces/include/z1_interfaces/z1_interfaces/srv/detail/move_circular_path_command__struct.h
[0.673s] -- Up-to-date symlink: /home/ros_ws/ros_ws/b2_ws/install/z1_interfaces/include/z1_interfaces/z1_interfaces/srv/detail/move_circular_path_command__type_support.h
[0.673s] -- Up-to-date symlink: /home/ros_ws/ros_ws/b2_ws/install/z1_interfaces/include/z1_interfaces/z1_interfaces/srv/detail/move_joint_path_command__functions.h
[0.673s] -- Up-to-date symlink: /home/ros_ws/ros_ws/b2_ws/install/z1_interfaces/include/z1_interfaces/z1_interfaces/srv/detail/move_joint_path_command__struct.h
[0.673s] -- Up-to-date symlink: /home/ros_ws/ros_ws/b2_ws/install/z1_interfaces/include/z1_interfaces/z1_interfaces/srv/detail/move_joint_path_command__type_support.h
[0.673s] -- Up-to-date symlink: /home/ros_ws/ros_ws/b2_ws/install/z1_interfaces/include/z1_interfaces/z1_interfaces/srv/detail/move_linear_path_command__functions.h
[0.674s] -- Up-to-date symlink: /home/ros_ws/ros_ws/b2_ws/install/z1_interfaces/include/z1_interfaces/z1_interfaces/srv/detail/move_linear_path_command__struct.h
[0.674s] -- Up-to-date symlink: /home/ros_ws/ros_ws/b2_ws/install/z1_interfaces/include/z1_interfaces/z1_interfaces/srv/detail/move_linear_path_command__type_support.h
[0.674s] -- Up-to-date symlink: /home/ros_ws/ros_ws/b2_ws/install/z1_interfaces/include/z1_interfaces/z1_interfaces/srv/detail/no_input_command__functions.h
[0.674s] -- Up-to-date symlink: /home/ros_ws/ros_ws/b2_ws/install/z1_interfaces/include/z1_interfaces/z1_interfaces/srv/detail/no_input_command__struct.h
[0.674s] -- Up-to-date symlink: /home/ros_ws/ros_ws/b2_ws/install/z1_interfaces/include/z1_interfaces/z1_interfaces/srv/detail/no_input_command__type_support.h
[0.674s] -- Up-to-date symlink: /home/ros_ws/ros_ws/b2_ws/install/z1_interfaces/include/z1_interfaces/z1_interfaces/srv/gripper_command.h
[0.674s] -- Up-to-date symlink: /home/ros_ws/ros_ws/b2_ws/install/z1_interfaces/include/z1_interfaces/z1_interfaces/srv/move_circular_path_command.h
[0.675s] -- Up-to-date symlink: /home/ros_ws/ros_ws/b2_ws/install/z1_interfaces/include/z1_interfaces/z1_interfaces/srv/move_joint_path_command.h
[0.675s] -- Up-to-date symlink: /home/ros_ws/ros_ws/b2_ws/install/z1_interfaces/include/z1_interfaces/z1_interfaces/srv/move_linear_path_command.h
[0.675s] -- Up-to-date symlink: /home/ros_ws/ros_ws/b2_ws/install/z1_interfaces/include/z1_interfaces/z1_interfaces/srv/no_input_command.h
[0.675s] -- Up-to-date symlink: /home/ros_ws/ros_ws/b2_ws/install/z1_interfaces/share/z1_interfaces/environment/library_path.sh
[0.675s] -- Up-to-date symlink: /home/ros_ws/ros_ws/b2_ws/install/z1_interfaces/share/z1_interfaces/environment/library_path.dsv
[0.676s] -- Up-to-date symlink: /home/ros_ws/ros_ws/b2_ws/install/z1_interfaces/include/z1_interfaces/z1_interfaces/msg/detail/arm_control_command__rosidl_typesupport_fastrtps_c.h
[0.677s] -- Up-to-date symlink: /home/ros_ws/ros_ws/b2_ws/install/z1_interfaces/include/z1_interfaces/z1_interfaces/msg/rosidl_typesupport_fastrtps_c__visibility_control.h
[0.677s] -- Up-to-date symlink: /home/ros_ws/ros_ws/b2_ws/install/z1_interfaces/include/z1_interfaces/z1_interfaces/srv/detail/gripper_command__rosidl_typesupport_fastrtps_c.h
[0.677s] -- Up-to-date symlink: /home/ros_ws/ros_ws/b2_ws/install/z1_interfaces/include/z1_interfaces/z1_interfaces/srv/detail/move_circular_path_command__rosidl_typesupport_fastrtps_c.h
[0.677s] -- Up-to-date symlink: /home/ros_ws/ros_ws/b2_ws/install/z1_interfaces/include/z1_interfaces/z1_interfaces/srv/detail/move_joint_path_command__rosidl_typesupport_fastrtps_c.h
[0.677s] -- Up-to-date symlink: /home/ros_ws/ros_ws/b2_ws/install/z1_interfaces/include/z1_interfaces/z1_interfaces/srv/detail/move_linear_path_command__rosidl_typesupport_fastrtps_c.h
[0.677s] -- Up-to-date symlink: /home/ros_ws/ros_ws/b2_ws/install/z1_interfaces/include/z1_interfaces/z1_interfaces/srv/detail/no_input_command__rosidl_typesupport_fastrtps_c.h
[0.677s] -- Up-to-date symlink: /home/ros_ws/ros_ws/b2_ws/install/z1_interfaces/include/z1_interfaces/z1_interfaces/msg/detail/arm_control_command__rosidl_typesupport_introspection_c.h
[0.677s] -- Up-to-date symlink: /home/ros_ws/ros_ws/b2_ws/install/z1_interfaces/include/z1_interfaces/z1_interfaces/msg/rosidl_typesupport_introspection_c__visibility_control.h
[0.677s] -- Up-to-date symlink: /home/ros_ws/ros_ws/b2_ws/install/z1_interfaces/include/z1_interfaces/z1_interfaces/srv/detail/gripper_command__rosidl_typesupport_introspection_c.h
[0.678s] -- Up-to-date symlink: /home/ros_ws/ros_ws/b2_ws/install/z1_interfaces/include/z1_interfaces/z1_interfaces/srv/detail/move_circular_path_command__rosidl_typesupport_introspection_c.h
[0.678s] -- Up-to-date symlink: /home/ros_ws/ros_ws/b2_ws/install/z1_interfaces/include/z1_interfaces/z1_interfaces/srv/detail/move_joint_path_command__rosidl_typesupport_introspection_c.h
[0.678s] -- Up-to-date symlink: /home/ros_ws/ros_ws/b2_ws/install/z1_interfaces/include/z1_interfaces/z1_interfaces/srv/detail/move_linear_path_command__rosidl_typesupport_introspection_c.h
[0.678s] -- Up-to-date symlink: /home/ros_ws/ros_ws/b2_ws/install/z1_interfaces/include/z1_interfaces/z1_interfaces/srv/detail/no_input_command__rosidl_typesupport_introspection_c.h
[0.679s] -- Up-to-date symlink: /home/ros_ws/ros_ws/b2_ws/install/z1_interfaces/include/z1_interfaces/z1_interfaces/msg/arm_control_command.hpp
[0.679s] -- Up-to-date symlink: /home/ros_ws/ros_ws/b2_ws/install/z1_interfaces/include/z1_interfaces/z1_interfaces/msg/detail/arm_control_command__builder.hpp
[0.679s] -- Up-to-date symlink: /home/ros_ws/ros_ws/b2_ws/install/z1_interfaces/include/z1_interfaces/z1_interfaces/msg/detail/arm_control_command__struct.hpp
[0.680s] -- Up-to-date symlink: /home/ros_ws/ros_ws/b2_ws/install/z1_interfaces/include/z1_interfaces/z1_interfaces/msg/detail/arm_control_command__traits.hpp
[0.680s] -- Up-to-date symlink: /home/ros_ws/ros_ws/b2_ws/install/z1_interfaces/include/z1_interfaces/z1_interfaces/srv/detail/gripper_command__builder.hpp
[0.680s] -- Up-to-date symlink: /home/ros_ws/ros_ws/b2_ws/install/z1_interfaces/include/z1_interfaces/z1_interfaces/srv/detail/gripper_command__struct.hpp
[0.680s] -- Up-to-date symlink: /home/ros_ws/ros_ws/b2_ws/install/z1_interfaces/include/z1_interfaces/z1_interfaces/srv/detail/gripper_command__traits.hpp
[0.680s] -- Up-to-date symlink: /home/ros_ws/ros_ws/b2_ws/install/z1_interfaces/include/z1_interfaces/z1_interfaces/srv/detail/move_circular_path_command__builder.hpp
[0.680s] -- Up-to-date symlink: /home/ros_ws/ros_ws/b2_ws/install/z1_interfaces/include/z1_interfaces/z1_interfaces/srv/detail/move_circular_path_command__struct.hpp
[0.680s] -- Up-to-date symlink: /home/ros_ws/ros_ws/b2_ws/install/z1_interfaces/include/z1_interfaces/z1_interfaces/srv/detail/move_circular_path_command__traits.hpp
[0.681s] -- Up-to-date symlink: /home/ros_ws/ros_ws/b2_ws/install/z1_interfaces/include/z1_interfaces/z1_interfaces/srv/detail/move_joint_path_command__builder.hpp
[0.681s] -- Up-to-date symlink: /home/ros_ws/ros_ws/b2_ws/install/z1_interfaces/include/z1_interfaces/z1_interfaces/srv/detail/move_joint_path_command__struct.hpp
[0.681s] -- Up-to-date symlink: /home/ros_ws/ros_ws/b2_ws/install/z1_interfaces/include/z1_interfaces/z1_interfaces/srv/detail/move_joint_path_command__traits.hpp
[0.681s] -- Up-to-date symlink: /home/ros_ws/ros_ws/b2_ws/install/z1_interfaces/include/z1_interfaces/z1_interfaces/srv/detail/move_linear_path_command__builder.hpp
[0.681s] -- Up-to-date symlink: /home/ros_ws/ros_ws/b2_ws/install/z1_interfaces/include/z1_interfaces/z1_interfaces/srv/detail/move_linear_path_command__struct.hpp
[0.681s] -- Up-to-date symlink: /home/ros_ws/ros_ws/b2_ws/install/z1_interfaces/include/z1_interfaces/z1_interfaces/srv/detail/move_linear_path_command__traits.hpp
[0.682s] -- Up-to-date symlink: /home/ros_ws/ros_ws/b2_ws/install/z1_interfaces/include/z1_interfaces/z1_interfaces/srv/detail/no_input_command__builder.hpp
[0.682s] -- Up-to-date symlink: /home/ros_ws/ros_ws/b2_ws/install/z1_interfaces/include/z1_interfaces/z1_interfaces/srv/detail/no_input_command__struct.hpp
[0.682s] -- Up-to-date symlink: /home/ros_ws/ros_ws/b2_ws/install/z1_interfaces/include/z1_interfaces/z1_interfaces/srv/detail/no_input_command__traits.hpp
[0.682s] -- Up-to-date symlink: /home/ros_ws/ros_ws/b2_ws/install/z1_interfaces/include/z1_interfaces/z1_interfaces/srv/gripper_command.hpp
[0.682s] -- Up-to-date symlink: /home/ros_ws/ros_ws/b2_ws/install/z1_interfaces/include/z1_interfaces/z1_interfaces/srv/move_circular_path_command.hpp
[0.684s] -- Up-to-date symlink: /home/ros_ws/ros_ws/b2_ws/install/z1_interfaces/include/z1_interfaces/z1_interfaces/srv/move_joint_path_command.hpp
[0.684s] -- Up-to-date symlink: /home/ros_ws/ros_ws/b2_ws/install/z1_interfaces/include/z1_interfaces/z1_interfaces/srv/move_linear_path_command.hpp
[0.685s] -- Up-to-date symlink: /home/ros_ws/ros_ws/b2_ws/install/z1_interfaces/include/z1_interfaces/z1_interfaces/srv/no_input_command.hpp
[0.685s] -- Up-to-date symlink: /home/ros_ws/ros_ws/b2_ws/install/z1_interfaces/include/z1_interfaces/z1_interfaces/msg/detail/arm_control_command__rosidl_typesupport_fastrtps_cpp.hpp
[0.685s] -- Up-to-date symlink: /home/ros_ws/ros_ws/b2_ws/install/z1_interfaces/include/z1_interfaces/z1_interfaces/msg/rosidl_typesupport_fastrtps_cpp__visibility_control.h
[0.685s] -- Up-to-date symlink: /home/ros_ws/ros_ws/b2_ws/install/z1_interfaces/include/z1_interfaces/z1_interfaces/srv/detail/gripper_command__rosidl_typesupport_fastrtps_cpp.hpp
[0.685s] -- Up-to-date symlink: /home/ros_ws/ros_ws/b2_ws/install/z1_interfaces/include/z1_interfaces/z1_interfaces/srv/detail/move_circular_path_command__rosidl_typesupport_fastrtps_cpp.hpp
[0.685s] -- Up-to-date symlink: /home/ros_ws/ros_ws/b2_ws/install/z1_interfaces/include/z1_interfaces/z1_interfaces/srv/detail/move_joint_path_command__rosidl_typesupport_fastrtps_cpp.hpp
[0.685s] -- Up-to-date symlink: /home/ros_ws/ros_ws/b2_ws/install/z1_interfaces/include/z1_interfaces/z1_interfaces/srv/detail/move_linear_path_command__rosidl_typesupport_fastrtps_cpp.hpp
[0.685s] -- Up-to-date symlink: /home/ros_ws/ros_ws/b2_ws/install/z1_interfaces/include/z1_interfaces/z1_interfaces/srv/detail/no_input_command__rosidl_typesupport_fastrtps_cpp.hpp
[0.686s] -- Up-to-date symlink: /home/ros_ws/ros_ws/b2_ws/install/z1_interfaces/include/z1_interfaces/z1_interfaces/msg/detail/arm_control_command__rosidl_typesupport_introspection_cpp.hpp
[0.686s] -- Up-to-date symlink: /home/ros_ws/ros_ws/b2_ws/install/z1_interfaces/include/z1_interfaces/z1_interfaces/srv/detail/gripper_command__rosidl_typesupport_introspection_cpp.hpp
[0.686s] -- Up-to-date symlink: /home/ros_ws/ros_ws/b2_ws/install/z1_interfaces/include/z1_interfaces/z1_interfaces/srv/detail/move_circular_path_command__rosidl_typesupport_introspection_cpp.hpp
[0.686s] -- Up-to-date symlink: /home/ros_ws/ros_ws/b2_ws/install/z1_interfaces/include/z1_interfaces/z1_interfaces/srv/detail/move_joint_path_command__rosidl_typesupport_introspection_cpp.hpp
[0.686s] -- Up-to-date symlink: /home/ros_ws/ros_ws/b2_ws/install/z1_interfaces/include/z1_interfaces/z1_interfaces/srv/detail/move_linear_path_command__rosidl_typesupport_introspection_cpp.hpp
[0.686s] -- Up-to-date symlink: /home/ros_ws/ros_ws/b2_ws/install/z1_interfaces/include/z1_interfaces/z1_interfaces/srv/detail/no_input_command__rosidl_typesupport_introspection_cpp.hpp
[0.686s] -- Up-to-date symlink: /home/ros_ws/ros_ws/b2_ws/install/z1_interfaces/share/z1_interfaces/environment/pythonpath.sh
[0.686s] -- Up-to-date symlink: /home/ros_ws/ros_ws/b2_ws/install/z1_interfaces/share/z1_interfaces/environment/pythonpath.dsv
[0.687s] -- Up-to-date symlink: /home/ros_ws/ros_ws/b2_ws/install/z1_interfaces/local/lib/python3.10/dist-packages/z1_interfaces-0.0.0-py3.10.egg-info/PKG-INFO
[0.687s] -- Up-to-date symlink: /home/ros_ws/ros_ws/b2_ws/install/z1_interfaces/local/lib/python3.10/dist-packages/z1_interfaces-0.0.0-py3.10.egg-info/SOURCES.txt
[0.687s] -- Up-to-date symlink: /home/ros_ws/ros_ws/b2_ws/install/z1_interfaces/local/lib/python3.10/dist-packages/z1_interfaces-0.0.0-py3.10.egg-info/dependency_links.txt
[0.687s] -- Up-to-date symlink: /home/ros_ws/ros_ws/b2_ws/install/z1_interfaces/local/lib/python3.10/dist-packages/z1_interfaces-0.0.0-py3.10.egg-info/top_level.txt
[0.689s] -- Up-to-date symlink: /home/ros_ws/ros_ws/b2_ws/install/z1_interfaces/local/lib/python3.10/dist-packages/z1_interfaces/__init__.py
[0.689s] -- Up-to-date symlink: /home/ros_ws/ros_ws/b2_ws/install/z1_interfaces/local/lib/python3.10/dist-packages/z1_interfaces/_z1_interfaces_s.ep.rosidl_typesupport_c.c
[0.689s] -- Up-to-date symlink: /home/ros_ws/ros_ws/b2_ws/install/z1_interfaces/local/lib/python3.10/dist-packages/z1_interfaces/_z1_interfaces_s.ep.rosidl_typesupport_fastrtps_c.c
[0.689s] -- Up-to-date symlink: /home/ros_ws/ros_ws/b2_ws/install/z1_interfaces/local/lib/python3.10/dist-packages/z1_interfaces/_z1_interfaces_s.ep.rosidl_typesupport_introspection_c.c
[0.689s] -- Up-to-date symlink: /home/ros_ws/ros_ws/b2_ws/install/z1_interfaces/local/lib/python3.10/dist-packages/z1_interfaces/libz1_interfaces__rosidl_generator_py.so
[0.689s] -- Up-to-date symlink: /home/ros_ws/ros_ws/b2_ws/install/z1_interfaces/local/lib/python3.10/dist-packages/z1_interfaces/msg/__init__.py
[0.689s] -- Up-to-date symlink: /home/ros_ws/ros_ws/b2_ws/install/z1_interfaces/local/lib/python3.10/dist-packages/z1_interfaces/msg/_arm_control_command.py
[0.690s] -- Up-to-date symlink: /home/ros_ws/ros_ws/b2_ws/install/z1_interfaces/local/lib/python3.10/dist-packages/z1_interfaces/msg/_arm_control_command_s.c
[0.690s] -- Up-to-date symlink: /home/ros_ws/ros_ws/b2_ws/install/z1_interfaces/local/lib/python3.10/dist-packages/z1_interfaces/srv/__init__.py
[0.690s] -- Up-to-date symlink: /home/ros_ws/ros_ws/b2_ws/install/z1_interfaces/local/lib/python3.10/dist-packages/z1_interfaces/srv/_gripper_command.py
[0.690s] -- Up-to-date symlink: /home/ros_ws/ros_ws/b2_ws/install/z1_interfaces/local/lib/python3.10/dist-packages/z1_interfaces/srv/_gripper_command_s.c
[0.690s] -- Up-to-date symlink: /home/ros_ws/ros_ws/b2_ws/install/z1_interfaces/local/lib/python3.10/dist-packages/z1_interfaces/srv/_move_circular_path_command.py
[0.690s] -- Up-to-date symlink: /home/ros_ws/ros_ws/b2_ws/install/z1_interfaces/local/lib/python3.10/dist-packages/z1_interfaces/srv/_move_circular_path_command_s.c
[0.691s] -- Up-to-date symlink: /home/ros_ws/ros_ws/b2_ws/install/z1_interfaces/local/lib/python3.10/dist-packages/z1_interfaces/srv/_move_joint_path_command.py
[0.691s] -- Up-to-date symlink: /home/ros_ws/ros_ws/b2_ws/install/z1_interfaces/local/lib/python3.10/dist-packages/z1_interfaces/srv/_move_joint_path_command_s.c
[0.691s] -- Up-to-date symlink: /home/ros_ws/ros_ws/b2_ws/install/z1_interfaces/local/lib/python3.10/dist-packages/z1_interfaces/srv/_move_linear_path_command.py
[0.691s] -- Up-to-date symlink: /home/ros_ws/ros_ws/b2_ws/install/z1_interfaces/local/lib/python3.10/dist-packages/z1_interfaces/srv/_move_linear_path_command_s.c
[0.691s] -- Up-to-date symlink: /home/ros_ws/ros_ws/b2_ws/install/z1_interfaces/local/lib/python3.10/dist-packages/z1_interfaces/srv/_no_input_command.py
[0.691s] -- Up-to-date symlink: /home/ros_ws/ros_ws/b2_ws/install/z1_interfaces/local/lib/python3.10/dist-packages/z1_interfaces/srv/_no_input_command_s.c
[0.692s] -- Up-to-date symlink: /home/ros_ws/ros_ws/b2_ws/install/z1_interfaces/local/lib/python3.10/dist-packages/z1_interfaces/z1_interfaces_s__rosidl_typesupport_c.cpython-310-x86_64-linux-gnu.so
[0.692s] -- Up-to-date symlink: /home/ros_ws/ros_ws/b2_ws/install/z1_interfaces/local/lib/python3.10/dist-packages/z1_interfaces/z1_interfaces_s__rosidl_typesupport_fastrtps_c.cpython-310-x86_64-linux-gnu.so
[0.692s] -- Up-to-date symlink: /home/ros_ws/ros_ws/b2_ws/install/z1_interfaces/local/lib/python3.10/dist-packages/z1_interfaces/z1_interfaces_s__rosidl_typesupport_introspection_c.cpython-310-x86_64-linux-gnu.so
[0.692s] -- Up-to-date symlink: /home/ros_ws/ros_ws/b2_ws/install/z1_interfaces/local/lib/python3.10/dist-packages/z1_interfaces/z1_interfaces_s__rosidl_typesupport_fastrtps_c.cpython-310-x86_64-linux-gnu.so
[0.692s] -- Up-to-date symlink: /home/ros_ws/ros_ws/b2_ws/install/z1_interfaces/local/lib/python3.10/dist-packages/z1_interfaces/z1_interfaces_s__rosidl_typesupport_introspection_c.cpython-310-x86_64-linux-gnu.so
[0.693s] -- Up-to-date symlink: /home/ros_ws/ros_ws/b2_ws/install/z1_interfaces/local/lib/python3.10/dist-packages/z1_interfaces/z1_interfaces_s__rosidl_typesupport_c.cpython-310-x86_64-linux-gnu.so
[0.693s] -- Up-to-date symlink: /home/ros_ws/ros_ws/b2_ws/install/z1_interfaces/share/z1_interfaces/msg/ArmControlCommand.idl
[0.693s] -- Up-to-date symlink: /home/ros_ws/ros_ws/b2_ws/install/z1_interfaces/share/z1_interfaces/srv/GripperCommand.idl
[0.693s] -- Up-to-date symlink: /home/ros_ws/ros_ws/b2_ws/install/z1_interfaces/share/z1_interfaces/srv/MoveCircularPathCommand.idl
[0.693s] -- Up-to-date symlink: /home/ros_ws/ros_ws/b2_ws/install/z1_interfaces/share/z1_interfaces/srv/MoveLinearPathCommand.idl
[0.694s] -- Up-to-date symlink: /home/ros_ws/ros_ws/b2_ws/install/z1_interfaces/share/z1_interfaces/srv/MoveJointPathCommand.idl
[0.694s] -- Up-to-date symlink: /home/ros_ws/ros_ws/b2_ws/install/z1_interfaces/share/z1_interfaces/srv/NoInputCommand.idl
[0.694s] -- Up-to-date symlink: /home/ros_ws/ros_ws/b2_ws/install/z1_interfaces/share/z1_interfaces/msg/ArmControlCommand.msg
[0.694s] -- Up-to-date symlink: /home/ros_ws/ros_ws/b2_ws/install/z1_interfaces/share/z1_interfaces/srv/GripperCommand.srv
[0.694s] -- Up-to-date symlink: /home/ros_ws/ros_ws/b2_ws/install/z1_interfaces/share/z1_interfaces/srv/GripperCommand_Request.msg
[0.694s] -- Up-to-date symlink: /home/ros_ws/ros_ws/b2_ws/install/z1_interfaces/share/z1_interfaces/srv/GripperCommand_Response.msg
[0.695s] -- Up-to-date symlink: /home/ros_ws/ros_ws/b2_ws/install/z1_interfaces/share/z1_interfaces/srv/MoveCircularPathCommand.srv
[0.695s] -- Up-to-date symlink: /home/ros_ws/ros_ws/b2_ws/install/z1_interfaces/share/z1_interfaces/srv/MoveCircularPathCommand_Request.msg
[0.695s] -- Up-to-date symlink: /home/ros_ws/ros_ws/b2_ws/install/z1_interfaces/share/z1_interfaces/srv/MoveCircularPathCommand_Response.msg
[0.695s] -- Up-to-date symlink: /home/ros_ws/ros_ws/b2_ws/install/z1_interfaces/share/z1_interfaces/srv/MoveLinearPathCommand.srv
[0.695s] -- Up-to-date symlink: /home/ros_ws/ros_ws/b2_ws/install/z1_interfaces/share/z1_interfaces/srv/MoveLinearPathCommand_Request.msg
[0.695s] -- Up-to-date symlink: /home/ros_ws/ros_ws/b2_ws/install/z1_interfaces/share/z1_interfaces/srv/MoveLinearPathCommand_Response.msg
[0.696s] -- Up-to-date symlink: /home/ros_ws/ros_ws/b2_ws/install/z1_interfaces/share/z1_interfaces/srv/MoveJointPathCommand.srv
[0.696s] -- Up-to-date symlink: /home/ros_ws/ros_ws/b2_ws/install/z1_interfaces/share/z1_interfaces/srv/MoveJointPathCommand_Request.msg
[0.696s] -- Up-to-date symlink: /home/ros_ws/ros_ws/b2_ws/install/z1_interfaces/share/z1_interfaces/srv/MoveJointPathCommand_Response.msg
[0.696s] -- Up-to-date symlink: /home/ros_ws/ros_ws/b2_ws/install/z1_interfaces/share/z1_interfaces/srv/NoInputCommand.srv
[0.696s] -- Up-to-date symlink: /home/ros_ws/ros_ws/b2_ws/install/z1_interfaces/share/z1_interfaces/srv/NoInputCommand_Request.msg
[0.696s] -- Up-to-date symlink: /home/ros_ws/ros_ws/b2_ws/install/z1_interfaces/share/z1_interfaces/srv/NoInputCommand_Response.msg
[0.697s] -- Up-to-date symlink: /home/ros_ws/ros_ws/b2_ws/install/z1_interfaces/share/ament_index/resource_index/package_run_dependencies/z1_interfaces
[0.697s] -- Up-to-date symlink: /home/ros_ws/ros_ws/b2_ws/install/z1_interfaces/share/ament_index/resource_index/parent_prefix_path/z1_interfaces
[0.697s] -- Up-to-date symlink: /home/ros_ws/ros_ws/b2_ws/install/z1_interfaces/share/z1_interfaces/environment/ament_prefix_path.sh
[0.697s] -- Up-to-date symlink: /home/ros_ws/ros_ws/b2_ws/install/z1_interfaces/share/z1_interfaces/environment/ament_prefix_path.dsv
[0.697s] -- Up-to-date symlink: /home/ros_ws/ros_ws/b2_ws/install/z1_interfaces/share/z1_interfaces/environment/path.sh
[0.697s] -- Up-to-date symlink: /home/ros_ws/ros_ws/b2_ws/install/z1_interfaces/share/z1_interfaces/environment/path.dsv
[0.698s] -- Up-to-date symlink: /home/ros_ws/ros_ws/b2_ws/install/z1_interfaces/share/z1_interfaces/local_setup.bash
[0.698s] -- Up-to-date symlink: /home/ros_ws/ros_ws/b2_ws/install/z1_interfaces/share/z1_interfaces/local_setup.sh
[0.698s] -- Up-to-date symlink: /home/ros_ws/ros_ws/b2_ws/install/z1_interfaces/share/z1_interfaces/local_setup.zsh
[0.698s] -- Up-to-date symlink: /home/ros_ws/ros_ws/b2_ws/install/z1_interfaces/share/z1_interfaces/local_setup.dsv
[0.698s] -- Symlinking: /home/ros_ws/ros_ws/b2_ws/install/z1_interfaces/share/z1_interfaces/package.dsv
[0.711s] -- Up-to-date symlink: /home/ros_ws/ros_ws/b2_ws/install/z1_interfaces/share/ament_index/resource_index/packages/z1_interfaces
[0.712s] -- Up-to-date symlink: /home/ros_ws/ros_ws/b2_ws/install/z1_interfaces/share/z1_interfaces/cmake/rosidl_cmake-extras.cmake
[0.712s] -- Up-to-date symlink: /home/ros_ws/ros_ws/b2_ws/install/z1_interfaces/share/z1_interfaces/cmake/ament_cmake_export_dependencies-extras.cmake
[0.712s] -- Up-to-date symlink: /home/ros_ws/ros_ws/b2_ws/install/z1_interfaces/share/z1_interfaces/cmake/ament_cmake_export_include_directories-extras.cmake
[0.712s] -- Up-to-date symlink: /home/ros_ws/ros_ws/b2_ws/install/z1_interfaces/share/z1_interfaces/cmake/ament_cmake_export_libraries-extras.cmake
[0.712s] -- Up-to-date symlink: /home/ros_ws/ros_ws/b2_ws/install/z1_interfaces/share/z1_interfaces/cmake/ament_cmake_export_targets-extras.cmake
[0.712s] -- Up-to-date symlink: /home/ros_ws/ros_ws/b2_ws/install/z1_interfaces/share/z1_interfaces/cmake/rosidl_cmake_export_typesupport_targets-extras.cmake
[0.713s] -- Up-to-date symlink: /home/ros_ws/ros_ws/b2_ws/install/z1_interfaces/share/z1_interfaces/cmake/rosidl_cmake_export_typesupport_libraries-extras.cmake
[0.713s] -- Up-to-date symlink: /home/ros_ws/ros_ws/b2_ws/install/z1_interfaces/share/z1_interfaces/cmake/z1_interfacesConfig.cmake
[0.713s] -- Up-to-date symlink: /home/ros_ws/ros_ws/b2_ws/install/z1_interfaces/share/z1_interfaces/cmake/z1_interfacesConfig-version.cmake
[0.713s] -- Up-to-date symlink: /home/ros_ws/ros_ws/b2_ws/install/z1_interfaces/share/z1_interfaces/package.xml
[0.713s] -- Up-to-date: /home/ros_ws/ros_ws/b2_ws/install/z1_interfaces/lib/libz1_interfaces__rosidl_generator_c.so
[0.714s] -- Up-to-date: /home/ros_ws/ros_ws/b2_ws/install/z1_interfaces/lib/libz1_interfaces__rosidl_typesupport_fastrtps_c.so
[0.714s] -- Up-to-date: /home/ros_ws/ros_ws/b2_ws/install/z1_interfaces/lib/libz1_interfaces__rosidl_typesupport_introspection_c.so
[0.714s] -- Up-to-date: /home/ros_ws/ros_ws/b2_ws/install/z1_interfaces/lib/libz1_interfaces__rosidl_typesupport_c.so
[0.715s] -- Up-to-date: /home/ros_ws/ros_ws/b2_ws/install/z1_interfaces/lib/libz1_interfaces__rosidl_typesupport_fastrtps_cpp.so
[0.715s] -- Up-to-date: /home/ros_ws/ros_ws/b2_ws/install/z1_interfaces/lib/libz1_interfaces__rosidl_typesupport_introspection_cpp.so
[0.715s] -- Up-to-date: /home/ros_ws/ros_ws/b2_ws/install/z1_interfaces/lib/libz1_interfaces__rosidl_typesupport_cpp.so
[0.754s] Listing '/home/ros_ws/ros_ws/b2_ws/install/z1_interfaces/local/lib/python3.10/dist-packages/z1_interfaces'...
[0.754s] Listing '/home/ros_ws/ros_ws/b2_ws/install/z1_interfaces/local/lib/python3.10/dist-packages/z1_interfaces/msg'...
[0.754s] Listing '/home/ros_ws/ros_ws/b2_ws/install/z1_interfaces/local/lib/python3.10/dist-packages/z1_interfaces/srv'...
[0.758s] -- Up-to-date: /home/ros_ws/ros_ws/b2_ws/install/z1_interfaces/lib/libz1_interfaces__rosidl_generator_py.so
[0.758s] -- Up-to-date: /home/ros_ws/ros_ws/b2_ws/install/z1_interfaces/share/z1_interfaces/cmake/export_z1_interfaces__rosidl_generator_cExport.cmake
[0.759s] -- Up-to-date: /home/ros_ws/ros_ws/b2_ws/install/z1_interfaces/share/z1_interfaces/cmake/export_z1_interfaces__rosidl_generator_cExport-noconfig.cmake
[0.759s] -- Up-to-date: /home/ros_ws/ros_ws/b2_ws/install/z1_interfaces/share/z1_interfaces/cmake/export_z1_interfaces__rosidl_typesupport_fastrtps_cExport.cmake
[0.759s] -- Up-to-date: /home/ros_ws/ros_ws/b2_ws/install/z1_interfaces/share/z1_interfaces/cmake/export_z1_interfaces__rosidl_typesupport_fastrtps_cExport-noconfig.cmake
[0.759s] -- Up-to-date: /home/ros_ws/ros_ws/b2_ws/install/z1_interfaces/share/z1_interfaces/cmake/z1_interfaces__rosidl_typesupport_introspection_cExport.cmake
[0.759s] -- Up-to-date: /home/ros_ws/ros_ws/b2_ws/install/z1_interfaces/share/z1_interfaces/cmake/z1_interfaces__rosidl_typesupport_introspection_cExport-noconfig.cmake
[0.759s] -- Up-to-date: /home/ros_ws/ros_ws/b2_ws/install/z1_interfaces/share/z1_interfaces/cmake/z1_interfaces__rosidl_typesupport_cExport.cmake
[0.759s] -- Up-to-date: /home/ros_ws/ros_ws/b2_ws/install/z1_interfaces/share/z1_interfaces/cmake/z1_interfaces__rosidl_typesupport_cExport-noconfig.cmake
[0.759s] -- Up-to-date: /home/ros_ws/ros_ws/b2_ws/install/z1_interfaces/share/z1_interfaces/cmake/export_z1_interfaces__rosidl_generator_cppExport.cmake
[0.760s] -- Up-to-date: /home/ros_ws/ros_ws/b2_ws/install/z1_interfaces/share/z1_interfaces/cmake/export_z1_interfaces__rosidl_typesupport_fastrtps_cppExport.cmake
[0.760s] -- Up-to-date: /home/ros_ws/ros_ws/b2_ws/install/z1_interfaces/share/z1_interfaces/cmake/export_z1_interfaces__rosidl_typesupport_fastrtps_cppExport-noconfig.cmake
[0.760s] -- Up-to-date: /home/ros_ws/ros_ws/b2_ws/install/z1_interfaces/share/z1_interfaces/cmake/z1_interfaces__rosidl_typesupport_introspection_cppExport.cmake
[0.760s] -- Up-to-date: /home/ros_ws/ros_ws/b2_ws/install/z1_interfaces/share/z1_interfaces/cmake/z1_interfaces__rosidl_typesupport_introspection_cppExport-noconfig.cmake
[0.760s] -- Up-to-date: /home/ros_ws/ros_ws/b2_ws/install/z1_interfaces/share/z1_interfaces/cmake/z1_interfaces__rosidl_typesupport_cppExport.cmake
[0.760s] -- Up-to-date: /home/ros_ws/ros_ws/b2_ws/install/z1_interfaces/share/z1_interfaces/cmake/z1_interfaces__rosidl_typesupport_cppExport-noconfig.cmake
[0.760s] -- Up-to-date: /home/ros_ws/ros_ws/b2_ws/install/z1_interfaces/share/z1_interfaces/cmake/export_z1_interfaces__rosidl_generator_pyExport.cmake
[0.760s] -- Up-to-date: /home/ros_ws/ros_ws/b2_ws/install/z1_interfaces/share/z1_interfaces/cmake/export_z1_interfaces__rosidl_generator_pyExport-noconfig.cmake
[0.763s] Invoked command in '/home/ros_ws/ros_ws/b2_ws/build/z1_interfaces' returned '0': CMAKE_PREFIX_PATH=${CMAKE_PREFIX_PATH}:/unitree_sdk2:/home/ros_ws/ros_ws/b2_ws/install/b2_nodes:/opt/ros/humble: /usr/bin/cmake --install /home/ros_ws/ros_ws/b2_ws/build/z1_interfaces
