[0.033s] Invoking command in '/home/ros_ws/ros_ws/b2_ws/build/b2_ctrl': CMAKE_PREFIX_PATH=${CMAKE_PREFIX_PATH}:/unitree_sdk2:/home/ros_ws/ros_ws/b2_ws/install/b2_nodes:/opt/ros/humble: /usr/bin/cmake /home/ros_ws/ros_ws/b2_ws/src/b2_ctrl -DCMAKE_INSTALL_PREFIX=/home/ros_ws/ros_ws/b2_ws/install/b2_ctrl
[0.318s] -- The C compiler identification is GNU 11.4.0
[0.318s] -- The CXX compiler identification is GNU 11.4.0
[0.319s] -- Detecting C compiler ABI info
[0.319s] -- Detecting C compiler ABI info - done
[0.319s] -- Check for working C compiler: /usr/bin/cc - skipped
[0.320s] -- Detecting C compile features
[0.320s] -- Detecting C compile features - done
[0.320s] -- Detecting CXX compiler ABI info
[0.363s] -- Detecting CXX compiler ABI info - done
[0.369s] -- Check for working CXX compiler: /usr/bin/c++ - skipped
[0.369s] -- Detecting CXX compile features
[0.370s] -- Detecting CXX compile features - done
[0.376s] -- Found ament_cmake: 1.3.11 (/opt/ros/humble/share/ament_cmake/cmake)
[0.574s] -- Found Python3: /usr/bin/python3 (found version "3.10.12") found components: Interpreter 
[0.713s] -- Found ament_lint_auto: 0.12.11 (/opt/ros/humble/share/ament_lint_auto/cmake)
[0.810s] -- Added test 'cppcheck' to perform static code analysis on C / C++ code
[0.810s] -- Configured cppcheck include dirs: 
[0.810s] -- Configured cppcheck exclude dirs and/or files: 
[0.811s] -- Added test 'lint_cmake' to check CMake code style
[0.812s] -- Added test 'uncrustify' to check C / C++ code style
[0.812s] -- Configured uncrustify additional arguments: 
[0.813s] -- Added test 'xmllint' to check XML markup files
[0.815s] -- Configuring done
[0.819s] -- Generating done
[0.820s] -- Build files have been written to: /home/ros_ws/ros_ws/b2_ws/build/b2_ctrl
[0.825s] Invoked command in '/home/ros_ws/ros_ws/b2_ws/build/b2_ctrl' returned '0': CMAKE_PREFIX_PATH=${CMAKE_PREFIX_PATH}:/unitree_sdk2:/home/ros_ws/ros_ws/b2_ws/install/b2_nodes:/opt/ros/humble: /usr/bin/cmake /home/ros_ws/ros_ws/b2_ws/src/b2_ctrl -DCMAKE_INSTALL_PREFIX=/home/ros_ws/ros_ws/b2_ws/install/b2_ctrl
[0.826s] Invoking command in '/home/ros_ws/ros_ws/b2_ws/build/b2_ctrl': CMAKE_PREFIX_PATH=${CMAKE_PREFIX_PATH}:/unitree_sdk2:/home/ros_ws/ros_ws/b2_ws/install/b2_nodes:/opt/ros/humble: /usr/bin/cmake --build /home/ros_ws/ros_ws/b2_ws/build/b2_ctrl -- -j16 -l16
[0.875s] Invoked command in '/home/ros_ws/ros_ws/b2_ws/build/b2_ctrl' returned '0': CMAKE_PREFIX_PATH=${CMAKE_PREFIX_PATH}:/unitree_sdk2:/home/ros_ws/ros_ws/b2_ws/install/b2_nodes:/opt/ros/humble: /usr/bin/cmake --build /home/ros_ws/ros_ws/b2_ws/build/b2_ctrl -- -j16 -l16
[0.908s] Invoking command in '/home/ros_ws/ros_ws/b2_ws/build/b2_ctrl': CMAKE_PREFIX_PATH=${CMAKE_PREFIX_PATH}:/unitree_sdk2:/home/ros_ws/ros_ws/b2_ws/install/b2_nodes:/opt/ros/humble: /usr/bin/cmake --install /home/ros_ws/ros_ws/b2_ws/build/b2_ctrl
[0.917s] -- Install configuration: ""
[0.917s] -- Installing: /home/ros_ws/ros_ws/b2_ws/install/b2_ctrl/share/ament_index/resource_index/package_run_dependencies/b2_ctrl
[0.918s] -- Installing: /home/ros_ws/ros_ws/b2_ws/install/b2_ctrl/share/ament_index/resource_index/parent_prefix_path/b2_ctrl
[0.918s] -- Installing: /home/ros_ws/ros_ws/b2_ws/install/b2_ctrl/share/b2_ctrl/environment/ament_prefix_path.sh
[0.918s] -- Installing: /home/ros_ws/ros_ws/b2_ws/install/b2_ctrl/share/b2_ctrl/environment/ament_prefix_path.dsv
[0.918s] -- Installing: /home/ros_ws/ros_ws/b2_ws/install/b2_ctrl/share/b2_ctrl/environment/path.sh
[0.919s] -- Installing: /home/ros_ws/ros_ws/b2_ws/install/b2_ctrl/share/b2_ctrl/environment/path.dsv
[0.919s] -- Installing: /home/ros_ws/ros_ws/b2_ws/install/b2_ctrl/share/b2_ctrl/local_setup.bash
[0.919s] -- Installing: /home/ros_ws/ros_ws/b2_ws/install/b2_ctrl/share/b2_ctrl/local_setup.sh
[0.919s] -- Installing: /home/ros_ws/ros_ws/b2_ws/install/b2_ctrl/share/b2_ctrl/local_setup.zsh
[0.919s] -- Installing: /home/ros_ws/ros_ws/b2_ws/install/b2_ctrl/share/b2_ctrl/local_setup.dsv
[0.919s] -- Installing: /home/ros_ws/ros_ws/b2_ws/install/b2_ctrl/share/b2_ctrl/package.dsv
[0.920s] -- Installing: /home/ros_ws/ros_ws/b2_ws/install/b2_ctrl/share/ament_index/resource_index/packages/b2_ctrl
[0.920s] -- Installing: /home/ros_ws/ros_ws/b2_ws/install/b2_ctrl/share/b2_ctrl/cmake/b2_ctrlConfig.cmake
[0.920s] -- Installing: /home/ros_ws/ros_ws/b2_ws/install/b2_ctrl/share/b2_ctrl/cmake/b2_ctrlConfig-version.cmake
[0.920s] -- Installing: /home/ros_ws/ros_ws/b2_ws/install/b2_ctrl/share/b2_ctrl/package.xml
[0.923s] Invoked command in '/home/ros_ws/ros_ws/b2_ws/build/b2_ctrl' returned '0': CMAKE_PREFIX_PATH=${CMAKE_PREFIX_PATH}:/unitree_sdk2:/home/ros_ws/ros_ws/b2_ws/install/b2_nodes:/opt/ros/humble: /usr/bin/cmake --install /home/ros_ws/ros_ws/b2_ws/build/b2_ctrl
