[0.040s] Invoking command in '/home/ros_ws/ros_ws/b2_ws/build/b2_ctrl': CMAKE_PREFIX_PATH=${CMAKE_PREFIX_PATH}:/unitree_sdk2:/home/ros_ws/ros_ws/b2_ws/install/b2_nodes:/opt/ros/humble: /usr/bin/cmake --build /home/ros_ws/ros_ws/b2_ws/build/b2_ctrl -- -j16 -l16
[0.397s] [35m[1mConsolidate compiler generated dependencies of target sport_mode_ctrl[0m
[0.397s] [ 25%] Built target low_level_ctrl_hg
[0.397s] [ 20%] Built target read_low_state
[0.397s] [ 35%] Built target read_motion_state
[0.397s] [ 45%] Built target read_low_state_hg
[0.398s] [ 60%] Built target read_wireless_controller
[0.398s] [ 70%] Built target low_level_ctrl
[0.398s] [ 85%] Built target g1_low_level_example
[0.398s] [ 90%] [32mBuilding CXX object CMakeFiles/sport_mode_ctrl.dir/src/sport_mode_ctrl.cpp.o[0m
[8.812s] [ 95%] [32m[1mLinking CXX executable sport_mode_ctrl[0m
[9.229s] [100%] Built target sport_mode_ctrl
[9.246s] Invoked command in '/home/ros_ws/ros_ws/b2_ws/build/b2_ctrl' returned '0': CMAKE_PREFIX_PATH=${CMAKE_PREFIX_PATH}:/unitree_sdk2:/home/ros_ws/ros_ws/b2_ws/install/b2_nodes:/opt/ros/humble: /usr/bin/cmake --build /home/ros_ws/ros_ws/b2_ws/build/b2_ctrl -- -j16 -l16
[9.338s] Invoking command in '/home/ros_ws/ros_ws/b2_ws/build/b2_ctrl': CMAKE_PREFIX_PATH=${CMAKE_PREFIX_PATH}:/unitree_sdk2:/home/ros_ws/ros_ws/b2_ws/install/b2_nodes:/opt/ros/humble: /usr/bin/cmake --install /home/ros_ws/ros_ws/b2_ws/build/b2_ctrl
[9.348s] -- Install configuration: ""
[9.348s] -- Up-to-date: /home/ros_ws/ros_ws/b2_ws/install/b2_ctrl/bin/low_level_ctrl
[9.348s] -- Up-to-date: /home/ros_ws/ros_ws/b2_ws/install/b2_ctrl/bin/low_level_ctrl_hg
[9.349s] -- Up-to-date: /home/ros_ws/ros_ws/b2_ws/install/b2_ctrl/bin/g1_low_level_example
[9.349s] -- Up-to-date: /home/ros_ws/ros_ws/b2_ws/install/b2_ctrl/bin/read_low_state
[9.350s] -- Up-to-date: /home/ros_ws/ros_ws/b2_ws/install/b2_ctrl/bin/read_low_state_hg
[9.350s] -- Up-to-date: /home/ros_ws/ros_ws/b2_ws/install/b2_ctrl/bin/read_motion_state
[9.350s] -- Up-to-date: /home/ros_ws/ros_ws/b2_ws/install/b2_ctrl/bin/read_wireless_controller
[9.351s] -- Installing: /home/ros_ws/ros_ws/b2_ws/install/b2_ctrl/bin/sport_mode_ctrl
[9.359s] -- Set runtime path of "/home/ros_ws/ros_ws/b2_ws/install/b2_ctrl/bin/sport_mode_ctrl" to ""
[9.359s] -- Up-to-date: /home/ros_ws/ros_ws/b2_ws/install/b2_ctrl/share/ament_index/resource_index/package_run_dependencies/b2_ctrl
[9.359s] -- Up-to-date: /home/ros_ws/ros_ws/b2_ws/install/b2_ctrl/share/ament_index/resource_index/parent_prefix_path/b2_ctrl
[9.359s] -- Up-to-date: /home/ros_ws/ros_ws/b2_ws/install/b2_ctrl/share/b2_ctrl/environment/ament_prefix_path.sh
[9.359s] -- Up-to-date: /home/ros_ws/ros_ws/b2_ws/install/b2_ctrl/share/b2_ctrl/environment/ament_prefix_path.dsv
[9.359s] -- Up-to-date: /home/ros_ws/ros_ws/b2_ws/install/b2_ctrl/share/b2_ctrl/environment/path.sh
[9.359s] -- Up-to-date: /home/ros_ws/ros_ws/b2_ws/install/b2_ctrl/share/b2_ctrl/environment/path.dsv
[9.360s] -- Up-to-date: /home/ros_ws/ros_ws/b2_ws/install/b2_ctrl/share/b2_ctrl/local_setup.bash
[9.360s] -- Up-to-date: /home/ros_ws/ros_ws/b2_ws/install/b2_ctrl/share/b2_ctrl/local_setup.sh
[9.360s] -- Up-to-date: /home/ros_ws/ros_ws/b2_ws/install/b2_ctrl/share/b2_ctrl/local_setup.zsh
[9.360s] -- Up-to-date: /home/ros_ws/ros_ws/b2_ws/install/b2_ctrl/share/b2_ctrl/local_setup.dsv
[9.360s] -- Installing: /home/ros_ws/ros_ws/b2_ws/install/b2_ctrl/share/b2_ctrl/package.dsv
[9.360s] -- Up-to-date: /home/ros_ws/ros_ws/b2_ws/install/b2_ctrl/share/ament_index/resource_index/packages/b2_ctrl
[9.360s] -- Up-to-date: /home/ros_ws/ros_ws/b2_ws/install/b2_ctrl/share/b2_ctrl/cmake/b2_ctrlConfig.cmake
[9.360s] -- Up-to-date: /home/ros_ws/ros_ws/b2_ws/install/b2_ctrl/share/b2_ctrl/cmake/b2_ctrlConfig-version.cmake
[9.360s] -- Up-to-date: /home/ros_ws/ros_ws/b2_ws/install/b2_ctrl/share/b2_ctrl/package.xml
[9.362s] Invoked command in '/home/ros_ws/ros_ws/b2_ws/build/b2_ctrl' returned '0': CMAKE_PREFIX_PATH=${CMAKE_PREFIX_PATH}:/unitree_sdk2:/home/ros_ws/ros_ws/b2_ws/install/b2_nodes:/opt/ros/humble: /usr/bin/cmake --install /home/ros_ws/ros_ws/b2_ws/build/b2_ctrl
